ARM GAS  C:\Users\smiy200\AppData\Local\Temp\cclsS1th.s 			page 1


   1              		.syntax unified
   2              		.cpu cortex-m3
   3              		.fpu softvfp
   4              		.eabi_attribute 20, 1
   5              		.eabi_attribute 21, 1
   6              		.eabi_attribute 23, 3
   7              		.eabi_attribute 24, 1
   8              		.eabi_attribute 25, 1
   9              		.eabi_attribute 26, 1
  10              		.eabi_attribute 30, 1
  11              		.eabi_attribute 34, 1
  12              		.eabi_attribute 18, 4
  13              		.thumb
  14              		.syntax unified
  15              		.file	"main.c"
  16              		.text
  17              	.Ltext0:
  18              		.cfi_sections	.debug_frame
  19              		.section	.text.MyISR,"ax",%progbits
  20              		.align	2
  21              		.global	MyISR
  22              		.thumb
  23              		.thumb_func
  24              		.type	MyISR, %function
  25              	MyISR:
  26              	.LFB64:
  27              		.file 1 "main.c"
   1:main.c        **** 
   2:main.c        **** /* ========================================
   3:main.c        ****  * Laboratory Exercise 3
   4:main.c        ****  *
   5:main.c        ****  * Program timer to flash LED at 1Hz, use interrupts
   6:main.c        ****  *
   7:main.c        ****  * Copyright Univ of Auckland, 2016
   8:main.c        ****  * All Rights Reserved
   9:main.c        ****  * UNPUBLISHED, LICENSED SOFTWARE.
  10:main.c        ****  *
  11:main.c        ****  * CONFIDENTIAL AND PROPRIETARY INFORMATION
  12:main.c        ****  * WHICH IS THE PROPERTY OF Univ of Auckland.
  13:main.c        ****  *
  14:main.c        ****  * ========================================
  15:main.c        **** */
  16:main.c        **** #include <project.h>
  17:main.c        **** CY_ISR_PROTO(MyISR);
  18:main.c        **** int main()
  19:main.c        **** {
  20:main.c        ****     CyGlobalIntEnable; /* Enable global interrupts. */
  21:main.c        ****     Timer_1_Start();
  22:main.c        **** //    isr_TC_Start();
  23:main.c        ****     isr_TC_StartEx(MyISR);
  24:main.c        ****     
  25:main.c        ****     /* Place your initialization/startup code here (e.g. MyInst_Start()) */
  26:main.c        ****     LED_Write(1);
  27:main.c        ****     for(;;)
  28:main.c        ****     {
  29:main.c        ****         /* Place your application code here. */
  30:main.c        **** 
ARM GAS  C:\Users\smiy200\AppData\Local\Temp\cclsS1th.s 			page 2


  31:main.c        ****         
  32:main.c        ****     }
  33:main.c        **** }
  34:main.c        **** 
  35:main.c        **** CY_ISR(MyISR){
  28              		.loc 1 35 0
  29              		.cfi_startproc
  30              		@ args = 0, pretend = 0, frame = 0
  31              		@ frame_needed = 0, uses_anonymous_args = 0
  32 0000 08B5     		push	{r3, lr}
  33              		.cfi_def_cfa_offset 8
  34              		.cfi_offset 3, -8
  35              		.cfi_offset 14, -4
  36:main.c        ****     if(LED_Read()){
  36              		.loc 1 36 0
  37 0002 FFF7FEFF 		bl	LED_Read
  38              	.LVL0:
  39 0006 18B1     		cbz	r0, .L2
  37:main.c        ****         LED_Write(0);
  40              		.loc 1 37 0
  41 0008 0020     		movs	r0, #0
  42 000a FFF7FEFF 		bl	LED_Write
  43              	.LVL1:
  44 000e 08BD     		pop	{r3, pc}
  45              	.L2:
  38:main.c        ****         
  39:main.c        ****     }else{
  40:main.c        ****         LED_Write(1);
  46              		.loc 1 40 0
  47 0010 0120     		movs	r0, #1
  48 0012 FFF7FEFF 		bl	LED_Write
  49              	.LVL2:
  50 0016 08BD     		pop	{r3, pc}
  51              		.cfi_endproc
  52              	.LFE64:
  53              		.size	MyISR, .-MyISR
  54              		.section	.text.main,"ax",%progbits
  55              		.align	2
  56              		.global	main
  57              		.thumb
  58              		.thumb_func
  59              		.type	main, %function
  60              	main:
  61              	.LFB63:
  19:main.c        ****     CyGlobalIntEnable; /* Enable global interrupts. */
  62              		.loc 1 19 0
  63              		.cfi_startproc
  64              		@ Volatile: function does not return.
  65              		@ args = 0, pretend = 0, frame = 0
  66              		@ frame_needed = 0, uses_anonymous_args = 0
  67 0000 08B5     		push	{r3, lr}
  68              		.cfi_def_cfa_offset 8
  69              		.cfi_offset 3, -8
  70              		.cfi_offset 14, -4
  20:main.c        ****     Timer_1_Start();
  71              		.loc 1 20 0
  72              		.syntax unified
ARM GAS  C:\Users\smiy200\AppData\Local\Temp\cclsS1th.s 			page 3


  73              	@ 20 "main.c" 1
  74 0002 62B6     		CPSIE   i
  75              	@ 0 "" 2
  21:main.c        **** //    isr_TC_Start();
  76              		.loc 1 21 0
  77              		.thumb
  78              		.syntax unified
  79 0004 FFF7FEFF 		bl	Timer_1_Start
  80              	.LVL3:
  23:main.c        ****     
  81              		.loc 1 23 0
  82 0008 0348     		ldr	r0, .L8
  83 000a FFF7FEFF 		bl	isr_TC_StartEx
  84              	.LVL4:
  26:main.c        ****     for(;;)
  85              		.loc 1 26 0
  86 000e 0120     		movs	r0, #1
  87 0010 FFF7FEFF 		bl	LED_Write
  88              	.LVL5:
  89              	.L6:
  90 0014 FEE7     		b	.L6
  91              	.L9:
  92 0016 00BF     		.align	2
  93              	.L8:
  94 0018 00000000 		.word	MyISR
  95              		.cfi_endproc
  96              	.LFE63:
  97              		.size	main, .-main
  98              		.text
  99              	.Letext0:
 100              		.file 2 "c:\\program files (x86)\\cypress\\psoc creator\\4.2\\psoc creator\\import\\gnu\\arm\\5.4.
 101              		.file 3 "c:\\program files (x86)\\cypress\\psoc creator\\4.2\\psoc creator\\import\\gnu\\arm\\5.4.
 102              		.file 4 "Generated_Source\\PSoC5/LED.h"
 103              		.file 5 "Generated_Source\\PSoC5/Timer_1.h"
 104              		.file 6 "Generated_Source\\PSoC5/isr_TC.h"
 105              		.file 7 "Generated_Source\\PSoC5/core_cm3.h"
 106              		.section	.debug_info,"",%progbits
 107              	.Ldebug_info0:
 108 0000 68010000 		.4byte	0x168
 109 0004 0400     		.2byte	0x4
 110 0006 00000000 		.4byte	.Ldebug_abbrev0
 111 000a 04       		.byte	0x4
 112 000b 01       		.uleb128 0x1
 113 000c 52000000 		.4byte	.LASF20
 114 0010 0C       		.byte	0xc
 115 0011 3D000000 		.4byte	.LASF21
 116 0015 9A010000 		.4byte	.LASF22
 117 0019 00000000 		.4byte	.Ldebug_ranges0+0
 118 001d 00000000 		.4byte	0
 119 0021 00000000 		.4byte	.Ldebug_line0
 120 0025 02       		.uleb128 0x2
 121 0026 01       		.byte	0x1
 122 0027 06       		.byte	0x6
 123 0028 60010000 		.4byte	.LASF0
 124 002c 02       		.uleb128 0x2
 125 002d 01       		.byte	0x1
 126 002e 08       		.byte	0x8
ARM GAS  C:\Users\smiy200\AppData\Local\Temp\cclsS1th.s 			page 4


 127 002f 27010000 		.4byte	.LASF1
 128 0033 02       		.uleb128 0x2
 129 0034 02       		.byte	0x2
 130 0035 05       		.byte	0x5
 131 0036 88010000 		.4byte	.LASF2
 132 003a 02       		.uleb128 0x2
 133 003b 02       		.byte	0x2
 134 003c 07       		.byte	0x7
 135 003d 0E000000 		.4byte	.LASF3
 136 0041 03       		.uleb128 0x3
 137 0042 78010000 		.4byte	.LASF9
 138 0046 02       		.byte	0x2
 139 0047 3F       		.byte	0x3f
 140 0048 4C000000 		.4byte	0x4c
 141 004c 02       		.uleb128 0x2
 142 004d 04       		.byte	0x4
 143 004e 05       		.byte	0x5
 144 004f 3A010000 		.4byte	.LASF4
 145 0053 02       		.uleb128 0x2
 146 0054 04       		.byte	0x4
 147 0055 07       		.byte	0x7
 148 0056 EA000000 		.4byte	.LASF5
 149 005a 02       		.uleb128 0x2
 150 005b 08       		.byte	0x8
 151 005c 05       		.byte	0x5
 152 005d 00000000 		.4byte	.LASF6
 153 0061 02       		.uleb128 0x2
 154 0062 08       		.byte	0x8
 155 0063 07       		.byte	0x7
 156 0064 FC000000 		.4byte	.LASF7
 157 0068 04       		.uleb128 0x4
 158 0069 04       		.byte	0x4
 159 006a 05       		.byte	0x5
 160 006b 696E7400 		.ascii	"int\000"
 161 006f 02       		.uleb128 0x2
 162 0070 04       		.byte	0x4
 163 0071 07       		.byte	0x7
 164 0072 21000000 		.4byte	.LASF8
 165 0076 03       		.uleb128 0x3
 166 0077 92010000 		.4byte	.LASF10
 167 007b 03       		.byte	0x3
 168 007c 2C       		.byte	0x2c
 169 007d 41000000 		.4byte	0x41
 170 0081 02       		.uleb128 0x2
 171 0082 04       		.byte	0x4
 172 0083 04       		.byte	0x4
 173 0084 82010000 		.4byte	.LASF11
 174 0088 02       		.uleb128 0x2
 175 0089 08       		.byte	0x8
 176 008a 04       		.byte	0x4
 177 008b 43010000 		.4byte	.LASF12
 178 008f 02       		.uleb128 0x2
 179 0090 01       		.byte	0x1
 180 0091 08       		.byte	0x8
 181 0092 35010000 		.4byte	.LASF13
 182 0096 02       		.uleb128 0x2
 183 0097 08       		.byte	0x8
ARM GAS  C:\Users\smiy200\AppData\Local\Temp\cclsS1th.s 			page 5


 184 0098 04       		.byte	0x4
 185 0099 6C010000 		.4byte	.LASF14
 186 009d 02       		.uleb128 0x2
 187 009e 04       		.byte	0x4
 188 009f 07       		.byte	0x7
 189 00a0 4A010000 		.4byte	.LASF15
 190 00a4 05       		.uleb128 0x5
 191 00a5 13010000 		.4byte	.LASF23
 192 00a9 01       		.byte	0x1
 193 00aa 23       		.byte	0x23
 194 00ab 00000000 		.4byte	.LFB64
 195 00af 18000000 		.4byte	.LFE64-.LFB64
 196 00b3 01       		.uleb128 0x1
 197 00b4 9C       		.byte	0x9c
 198 00b5 E5000000 		.4byte	0xe5
 199 00b9 06       		.uleb128 0x6
 200 00ba 06000000 		.4byte	.LVL0
 201 00be 3F010000 		.4byte	0x13f
 202 00c2 07       		.uleb128 0x7
 203 00c3 0E000000 		.4byte	.LVL1
 204 00c7 4A010000 		.4byte	0x14a
 205 00cb D5000000 		.4byte	0xd5
 206 00cf 08       		.uleb128 0x8
 207 00d0 01       		.uleb128 0x1
 208 00d1 50       		.byte	0x50
 209 00d2 01       		.uleb128 0x1
 210 00d3 30       		.byte	0x30
 211 00d4 00       		.byte	0
 212 00d5 09       		.uleb128 0x9
 213 00d6 16000000 		.4byte	.LVL2
 214 00da 4A010000 		.4byte	0x14a
 215 00de 08       		.uleb128 0x8
 216 00df 01       		.uleb128 0x1
 217 00e0 50       		.byte	0x50
 218 00e1 01       		.uleb128 0x1
 219 00e2 31       		.byte	0x31
 220 00e3 00       		.byte	0
 221 00e4 00       		.byte	0
 222 00e5 0A       		.uleb128 0xa
 223 00e6 44000000 		.4byte	.LASF24
 224 00ea 01       		.byte	0x1
 225 00eb 12       		.byte	0x12
 226 00ec 68000000 		.4byte	0x68
 227 00f0 00000000 		.4byte	.LFB63
 228 00f4 1C000000 		.4byte	.LFE63-.LFB63
 229 00f8 01       		.uleb128 0x1
 230 00f9 9C       		.byte	0x9c
 231 00fa 2E010000 		.4byte	0x12e
 232 00fe 06       		.uleb128 0x6
 233 00ff 08000000 		.4byte	.LVL3
 234 0103 55010000 		.4byte	0x155
 235 0107 07       		.uleb128 0x7
 236 0108 0E000000 		.4byte	.LVL4
 237 010c 60010000 		.4byte	0x160
 238 0110 1E010000 		.4byte	0x11e
 239 0114 08       		.uleb128 0x8
 240 0115 01       		.uleb128 0x1
ARM GAS  C:\Users\smiy200\AppData\Local\Temp\cclsS1th.s 			page 6


 241 0116 50       		.byte	0x50
 242 0117 05       		.uleb128 0x5
 243 0118 03       		.byte	0x3
 244 0119 00000000 		.4byte	MyISR
 245 011d 00       		.byte	0
 246 011e 09       		.uleb128 0x9
 247 011f 14000000 		.4byte	.LVL5
 248 0123 4A010000 		.4byte	0x14a
 249 0127 08       		.uleb128 0x8
 250 0128 01       		.uleb128 0x1
 251 0129 50       		.byte	0x50
 252 012a 01       		.uleb128 0x1
 253 012b 31       		.byte	0x31
 254 012c 00       		.byte	0
 255 012d 00       		.byte	0
 256 012e 0B       		.uleb128 0xb
 257 012f 53010000 		.4byte	.LASF25
 258 0133 07       		.byte	0x7
 259 0134 1207     		.2byte	0x712
 260 0136 3A010000 		.4byte	0x13a
 261 013a 0C       		.uleb128 0xc
 262 013b 76000000 		.4byte	0x76
 263 013f 0D       		.uleb128 0xd
 264 0140 49000000 		.4byte	.LASF16
 265 0144 49000000 		.4byte	.LASF16
 266 0148 04       		.byte	0x4
 267 0149 29       		.byte	0x29
 268 014a 0D       		.uleb128 0xd
 269 014b E0000000 		.4byte	.LASF17
 270 014f E0000000 		.4byte	.LASF17
 271 0153 04       		.byte	0x4
 272 0154 26       		.byte	0x26
 273 0155 0D       		.uleb128 0xd
 274 0156 19010000 		.4byte	.LASF18
 275 015a 19010000 		.4byte	.LASF18
 276 015e 05       		.byte	0x5
 277 015f 5A       		.byte	0x5a
 278 0160 0D       		.uleb128 0xd
 279 0161 2E000000 		.4byte	.LASF19
 280 0165 2E000000 		.4byte	.LASF19
 281 0169 06       		.byte	0x6
 282 016a 18       		.byte	0x18
 283 016b 00       		.byte	0
 284              		.section	.debug_abbrev,"",%progbits
 285              	.Ldebug_abbrev0:
 286 0000 01       		.uleb128 0x1
 287 0001 11       		.uleb128 0x11
 288 0002 01       		.byte	0x1
 289 0003 25       		.uleb128 0x25
 290 0004 0E       		.uleb128 0xe
 291 0005 13       		.uleb128 0x13
 292 0006 0B       		.uleb128 0xb
 293 0007 03       		.uleb128 0x3
 294 0008 0E       		.uleb128 0xe
 295 0009 1B       		.uleb128 0x1b
 296 000a 0E       		.uleb128 0xe
 297 000b 55       		.uleb128 0x55
ARM GAS  C:\Users\smiy200\AppData\Local\Temp\cclsS1th.s 			page 7


 298 000c 17       		.uleb128 0x17
 299 000d 11       		.uleb128 0x11
 300 000e 01       		.uleb128 0x1
 301 000f 10       		.uleb128 0x10
 302 0010 17       		.uleb128 0x17
 303 0011 00       		.byte	0
 304 0012 00       		.byte	0
 305 0013 02       		.uleb128 0x2
 306 0014 24       		.uleb128 0x24
 307 0015 00       		.byte	0
 308 0016 0B       		.uleb128 0xb
 309 0017 0B       		.uleb128 0xb
 310 0018 3E       		.uleb128 0x3e
 311 0019 0B       		.uleb128 0xb
 312 001a 03       		.uleb128 0x3
 313 001b 0E       		.uleb128 0xe
 314 001c 00       		.byte	0
 315 001d 00       		.byte	0
 316 001e 03       		.uleb128 0x3
 317 001f 16       		.uleb128 0x16
 318 0020 00       		.byte	0
 319 0021 03       		.uleb128 0x3
 320 0022 0E       		.uleb128 0xe
 321 0023 3A       		.uleb128 0x3a
 322 0024 0B       		.uleb128 0xb
 323 0025 3B       		.uleb128 0x3b
 324 0026 0B       		.uleb128 0xb
 325 0027 49       		.uleb128 0x49
 326 0028 13       		.uleb128 0x13
 327 0029 00       		.byte	0
 328 002a 00       		.byte	0
 329 002b 04       		.uleb128 0x4
 330 002c 24       		.uleb128 0x24
 331 002d 00       		.byte	0
 332 002e 0B       		.uleb128 0xb
 333 002f 0B       		.uleb128 0xb
 334 0030 3E       		.uleb128 0x3e
 335 0031 0B       		.uleb128 0xb
 336 0032 03       		.uleb128 0x3
 337 0033 08       		.uleb128 0x8
 338 0034 00       		.byte	0
 339 0035 00       		.byte	0
 340 0036 05       		.uleb128 0x5
 341 0037 2E       		.uleb128 0x2e
 342 0038 01       		.byte	0x1
 343 0039 3F       		.uleb128 0x3f
 344 003a 19       		.uleb128 0x19
 345 003b 03       		.uleb128 0x3
 346 003c 0E       		.uleb128 0xe
 347 003d 3A       		.uleb128 0x3a
 348 003e 0B       		.uleb128 0xb
 349 003f 3B       		.uleb128 0x3b
 350 0040 0B       		.uleb128 0xb
 351 0041 27       		.uleb128 0x27
 352 0042 19       		.uleb128 0x19
 353 0043 11       		.uleb128 0x11
 354 0044 01       		.uleb128 0x1
ARM GAS  C:\Users\smiy200\AppData\Local\Temp\cclsS1th.s 			page 8


 355 0045 12       		.uleb128 0x12
 356 0046 06       		.uleb128 0x6
 357 0047 40       		.uleb128 0x40
 358 0048 18       		.uleb128 0x18
 359 0049 9742     		.uleb128 0x2117
 360 004b 19       		.uleb128 0x19
 361 004c 01       		.uleb128 0x1
 362 004d 13       		.uleb128 0x13
 363 004e 00       		.byte	0
 364 004f 00       		.byte	0
 365 0050 06       		.uleb128 0x6
 366 0051 898201   		.uleb128 0x4109
 367 0054 00       		.byte	0
 368 0055 11       		.uleb128 0x11
 369 0056 01       		.uleb128 0x1
 370 0057 31       		.uleb128 0x31
 371 0058 13       		.uleb128 0x13
 372 0059 00       		.byte	0
 373 005a 00       		.byte	0
 374 005b 07       		.uleb128 0x7
 375 005c 898201   		.uleb128 0x4109
 376 005f 01       		.byte	0x1
 377 0060 11       		.uleb128 0x11
 378 0061 01       		.uleb128 0x1
 379 0062 31       		.uleb128 0x31
 380 0063 13       		.uleb128 0x13
 381 0064 01       		.uleb128 0x1
 382 0065 13       		.uleb128 0x13
 383 0066 00       		.byte	0
 384 0067 00       		.byte	0
 385 0068 08       		.uleb128 0x8
 386 0069 8A8201   		.uleb128 0x410a
 387 006c 00       		.byte	0
 388 006d 02       		.uleb128 0x2
 389 006e 18       		.uleb128 0x18
 390 006f 9142     		.uleb128 0x2111
 391 0071 18       		.uleb128 0x18
 392 0072 00       		.byte	0
 393 0073 00       		.byte	0
 394 0074 09       		.uleb128 0x9
 395 0075 898201   		.uleb128 0x4109
 396 0078 01       		.byte	0x1
 397 0079 11       		.uleb128 0x11
 398 007a 01       		.uleb128 0x1
 399 007b 31       		.uleb128 0x31
 400 007c 13       		.uleb128 0x13
 401 007d 00       		.byte	0
 402 007e 00       		.byte	0
 403 007f 0A       		.uleb128 0xa
 404 0080 2E       		.uleb128 0x2e
 405 0081 01       		.byte	0x1
 406 0082 3F       		.uleb128 0x3f
 407 0083 19       		.uleb128 0x19
 408 0084 03       		.uleb128 0x3
 409 0085 0E       		.uleb128 0xe
 410 0086 3A       		.uleb128 0x3a
 411 0087 0B       		.uleb128 0xb
ARM GAS  C:\Users\smiy200\AppData\Local\Temp\cclsS1th.s 			page 9


 412 0088 3B       		.uleb128 0x3b
 413 0089 0B       		.uleb128 0xb
 414 008a 49       		.uleb128 0x49
 415 008b 13       		.uleb128 0x13
 416 008c 8701     		.uleb128 0x87
 417 008e 19       		.uleb128 0x19
 418 008f 11       		.uleb128 0x11
 419 0090 01       		.uleb128 0x1
 420 0091 12       		.uleb128 0x12
 421 0092 06       		.uleb128 0x6
 422 0093 40       		.uleb128 0x40
 423 0094 18       		.uleb128 0x18
 424 0095 9742     		.uleb128 0x2117
 425 0097 19       		.uleb128 0x19
 426 0098 01       		.uleb128 0x1
 427 0099 13       		.uleb128 0x13
 428 009a 00       		.byte	0
 429 009b 00       		.byte	0
 430 009c 0B       		.uleb128 0xb
 431 009d 34       		.uleb128 0x34
 432 009e 00       		.byte	0
 433 009f 03       		.uleb128 0x3
 434 00a0 0E       		.uleb128 0xe
 435 00a1 3A       		.uleb128 0x3a
 436 00a2 0B       		.uleb128 0xb
 437 00a3 3B       		.uleb128 0x3b
 438 00a4 05       		.uleb128 0x5
 439 00a5 49       		.uleb128 0x49
 440 00a6 13       		.uleb128 0x13
 441 00a7 3F       		.uleb128 0x3f
 442 00a8 19       		.uleb128 0x19
 443 00a9 3C       		.uleb128 0x3c
 444 00aa 19       		.uleb128 0x19
 445 00ab 00       		.byte	0
 446 00ac 00       		.byte	0
 447 00ad 0C       		.uleb128 0xc
 448 00ae 35       		.uleb128 0x35
 449 00af 00       		.byte	0
 450 00b0 49       		.uleb128 0x49
 451 00b1 13       		.uleb128 0x13
 452 00b2 00       		.byte	0
 453 00b3 00       		.byte	0
 454 00b4 0D       		.uleb128 0xd
 455 00b5 2E       		.uleb128 0x2e
 456 00b6 00       		.byte	0
 457 00b7 3F       		.uleb128 0x3f
 458 00b8 19       		.uleb128 0x19
 459 00b9 3C       		.uleb128 0x3c
 460 00ba 19       		.uleb128 0x19
 461 00bb 6E       		.uleb128 0x6e
 462 00bc 0E       		.uleb128 0xe
 463 00bd 03       		.uleb128 0x3
 464 00be 0E       		.uleb128 0xe
 465 00bf 3A       		.uleb128 0x3a
 466 00c0 0B       		.uleb128 0xb
 467 00c1 3B       		.uleb128 0x3b
 468 00c2 0B       		.uleb128 0xb
ARM GAS  C:\Users\smiy200\AppData\Local\Temp\cclsS1th.s 			page 10


 469 00c3 00       		.byte	0
 470 00c4 00       		.byte	0
 471 00c5 00       		.byte	0
 472              		.section	.debug_aranges,"",%progbits
 473 0000 24000000 		.4byte	0x24
 474 0004 0200     		.2byte	0x2
 475 0006 00000000 		.4byte	.Ldebug_info0
 476 000a 04       		.byte	0x4
 477 000b 00       		.byte	0
 478 000c 0000     		.2byte	0
 479 000e 0000     		.2byte	0
 480 0010 00000000 		.4byte	.LFB64
 481 0014 18000000 		.4byte	.LFE64-.LFB64
 482 0018 00000000 		.4byte	.LFB63
 483 001c 1C000000 		.4byte	.LFE63-.LFB63
 484 0020 00000000 		.4byte	0
 485 0024 00000000 		.4byte	0
 486              		.section	.debug_ranges,"",%progbits
 487              	.Ldebug_ranges0:
 488 0000 00000000 		.4byte	.LFB64
 489 0004 18000000 		.4byte	.LFE64
 490 0008 00000000 		.4byte	.LFB63
 491 000c 1C000000 		.4byte	.LFE63
 492 0010 00000000 		.4byte	0
 493 0014 00000000 		.4byte	0
 494              		.section	.debug_line,"",%progbits
 495              	.Ldebug_line0:
 496 0000 8C010000 		.section	.debug_str,"MS",%progbits,1
 496      02006101 
 496      00000201 
 496      FB0E0D00 
 496      01010101 
 497              	.LASF6:
 498 0000 6C6F6E67 		.ascii	"long long int\000"
 498      206C6F6E 
 498      6720696E 
 498      7400
 499              	.LASF3:
 500 000e 73686F72 		.ascii	"short unsigned int\000"
 500      7420756E 
 500      7369676E 
 500      65642069 
 500      6E7400
 501              	.LASF8:
 502 0021 756E7369 		.ascii	"unsigned int\000"
 502      676E6564 
 502      20696E74 
 502      00
 503              	.LASF19:
 504 002e 6973725F 		.ascii	"isr_TC_StartEx\000"
 504      54435F53 
 504      74617274 
 504      457800
 505              	.LASF21:
 506 003d 6D61696E 		.ascii	"main.c\000"
 506      2E6300
 507              	.LASF24:
ARM GAS  C:\Users\smiy200\AppData\Local\Temp\cclsS1th.s 			page 11


 508 0044 6D61696E 		.ascii	"main\000"
 508      00
 509              	.LASF16:
 510 0049 4C45445F 		.ascii	"LED_Read\000"
 510      52656164 
 510      00
 511              	.LASF20:
 512 0052 474E5520 		.ascii	"GNU C11 5.4.1 20160609 (release) [ARM/embedded-5-br"
 512      43313120 
 512      352E342E 
 512      31203230 
 512      31363036 
 513 0085 616E6368 		.ascii	"anch revision 237715] -mcpu=cortex-m3 -mthumb -g -O"
 513      20726576 
 513      6973696F 
 513      6E203233 
 513      37373135 
 514 00b8 67202D66 		.ascii	"g -ffunction-sections -ffat-lto-objects\000"
 514      66756E63 
 514      74696F6E 
 514      2D736563 
 514      74696F6E 
 515              	.LASF17:
 516 00e0 4C45445F 		.ascii	"LED_Write\000"
 516      57726974 
 516      6500
 517              	.LASF5:
 518 00ea 6C6F6E67 		.ascii	"long unsigned int\000"
 518      20756E73 
 518      69676E65 
 518      6420696E 
 518      7400
 519              	.LASF7:
 520 00fc 6C6F6E67 		.ascii	"long long unsigned int\000"
 520      206C6F6E 
 520      6720756E 
 520      7369676E 
 520      65642069 
 521              	.LASF23:
 522 0113 4D794953 		.ascii	"MyISR\000"
 522      5200
 523              	.LASF18:
 524 0119 54696D65 		.ascii	"Timer_1_Start\000"
 524      725F315F 
 524      53746172 
 524      7400
 525              	.LASF1:
 526 0127 756E7369 		.ascii	"unsigned char\000"
 526      676E6564 
 526      20636861 
 526      7200
 527              	.LASF13:
 528 0135 63686172 		.ascii	"char\000"
 528      00
 529              	.LASF4:
 530 013a 6C6F6E67 		.ascii	"long int\000"
 530      20696E74 
ARM GAS  C:\Users\smiy200\AppData\Local\Temp\cclsS1th.s 			page 12


 530      00
 531              	.LASF12:
 532 0143 646F7562 		.ascii	"double\000"
 532      6C6500
 533              	.LASF15:
 534 014a 73697A65 		.ascii	"sizetype\000"
 534      74797065 
 534      00
 535              	.LASF25:
 536 0153 49544D5F 		.ascii	"ITM_RxBuffer\000"
 536      52784275 
 536      66666572 
 536      00
 537              	.LASF0:
 538 0160 7369676E 		.ascii	"signed char\000"
 538      65642063 
 538      68617200 
 539              	.LASF14:
 540 016c 6C6F6E67 		.ascii	"long double\000"
 540      20646F75 
 540      626C6500 
 541              	.LASF9:
 542 0178 5F5F696E 		.ascii	"__int32_t\000"
 542      7433325F 
 542      7400
 543              	.LASF11:
 544 0182 666C6F61 		.ascii	"float\000"
 544      7400
 545              	.LASF2:
 546 0188 73686F72 		.ascii	"short int\000"
 546      7420696E 
 546      7400
 547              	.LASF10:
 548 0192 696E7433 		.ascii	"int32_t\000"
 548      325F7400 
 549              	.LASF22:
 550 019a 5C5C6669 		.ascii	"\\\\files.auckland.ac.nz\\myhome\\Documents\\GitHub"
 550      6C65732E 
 550      6175636B 
 550      6C616E64 
 550      2E61632E 
 551 01c8 5C70726F 		.ascii	"\\project-project_group_11\\COMPSYS 301\\psoc stude"
 551      6A656374 
 551      2D70726F 
 551      6A656374 
 551      5F67726F 
 552 01f8 6E742070 		.ascii	"nt pack\\psoc student pack\\lab exercise\\psoc_intr"
 552      61636B5C 
 552      70736F63 
 552      20737475 
 552      64656E74 
 553 0228 6F20342E 		.ascii	"o 4.0\\lab3.cydsn\000"
 553      305C6C61 
 553      62332E63 
 553      7964736E 
 553      00
 554              		.ident	"GCC: (GNU Tools for ARM Embedded Processors) 5.4.1 20160609 (release) [ARM/embedded-5-bran
ARM GAS  C:\Users\smiy200\AppData\Local\Temp\cclsS1th.s 			page 13


