ARM GAS  C:\Users\smiy200\AppData\Local\Temp\ccyEERMu.s 			page 1


   1              		.syntax unified
   2              		.cpu cortex-m3
   3              		.fpu softvfp
   4              		.eabi_attribute 20, 1
   5              		.eabi_attribute 21, 1
   6              		.eabi_attribute 23, 3
   7              		.eabi_attribute 24, 1
   8              		.eabi_attribute 25, 1
   9              		.eabi_attribute 26, 1
  10              		.eabi_attribute 30, 6
  11              		.eabi_attribute 34, 1
  12              		.eabi_attribute 18, 4
  13              		.thumb
  14              		.syntax unified
  15              		.file	"isr_eoc.c"
  16              		.text
  17              	.Ltext0:
  18              		.cfi_sections	.debug_frame
  19              		.section	.text.isr_eoc_Start,"ax",%progbits
  20              		.align	2
  21              		.global	isr_eoc_Start
  22              		.thumb
  23              		.thumb_func
  24              		.type	isr_eoc_Start, %function
  25              	isr_eoc_Start:
  26              	.LFB63:
  27              		.file 1 "Generated_Source\\PSoC5\\isr_eoc.c"
   1:Generated_Source\PSoC5/isr_eoc.c **** /*******************************************************************************
   2:Generated_Source\PSoC5/isr_eoc.c **** * File Name: isr_eoc.c  
   3:Generated_Source\PSoC5/isr_eoc.c **** * Version 1.70
   4:Generated_Source\PSoC5/isr_eoc.c **** *
   5:Generated_Source\PSoC5/isr_eoc.c **** *  Description:
   6:Generated_Source\PSoC5/isr_eoc.c **** *   API for controlling the state of an interrupt.
   7:Generated_Source\PSoC5/isr_eoc.c **** *
   8:Generated_Source\PSoC5/isr_eoc.c **** *
   9:Generated_Source\PSoC5/isr_eoc.c **** *  Note:
  10:Generated_Source\PSoC5/isr_eoc.c **** *
  11:Generated_Source\PSoC5/isr_eoc.c **** ********************************************************************************
  12:Generated_Source\PSoC5/isr_eoc.c **** * Copyright 2008-2015, Cypress Semiconductor Corporation.  All rights reserved.
  13:Generated_Source\PSoC5/isr_eoc.c **** * You may use this file only in accordance with the license, terms, conditions, 
  14:Generated_Source\PSoC5/isr_eoc.c **** * disclaimers, and limitations in the end user license agreement accompanying 
  15:Generated_Source\PSoC5/isr_eoc.c **** * the software package with which this file was provided.
  16:Generated_Source\PSoC5/isr_eoc.c **** *******************************************************************************/
  17:Generated_Source\PSoC5/isr_eoc.c **** 
  18:Generated_Source\PSoC5/isr_eoc.c **** 
  19:Generated_Source\PSoC5/isr_eoc.c **** #include <cydevice_trm.h>
  20:Generated_Source\PSoC5/isr_eoc.c **** #include <CyLib.h>
  21:Generated_Source\PSoC5/isr_eoc.c **** #include <isr_eoc.h>
  22:Generated_Source\PSoC5/isr_eoc.c **** 
  23:Generated_Source\PSoC5/isr_eoc.c **** 
  24:Generated_Source\PSoC5/isr_eoc.c **** #if !defined(isr_eoc__REMOVED) /* Check for removal by optimization */
  25:Generated_Source\PSoC5/isr_eoc.c **** 
  26:Generated_Source\PSoC5/isr_eoc.c **** /*******************************************************************************
  27:Generated_Source\PSoC5/isr_eoc.c **** *  Place your includes, defines and code here 
  28:Generated_Source\PSoC5/isr_eoc.c **** ********************************************************************************/
  29:Generated_Source\PSoC5/isr_eoc.c **** /* `#START isr_eoc_intc` */
  30:Generated_Source\PSoC5/isr_eoc.c **** #include <project.h>   
ARM GAS  C:\Users\smiy200\AppData\Local\Temp\ccyEERMu.s 			page 2


  31:Generated_Source\PSoC5/isr_eoc.c **** #include "defines.h"
  32:Generated_Source\PSoC5/isr_eoc.c **** extern uint16 adcvalue[8];
  33:Generated_Source\PSoC5/isr_eoc.c **** extern uint8 dataready_flag;
  34:Generated_Source\PSoC5/isr_eoc.c **** /* `#END` */
  35:Generated_Source\PSoC5/isr_eoc.c **** 
  36:Generated_Source\PSoC5/isr_eoc.c **** #ifndef CYINT_IRQ_BASE
  37:Generated_Source\PSoC5/isr_eoc.c **** #define CYINT_IRQ_BASE      16
  38:Generated_Source\PSoC5/isr_eoc.c **** #endif /* CYINT_IRQ_BASE */
  39:Generated_Source\PSoC5/isr_eoc.c **** #ifndef CYINT_VECT_TABLE
  40:Generated_Source\PSoC5/isr_eoc.c **** #define CYINT_VECT_TABLE    ((cyisraddress **) CYREG_NVIC_VECT_OFFSET)
  41:Generated_Source\PSoC5/isr_eoc.c **** #endif /* CYINT_VECT_TABLE */
  42:Generated_Source\PSoC5/isr_eoc.c **** 
  43:Generated_Source\PSoC5/isr_eoc.c **** /* Declared in startup, used to set unused interrupts to. */
  44:Generated_Source\PSoC5/isr_eoc.c **** CY_ISR_PROTO(IntDefaultHandler);
  45:Generated_Source\PSoC5/isr_eoc.c **** 
  46:Generated_Source\PSoC5/isr_eoc.c **** 
  47:Generated_Source\PSoC5/isr_eoc.c **** /*******************************************************************************
  48:Generated_Source\PSoC5/isr_eoc.c **** * Function Name: isr_eoc_Start
  49:Generated_Source\PSoC5/isr_eoc.c **** ********************************************************************************
  50:Generated_Source\PSoC5/isr_eoc.c **** *
  51:Generated_Source\PSoC5/isr_eoc.c **** * Summary:
  52:Generated_Source\PSoC5/isr_eoc.c **** *  Set up the interrupt and enable it. This function disables the interrupt, 
  53:Generated_Source\PSoC5/isr_eoc.c **** *  sets the default interrupt vector, sets the priority from the value in the
  54:Generated_Source\PSoC5/isr_eoc.c **** *  Design Wide Resources Interrupt Editor, then enables the interrupt to the 
  55:Generated_Source\PSoC5/isr_eoc.c **** *  interrupt controller.
  56:Generated_Source\PSoC5/isr_eoc.c **** *
  57:Generated_Source\PSoC5/isr_eoc.c **** * Parameters:  
  58:Generated_Source\PSoC5/isr_eoc.c **** *   None
  59:Generated_Source\PSoC5/isr_eoc.c **** *
  60:Generated_Source\PSoC5/isr_eoc.c **** * Return:
  61:Generated_Source\PSoC5/isr_eoc.c **** *   None
  62:Generated_Source\PSoC5/isr_eoc.c **** *
  63:Generated_Source\PSoC5/isr_eoc.c **** *******************************************************************************/
  64:Generated_Source\PSoC5/isr_eoc.c **** void isr_eoc_Start(void)
  65:Generated_Source\PSoC5/isr_eoc.c **** {
  28              		.loc 1 65 0
  29              		.cfi_startproc
  30              		@ args = 0, pretend = 0, frame = 0
  31              		@ frame_needed = 1, uses_anonymous_args = 0
  32 0000 80B5     		push	{r7, lr}
  33              		.cfi_def_cfa_offset 8
  34              		.cfi_offset 7, -8
  35              		.cfi_offset 14, -4
  36 0002 00AF     		add	r7, sp, #0
  37              		.cfi_def_cfa_register 7
  66:Generated_Source\PSoC5/isr_eoc.c ****     /* For all we know the interrupt is active. */
  67:Generated_Source\PSoC5/isr_eoc.c ****     isr_eoc_Disable();
  38              		.loc 1 67 0
  39 0004 FFF7FEFF 		bl	isr_eoc_Disable
  68:Generated_Source\PSoC5/isr_eoc.c **** 
  69:Generated_Source\PSoC5/isr_eoc.c ****     /* Set the ISR to point to the isr_eoc Interrupt. */
  70:Generated_Source\PSoC5/isr_eoc.c ****     isr_eoc_SetVector(&isr_eoc_Interrupt);
  40              		.loc 1 70 0
  41 0008 0448     		ldr	r0, .L2
  42 000a FFF7FEFF 		bl	isr_eoc_SetVector
  71:Generated_Source\PSoC5/isr_eoc.c **** 
  72:Generated_Source\PSoC5/isr_eoc.c ****     /* Set the priority. */
ARM GAS  C:\Users\smiy200\AppData\Local\Temp\ccyEERMu.s 			page 3


  73:Generated_Source\PSoC5/isr_eoc.c ****     isr_eoc_SetPriority((uint8)isr_eoc_INTC_PRIOR_NUMBER);
  43              		.loc 1 73 0
  44 000e 0720     		movs	r0, #7
  45 0010 FFF7FEFF 		bl	isr_eoc_SetPriority
  74:Generated_Source\PSoC5/isr_eoc.c **** 
  75:Generated_Source\PSoC5/isr_eoc.c ****     /* Enable it. */
  76:Generated_Source\PSoC5/isr_eoc.c ****     isr_eoc_Enable();
  46              		.loc 1 76 0
  47 0014 FFF7FEFF 		bl	isr_eoc_Enable
  77:Generated_Source\PSoC5/isr_eoc.c **** }
  48              		.loc 1 77 0
  49 0018 00BF     		nop
  50 001a 80BD     		pop	{r7, pc}
  51              	.L3:
  52              		.align	2
  53              	.L2:
  54 001c 00000000 		.word	isr_eoc_Interrupt
  55              		.cfi_endproc
  56              	.LFE63:
  57              		.size	isr_eoc_Start, .-isr_eoc_Start
  58              		.section	.text.isr_eoc_StartEx,"ax",%progbits
  59              		.align	2
  60              		.global	isr_eoc_StartEx
  61              		.thumb
  62              		.thumb_func
  63              		.type	isr_eoc_StartEx, %function
  64              	isr_eoc_StartEx:
  65              	.LFB64:
  78:Generated_Source\PSoC5/isr_eoc.c **** 
  79:Generated_Source\PSoC5/isr_eoc.c **** 
  80:Generated_Source\PSoC5/isr_eoc.c **** /*******************************************************************************
  81:Generated_Source\PSoC5/isr_eoc.c **** * Function Name: isr_eoc_StartEx
  82:Generated_Source\PSoC5/isr_eoc.c **** ********************************************************************************
  83:Generated_Source\PSoC5/isr_eoc.c **** *
  84:Generated_Source\PSoC5/isr_eoc.c **** * Summary:
  85:Generated_Source\PSoC5/isr_eoc.c **** *  Sets up the interrupt and enables it. This function disables the interrupt,
  86:Generated_Source\PSoC5/isr_eoc.c **** *  sets the interrupt vector based on the address passed in, sets the priority 
  87:Generated_Source\PSoC5/isr_eoc.c **** *  from the value in the Design Wide Resources Interrupt Editor, then enables 
  88:Generated_Source\PSoC5/isr_eoc.c **** *  the interrupt to the interrupt controller.
  89:Generated_Source\PSoC5/isr_eoc.c **** *  
  90:Generated_Source\PSoC5/isr_eoc.c **** *  When defining ISR functions, the CY_ISR and CY_ISR_PROTO macros should be 
  91:Generated_Source\PSoC5/isr_eoc.c **** *  used to provide consistent definition across compilers:
  92:Generated_Source\PSoC5/isr_eoc.c **** *  
  93:Generated_Source\PSoC5/isr_eoc.c **** *  Function definition example:
  94:Generated_Source\PSoC5/isr_eoc.c **** *   CY_ISR(MyISR)
  95:Generated_Source\PSoC5/isr_eoc.c **** *   {
  96:Generated_Source\PSoC5/isr_eoc.c **** *   }
  97:Generated_Source\PSoC5/isr_eoc.c **** *   Function prototype example:
  98:Generated_Source\PSoC5/isr_eoc.c **** *   CY_ISR_PROTO(MyISR);
  99:Generated_Source\PSoC5/isr_eoc.c **** *
 100:Generated_Source\PSoC5/isr_eoc.c **** * Parameters:  
 101:Generated_Source\PSoC5/isr_eoc.c **** *   address: Address of the ISR to set in the interrupt vector table.
 102:Generated_Source\PSoC5/isr_eoc.c **** *
 103:Generated_Source\PSoC5/isr_eoc.c **** * Return:
 104:Generated_Source\PSoC5/isr_eoc.c **** *   None
 105:Generated_Source\PSoC5/isr_eoc.c **** *
 106:Generated_Source\PSoC5/isr_eoc.c **** *******************************************************************************/
ARM GAS  C:\Users\smiy200\AppData\Local\Temp\ccyEERMu.s 			page 4


 107:Generated_Source\PSoC5/isr_eoc.c **** void isr_eoc_StartEx(cyisraddress address)
 108:Generated_Source\PSoC5/isr_eoc.c **** {
  66              		.loc 1 108 0
  67              		.cfi_startproc
  68              		@ args = 0, pretend = 0, frame = 8
  69              		@ frame_needed = 1, uses_anonymous_args = 0
  70 0000 80B5     		push	{r7, lr}
  71              		.cfi_def_cfa_offset 8
  72              		.cfi_offset 7, -8
  73              		.cfi_offset 14, -4
  74 0002 82B0     		sub	sp, sp, #8
  75              		.cfi_def_cfa_offset 16
  76 0004 00AF     		add	r7, sp, #0
  77              		.cfi_def_cfa_register 7
  78 0006 7860     		str	r0, [r7, #4]
 109:Generated_Source\PSoC5/isr_eoc.c ****     /* For all we know the interrupt is active. */
 110:Generated_Source\PSoC5/isr_eoc.c ****     isr_eoc_Disable();
  79              		.loc 1 110 0
  80 0008 FFF7FEFF 		bl	isr_eoc_Disable
 111:Generated_Source\PSoC5/isr_eoc.c **** 
 112:Generated_Source\PSoC5/isr_eoc.c ****     /* Set the ISR to point to the isr_eoc Interrupt. */
 113:Generated_Source\PSoC5/isr_eoc.c ****     isr_eoc_SetVector(address);
  81              		.loc 1 113 0
  82 000c 7868     		ldr	r0, [r7, #4]
  83 000e FFF7FEFF 		bl	isr_eoc_SetVector
 114:Generated_Source\PSoC5/isr_eoc.c **** 
 115:Generated_Source\PSoC5/isr_eoc.c ****     /* Set the priority. */
 116:Generated_Source\PSoC5/isr_eoc.c ****     isr_eoc_SetPriority((uint8)isr_eoc_INTC_PRIOR_NUMBER);
  84              		.loc 1 116 0
  85 0012 0720     		movs	r0, #7
  86 0014 FFF7FEFF 		bl	isr_eoc_SetPriority
 117:Generated_Source\PSoC5/isr_eoc.c **** 
 118:Generated_Source\PSoC5/isr_eoc.c ****     /* Enable it. */
 119:Generated_Source\PSoC5/isr_eoc.c ****     isr_eoc_Enable();
  87              		.loc 1 119 0
  88 0018 FFF7FEFF 		bl	isr_eoc_Enable
 120:Generated_Source\PSoC5/isr_eoc.c **** }
  89              		.loc 1 120 0
  90 001c 00BF     		nop
  91 001e 0837     		adds	r7, r7, #8
  92              		.cfi_def_cfa_offset 8
  93 0020 BD46     		mov	sp, r7
  94              		.cfi_def_cfa_register 13
  95              		@ sp needed
  96 0022 80BD     		pop	{r7, pc}
  97              		.cfi_endproc
  98              	.LFE64:
  99              		.size	isr_eoc_StartEx, .-isr_eoc_StartEx
 100              		.section	.text.isr_eoc_Stop,"ax",%progbits
 101              		.align	2
 102              		.global	isr_eoc_Stop
 103              		.thumb
 104              		.thumb_func
 105              		.type	isr_eoc_Stop, %function
 106              	isr_eoc_Stop:
 107              	.LFB65:
 121:Generated_Source\PSoC5/isr_eoc.c **** 
ARM GAS  C:\Users\smiy200\AppData\Local\Temp\ccyEERMu.s 			page 5


 122:Generated_Source\PSoC5/isr_eoc.c **** 
 123:Generated_Source\PSoC5/isr_eoc.c **** /*******************************************************************************
 124:Generated_Source\PSoC5/isr_eoc.c **** * Function Name: isr_eoc_Stop
 125:Generated_Source\PSoC5/isr_eoc.c **** ********************************************************************************
 126:Generated_Source\PSoC5/isr_eoc.c **** *
 127:Generated_Source\PSoC5/isr_eoc.c **** * Summary:
 128:Generated_Source\PSoC5/isr_eoc.c **** *   Disables and removes the interrupt.
 129:Generated_Source\PSoC5/isr_eoc.c **** *
 130:Generated_Source\PSoC5/isr_eoc.c **** * Parameters:  
 131:Generated_Source\PSoC5/isr_eoc.c **** *   None
 132:Generated_Source\PSoC5/isr_eoc.c **** *
 133:Generated_Source\PSoC5/isr_eoc.c **** * Return:
 134:Generated_Source\PSoC5/isr_eoc.c **** *   None
 135:Generated_Source\PSoC5/isr_eoc.c **** *
 136:Generated_Source\PSoC5/isr_eoc.c **** *******************************************************************************/
 137:Generated_Source\PSoC5/isr_eoc.c **** void isr_eoc_Stop(void)
 138:Generated_Source\PSoC5/isr_eoc.c **** {
 108              		.loc 1 138 0
 109              		.cfi_startproc
 110              		@ args = 0, pretend = 0, frame = 0
 111              		@ frame_needed = 1, uses_anonymous_args = 0
 112 0000 80B5     		push	{r7, lr}
 113              		.cfi_def_cfa_offset 8
 114              		.cfi_offset 7, -8
 115              		.cfi_offset 14, -4
 116 0002 00AF     		add	r7, sp, #0
 117              		.cfi_def_cfa_register 7
 139:Generated_Source\PSoC5/isr_eoc.c ****     /* Disable this interrupt. */
 140:Generated_Source\PSoC5/isr_eoc.c ****     isr_eoc_Disable();
 118              		.loc 1 140 0
 119 0004 FFF7FEFF 		bl	isr_eoc_Disable
 141:Generated_Source\PSoC5/isr_eoc.c **** 
 142:Generated_Source\PSoC5/isr_eoc.c ****     /* Set the ISR to point to the passive one. */
 143:Generated_Source\PSoC5/isr_eoc.c ****     isr_eoc_SetVector(&IntDefaultHandler);
 120              		.loc 1 143 0
 121 0008 0248     		ldr	r0, .L6
 122 000a FFF7FEFF 		bl	isr_eoc_SetVector
 144:Generated_Source\PSoC5/isr_eoc.c **** }
 123              		.loc 1 144 0
 124 000e 00BF     		nop
 125 0010 80BD     		pop	{r7, pc}
 126              	.L7:
 127 0012 00BF     		.align	2
 128              	.L6:
 129 0014 00000000 		.word	IntDefaultHandler
 130              		.cfi_endproc
 131              	.LFE65:
 132              		.size	isr_eoc_Stop, .-isr_eoc_Stop
 133              		.section	.text.isr_eoc_Interrupt,"ax",%progbits
 134              		.align	2
 135              		.global	isr_eoc_Interrupt
 136              		.thumb
 137              		.thumb_func
 138              		.type	isr_eoc_Interrupt, %function
 139              	isr_eoc_Interrupt:
 140              	.LFB66:
 145:Generated_Source\PSoC5/isr_eoc.c **** 
ARM GAS  C:\Users\smiy200\AppData\Local\Temp\ccyEERMu.s 			page 6


 146:Generated_Source\PSoC5/isr_eoc.c **** 
 147:Generated_Source\PSoC5/isr_eoc.c **** /*******************************************************************************
 148:Generated_Source\PSoC5/isr_eoc.c **** * Function Name: isr_eoc_Interrupt
 149:Generated_Source\PSoC5/isr_eoc.c **** ********************************************************************************
 150:Generated_Source\PSoC5/isr_eoc.c **** *
 151:Generated_Source\PSoC5/isr_eoc.c **** * Summary:
 152:Generated_Source\PSoC5/isr_eoc.c **** *   The default Interrupt Service Routine for isr_eoc.
 153:Generated_Source\PSoC5/isr_eoc.c **** *
 154:Generated_Source\PSoC5/isr_eoc.c **** *   Add custom code between the coments to keep the next version of this file
 155:Generated_Source\PSoC5/isr_eoc.c **** *   from over writting your code.
 156:Generated_Source\PSoC5/isr_eoc.c **** *
 157:Generated_Source\PSoC5/isr_eoc.c **** * Parameters:  
 158:Generated_Source\PSoC5/isr_eoc.c **** *
 159:Generated_Source\PSoC5/isr_eoc.c **** * Return:
 160:Generated_Source\PSoC5/isr_eoc.c **** *   None
 161:Generated_Source\PSoC5/isr_eoc.c **** *
 162:Generated_Source\PSoC5/isr_eoc.c **** *******************************************************************************/
 163:Generated_Source\PSoC5/isr_eoc.c **** CY_ISR(isr_eoc_Interrupt)
 164:Generated_Source\PSoC5/isr_eoc.c **** {
 141              		.loc 1 164 0
 142              		.cfi_startproc
 143              		@ args = 0, pretend = 0, frame = 0
 144              		@ frame_needed = 1, uses_anonymous_args = 0
 145 0000 80B5     		push	{r7, lr}
 146              		.cfi_def_cfa_offset 8
 147              		.cfi_offset 7, -8
 148              		.cfi_offset 14, -4
 149 0002 00AF     		add	r7, sp, #0
 150              		.cfi_def_cfa_register 7
 165:Generated_Source\PSoC5/isr_eoc.c ****     #ifdef isr_eoc_INTERRUPT_INTERRUPT_CALLBACK
 166:Generated_Source\PSoC5/isr_eoc.c ****         isr_eoc_Interrupt_InterruptCallback();
 167:Generated_Source\PSoC5/isr_eoc.c ****     #endif /* isr_eoc_INTERRUPT_INTERRUPT_CALLBACK */ 
 168:Generated_Source\PSoC5/isr_eoc.c **** 
 169:Generated_Source\PSoC5/isr_eoc.c ****     /*  Place your Interrupt code here. */
 170:Generated_Source\PSoC5/isr_eoc.c ****     /* `#START isr_eoc_Interrupt` */
 171:Generated_Source\PSoC5/isr_eoc.c ****     adcvalue[0] = ADC_GetResult16(0);
 151              		.loc 1 171 0
 152 0004 0020     		movs	r0, #0
 153 0006 FFF7FEFF 		bl	ADC_GetResult16
 154 000a 0346     		mov	r3, r0
 155 000c 9AB2     		uxth	r2, r3
 156 000e 204B     		ldr	r3, .L9
 157 0010 1A80     		strh	r2, [r3]	@ movhi
 172:Generated_Source\PSoC5/isr_eoc.c ****     adcvalue[1] = ADC_GetResult16(1);
 158              		.loc 1 172 0
 159 0012 0120     		movs	r0, #1
 160 0014 FFF7FEFF 		bl	ADC_GetResult16
 161 0018 0346     		mov	r3, r0
 162 001a 9AB2     		uxth	r2, r3
 163 001c 1C4B     		ldr	r3, .L9
 164 001e 5A80     		strh	r2, [r3, #2]	@ movhi
 173:Generated_Source\PSoC5/isr_eoc.c ****     adcvalue[2] = ADC_GetResult16(2);
 165              		.loc 1 173 0
 166 0020 0220     		movs	r0, #2
 167 0022 FFF7FEFF 		bl	ADC_GetResult16
 168 0026 0346     		mov	r3, r0
 169 0028 9AB2     		uxth	r2, r3
ARM GAS  C:\Users\smiy200\AppData\Local\Temp\ccyEERMu.s 			page 7


 170 002a 194B     		ldr	r3, .L9
 171 002c 9A80     		strh	r2, [r3, #4]	@ movhi
 174:Generated_Source\PSoC5/isr_eoc.c ****     adcvalue[3] = ADC_GetResult16(3);
 172              		.loc 1 174 0
 173 002e 0320     		movs	r0, #3
 174 0030 FFF7FEFF 		bl	ADC_GetResult16
 175 0034 0346     		mov	r3, r0
 176 0036 9AB2     		uxth	r2, r3
 177 0038 154B     		ldr	r3, .L9
 178 003a DA80     		strh	r2, [r3, #6]	@ movhi
 175:Generated_Source\PSoC5/isr_eoc.c ****     adcvalue[4] = ADC_GetResult16(4);
 179              		.loc 1 175 0
 180 003c 0420     		movs	r0, #4
 181 003e FFF7FEFF 		bl	ADC_GetResult16
 182 0042 0346     		mov	r3, r0
 183 0044 9AB2     		uxth	r2, r3
 184 0046 124B     		ldr	r3, .L9
 185 0048 1A81     		strh	r2, [r3, #8]	@ movhi
 176:Generated_Source\PSoC5/isr_eoc.c ****     adcvalue[5] = ADC_GetResult16(5);
 186              		.loc 1 176 0
 187 004a 0520     		movs	r0, #5
 188 004c FFF7FEFF 		bl	ADC_GetResult16
 189 0050 0346     		mov	r3, r0
 190 0052 9AB2     		uxth	r2, r3
 191 0054 0E4B     		ldr	r3, .L9
 192 0056 5A81     		strh	r2, [r3, #10]	@ movhi
 177:Generated_Source\PSoC5/isr_eoc.c ****     adcvalue[6] = ADC_GetResult16(6);
 193              		.loc 1 177 0
 194 0058 0620     		movs	r0, #6
 195 005a FFF7FEFF 		bl	ADC_GetResult16
 196 005e 0346     		mov	r3, r0
 197 0060 9AB2     		uxth	r2, r3
 198 0062 0B4B     		ldr	r3, .L9
 199 0064 9A81     		strh	r2, [r3, #12]	@ movhi
 178:Generated_Source\PSoC5/isr_eoc.c ****     adcvalue[7] = ADC_GetResult16(7);
 200              		.loc 1 178 0
 201 0066 0720     		movs	r0, #7
 202 0068 FFF7FEFF 		bl	ADC_GetResult16
 203 006c 0346     		mov	r3, r0
 204 006e 9AB2     		uxth	r2, r3
 205 0070 074B     		ldr	r3, .L9
 206 0072 DA81     		strh	r2, [r3, #14]	@ movhi
 179:Generated_Source\PSoC5/isr_eoc.c ****     dataready_flag = 1;
 207              		.loc 1 179 0
 208 0074 074B     		ldr	r3, .L9+4
 209 0076 0122     		movs	r2, #1
 210 0078 1A70     		strb	r2, [r3]
 180:Generated_Source\PSoC5/isr_eoc.c ****     LED_Write(~LED_Read());
 211              		.loc 1 180 0
 212 007a FFF7FEFF 		bl	LED_Read
 213 007e 0346     		mov	r3, r0
 214 0080 DB43     		mvns	r3, r3
 215 0082 DBB2     		uxtb	r3, r3
 216 0084 1846     		mov	r0, r3
 217 0086 FFF7FEFF 		bl	LED_Write
 181:Generated_Source\PSoC5/isr_eoc.c ****     /* `#END` */
 182:Generated_Source\PSoC5/isr_eoc.c **** }
ARM GAS  C:\Users\smiy200\AppData\Local\Temp\ccyEERMu.s 			page 8


 218              		.loc 1 182 0
 219 008a 00BF     		nop
 220 008c 80BD     		pop	{r7, pc}
 221              	.L10:
 222 008e 00BF     		.align	2
 223              	.L9:
 224 0090 00000000 		.word	adcvalue
 225 0094 00000000 		.word	dataready_flag
 226              		.cfi_endproc
 227              	.LFE66:
 228              		.size	isr_eoc_Interrupt, .-isr_eoc_Interrupt
 229              		.section	.text.isr_eoc_SetVector,"ax",%progbits
 230              		.align	2
 231              		.global	isr_eoc_SetVector
 232              		.thumb
 233              		.thumb_func
 234              		.type	isr_eoc_SetVector, %function
 235              	isr_eoc_SetVector:
 236              	.LFB67:
 183:Generated_Source\PSoC5/isr_eoc.c **** 
 184:Generated_Source\PSoC5/isr_eoc.c **** 
 185:Generated_Source\PSoC5/isr_eoc.c **** /*******************************************************************************
 186:Generated_Source\PSoC5/isr_eoc.c **** * Function Name: isr_eoc_SetVector
 187:Generated_Source\PSoC5/isr_eoc.c **** ********************************************************************************
 188:Generated_Source\PSoC5/isr_eoc.c **** *
 189:Generated_Source\PSoC5/isr_eoc.c **** * Summary:
 190:Generated_Source\PSoC5/isr_eoc.c **** *   Change the ISR vector for the Interrupt. Note calling isr_eoc_Start
 191:Generated_Source\PSoC5/isr_eoc.c **** *   will override any effect this method would have had. To set the vector 
 192:Generated_Source\PSoC5/isr_eoc.c **** *   before the component has been started use isr_eoc_StartEx instead.
 193:Generated_Source\PSoC5/isr_eoc.c **** * 
 194:Generated_Source\PSoC5/isr_eoc.c **** *   When defining ISR functions, the CY_ISR and CY_ISR_PROTO macros should be 
 195:Generated_Source\PSoC5/isr_eoc.c **** *   used to provide consistent definition across compilers:
 196:Generated_Source\PSoC5/isr_eoc.c **** *
 197:Generated_Source\PSoC5/isr_eoc.c **** *   Function definition example:
 198:Generated_Source\PSoC5/isr_eoc.c **** *   CY_ISR(MyISR)
 199:Generated_Source\PSoC5/isr_eoc.c **** *   {
 200:Generated_Source\PSoC5/isr_eoc.c **** *   }
 201:Generated_Source\PSoC5/isr_eoc.c **** *
 202:Generated_Source\PSoC5/isr_eoc.c **** *   Function prototype example:
 203:Generated_Source\PSoC5/isr_eoc.c **** *     CY_ISR_PROTO(MyISR);
 204:Generated_Source\PSoC5/isr_eoc.c **** *
 205:Generated_Source\PSoC5/isr_eoc.c **** * Parameters:
 206:Generated_Source\PSoC5/isr_eoc.c **** *   address: Address of the ISR to set in the interrupt vector table.
 207:Generated_Source\PSoC5/isr_eoc.c **** *
 208:Generated_Source\PSoC5/isr_eoc.c **** * Return:
 209:Generated_Source\PSoC5/isr_eoc.c **** *   None
 210:Generated_Source\PSoC5/isr_eoc.c **** *
 211:Generated_Source\PSoC5/isr_eoc.c **** *******************************************************************************/
 212:Generated_Source\PSoC5/isr_eoc.c **** void isr_eoc_SetVector(cyisraddress address)
 213:Generated_Source\PSoC5/isr_eoc.c **** {
 237              		.loc 1 213 0
 238              		.cfi_startproc
 239              		@ args = 0, pretend = 0, frame = 16
 240              		@ frame_needed = 1, uses_anonymous_args = 0
 241              		@ link register save eliminated.
 242 0000 80B4     		push	{r7}
 243              		.cfi_def_cfa_offset 4
ARM GAS  C:\Users\smiy200\AppData\Local\Temp\ccyEERMu.s 			page 9


 244              		.cfi_offset 7, -4
 245 0002 85B0     		sub	sp, sp, #20
 246              		.cfi_def_cfa_offset 24
 247 0004 00AF     		add	r7, sp, #0
 248              		.cfi_def_cfa_register 7
 249 0006 7860     		str	r0, [r7, #4]
 214:Generated_Source\PSoC5/isr_eoc.c ****     cyisraddress * ramVectorTable;
 215:Generated_Source\PSoC5/isr_eoc.c **** 
 216:Generated_Source\PSoC5/isr_eoc.c ****     ramVectorTable = (cyisraddress *) *CYINT_VECT_TABLE;
 250              		.loc 1 216 0
 251 0008 054B     		ldr	r3, .L12
 252 000a 1B68     		ldr	r3, [r3]
 253 000c FB60     		str	r3, [r7, #12]
 217:Generated_Source\PSoC5/isr_eoc.c **** 
 218:Generated_Source\PSoC5/isr_eoc.c ****     ramVectorTable[CYINT_IRQ_BASE + (uint32)isr_eoc__INTC_NUMBER] = address;
 254              		.loc 1 218 0
 255 000e FB68     		ldr	r3, [r7, #12]
 256 0010 5C33     		adds	r3, r3, #92
 257 0012 7A68     		ldr	r2, [r7, #4]
 258 0014 1A60     		str	r2, [r3]
 219:Generated_Source\PSoC5/isr_eoc.c **** }
 259              		.loc 1 219 0
 260 0016 00BF     		nop
 261 0018 1437     		adds	r7, r7, #20
 262              		.cfi_def_cfa_offset 4
 263 001a BD46     		mov	sp, r7
 264              		.cfi_def_cfa_register 13
 265              		@ sp needed
 266 001c 80BC     		pop	{r7}
 267              		.cfi_restore 7
 268              		.cfi_def_cfa_offset 0
 269 001e 7047     		bx	lr
 270              	.L13:
 271              		.align	2
 272              	.L12:
 273 0020 08ED00E0 		.word	-536810232
 274              		.cfi_endproc
 275              	.LFE67:
 276              		.size	isr_eoc_SetVector, .-isr_eoc_SetVector
 277              		.section	.text.isr_eoc_GetVector,"ax",%progbits
 278              		.align	2
 279              		.global	isr_eoc_GetVector
 280              		.thumb
 281              		.thumb_func
 282              		.type	isr_eoc_GetVector, %function
 283              	isr_eoc_GetVector:
 284              	.LFB68:
 220:Generated_Source\PSoC5/isr_eoc.c **** 
 221:Generated_Source\PSoC5/isr_eoc.c **** 
 222:Generated_Source\PSoC5/isr_eoc.c **** /*******************************************************************************
 223:Generated_Source\PSoC5/isr_eoc.c **** * Function Name: isr_eoc_GetVector
 224:Generated_Source\PSoC5/isr_eoc.c **** ********************************************************************************
 225:Generated_Source\PSoC5/isr_eoc.c **** *
 226:Generated_Source\PSoC5/isr_eoc.c **** * Summary:
 227:Generated_Source\PSoC5/isr_eoc.c **** *   Gets the "address" of the current ISR vector for the Interrupt.
 228:Generated_Source\PSoC5/isr_eoc.c **** *
 229:Generated_Source\PSoC5/isr_eoc.c **** * Parameters:
ARM GAS  C:\Users\smiy200\AppData\Local\Temp\ccyEERMu.s 			page 10


 230:Generated_Source\PSoC5/isr_eoc.c **** *   None
 231:Generated_Source\PSoC5/isr_eoc.c **** *
 232:Generated_Source\PSoC5/isr_eoc.c **** * Return:
 233:Generated_Source\PSoC5/isr_eoc.c **** *   Address of the ISR in the interrupt vector table.
 234:Generated_Source\PSoC5/isr_eoc.c **** *
 235:Generated_Source\PSoC5/isr_eoc.c **** *******************************************************************************/
 236:Generated_Source\PSoC5/isr_eoc.c **** cyisraddress isr_eoc_GetVector(void)
 237:Generated_Source\PSoC5/isr_eoc.c **** {
 285              		.loc 1 237 0
 286              		.cfi_startproc
 287              		@ args = 0, pretend = 0, frame = 8
 288              		@ frame_needed = 1, uses_anonymous_args = 0
 289              		@ link register save eliminated.
 290 0000 80B4     		push	{r7}
 291              		.cfi_def_cfa_offset 4
 292              		.cfi_offset 7, -4
 293 0002 83B0     		sub	sp, sp, #12
 294              		.cfi_def_cfa_offset 16
 295 0004 00AF     		add	r7, sp, #0
 296              		.cfi_def_cfa_register 7
 238:Generated_Source\PSoC5/isr_eoc.c ****     cyisraddress * ramVectorTable;
 239:Generated_Source\PSoC5/isr_eoc.c **** 
 240:Generated_Source\PSoC5/isr_eoc.c ****     ramVectorTable = (cyisraddress *) *CYINT_VECT_TABLE;
 297              		.loc 1 240 0
 298 0006 054B     		ldr	r3, .L16
 299 0008 1B68     		ldr	r3, [r3]
 300 000a 7B60     		str	r3, [r7, #4]
 241:Generated_Source\PSoC5/isr_eoc.c **** 
 242:Generated_Source\PSoC5/isr_eoc.c ****     return ramVectorTable[CYINT_IRQ_BASE + (uint32)isr_eoc__INTC_NUMBER];
 301              		.loc 1 242 0
 302 000c 7B68     		ldr	r3, [r7, #4]
 303 000e DB6D     		ldr	r3, [r3, #92]
 243:Generated_Source\PSoC5/isr_eoc.c **** }
 304              		.loc 1 243 0
 305 0010 1846     		mov	r0, r3
 306 0012 0C37     		adds	r7, r7, #12
 307              		.cfi_def_cfa_offset 4
 308 0014 BD46     		mov	sp, r7
 309              		.cfi_def_cfa_register 13
 310              		@ sp needed
 311 0016 80BC     		pop	{r7}
 312              		.cfi_restore 7
 313              		.cfi_def_cfa_offset 0
 314 0018 7047     		bx	lr
 315              	.L17:
 316 001a 00BF     		.align	2
 317              	.L16:
 318 001c 08ED00E0 		.word	-536810232
 319              		.cfi_endproc
 320              	.LFE68:
 321              		.size	isr_eoc_GetVector, .-isr_eoc_GetVector
 322              		.section	.text.isr_eoc_SetPriority,"ax",%progbits
 323              		.align	2
 324              		.global	isr_eoc_SetPriority
 325              		.thumb
 326              		.thumb_func
 327              		.type	isr_eoc_SetPriority, %function
ARM GAS  C:\Users\smiy200\AppData\Local\Temp\ccyEERMu.s 			page 11


 328              	isr_eoc_SetPriority:
 329              	.LFB69:
 244:Generated_Source\PSoC5/isr_eoc.c **** 
 245:Generated_Source\PSoC5/isr_eoc.c **** 
 246:Generated_Source\PSoC5/isr_eoc.c **** /*******************************************************************************
 247:Generated_Source\PSoC5/isr_eoc.c **** * Function Name: isr_eoc_SetPriority
 248:Generated_Source\PSoC5/isr_eoc.c **** ********************************************************************************
 249:Generated_Source\PSoC5/isr_eoc.c **** *
 250:Generated_Source\PSoC5/isr_eoc.c **** * Summary:
 251:Generated_Source\PSoC5/isr_eoc.c **** *   Sets the Priority of the Interrupt. 
 252:Generated_Source\PSoC5/isr_eoc.c **** *
 253:Generated_Source\PSoC5/isr_eoc.c **** *   Note calling isr_eoc_Start or isr_eoc_StartEx will 
 254:Generated_Source\PSoC5/isr_eoc.c **** *   override any effect this API would have had. This API should only be called
 255:Generated_Source\PSoC5/isr_eoc.c **** *   after isr_eoc_Start or isr_eoc_StartEx has been called. 
 256:Generated_Source\PSoC5/isr_eoc.c **** *   To set the initial priority for the component, use the Design-Wide Resources
 257:Generated_Source\PSoC5/isr_eoc.c **** *   Interrupt Editor.
 258:Generated_Source\PSoC5/isr_eoc.c **** *
 259:Generated_Source\PSoC5/isr_eoc.c **** *   Note This API has no effect on Non-maskable interrupt NMI).
 260:Generated_Source\PSoC5/isr_eoc.c **** *
 261:Generated_Source\PSoC5/isr_eoc.c **** * Parameters:
 262:Generated_Source\PSoC5/isr_eoc.c **** *   priority: Priority of the interrupt, 0 being the highest priority
 263:Generated_Source\PSoC5/isr_eoc.c **** *             PSoC 3 and PSoC 5LP: Priority is from 0 to 7.
 264:Generated_Source\PSoC5/isr_eoc.c **** *             PSoC 4: Priority is from 0 to 3.
 265:Generated_Source\PSoC5/isr_eoc.c **** *
 266:Generated_Source\PSoC5/isr_eoc.c **** * Return:
 267:Generated_Source\PSoC5/isr_eoc.c **** *   None
 268:Generated_Source\PSoC5/isr_eoc.c **** *
 269:Generated_Source\PSoC5/isr_eoc.c **** *******************************************************************************/
 270:Generated_Source\PSoC5/isr_eoc.c **** void isr_eoc_SetPriority(uint8 priority)
 271:Generated_Source\PSoC5/isr_eoc.c **** {
 330              		.loc 1 271 0
 331              		.cfi_startproc
 332              		@ args = 0, pretend = 0, frame = 8
 333              		@ frame_needed = 1, uses_anonymous_args = 0
 334              		@ link register save eliminated.
 335 0000 80B4     		push	{r7}
 336              		.cfi_def_cfa_offset 4
 337              		.cfi_offset 7, -4
 338 0002 83B0     		sub	sp, sp, #12
 339              		.cfi_def_cfa_offset 16
 340 0004 00AF     		add	r7, sp, #0
 341              		.cfi_def_cfa_register 7
 342 0006 0346     		mov	r3, r0
 343 0008 FB71     		strb	r3, [r7, #7]
 272:Generated_Source\PSoC5/isr_eoc.c ****     *isr_eoc_INTC_PRIOR = priority << 5;
 344              		.loc 1 272 0
 345 000a 054A     		ldr	r2, .L19
 346 000c FB79     		ldrb	r3, [r7, #7]
 347 000e 5B01     		lsls	r3, r3, #5
 348 0010 DBB2     		uxtb	r3, r3
 349 0012 1370     		strb	r3, [r2]
 273:Generated_Source\PSoC5/isr_eoc.c **** }
 350              		.loc 1 273 0
 351 0014 00BF     		nop
 352 0016 0C37     		adds	r7, r7, #12
 353              		.cfi_def_cfa_offset 4
 354 0018 BD46     		mov	sp, r7
ARM GAS  C:\Users\smiy200\AppData\Local\Temp\ccyEERMu.s 			page 12


 355              		.cfi_def_cfa_register 13
 356              		@ sp needed
 357 001a 80BC     		pop	{r7}
 358              		.cfi_restore 7
 359              		.cfi_def_cfa_offset 0
 360 001c 7047     		bx	lr
 361              	.L20:
 362 001e 00BF     		.align	2
 363              	.L19:
 364 0020 07E400E0 		.word	-536812537
 365              		.cfi_endproc
 366              	.LFE69:
 367              		.size	isr_eoc_SetPriority, .-isr_eoc_SetPriority
 368              		.section	.text.isr_eoc_GetPriority,"ax",%progbits
 369              		.align	2
 370              		.global	isr_eoc_GetPriority
 371              		.thumb
 372              		.thumb_func
 373              		.type	isr_eoc_GetPriority, %function
 374              	isr_eoc_GetPriority:
 375              	.LFB70:
 274:Generated_Source\PSoC5/isr_eoc.c **** 
 275:Generated_Source\PSoC5/isr_eoc.c **** 
 276:Generated_Source\PSoC5/isr_eoc.c **** /*******************************************************************************
 277:Generated_Source\PSoC5/isr_eoc.c **** * Function Name: isr_eoc_GetPriority
 278:Generated_Source\PSoC5/isr_eoc.c **** ********************************************************************************
 279:Generated_Source\PSoC5/isr_eoc.c **** *
 280:Generated_Source\PSoC5/isr_eoc.c **** * Summary:
 281:Generated_Source\PSoC5/isr_eoc.c **** *   Gets the Priority of the Interrupt.
 282:Generated_Source\PSoC5/isr_eoc.c **** *
 283:Generated_Source\PSoC5/isr_eoc.c **** * Parameters:
 284:Generated_Source\PSoC5/isr_eoc.c **** *   None
 285:Generated_Source\PSoC5/isr_eoc.c **** *
 286:Generated_Source\PSoC5/isr_eoc.c **** * Return:
 287:Generated_Source\PSoC5/isr_eoc.c **** *   Priority of the interrupt, 0 being the highest priority
 288:Generated_Source\PSoC5/isr_eoc.c **** *    PSoC 3 and PSoC 5LP: Priority is from 0 to 7.
 289:Generated_Source\PSoC5/isr_eoc.c **** *    PSoC 4: Priority is from 0 to 3.
 290:Generated_Source\PSoC5/isr_eoc.c **** *
 291:Generated_Source\PSoC5/isr_eoc.c **** *******************************************************************************/
 292:Generated_Source\PSoC5/isr_eoc.c **** uint8 isr_eoc_GetPriority(void)
 293:Generated_Source\PSoC5/isr_eoc.c **** {
 376              		.loc 1 293 0
 377              		.cfi_startproc
 378              		@ args = 0, pretend = 0, frame = 8
 379              		@ frame_needed = 1, uses_anonymous_args = 0
 380              		@ link register save eliminated.
 381 0000 80B4     		push	{r7}
 382              		.cfi_def_cfa_offset 4
 383              		.cfi_offset 7, -4
 384 0002 83B0     		sub	sp, sp, #12
 385              		.cfi_def_cfa_offset 16
 386 0004 00AF     		add	r7, sp, #0
 387              		.cfi_def_cfa_register 7
 294:Generated_Source\PSoC5/isr_eoc.c ****     uint8 priority;
 295:Generated_Source\PSoC5/isr_eoc.c **** 
 296:Generated_Source\PSoC5/isr_eoc.c **** 
 297:Generated_Source\PSoC5/isr_eoc.c ****     priority = *isr_eoc_INTC_PRIOR >> 5;
ARM GAS  C:\Users\smiy200\AppData\Local\Temp\ccyEERMu.s 			page 13


 388              		.loc 1 297 0
 389 0006 054B     		ldr	r3, .L23
 390 0008 1B78     		ldrb	r3, [r3]
 391 000a DBB2     		uxtb	r3, r3
 392 000c 5B09     		lsrs	r3, r3, #5
 393 000e FB71     		strb	r3, [r7, #7]
 298:Generated_Source\PSoC5/isr_eoc.c **** 
 299:Generated_Source\PSoC5/isr_eoc.c ****     return priority;
 394              		.loc 1 299 0
 395 0010 FB79     		ldrb	r3, [r7, #7]	@ zero_extendqisi2
 300:Generated_Source\PSoC5/isr_eoc.c **** }
 396              		.loc 1 300 0
 397 0012 1846     		mov	r0, r3
 398 0014 0C37     		adds	r7, r7, #12
 399              		.cfi_def_cfa_offset 4
 400 0016 BD46     		mov	sp, r7
 401              		.cfi_def_cfa_register 13
 402              		@ sp needed
 403 0018 80BC     		pop	{r7}
 404              		.cfi_restore 7
 405              		.cfi_def_cfa_offset 0
 406 001a 7047     		bx	lr
 407              	.L24:
 408              		.align	2
 409              	.L23:
 410 001c 07E400E0 		.word	-536812537
 411              		.cfi_endproc
 412              	.LFE70:
 413              		.size	isr_eoc_GetPriority, .-isr_eoc_GetPriority
 414              		.section	.text.isr_eoc_Enable,"ax",%progbits
 415              		.align	2
 416              		.global	isr_eoc_Enable
 417              		.thumb
 418              		.thumb_func
 419              		.type	isr_eoc_Enable, %function
 420              	isr_eoc_Enable:
 421              	.LFB71:
 301:Generated_Source\PSoC5/isr_eoc.c **** 
 302:Generated_Source\PSoC5/isr_eoc.c **** 
 303:Generated_Source\PSoC5/isr_eoc.c **** /*******************************************************************************
 304:Generated_Source\PSoC5/isr_eoc.c **** * Function Name: isr_eoc_Enable
 305:Generated_Source\PSoC5/isr_eoc.c **** ********************************************************************************
 306:Generated_Source\PSoC5/isr_eoc.c **** *
 307:Generated_Source\PSoC5/isr_eoc.c **** * Summary:
 308:Generated_Source\PSoC5/isr_eoc.c **** *   Enables the interrupt to the interrupt controller. Do not call this function
 309:Generated_Source\PSoC5/isr_eoc.c **** *   unless ISR_Start() has been called or the functionality of the ISR_Start() 
 310:Generated_Source\PSoC5/isr_eoc.c **** *   function, which sets the vector and the priority, has been called.
 311:Generated_Source\PSoC5/isr_eoc.c **** *
 312:Generated_Source\PSoC5/isr_eoc.c **** * Parameters:
 313:Generated_Source\PSoC5/isr_eoc.c **** *   None
 314:Generated_Source\PSoC5/isr_eoc.c **** *
 315:Generated_Source\PSoC5/isr_eoc.c **** * Return:
 316:Generated_Source\PSoC5/isr_eoc.c **** *   None
 317:Generated_Source\PSoC5/isr_eoc.c **** *
 318:Generated_Source\PSoC5/isr_eoc.c **** *******************************************************************************/
 319:Generated_Source\PSoC5/isr_eoc.c **** void isr_eoc_Enable(void)
 320:Generated_Source\PSoC5/isr_eoc.c **** {
ARM GAS  C:\Users\smiy200\AppData\Local\Temp\ccyEERMu.s 			page 14


 422              		.loc 1 320 0
 423              		.cfi_startproc
 424              		@ args = 0, pretend = 0, frame = 0
 425              		@ frame_needed = 1, uses_anonymous_args = 0
 426              		@ link register save eliminated.
 427 0000 80B4     		push	{r7}
 428              		.cfi_def_cfa_offset 4
 429              		.cfi_offset 7, -4
 430 0002 00AF     		add	r7, sp, #0
 431              		.cfi_def_cfa_register 7
 321:Generated_Source\PSoC5/isr_eoc.c ****     /* Enable the general interrupt. */
 322:Generated_Source\PSoC5/isr_eoc.c ****     *isr_eoc_INTC_SET_EN = isr_eoc__INTC_MASK;
 432              		.loc 1 322 0
 433 0004 034B     		ldr	r3, .L26
 434 0006 8022     		movs	r2, #128
 435 0008 1A60     		str	r2, [r3]
 323:Generated_Source\PSoC5/isr_eoc.c **** }
 436              		.loc 1 323 0
 437 000a 00BF     		nop
 438 000c BD46     		mov	sp, r7
 439              		.cfi_def_cfa_register 13
 440              		@ sp needed
 441 000e 80BC     		pop	{r7}
 442              		.cfi_restore 7
 443              		.cfi_def_cfa_offset 0
 444 0010 7047     		bx	lr
 445              	.L27:
 446 0012 00BF     		.align	2
 447              	.L26:
 448 0014 00E100E0 		.word	-536813312
 449              		.cfi_endproc
 450              	.LFE71:
 451              		.size	isr_eoc_Enable, .-isr_eoc_Enable
 452              		.section	.text.isr_eoc_GetState,"ax",%progbits
 453              		.align	2
 454              		.global	isr_eoc_GetState
 455              		.thumb
 456              		.thumb_func
 457              		.type	isr_eoc_GetState, %function
 458              	isr_eoc_GetState:
 459              	.LFB72:
 324:Generated_Source\PSoC5/isr_eoc.c **** 
 325:Generated_Source\PSoC5/isr_eoc.c **** 
 326:Generated_Source\PSoC5/isr_eoc.c **** /*******************************************************************************
 327:Generated_Source\PSoC5/isr_eoc.c **** * Function Name: isr_eoc_GetState
 328:Generated_Source\PSoC5/isr_eoc.c **** ********************************************************************************
 329:Generated_Source\PSoC5/isr_eoc.c **** *
 330:Generated_Source\PSoC5/isr_eoc.c **** * Summary:
 331:Generated_Source\PSoC5/isr_eoc.c **** *   Gets the state (enabled, disabled) of the Interrupt.
 332:Generated_Source\PSoC5/isr_eoc.c **** *
 333:Generated_Source\PSoC5/isr_eoc.c **** * Parameters:
 334:Generated_Source\PSoC5/isr_eoc.c **** *   None
 335:Generated_Source\PSoC5/isr_eoc.c **** *
 336:Generated_Source\PSoC5/isr_eoc.c **** * Return:
 337:Generated_Source\PSoC5/isr_eoc.c **** *   1 if enabled, 0 if disabled.
 338:Generated_Source\PSoC5/isr_eoc.c **** *
 339:Generated_Source\PSoC5/isr_eoc.c **** *******************************************************************************/
ARM GAS  C:\Users\smiy200\AppData\Local\Temp\ccyEERMu.s 			page 15


 340:Generated_Source\PSoC5/isr_eoc.c **** uint8 isr_eoc_GetState(void)
 341:Generated_Source\PSoC5/isr_eoc.c **** {
 460              		.loc 1 341 0
 461              		.cfi_startproc
 462              		@ args = 0, pretend = 0, frame = 0
 463              		@ frame_needed = 1, uses_anonymous_args = 0
 464              		@ link register save eliminated.
 465 0000 80B4     		push	{r7}
 466              		.cfi_def_cfa_offset 4
 467              		.cfi_offset 7, -4
 468 0002 00AF     		add	r7, sp, #0
 469              		.cfi_def_cfa_register 7
 342:Generated_Source\PSoC5/isr_eoc.c ****     /* Get the state of the general interrupt. */
 343:Generated_Source\PSoC5/isr_eoc.c ****     return ((*isr_eoc_INTC_SET_EN & (uint32)isr_eoc__INTC_MASK) != 0u) ? 1u:0u;
 470              		.loc 1 343 0
 471 0004 064B     		ldr	r3, .L32
 472 0006 1B68     		ldr	r3, [r3]
 473 0008 03F08003 		and	r3, r3, #128
 474 000c 002B     		cmp	r3, #0
 475 000e 01D0     		beq	.L29
 476              		.loc 1 343 0 is_stmt 0 discriminator 1
 477 0010 0123     		movs	r3, #1
 478 0012 00E0     		b	.L30
 479              	.L29:
 480              		.loc 1 343 0 discriminator 2
 481 0014 0023     		movs	r3, #0
 482              	.L30:
 344:Generated_Source\PSoC5/isr_eoc.c **** }
 483              		.loc 1 344 0 is_stmt 1 discriminator 4
 484 0016 1846     		mov	r0, r3
 485 0018 BD46     		mov	sp, r7
 486              		.cfi_def_cfa_register 13
 487              		@ sp needed
 488 001a 80BC     		pop	{r7}
 489              		.cfi_restore 7
 490              		.cfi_def_cfa_offset 0
 491 001c 7047     		bx	lr
 492              	.L33:
 493 001e 00BF     		.align	2
 494              	.L32:
 495 0020 00E100E0 		.word	-536813312
 496              		.cfi_endproc
 497              	.LFE72:
 498              		.size	isr_eoc_GetState, .-isr_eoc_GetState
 499              		.section	.text.isr_eoc_Disable,"ax",%progbits
 500              		.align	2
 501              		.global	isr_eoc_Disable
 502              		.thumb
 503              		.thumb_func
 504              		.type	isr_eoc_Disable, %function
 505              	isr_eoc_Disable:
 506              	.LFB73:
 345:Generated_Source\PSoC5/isr_eoc.c **** 
 346:Generated_Source\PSoC5/isr_eoc.c **** 
 347:Generated_Source\PSoC5/isr_eoc.c **** /*******************************************************************************
 348:Generated_Source\PSoC5/isr_eoc.c **** * Function Name: isr_eoc_Disable
 349:Generated_Source\PSoC5/isr_eoc.c **** ********************************************************************************
ARM GAS  C:\Users\smiy200\AppData\Local\Temp\ccyEERMu.s 			page 16


 350:Generated_Source\PSoC5/isr_eoc.c **** *
 351:Generated_Source\PSoC5/isr_eoc.c **** * Summary:
 352:Generated_Source\PSoC5/isr_eoc.c **** *   Disables the Interrupt in the interrupt controller.
 353:Generated_Source\PSoC5/isr_eoc.c **** *
 354:Generated_Source\PSoC5/isr_eoc.c **** * Parameters:
 355:Generated_Source\PSoC5/isr_eoc.c **** *   None
 356:Generated_Source\PSoC5/isr_eoc.c **** *
 357:Generated_Source\PSoC5/isr_eoc.c **** * Return:
 358:Generated_Source\PSoC5/isr_eoc.c **** *   None
 359:Generated_Source\PSoC5/isr_eoc.c **** *
 360:Generated_Source\PSoC5/isr_eoc.c **** *******************************************************************************/
 361:Generated_Source\PSoC5/isr_eoc.c **** void isr_eoc_Disable(void)
 362:Generated_Source\PSoC5/isr_eoc.c **** {
 507              		.loc 1 362 0
 508              		.cfi_startproc
 509              		@ args = 0, pretend = 0, frame = 0
 510              		@ frame_needed = 1, uses_anonymous_args = 0
 511              		@ link register save eliminated.
 512 0000 80B4     		push	{r7}
 513              		.cfi_def_cfa_offset 4
 514              		.cfi_offset 7, -4
 515 0002 00AF     		add	r7, sp, #0
 516              		.cfi_def_cfa_register 7
 363:Generated_Source\PSoC5/isr_eoc.c ****     /* Disable the general interrupt. */
 364:Generated_Source\PSoC5/isr_eoc.c ****     *isr_eoc_INTC_CLR_EN = isr_eoc__INTC_MASK;
 517              		.loc 1 364 0
 518 0004 034B     		ldr	r3, .L35
 519 0006 8022     		movs	r2, #128
 520 0008 1A60     		str	r2, [r3]
 365:Generated_Source\PSoC5/isr_eoc.c **** }
 521              		.loc 1 365 0
 522 000a 00BF     		nop
 523 000c BD46     		mov	sp, r7
 524              		.cfi_def_cfa_register 13
 525              		@ sp needed
 526 000e 80BC     		pop	{r7}
 527              		.cfi_restore 7
 528              		.cfi_def_cfa_offset 0
 529 0010 7047     		bx	lr
 530              	.L36:
 531 0012 00BF     		.align	2
 532              	.L35:
 533 0014 80E100E0 		.word	-536813184
 534              		.cfi_endproc
 535              	.LFE73:
 536              		.size	isr_eoc_Disable, .-isr_eoc_Disable
 537              		.section	.text.isr_eoc_SetPending,"ax",%progbits
 538              		.align	2
 539              		.global	isr_eoc_SetPending
 540              		.thumb
 541              		.thumb_func
 542              		.type	isr_eoc_SetPending, %function
 543              	isr_eoc_SetPending:
 544              	.LFB74:
 366:Generated_Source\PSoC5/isr_eoc.c **** 
 367:Generated_Source\PSoC5/isr_eoc.c **** 
 368:Generated_Source\PSoC5/isr_eoc.c **** /*******************************************************************************
ARM GAS  C:\Users\smiy200\AppData\Local\Temp\ccyEERMu.s 			page 17


 369:Generated_Source\PSoC5/isr_eoc.c **** * Function Name: isr_eoc_SetPending
 370:Generated_Source\PSoC5/isr_eoc.c **** ********************************************************************************
 371:Generated_Source\PSoC5/isr_eoc.c **** *
 372:Generated_Source\PSoC5/isr_eoc.c **** * Summary:
 373:Generated_Source\PSoC5/isr_eoc.c **** *   Causes the Interrupt to enter the pending state, a software method of
 374:Generated_Source\PSoC5/isr_eoc.c **** *   generating the interrupt.
 375:Generated_Source\PSoC5/isr_eoc.c **** *
 376:Generated_Source\PSoC5/isr_eoc.c **** * Parameters:
 377:Generated_Source\PSoC5/isr_eoc.c **** *   None
 378:Generated_Source\PSoC5/isr_eoc.c **** *
 379:Generated_Source\PSoC5/isr_eoc.c **** * Return:
 380:Generated_Source\PSoC5/isr_eoc.c **** *   None
 381:Generated_Source\PSoC5/isr_eoc.c **** *
 382:Generated_Source\PSoC5/isr_eoc.c **** * Side Effects:
 383:Generated_Source\PSoC5/isr_eoc.c **** *   If interrupts are enabled and the interrupt is set up properly, the ISR is
 384:Generated_Source\PSoC5/isr_eoc.c **** *   entered (depending on the priority of this interrupt and other pending 
 385:Generated_Source\PSoC5/isr_eoc.c **** *   interrupts).
 386:Generated_Source\PSoC5/isr_eoc.c **** *
 387:Generated_Source\PSoC5/isr_eoc.c **** *******************************************************************************/
 388:Generated_Source\PSoC5/isr_eoc.c **** void isr_eoc_SetPending(void)
 389:Generated_Source\PSoC5/isr_eoc.c **** {
 545              		.loc 1 389 0
 546              		.cfi_startproc
 547              		@ args = 0, pretend = 0, frame = 0
 548              		@ frame_needed = 1, uses_anonymous_args = 0
 549              		@ link register save eliminated.
 550 0000 80B4     		push	{r7}
 551              		.cfi_def_cfa_offset 4
 552              		.cfi_offset 7, -4
 553 0002 00AF     		add	r7, sp, #0
 554              		.cfi_def_cfa_register 7
 390:Generated_Source\PSoC5/isr_eoc.c ****     *isr_eoc_INTC_SET_PD = isr_eoc__INTC_MASK;
 555              		.loc 1 390 0
 556 0004 034B     		ldr	r3, .L38
 557 0006 8022     		movs	r2, #128
 558 0008 1A60     		str	r2, [r3]
 391:Generated_Source\PSoC5/isr_eoc.c **** }
 559              		.loc 1 391 0
 560 000a 00BF     		nop
 561 000c BD46     		mov	sp, r7
 562              		.cfi_def_cfa_register 13
 563              		@ sp needed
 564 000e 80BC     		pop	{r7}
 565              		.cfi_restore 7
 566              		.cfi_def_cfa_offset 0
 567 0010 7047     		bx	lr
 568              	.L39:
 569 0012 00BF     		.align	2
 570              	.L38:
 571 0014 00E200E0 		.word	-536813056
 572              		.cfi_endproc
 573              	.LFE74:
 574              		.size	isr_eoc_SetPending, .-isr_eoc_SetPending
 575              		.section	.text.isr_eoc_ClearPending,"ax",%progbits
 576              		.align	2
 577              		.global	isr_eoc_ClearPending
 578              		.thumb
ARM GAS  C:\Users\smiy200\AppData\Local\Temp\ccyEERMu.s 			page 18


 579              		.thumb_func
 580              		.type	isr_eoc_ClearPending, %function
 581              	isr_eoc_ClearPending:
 582              	.LFB75:
 392:Generated_Source\PSoC5/isr_eoc.c **** 
 393:Generated_Source\PSoC5/isr_eoc.c **** 
 394:Generated_Source\PSoC5/isr_eoc.c **** /*******************************************************************************
 395:Generated_Source\PSoC5/isr_eoc.c **** * Function Name: isr_eoc_ClearPending
 396:Generated_Source\PSoC5/isr_eoc.c **** ********************************************************************************
 397:Generated_Source\PSoC5/isr_eoc.c **** *
 398:Generated_Source\PSoC5/isr_eoc.c **** * Summary:
 399:Generated_Source\PSoC5/isr_eoc.c **** *   Clears a pending interrupt in the interrupt controller.
 400:Generated_Source\PSoC5/isr_eoc.c **** *
 401:Generated_Source\PSoC5/isr_eoc.c **** *   Note Some interrupt sources are clear-on-read and require the block 
 402:Generated_Source\PSoC5/isr_eoc.c **** *   interrupt/status register to be read/cleared with the appropriate block API 
 403:Generated_Source\PSoC5/isr_eoc.c **** *   (GPIO, UART, and so on). Otherwise the ISR will continue to remain in 
 404:Generated_Source\PSoC5/isr_eoc.c **** *   pending state even though the interrupt itself is cleared using this API.
 405:Generated_Source\PSoC5/isr_eoc.c **** *
 406:Generated_Source\PSoC5/isr_eoc.c **** * Parameters:
 407:Generated_Source\PSoC5/isr_eoc.c **** *   None
 408:Generated_Source\PSoC5/isr_eoc.c **** *
 409:Generated_Source\PSoC5/isr_eoc.c **** * Return:
 410:Generated_Source\PSoC5/isr_eoc.c **** *   None
 411:Generated_Source\PSoC5/isr_eoc.c **** *
 412:Generated_Source\PSoC5/isr_eoc.c **** *******************************************************************************/
 413:Generated_Source\PSoC5/isr_eoc.c **** void isr_eoc_ClearPending(void)
 414:Generated_Source\PSoC5/isr_eoc.c **** {
 583              		.loc 1 414 0
 584              		.cfi_startproc
 585              		@ args = 0, pretend = 0, frame = 0
 586              		@ frame_needed = 1, uses_anonymous_args = 0
 587              		@ link register save eliminated.
 588 0000 80B4     		push	{r7}
 589              		.cfi_def_cfa_offset 4
 590              		.cfi_offset 7, -4
 591 0002 00AF     		add	r7, sp, #0
 592              		.cfi_def_cfa_register 7
 415:Generated_Source\PSoC5/isr_eoc.c ****     *isr_eoc_INTC_CLR_PD = isr_eoc__INTC_MASK;
 593              		.loc 1 415 0
 594 0004 034B     		ldr	r3, .L41
 595 0006 8022     		movs	r2, #128
 596 0008 1A60     		str	r2, [r3]
 416:Generated_Source\PSoC5/isr_eoc.c **** }
 597              		.loc 1 416 0
 598 000a 00BF     		nop
 599 000c BD46     		mov	sp, r7
 600              		.cfi_def_cfa_register 13
 601              		@ sp needed
 602 000e 80BC     		pop	{r7}
 603              		.cfi_restore 7
 604              		.cfi_def_cfa_offset 0
 605 0010 7047     		bx	lr
 606              	.L42:
 607 0012 00BF     		.align	2
 608              	.L41:
 609 0014 80E200E0 		.word	-536812928
 610              		.cfi_endproc
ARM GAS  C:\Users\smiy200\AppData\Local\Temp\ccyEERMu.s 			page 19


 611              	.LFE75:
 612              		.size	isr_eoc_ClearPending, .-isr_eoc_ClearPending
 613              		.text
 614              	.Letext0:
 615              		.file 2 "c:\\program files (x86)\\cypress\\psoc creator\\4.2\\psoc creator\\import\\gnu\\arm\\5.4.
 616              		.file 3 "c:\\program files (x86)\\cypress\\psoc creator\\4.2\\psoc creator\\import\\gnu\\arm\\5.4.
 617              		.file 4 "Generated_Source\\PSoC5/cytypes.h"
 618              		.file 5 "Generated_Source\\PSoC5/core_cm3.h"
 619              		.section	.debug_info,"",%progbits
 620              	.Ldebug_info0:
 621 0000 96020000 		.4byte	0x296
 622 0004 0400     		.2byte	0x4
 623 0006 00000000 		.4byte	.Ldebug_abbrev0
 624 000a 04       		.byte	0x4
 625 000b 01       		.uleb128 0x1
 626 000c 15000000 		.4byte	.LASF40
 627 0010 0C       		.byte	0xc
 628 0011 C1000000 		.4byte	.LASF41
 629 0015 9B010000 		.4byte	.LASF42
 630 0019 00000000 		.4byte	.Ldebug_ranges0+0
 631 001d 00000000 		.4byte	0
 632 0021 00000000 		.4byte	.Ldebug_line0
 633 0025 02       		.uleb128 0x2
 634 0026 04       		.byte	0x4
 635 0027 05       		.byte	0x5
 636 0028 696E7400 		.ascii	"int\000"
 637 002c 03       		.uleb128 0x3
 638 002d 04       		.byte	0x4
 639 002e 07       		.byte	0x7
 640 002f 4B020000 		.4byte	.LASF0
 641 0033 03       		.uleb128 0x3
 642 0034 08       		.byte	0x8
 643 0035 05       		.byte	0x5
 644 0036 A2020000 		.4byte	.LASF1
 645 003a 03       		.uleb128 0x3
 646 003b 08       		.byte	0x8
 647 003c 04       		.byte	0x4
 648 003d 0D030000 		.4byte	.LASF2
 649 0041 03       		.uleb128 0x3
 650 0042 01       		.byte	0x1
 651 0043 06       		.byte	0x6
 652 0044 2A030000 		.4byte	.LASF3
 653 0048 03       		.uleb128 0x3
 654 0049 01       		.byte	0x1
 655 004a 08       		.byte	0x8
 656 004b 1B010000 		.4byte	.LASF4
 657 004f 03       		.uleb128 0x3
 658 0050 02       		.byte	0x2
 659 0051 05       		.byte	0x5
 660 0052 D9020000 		.4byte	.LASF5
 661 0056 03       		.uleb128 0x3
 662 0057 02       		.byte	0x2
 663 0058 07       		.byte	0x7
 664 0059 64010000 		.4byte	.LASF6
 665 005d 04       		.uleb128 0x4
 666 005e B7000000 		.4byte	.LASF12
 667 0062 02       		.byte	0x2
ARM GAS  C:\Users\smiy200\AppData\Local\Temp\ccyEERMu.s 			page 20


 668 0063 3F       		.byte	0x3f
 669 0064 68000000 		.4byte	0x68
 670 0068 03       		.uleb128 0x3
 671 0069 04       		.byte	0x4
 672 006a 05       		.byte	0x5
 673 006b 04030000 		.4byte	.LASF7
 674 006f 03       		.uleb128 0x3
 675 0070 04       		.byte	0x4
 676 0071 07       		.byte	0x7
 677 0072 52010000 		.4byte	.LASF8
 678 0076 03       		.uleb128 0x3
 679 0077 08       		.byte	0x8
 680 0078 07       		.byte	0x7
 681 0079 60020000 		.4byte	.LASF9
 682 007d 03       		.uleb128 0x3
 683 007e 04       		.byte	0x4
 684 007f 07       		.byte	0x7
 685 0080 99020000 		.4byte	.LASF10
 686 0084 03       		.uleb128 0x3
 687 0085 01       		.byte	0x1
 688 0086 08       		.byte	0x8
 689 0087 B0020000 		.4byte	.LASF11
 690 008b 05       		.uleb128 0x5
 691 008c 04       		.byte	0x4
 692 008d 91000000 		.4byte	0x91
 693 0091 06       		.uleb128 0x6
 694 0092 04       		.uleb128 0x4
 695 0093 91020000 		.4byte	.LASF13
 696 0097 03       		.byte	0x3
 697 0098 2C       		.byte	0x2c
 698 0099 5D000000 		.4byte	0x5d
 699 009d 07       		.uleb128 0x7
 700 009e E3020000 		.4byte	.LASF14
 701 00a2 04       		.byte	0x4
 702 00a3 E401     		.2byte	0x1e4
 703 00a5 48000000 		.4byte	0x48
 704 00a9 07       		.uleb128 0x7
 705 00aa 3D020000 		.4byte	.LASF15
 706 00ae 04       		.byte	0x4
 707 00af E501     		.2byte	0x1e5
 708 00b1 56000000 		.4byte	0x56
 709 00b5 07       		.uleb128 0x7
 710 00b6 44020000 		.4byte	.LASF16
 711 00ba 04       		.byte	0x4
 712 00bb E601     		.2byte	0x1e6
 713 00bd 6F000000 		.4byte	0x6f
 714 00c1 03       		.uleb128 0x3
 715 00c2 04       		.byte	0x4
 716 00c3 04       		.byte	0x4
 717 00c4 15010000 		.4byte	.LASF17
 718 00c8 03       		.uleb128 0x3
 719 00c9 08       		.byte	0x8
 720 00ca 04       		.byte	0x4
 721 00cb 84010000 		.4byte	.LASF18
 722 00cf 07       		.uleb128 0x7
 723 00d0 39010000 		.4byte	.LASF19
 724 00d4 04       		.byte	0x4
ARM GAS  C:\Users\smiy200\AppData\Local\Temp\ccyEERMu.s 			page 21


 725 00d5 8E02     		.2byte	0x28e
 726 00d7 DB000000 		.4byte	0xdb
 727 00db 08       		.uleb128 0x8
 728 00dc 9D000000 		.4byte	0x9d
 729 00e0 07       		.uleb128 0x7
 730 00e1 00000000 		.4byte	.LASF20
 731 00e5 04       		.byte	0x4
 732 00e6 9002     		.2byte	0x290
 733 00e8 EC000000 		.4byte	0xec
 734 00ec 08       		.uleb128 0x8
 735 00ed B5000000 		.4byte	0xb5
 736 00f1 07       		.uleb128 0x7
 737 00f2 77020000 		.4byte	.LASF21
 738 00f6 04       		.byte	0x4
 739 00f7 A002     		.2byte	0x2a0
 740 00f9 8B000000 		.4byte	0x8b
 741 00fd 09       		.uleb128 0x9
 742 00fe 49030000 		.4byte	.LASF22
 743 0102 01       		.byte	0x1
 744 0103 40       		.byte	0x40
 745 0104 00000000 		.4byte	.LFB63
 746 0108 20000000 		.4byte	.LFE63-.LFB63
 747 010c 01       		.uleb128 0x1
 748 010d 9C       		.byte	0x9c
 749 010e 0A       		.uleb128 0xa
 750 010f 29010000 		.4byte	.LASF25
 751 0113 01       		.byte	0x1
 752 0114 6B       		.byte	0x6b
 753 0115 00000000 		.4byte	.LFB64
 754 0119 24000000 		.4byte	.LFE64-.LFB64
 755 011d 01       		.uleb128 0x1
 756 011e 9C       		.byte	0x9c
 757 011f 32010000 		.4byte	0x132
 758 0123 0B       		.uleb128 0xb
 759 0124 58020000 		.4byte	.LASF27
 760 0128 01       		.byte	0x1
 761 0129 6B       		.byte	0x6b
 762 012a F1000000 		.4byte	0xf1
 763 012e 02       		.uleb128 0x2
 764 012f 91       		.byte	0x91
 765 0130 74       		.sleb128 -12
 766 0131 00       		.byte	0
 767 0132 09       		.uleb128 0x9
 768 0133 84020000 		.4byte	.LASF23
 769 0137 01       		.byte	0x1
 770 0138 89       		.byte	0x89
 771 0139 00000000 		.4byte	.LFB65
 772 013d 18000000 		.4byte	.LFE65-.LFB65
 773 0141 01       		.uleb128 0x1
 774 0142 9C       		.byte	0x9c
 775 0143 09       		.uleb128 0x9
 776 0144 03010000 		.4byte	.LASF24
 777 0148 01       		.byte	0x1
 778 0149 A3       		.byte	0xa3
 779 014a 00000000 		.4byte	.LFB66
 780 014e 98000000 		.4byte	.LFE66-.LFB66
 781 0152 01       		.uleb128 0x1
ARM GAS  C:\Users\smiy200\AppData\Local\Temp\ccyEERMu.s 			page 22


 782 0153 9C       		.byte	0x9c
 783 0154 0C       		.uleb128 0xc
 784 0155 F2020000 		.4byte	.LASF26
 785 0159 01       		.byte	0x1
 786 015a D4       		.byte	0xd4
 787 015b 00000000 		.4byte	.LFB67
 788 015f 24000000 		.4byte	.LFE67-.LFB67
 789 0163 01       		.uleb128 0x1
 790 0164 9C       		.byte	0x9c
 791 0165 86010000 		.4byte	0x186
 792 0169 0B       		.uleb128 0xb
 793 016a 58020000 		.4byte	.LASF27
 794 016e 01       		.byte	0x1
 795 016f D4       		.byte	0xd4
 796 0170 F1000000 		.4byte	0xf1
 797 0174 02       		.uleb128 0x2
 798 0175 91       		.byte	0x91
 799 0176 6C       		.sleb128 -20
 800 0177 0D       		.uleb128 0xd
 801 0178 B5020000 		.4byte	.LASF28
 802 017c 01       		.byte	0x1
 803 017d D6       		.byte	0xd6
 804 017e 86010000 		.4byte	0x186
 805 0182 02       		.uleb128 0x2
 806 0183 91       		.byte	0x91
 807 0184 74       		.sleb128 -12
 808 0185 00       		.byte	0
 809 0186 05       		.uleb128 0x5
 810 0187 04       		.byte	0x4
 811 0188 F1000000 		.4byte	0xf1
 812 018c 0E       		.uleb128 0xe
 813 018d F1000000 		.4byte	.LASF31
 814 0191 01       		.byte	0x1
 815 0192 EC       		.byte	0xec
 816 0193 F1000000 		.4byte	0xf1
 817 0197 00000000 		.4byte	.LFB68
 818 019b 20000000 		.4byte	.LFE68-.LFB68
 819 019f 01       		.uleb128 0x1
 820 01a0 9C       		.byte	0x9c
 821 01a1 B4010000 		.4byte	0x1b4
 822 01a5 0D       		.uleb128 0xd
 823 01a6 B5020000 		.4byte	.LASF28
 824 01aa 01       		.byte	0x1
 825 01ab EE       		.byte	0xee
 826 01ac 86010000 		.4byte	0x186
 827 01b0 02       		.uleb128 0x2
 828 01b1 91       		.byte	0x91
 829 01b2 74       		.sleb128 -12
 830 01b3 00       		.byte	0
 831 01b4 0F       		.uleb128 0xf
 832 01b5 3E010000 		.4byte	.LASF29
 833 01b9 01       		.byte	0x1
 834 01ba 0E01     		.2byte	0x10e
 835 01bc 00000000 		.4byte	.LFB69
 836 01c0 24000000 		.4byte	.LFE69-.LFB69
 837 01c4 01       		.uleb128 0x1
 838 01c5 9C       		.byte	0x9c
ARM GAS  C:\Users\smiy200\AppData\Local\Temp\ccyEERMu.s 			page 23


 839 01c6 DA010000 		.4byte	0x1da
 840 01ca 10       		.uleb128 0x10
 841 01cb 34020000 		.4byte	.LASF30
 842 01cf 01       		.byte	0x1
 843 01d0 0E01     		.2byte	0x10e
 844 01d2 9D000000 		.4byte	0x9d
 845 01d6 02       		.uleb128 0x2
 846 01d7 91       		.byte	0x91
 847 01d8 77       		.sleb128 -9
 848 01d9 00       		.byte	0
 849 01da 11       		.uleb128 0x11
 850 01db A3000000 		.4byte	.LASF32
 851 01df 01       		.byte	0x1
 852 01e0 2401     		.2byte	0x124
 853 01e2 9D000000 		.4byte	0x9d
 854 01e6 00000000 		.4byte	.LFB70
 855 01ea 20000000 		.4byte	.LFE70-.LFB70
 856 01ee 01       		.uleb128 0x1
 857 01ef 9C       		.byte	0x9c
 858 01f0 04020000 		.4byte	0x204
 859 01f4 12       		.uleb128 0x12
 860 01f5 34020000 		.4byte	.LASF30
 861 01f9 01       		.byte	0x1
 862 01fa 2601     		.2byte	0x126
 863 01fc 9D000000 		.4byte	0x9d
 864 0200 02       		.uleb128 0x2
 865 0201 91       		.byte	0x91
 866 0202 77       		.sleb128 -9
 867 0203 00       		.byte	0
 868 0204 13       		.uleb128 0x13
 869 0205 E2000000 		.4byte	.LASF33
 870 0209 01       		.byte	0x1
 871 020a 3F01     		.2byte	0x13f
 872 020c 00000000 		.4byte	.LFB71
 873 0210 18000000 		.4byte	.LFE71-.LFB71
 874 0214 01       		.uleb128 0x1
 875 0215 9C       		.byte	0x9c
 876 0216 14       		.uleb128 0x14
 877 0217 19030000 		.4byte	.LASF43
 878 021b 01       		.byte	0x1
 879 021c 5401     		.2byte	0x154
 880 021e 9D000000 		.4byte	0x9d
 881 0222 00000000 		.4byte	.LFB72
 882 0226 24000000 		.4byte	.LFE72-.LFB72
 883 022a 01       		.uleb128 0x1
 884 022b 9C       		.byte	0x9c
 885 022c 13       		.uleb128 0x13
 886 022d 8B010000 		.4byte	.LASF34
 887 0231 01       		.byte	0x1
 888 0232 6901     		.2byte	0x169
 889 0234 00000000 		.4byte	.LFB73
 890 0238 18000000 		.4byte	.LFE73-.LFB73
 891 023c 01       		.uleb128 0x1
 892 023d 9C       		.byte	0x9c
 893 023e 13       		.uleb128 0x13
 894 023f 36030000 		.4byte	.LASF35
 895 0243 01       		.byte	0x1
ARM GAS  C:\Users\smiy200\AppData\Local\Temp\ccyEERMu.s 			page 24


 896 0244 8401     		.2byte	0x184
 897 0246 00000000 		.4byte	.LFB74
 898 024a 18000000 		.4byte	.LFE74-.LFB74
 899 024e 01       		.uleb128 0x1
 900 024f 9C       		.byte	0x9c
 901 0250 13       		.uleb128 0x13
 902 0251 C4020000 		.4byte	.LASF36
 903 0255 01       		.byte	0x1
 904 0256 9D01     		.2byte	0x19d
 905 0258 00000000 		.4byte	.LFB75
 906 025c 18000000 		.4byte	.LFE75-.LFB75
 907 0260 01       		.uleb128 0x1
 908 0261 9C       		.byte	0x9c
 909 0262 15       		.uleb128 0x15
 910 0263 77010000 		.4byte	.LASF37
 911 0267 05       		.byte	0x5
 912 0268 1207     		.2byte	0x712
 913 026a 6E020000 		.4byte	0x26e
 914 026e 08       		.uleb128 0x8
 915 026f 92000000 		.4byte	0x92
 916 0273 16       		.uleb128 0x16
 917 0274 A9000000 		.4byte	0xa9
 918 0278 83020000 		.4byte	0x283
 919 027c 17       		.uleb128 0x17
 920 027d 7D000000 		.4byte	0x7d
 921 0281 07       		.byte	0x7
 922 0282 00       		.byte	0
 923 0283 18       		.uleb128 0x18
 924 0284 E9020000 		.4byte	.LASF38
 925 0288 01       		.byte	0x1
 926 0289 20       		.byte	0x20
 927 028a 73020000 		.4byte	0x273
 928 028e 18       		.uleb128 0x18
 929 028f 06000000 		.4byte	.LASF39
 930 0293 01       		.byte	0x1
 931 0294 21       		.byte	0x21
 932 0295 9D000000 		.4byte	0x9d
 933 0299 00       		.byte	0
 934              		.section	.debug_abbrev,"",%progbits
 935              	.Ldebug_abbrev0:
 936 0000 01       		.uleb128 0x1
 937 0001 11       		.uleb128 0x11
 938 0002 01       		.byte	0x1
 939 0003 25       		.uleb128 0x25
 940 0004 0E       		.uleb128 0xe
 941 0005 13       		.uleb128 0x13
 942 0006 0B       		.uleb128 0xb
 943 0007 03       		.uleb128 0x3
 944 0008 0E       		.uleb128 0xe
 945 0009 1B       		.uleb128 0x1b
 946 000a 0E       		.uleb128 0xe
 947 000b 55       		.uleb128 0x55
 948 000c 17       		.uleb128 0x17
 949 000d 11       		.uleb128 0x11
 950 000e 01       		.uleb128 0x1
 951 000f 10       		.uleb128 0x10
 952 0010 17       		.uleb128 0x17
ARM GAS  C:\Users\smiy200\AppData\Local\Temp\ccyEERMu.s 			page 25


 953 0011 00       		.byte	0
 954 0012 00       		.byte	0
 955 0013 02       		.uleb128 0x2
 956 0014 24       		.uleb128 0x24
 957 0015 00       		.byte	0
 958 0016 0B       		.uleb128 0xb
 959 0017 0B       		.uleb128 0xb
 960 0018 3E       		.uleb128 0x3e
 961 0019 0B       		.uleb128 0xb
 962 001a 03       		.uleb128 0x3
 963 001b 08       		.uleb128 0x8
 964 001c 00       		.byte	0
 965 001d 00       		.byte	0
 966 001e 03       		.uleb128 0x3
 967 001f 24       		.uleb128 0x24
 968 0020 00       		.byte	0
 969 0021 0B       		.uleb128 0xb
 970 0022 0B       		.uleb128 0xb
 971 0023 3E       		.uleb128 0x3e
 972 0024 0B       		.uleb128 0xb
 973 0025 03       		.uleb128 0x3
 974 0026 0E       		.uleb128 0xe
 975 0027 00       		.byte	0
 976 0028 00       		.byte	0
 977 0029 04       		.uleb128 0x4
 978 002a 16       		.uleb128 0x16
 979 002b 00       		.byte	0
 980 002c 03       		.uleb128 0x3
 981 002d 0E       		.uleb128 0xe
 982 002e 3A       		.uleb128 0x3a
 983 002f 0B       		.uleb128 0xb
 984 0030 3B       		.uleb128 0x3b
 985 0031 0B       		.uleb128 0xb
 986 0032 49       		.uleb128 0x49
 987 0033 13       		.uleb128 0x13
 988 0034 00       		.byte	0
 989 0035 00       		.byte	0
 990 0036 05       		.uleb128 0x5
 991 0037 0F       		.uleb128 0xf
 992 0038 00       		.byte	0
 993 0039 0B       		.uleb128 0xb
 994 003a 0B       		.uleb128 0xb
 995 003b 49       		.uleb128 0x49
 996 003c 13       		.uleb128 0x13
 997 003d 00       		.byte	0
 998 003e 00       		.byte	0
 999 003f 06       		.uleb128 0x6
 1000 0040 15       		.uleb128 0x15
 1001 0041 00       		.byte	0
 1002 0042 27       		.uleb128 0x27
 1003 0043 19       		.uleb128 0x19
 1004 0044 00       		.byte	0
 1005 0045 00       		.byte	0
 1006 0046 07       		.uleb128 0x7
 1007 0047 16       		.uleb128 0x16
 1008 0048 00       		.byte	0
 1009 0049 03       		.uleb128 0x3
ARM GAS  C:\Users\smiy200\AppData\Local\Temp\ccyEERMu.s 			page 26


 1010 004a 0E       		.uleb128 0xe
 1011 004b 3A       		.uleb128 0x3a
 1012 004c 0B       		.uleb128 0xb
 1013 004d 3B       		.uleb128 0x3b
 1014 004e 05       		.uleb128 0x5
 1015 004f 49       		.uleb128 0x49
 1016 0050 13       		.uleb128 0x13
 1017 0051 00       		.byte	0
 1018 0052 00       		.byte	0
 1019 0053 08       		.uleb128 0x8
 1020 0054 35       		.uleb128 0x35
 1021 0055 00       		.byte	0
 1022 0056 49       		.uleb128 0x49
 1023 0057 13       		.uleb128 0x13
 1024 0058 00       		.byte	0
 1025 0059 00       		.byte	0
 1026 005a 09       		.uleb128 0x9
 1027 005b 2E       		.uleb128 0x2e
 1028 005c 00       		.byte	0
 1029 005d 3F       		.uleb128 0x3f
 1030 005e 19       		.uleb128 0x19
 1031 005f 03       		.uleb128 0x3
 1032 0060 0E       		.uleb128 0xe
 1033 0061 3A       		.uleb128 0x3a
 1034 0062 0B       		.uleb128 0xb
 1035 0063 3B       		.uleb128 0x3b
 1036 0064 0B       		.uleb128 0xb
 1037 0065 27       		.uleb128 0x27
 1038 0066 19       		.uleb128 0x19
 1039 0067 11       		.uleb128 0x11
 1040 0068 01       		.uleb128 0x1
 1041 0069 12       		.uleb128 0x12
 1042 006a 06       		.uleb128 0x6
 1043 006b 40       		.uleb128 0x40
 1044 006c 18       		.uleb128 0x18
 1045 006d 9642     		.uleb128 0x2116
 1046 006f 19       		.uleb128 0x19
 1047 0070 00       		.byte	0
 1048 0071 00       		.byte	0
 1049 0072 0A       		.uleb128 0xa
 1050 0073 2E       		.uleb128 0x2e
 1051 0074 01       		.byte	0x1
 1052 0075 3F       		.uleb128 0x3f
 1053 0076 19       		.uleb128 0x19
 1054 0077 03       		.uleb128 0x3
 1055 0078 0E       		.uleb128 0xe
 1056 0079 3A       		.uleb128 0x3a
 1057 007a 0B       		.uleb128 0xb
 1058 007b 3B       		.uleb128 0x3b
 1059 007c 0B       		.uleb128 0xb
 1060 007d 27       		.uleb128 0x27
 1061 007e 19       		.uleb128 0x19
 1062 007f 11       		.uleb128 0x11
 1063 0080 01       		.uleb128 0x1
 1064 0081 12       		.uleb128 0x12
 1065 0082 06       		.uleb128 0x6
 1066 0083 40       		.uleb128 0x40
ARM GAS  C:\Users\smiy200\AppData\Local\Temp\ccyEERMu.s 			page 27


 1067 0084 18       		.uleb128 0x18
 1068 0085 9642     		.uleb128 0x2116
 1069 0087 19       		.uleb128 0x19
 1070 0088 01       		.uleb128 0x1
 1071 0089 13       		.uleb128 0x13
 1072 008a 00       		.byte	0
 1073 008b 00       		.byte	0
 1074 008c 0B       		.uleb128 0xb
 1075 008d 05       		.uleb128 0x5
 1076 008e 00       		.byte	0
 1077 008f 03       		.uleb128 0x3
 1078 0090 0E       		.uleb128 0xe
 1079 0091 3A       		.uleb128 0x3a
 1080 0092 0B       		.uleb128 0xb
 1081 0093 3B       		.uleb128 0x3b
 1082 0094 0B       		.uleb128 0xb
 1083 0095 49       		.uleb128 0x49
 1084 0096 13       		.uleb128 0x13
 1085 0097 02       		.uleb128 0x2
 1086 0098 18       		.uleb128 0x18
 1087 0099 00       		.byte	0
 1088 009a 00       		.byte	0
 1089 009b 0C       		.uleb128 0xc
 1090 009c 2E       		.uleb128 0x2e
 1091 009d 01       		.byte	0x1
 1092 009e 3F       		.uleb128 0x3f
 1093 009f 19       		.uleb128 0x19
 1094 00a0 03       		.uleb128 0x3
 1095 00a1 0E       		.uleb128 0xe
 1096 00a2 3A       		.uleb128 0x3a
 1097 00a3 0B       		.uleb128 0xb
 1098 00a4 3B       		.uleb128 0x3b
 1099 00a5 0B       		.uleb128 0xb
 1100 00a6 27       		.uleb128 0x27
 1101 00a7 19       		.uleb128 0x19
 1102 00a8 11       		.uleb128 0x11
 1103 00a9 01       		.uleb128 0x1
 1104 00aa 12       		.uleb128 0x12
 1105 00ab 06       		.uleb128 0x6
 1106 00ac 40       		.uleb128 0x40
 1107 00ad 18       		.uleb128 0x18
 1108 00ae 9742     		.uleb128 0x2117
 1109 00b0 19       		.uleb128 0x19
 1110 00b1 01       		.uleb128 0x1
 1111 00b2 13       		.uleb128 0x13
 1112 00b3 00       		.byte	0
 1113 00b4 00       		.byte	0
 1114 00b5 0D       		.uleb128 0xd
 1115 00b6 34       		.uleb128 0x34
 1116 00b7 00       		.byte	0
 1117 00b8 03       		.uleb128 0x3
 1118 00b9 0E       		.uleb128 0xe
 1119 00ba 3A       		.uleb128 0x3a
 1120 00bb 0B       		.uleb128 0xb
 1121 00bc 3B       		.uleb128 0x3b
 1122 00bd 0B       		.uleb128 0xb
 1123 00be 49       		.uleb128 0x49
ARM GAS  C:\Users\smiy200\AppData\Local\Temp\ccyEERMu.s 			page 28


 1124 00bf 13       		.uleb128 0x13
 1125 00c0 02       		.uleb128 0x2
 1126 00c1 18       		.uleb128 0x18
 1127 00c2 00       		.byte	0
 1128 00c3 00       		.byte	0
 1129 00c4 0E       		.uleb128 0xe
 1130 00c5 2E       		.uleb128 0x2e
 1131 00c6 01       		.byte	0x1
 1132 00c7 3F       		.uleb128 0x3f
 1133 00c8 19       		.uleb128 0x19
 1134 00c9 03       		.uleb128 0x3
 1135 00ca 0E       		.uleb128 0xe
 1136 00cb 3A       		.uleb128 0x3a
 1137 00cc 0B       		.uleb128 0xb
 1138 00cd 3B       		.uleb128 0x3b
 1139 00ce 0B       		.uleb128 0xb
 1140 00cf 27       		.uleb128 0x27
 1141 00d0 19       		.uleb128 0x19
 1142 00d1 49       		.uleb128 0x49
 1143 00d2 13       		.uleb128 0x13
 1144 00d3 11       		.uleb128 0x11
 1145 00d4 01       		.uleb128 0x1
 1146 00d5 12       		.uleb128 0x12
 1147 00d6 06       		.uleb128 0x6
 1148 00d7 40       		.uleb128 0x40
 1149 00d8 18       		.uleb128 0x18
 1150 00d9 9742     		.uleb128 0x2117
 1151 00db 19       		.uleb128 0x19
 1152 00dc 01       		.uleb128 0x1
 1153 00dd 13       		.uleb128 0x13
 1154 00de 00       		.byte	0
 1155 00df 00       		.byte	0
 1156 00e0 0F       		.uleb128 0xf
 1157 00e1 2E       		.uleb128 0x2e
 1158 00e2 01       		.byte	0x1
 1159 00e3 3F       		.uleb128 0x3f
 1160 00e4 19       		.uleb128 0x19
 1161 00e5 03       		.uleb128 0x3
 1162 00e6 0E       		.uleb128 0xe
 1163 00e7 3A       		.uleb128 0x3a
 1164 00e8 0B       		.uleb128 0xb
 1165 00e9 3B       		.uleb128 0x3b
 1166 00ea 05       		.uleb128 0x5
 1167 00eb 27       		.uleb128 0x27
 1168 00ec 19       		.uleb128 0x19
 1169 00ed 11       		.uleb128 0x11
 1170 00ee 01       		.uleb128 0x1
 1171 00ef 12       		.uleb128 0x12
 1172 00f0 06       		.uleb128 0x6
 1173 00f1 40       		.uleb128 0x40
 1174 00f2 18       		.uleb128 0x18
 1175 00f3 9742     		.uleb128 0x2117
 1176 00f5 19       		.uleb128 0x19
 1177 00f6 01       		.uleb128 0x1
 1178 00f7 13       		.uleb128 0x13
 1179 00f8 00       		.byte	0
 1180 00f9 00       		.byte	0
ARM GAS  C:\Users\smiy200\AppData\Local\Temp\ccyEERMu.s 			page 29


 1181 00fa 10       		.uleb128 0x10
 1182 00fb 05       		.uleb128 0x5
 1183 00fc 00       		.byte	0
 1184 00fd 03       		.uleb128 0x3
 1185 00fe 0E       		.uleb128 0xe
 1186 00ff 3A       		.uleb128 0x3a
 1187 0100 0B       		.uleb128 0xb
 1188 0101 3B       		.uleb128 0x3b
 1189 0102 05       		.uleb128 0x5
 1190 0103 49       		.uleb128 0x49
 1191 0104 13       		.uleb128 0x13
 1192 0105 02       		.uleb128 0x2
 1193 0106 18       		.uleb128 0x18
 1194 0107 00       		.byte	0
 1195 0108 00       		.byte	0
 1196 0109 11       		.uleb128 0x11
 1197 010a 2E       		.uleb128 0x2e
 1198 010b 01       		.byte	0x1
 1199 010c 3F       		.uleb128 0x3f
 1200 010d 19       		.uleb128 0x19
 1201 010e 03       		.uleb128 0x3
 1202 010f 0E       		.uleb128 0xe
 1203 0110 3A       		.uleb128 0x3a
 1204 0111 0B       		.uleb128 0xb
 1205 0112 3B       		.uleb128 0x3b
 1206 0113 05       		.uleb128 0x5
 1207 0114 27       		.uleb128 0x27
 1208 0115 19       		.uleb128 0x19
 1209 0116 49       		.uleb128 0x49
 1210 0117 13       		.uleb128 0x13
 1211 0118 11       		.uleb128 0x11
 1212 0119 01       		.uleb128 0x1
 1213 011a 12       		.uleb128 0x12
 1214 011b 06       		.uleb128 0x6
 1215 011c 40       		.uleb128 0x40
 1216 011d 18       		.uleb128 0x18
 1217 011e 9742     		.uleb128 0x2117
 1218 0120 19       		.uleb128 0x19
 1219 0121 01       		.uleb128 0x1
 1220 0122 13       		.uleb128 0x13
 1221 0123 00       		.byte	0
 1222 0124 00       		.byte	0
 1223 0125 12       		.uleb128 0x12
 1224 0126 34       		.uleb128 0x34
 1225 0127 00       		.byte	0
 1226 0128 03       		.uleb128 0x3
 1227 0129 0E       		.uleb128 0xe
 1228 012a 3A       		.uleb128 0x3a
 1229 012b 0B       		.uleb128 0xb
 1230 012c 3B       		.uleb128 0x3b
 1231 012d 05       		.uleb128 0x5
 1232 012e 49       		.uleb128 0x49
 1233 012f 13       		.uleb128 0x13
 1234 0130 02       		.uleb128 0x2
 1235 0131 18       		.uleb128 0x18
 1236 0132 00       		.byte	0
 1237 0133 00       		.byte	0
ARM GAS  C:\Users\smiy200\AppData\Local\Temp\ccyEERMu.s 			page 30


 1238 0134 13       		.uleb128 0x13
 1239 0135 2E       		.uleb128 0x2e
 1240 0136 00       		.byte	0
 1241 0137 3F       		.uleb128 0x3f
 1242 0138 19       		.uleb128 0x19
 1243 0139 03       		.uleb128 0x3
 1244 013a 0E       		.uleb128 0xe
 1245 013b 3A       		.uleb128 0x3a
 1246 013c 0B       		.uleb128 0xb
 1247 013d 3B       		.uleb128 0x3b
 1248 013e 05       		.uleb128 0x5
 1249 013f 27       		.uleb128 0x27
 1250 0140 19       		.uleb128 0x19
 1251 0141 11       		.uleb128 0x11
 1252 0142 01       		.uleb128 0x1
 1253 0143 12       		.uleb128 0x12
 1254 0144 06       		.uleb128 0x6
 1255 0145 40       		.uleb128 0x40
 1256 0146 18       		.uleb128 0x18
 1257 0147 9742     		.uleb128 0x2117
 1258 0149 19       		.uleb128 0x19
 1259 014a 00       		.byte	0
 1260 014b 00       		.byte	0
 1261 014c 14       		.uleb128 0x14
 1262 014d 2E       		.uleb128 0x2e
 1263 014e 00       		.byte	0
 1264 014f 3F       		.uleb128 0x3f
 1265 0150 19       		.uleb128 0x19
 1266 0151 03       		.uleb128 0x3
 1267 0152 0E       		.uleb128 0xe
 1268 0153 3A       		.uleb128 0x3a
 1269 0154 0B       		.uleb128 0xb
 1270 0155 3B       		.uleb128 0x3b
 1271 0156 05       		.uleb128 0x5
 1272 0157 27       		.uleb128 0x27
 1273 0158 19       		.uleb128 0x19
 1274 0159 49       		.uleb128 0x49
 1275 015a 13       		.uleb128 0x13
 1276 015b 11       		.uleb128 0x11
 1277 015c 01       		.uleb128 0x1
 1278 015d 12       		.uleb128 0x12
 1279 015e 06       		.uleb128 0x6
 1280 015f 40       		.uleb128 0x40
 1281 0160 18       		.uleb128 0x18
 1282 0161 9742     		.uleb128 0x2117
 1283 0163 19       		.uleb128 0x19
 1284 0164 00       		.byte	0
 1285 0165 00       		.byte	0
 1286 0166 15       		.uleb128 0x15
 1287 0167 34       		.uleb128 0x34
 1288 0168 00       		.byte	0
 1289 0169 03       		.uleb128 0x3
 1290 016a 0E       		.uleb128 0xe
 1291 016b 3A       		.uleb128 0x3a
 1292 016c 0B       		.uleb128 0xb
 1293 016d 3B       		.uleb128 0x3b
 1294 016e 05       		.uleb128 0x5
ARM GAS  C:\Users\smiy200\AppData\Local\Temp\ccyEERMu.s 			page 31


 1295 016f 49       		.uleb128 0x49
 1296 0170 13       		.uleb128 0x13
 1297 0171 3F       		.uleb128 0x3f
 1298 0172 19       		.uleb128 0x19
 1299 0173 3C       		.uleb128 0x3c
 1300 0174 19       		.uleb128 0x19
 1301 0175 00       		.byte	0
 1302 0176 00       		.byte	0
 1303 0177 16       		.uleb128 0x16
 1304 0178 01       		.uleb128 0x1
 1305 0179 01       		.byte	0x1
 1306 017a 49       		.uleb128 0x49
 1307 017b 13       		.uleb128 0x13
 1308 017c 01       		.uleb128 0x1
 1309 017d 13       		.uleb128 0x13
 1310 017e 00       		.byte	0
 1311 017f 00       		.byte	0
 1312 0180 17       		.uleb128 0x17
 1313 0181 21       		.uleb128 0x21
 1314 0182 00       		.byte	0
 1315 0183 49       		.uleb128 0x49
 1316 0184 13       		.uleb128 0x13
 1317 0185 2F       		.uleb128 0x2f
 1318 0186 0B       		.uleb128 0xb
 1319 0187 00       		.byte	0
 1320 0188 00       		.byte	0
 1321 0189 18       		.uleb128 0x18
 1322 018a 34       		.uleb128 0x34
 1323 018b 00       		.byte	0
 1324 018c 03       		.uleb128 0x3
 1325 018d 0E       		.uleb128 0xe
 1326 018e 3A       		.uleb128 0x3a
 1327 018f 0B       		.uleb128 0xb
 1328 0190 3B       		.uleb128 0x3b
 1329 0191 0B       		.uleb128 0xb
 1330 0192 49       		.uleb128 0x49
 1331 0193 13       		.uleb128 0x13
 1332 0194 3F       		.uleb128 0x3f
 1333 0195 19       		.uleb128 0x19
 1334 0196 3C       		.uleb128 0x3c
 1335 0197 19       		.uleb128 0x19
 1336 0198 00       		.byte	0
 1337 0199 00       		.byte	0
 1338 019a 00       		.byte	0
 1339              		.section	.debug_aranges,"",%progbits
 1340 0000 7C000000 		.4byte	0x7c
 1341 0004 0200     		.2byte	0x2
 1342 0006 00000000 		.4byte	.Ldebug_info0
 1343 000a 04       		.byte	0x4
 1344 000b 00       		.byte	0
 1345 000c 0000     		.2byte	0
 1346 000e 0000     		.2byte	0
 1347 0010 00000000 		.4byte	.LFB63
 1348 0014 20000000 		.4byte	.LFE63-.LFB63
 1349 0018 00000000 		.4byte	.LFB64
 1350 001c 24000000 		.4byte	.LFE64-.LFB64
 1351 0020 00000000 		.4byte	.LFB65
ARM GAS  C:\Users\smiy200\AppData\Local\Temp\ccyEERMu.s 			page 32


 1352 0024 18000000 		.4byte	.LFE65-.LFB65
 1353 0028 00000000 		.4byte	.LFB66
 1354 002c 98000000 		.4byte	.LFE66-.LFB66
 1355 0030 00000000 		.4byte	.LFB67
 1356 0034 24000000 		.4byte	.LFE67-.LFB67
 1357 0038 00000000 		.4byte	.LFB68
 1358 003c 20000000 		.4byte	.LFE68-.LFB68
 1359 0040 00000000 		.4byte	.LFB69
 1360 0044 24000000 		.4byte	.LFE69-.LFB69
 1361 0048 00000000 		.4byte	.LFB70
 1362 004c 20000000 		.4byte	.LFE70-.LFB70
 1363 0050 00000000 		.4byte	.LFB71
 1364 0054 18000000 		.4byte	.LFE71-.LFB71
 1365 0058 00000000 		.4byte	.LFB72
 1366 005c 24000000 		.4byte	.LFE72-.LFB72
 1367 0060 00000000 		.4byte	.LFB73
 1368 0064 18000000 		.4byte	.LFE73-.LFB73
 1369 0068 00000000 		.4byte	.LFB74
 1370 006c 18000000 		.4byte	.LFE74-.LFB74
 1371 0070 00000000 		.4byte	.LFB75
 1372 0074 18000000 		.4byte	.LFE75-.LFB75
 1373 0078 00000000 		.4byte	0
 1374 007c 00000000 		.4byte	0
 1375              		.section	.debug_ranges,"",%progbits
 1376              	.Ldebug_ranges0:
 1377 0000 00000000 		.4byte	.LFB63
 1378 0004 20000000 		.4byte	.LFE63
 1379 0008 00000000 		.4byte	.LFB64
 1380 000c 24000000 		.4byte	.LFE64
 1381 0010 00000000 		.4byte	.LFB65
 1382 0014 18000000 		.4byte	.LFE65
 1383 0018 00000000 		.4byte	.LFB66
 1384 001c 98000000 		.4byte	.LFE66
 1385 0020 00000000 		.4byte	.LFB67
 1386 0024 24000000 		.4byte	.LFE67
 1387 0028 00000000 		.4byte	.LFB68
 1388 002c 20000000 		.4byte	.LFE68
 1389 0030 00000000 		.4byte	.LFB69
 1390 0034 24000000 		.4byte	.LFE69
 1391 0038 00000000 		.4byte	.LFB70
 1392 003c 20000000 		.4byte	.LFE70
 1393 0040 00000000 		.4byte	.LFB71
 1394 0044 18000000 		.4byte	.LFE71
 1395 0048 00000000 		.4byte	.LFB72
 1396 004c 24000000 		.4byte	.LFE72
 1397 0050 00000000 		.4byte	.LFB73
 1398 0054 18000000 		.4byte	.LFE73
 1399 0058 00000000 		.4byte	.LFB74
 1400 005c 18000000 		.4byte	.LFE74
 1401 0060 00000000 		.4byte	.LFB75
 1402 0064 18000000 		.4byte	.LFE75
 1403 0068 00000000 		.4byte	0
 1404 006c 00000000 		.4byte	0
 1405              		.section	.debug_line,"",%progbits
 1406              	.Ldebug_line0:
 1407 0000 62020000 		.section	.debug_str,"MS",%progbits,1
 1407      02004F01 
ARM GAS  C:\Users\smiy200\AppData\Local\Temp\ccyEERMu.s 			page 33


 1407      00000201 
 1407      FB0E0D00 
 1407      01010101 
 1408              	.LASF20:
 1409 0000 72656733 		.ascii	"reg32\000"
 1409      3200
 1410              	.LASF39:
 1411 0006 64617461 		.ascii	"dataready_flag\000"
 1411      72656164 
 1411      795F666C 
 1411      616700
 1412              	.LASF40:
 1413 0015 474E5520 		.ascii	"GNU C11 5.4.1 20160609 (release) [ARM/embedded-5-br"
 1413      43313120 
 1413      352E342E 
 1413      31203230 
 1413      31363036 
 1414 0048 616E6368 		.ascii	"anch revision 237715] -mcpu=cortex-m3 -mthumb -g -O"
 1414      20726576 
 1414      6973696F 
 1414      6E203233 
 1414      37373135 
 1415 007b 30202D66 		.ascii	"0 -ffunction-sections -ffat-lto-objects\000"
 1415      66756E63 
 1415      74696F6E 
 1415      2D736563 
 1415      74696F6E 
 1416              	.LASF32:
 1417 00a3 6973725F 		.ascii	"isr_eoc_GetPriority\000"
 1417      656F635F 
 1417      47657450 
 1417      72696F72 
 1417      69747900 
 1418              	.LASF12:
 1419 00b7 5F5F696E 		.ascii	"__int32_t\000"
 1419      7433325F 
 1419      7400
 1420              	.LASF41:
 1421 00c1 47656E65 		.ascii	"Generated_Source\\PSoC5\\isr_eoc.c\000"
 1421      72617465 
 1421      645F536F 
 1421      75726365 
 1421      5C50536F 
 1422              	.LASF33:
 1423 00e2 6973725F 		.ascii	"isr_eoc_Enable\000"
 1423      656F635F 
 1423      456E6162 
 1423      6C6500
 1424              	.LASF31:
 1425 00f1 6973725F 		.ascii	"isr_eoc_GetVector\000"
 1425      656F635F 
 1425      47657456 
 1425      6563746F 
 1425      7200
 1426              	.LASF24:
 1427 0103 6973725F 		.ascii	"isr_eoc_Interrupt\000"
 1427      656F635F 
ARM GAS  C:\Users\smiy200\AppData\Local\Temp\ccyEERMu.s 			page 34


 1427      496E7465 
 1427      72727570 
 1427      7400
 1428              	.LASF17:
 1429 0115 666C6F61 		.ascii	"float\000"
 1429      7400
 1430              	.LASF4:
 1431 011b 756E7369 		.ascii	"unsigned char\000"
 1431      676E6564 
 1431      20636861 
 1431      7200
 1432              	.LASF25:
 1433 0129 6973725F 		.ascii	"isr_eoc_StartEx\000"
 1433      656F635F 
 1433      53746172 
 1433      74457800 
 1434              	.LASF19:
 1435 0139 72656738 		.ascii	"reg8\000"
 1435      00
 1436              	.LASF29:
 1437 013e 6973725F 		.ascii	"isr_eoc_SetPriority\000"
 1437      656F635F 
 1437      53657450 
 1437      72696F72 
 1437      69747900 
 1438              	.LASF8:
 1439 0152 6C6F6E67 		.ascii	"long unsigned int\000"
 1439      20756E73 
 1439      69676E65 
 1439      6420696E 
 1439      7400
 1440              	.LASF6:
 1441 0164 73686F72 		.ascii	"short unsigned int\000"
 1441      7420756E 
 1441      7369676E 
 1441      65642069 
 1441      6E7400
 1442              	.LASF37:
 1443 0177 49544D5F 		.ascii	"ITM_RxBuffer\000"
 1443      52784275 
 1443      66666572 
 1443      00
 1444              	.LASF18:
 1445 0184 646F7562 		.ascii	"double\000"
 1445      6C6500
 1446              	.LASF34:
 1447 018b 6973725F 		.ascii	"isr_eoc_Disable\000"
 1447      656F635F 
 1447      44697361 
 1447      626C6500 
 1448              	.LASF42:
 1449 019b 5C5C6669 		.ascii	"\\\\files.auckland.ac.nz\\myhome\\Documents\\GitHub"
 1449      6C65732E 
 1449      6175636B 
 1449      6C616E64 
 1449      2E61632E 
 1450 01c9 5C70726F 		.ascii	"\\project-project_group_11\\COMPSYS 301\\psoc stude"
ARM GAS  C:\Users\smiy200\AppData\Local\Temp\ccyEERMu.s 			page 35


 1450      6A656374 
 1450      2D70726F 
 1450      6A656374 
 1450      5F67726F 
 1451 01f9 6E742070 		.ascii	"nt pack\\psoc student pack\\psoc_code_base\\CS301_C"
 1451      61636B5C 
 1451      70736F63 
 1451      20737475 
 1451      64656E74 
 1452 0229 6C617373 		.ascii	"lass.cydsn\000"
 1452      2E637964 
 1452      736E00
 1453              	.LASF30:
 1454 0234 7072696F 		.ascii	"priority\000"
 1454      72697479 
 1454      00
 1455              	.LASF15:
 1456 023d 75696E74 		.ascii	"uint16\000"
 1456      313600
 1457              	.LASF16:
 1458 0244 75696E74 		.ascii	"uint32\000"
 1458      333200
 1459              	.LASF0:
 1460 024b 756E7369 		.ascii	"unsigned int\000"
 1460      676E6564 
 1460      20696E74 
 1460      00
 1461              	.LASF27:
 1462 0258 61646472 		.ascii	"address\000"
 1462      65737300 
 1463              	.LASF9:
 1464 0260 6C6F6E67 		.ascii	"long long unsigned int\000"
 1464      206C6F6E 
 1464      6720756E 
 1464      7369676E 
 1464      65642069 
 1465              	.LASF21:
 1466 0277 63796973 		.ascii	"cyisraddress\000"
 1466      72616464 
 1466      72657373 
 1466      00
 1467              	.LASF23:
 1468 0284 6973725F 		.ascii	"isr_eoc_Stop\000"
 1468      656F635F 
 1468      53746F70 
 1468      00
 1469              	.LASF13:
 1470 0291 696E7433 		.ascii	"int32_t\000"
 1470      325F7400 
 1471              	.LASF10:
 1472 0299 73697A65 		.ascii	"sizetype\000"
 1472      74797065 
 1472      00
 1473              	.LASF1:
 1474 02a2 6C6F6E67 		.ascii	"long long int\000"
 1474      206C6F6E 
 1474      6720696E 
ARM GAS  C:\Users\smiy200\AppData\Local\Temp\ccyEERMu.s 			page 36


 1474      7400
 1475              	.LASF11:
 1476 02b0 63686172 		.ascii	"char\000"
 1476      00
 1477              	.LASF28:
 1478 02b5 72616D56 		.ascii	"ramVectorTable\000"
 1478      6563746F 
 1478      72546162 
 1478      6C6500
 1479              	.LASF36:
 1480 02c4 6973725F 		.ascii	"isr_eoc_ClearPending\000"
 1480      656F635F 
 1480      436C6561 
 1480      7250656E 
 1480      64696E67 
 1481              	.LASF5:
 1482 02d9 73686F72 		.ascii	"short int\000"
 1482      7420696E 
 1482      7400
 1483              	.LASF14:
 1484 02e3 75696E74 		.ascii	"uint8\000"
 1484      3800
 1485              	.LASF38:
 1486 02e9 61646376 		.ascii	"adcvalue\000"
 1486      616C7565 
 1486      00
 1487              	.LASF26:
 1488 02f2 6973725F 		.ascii	"isr_eoc_SetVector\000"
 1488      656F635F 
 1488      53657456 
 1488      6563746F 
 1488      7200
 1489              	.LASF7:
 1490 0304 6C6F6E67 		.ascii	"long int\000"
 1490      20696E74 
 1490      00
 1491              	.LASF2:
 1492 030d 6C6F6E67 		.ascii	"long double\000"
 1492      20646F75 
 1492      626C6500 
 1493              	.LASF43:
 1494 0319 6973725F 		.ascii	"isr_eoc_GetState\000"
 1494      656F635F 
 1494      47657453 
 1494      74617465 
 1494      00
 1495              	.LASF3:
 1496 032a 7369676E 		.ascii	"signed char\000"
 1496      65642063 
 1496      68617200 
 1497              	.LASF35:
 1498 0336 6973725F 		.ascii	"isr_eoc_SetPending\000"
 1498      656F635F 
 1498      53657450 
 1498      656E6469 
 1498      6E6700
 1499              	.LASF22:
ARM GAS  C:\Users\smiy200\AppData\Local\Temp\ccyEERMu.s 			page 37


 1500 0349 6973725F 		.ascii	"isr_eoc_Start\000"
 1500      656F635F 
 1500      53746172 
 1500      7400
 1501              		.ident	"GCC: (GNU Tools for ARM Embedded Processors) 5.4.1 20160609 (release) [ARM/embedded-5-bran
