ARM GAS  C:\Users\rnat697\AppData\Local\Temp\ccxepvIa.s 			page 1


   1              		.syntax unified
   2              		.cpu cortex-m3
   3              		.fpu softvfp
   4              		.eabi_attribute 20, 1
   5              		.eabi_attribute 21, 1
   6              		.eabi_attribute 23, 3
   7              		.eabi_attribute 24, 1
   8              		.eabi_attribute 25, 1
   9              		.eabi_attribute 26, 1
  10              		.eabi_attribute 30, 6
  11              		.eabi_attribute 34, 1
  12              		.eabi_attribute 18, 4
  13              		.thumb
  14              		.syntax unified
  15              		.file	"main.c"
  16              		.text
  17              	.Ltext0:
  18              		.cfi_sections	.debug_frame
  19              		.global	ts
  20              		.bss
  21              		.type	ts, %object
  22              		.size	ts, 1
  23              	ts:
  24 0000 00       		.space	1
  25              		.global	ts_enc
  26 0001 00       		.align	1
  27              		.type	ts_enc, %object
  28              		.size	ts_enc, 2
  29              	ts_enc:
  30 0002 0000     		.space	2
  31              		.global	ts_update
  32              		.align	1
  33              		.type	ts_update, %object
  34              		.size	ts_update, 2
  35              	ts_update:
  36 0004 0000     		.space	2
  37              		.global	ts_speed
  38              		.align	1
  39              		.type	ts_speed, %object
  40              		.size	ts_speed, 2
  41              	ts_speed:
  42 0006 0000     		.space	2
  43              		.global	ts_display
  44              		.align	1
  45              		.type	ts_display, %object
  46              		.size	ts_display, 2
  47              	ts_display:
  48 0008 0000     		.space	2
  49              		.global	flag_ts_enc
  50              		.type	flag_ts_enc, %object
  51              		.size	flag_ts_enc, 1
  52              	flag_ts_enc:
  53 000a 00       		.space	1
  54              		.global	flag_ts_update
  55              		.type	flag_ts_update, %object
  56              		.size	flag_ts_update, 1
  57              	flag_ts_update:
ARM GAS  C:\Users\rnat697\AppData\Local\Temp\ccxepvIa.s 			page 2


  58 000b 00       		.space	1
  59              		.global	flag_ts_speed
  60              		.type	flag_ts_speed, %object
  61              		.size	flag_ts_speed, 1
  62              	flag_ts_speed:
  63 000c 00       		.space	1
  64              		.global	flag_ts_display
  65              		.type	flag_ts_display, %object
  66              		.size	flag_ts_display, 1
  67              	flag_ts_display:
  68 000d 00       		.space	1
  69              		.global	flag_rx
  70              		.type	flag_rx, %object
  71              		.size	flag_rx, 1
  72              	flag_rx:
  73 000e 00       		.space	1
  74              		.global	flag_packet
  75              		.type	flag_packet, %object
  76              		.size	flag_packet, 1
  77              	flag_packet:
  78 000f 00       		.space	1
  79              		.global	flag_KB_string
  80              		.type	flag_KB_string, %object
  81              		.size	flag_KB_string, 1
  82              	flag_KB_string:
  83 0010 00       		.space	1
  84              		.global	dataready_flag
  85              		.type	dataready_flag, %object
  86              		.size	dataready_flag, 1
  87              	dataready_flag:
  88 0011 00       		.space	1
  89              		.global	flag_rf_transmission_active
  90              		.data
  91              		.type	flag_rf_transmission_active, %object
  92              		.size	flag_rf_transmission_active, 1
  93              	flag_rf_transmission_active:
  94 0000 0A       		.byte	10
  95              		.global	displaystring
  96 0001 000000   		.align	2
  97              		.type	displaystring, %object
  98              		.size	displaystring, 64
  99              	displaystring:
 100 0004 43533330 		.ascii	"CS301 2016\012\000"
 100      31203230 
 100      31360A00 
 101 0010 00000000 		.space	52
 101      00000000 
 101      00000000 
 101      00000000 
 101      00000000 
 102              		.comm	line,64,4
 103              		.comm	entry,64,4
 104              		.comm	usbBuffer,64,4
 105              		.comm	system_state,32,4
 106              		.section	.text.isr_eoc_Interrupt_test,"ax",%progbits
 107              		.align	2
 108              		.global	isr_eoc_Interrupt_test
ARM GAS  C:\Users\rnat697\AppData\Local\Temp\ccxepvIa.s 			page 3


 109              		.thumb
 110              		.thumb_func
 111              		.type	isr_eoc_Interrupt_test, %function
 112              	isr_eoc_Interrupt_test:
 113              	.LFB64:
 114              		.file 1 "main.c"
   1:main.c        **** /* ========================================
   2:main.c        ****  * Fully working code: 
   3:main.c        ****  * PWM      : 
   4:main.c        ****  * Encoder  : 
   5:main.c        ****  * ADC      :
   6:main.c        ****  * USB      : port displays speed and position.
   7:main.c        ****  * CMD: "PW xx"
   8:main.c        ****  * Copyright Univ of Auckland, 2016
   9:main.c        ****  * All Rights Reserved
  10:main.c        ****  * UNPUBLISHED, LICENSED SOFTWARE.
  11:main.c        ****  *
  12:main.c        ****  * CONFIDENTIAL AND PROPRIETARY INFORMATION
  13:main.c        ****  * WHICH IS THE PROPERTY OF Univ of Auckland.
  14:main.c        ****  *
  15:main.c        ****  * ========================================
  16:main.c        **** */
  17:main.c        **** #include <stdio.h>
  18:main.c        **** #include <string.h>
  19:main.c        **** #include <stdlib.h>
  20:main.c        **** #include <project.h>
  21:main.c        **** //* ========================================
  22:main.c        **** #include "defines.h"
  23:main.c        **** #include "vars.h"
  24:main.c        **** #include "isr_eoc.h"
  25:main.c        **** //* ========================================
  26:main.c        **** void usbPutString(char *s);
  27:main.c        **** void usbPutChar(char c);
  28:main.c        **** void handle_usb();
  29:main.c        **** //* ========================================
  30:main.c        **** 
  31:main.c        **** CY_ISR_PROTO(isr_eoc_Interrupt_test);
  32:main.c        **** CY_ISR_PROTO(isr_motor_interrupt_speed);
  33:main.c        **** 
  34:main.c        **** CY_ISR(isr_eoc_Interrupt_test)
  35:main.c        **** {
 115              		.loc 1 35 0
 116              		.cfi_startproc
 117              		@ args = 0, pretend = 0, frame = 8
 118              		@ frame_needed = 1, uses_anonymous_args = 0
 119 0000 80B5     		push	{r7, lr}
 120              		.cfi_def_cfa_offset 8
 121              		.cfi_offset 7, -8
 122              		.cfi_offset 14, -4
 123 0002 82B0     		sub	sp, sp, #8
 124              		.cfi_def_cfa_offset 16
 125 0004 00AF     		add	r7, sp, #0
 126              		.cfi_def_cfa_register 7
  36:main.c        ****     #ifdef isr_test_INTERRUPT_INTERRUPT_CALLBACK
  37:main.c        ****         isr_TS_Interrupt_InterruptCallback();
  38:main.c        ****     #endif /* isr_eoc_INTERRUPT_INTERRUPT_CALLBACK */ 
  39:main.c        **** 
ARM GAS  C:\Users\rnat697\AppData\Local\Temp\ccxepvIa.s 			page 4


  40:main.c        ****     /*  Place your Interrupt code here. */
  41:main.c        ****     /* `#START isr_eoc_Interrupt` */
  42:main.c        ****     int8 channel = 0; // connect filter output to pin 0.5 for channel 0 
 127              		.loc 1 42 0
 128 0006 0023     		movs	r3, #0
 129 0008 FB71     		strb	r3, [r7, #7]
  43:main.c        ****     uint16 value =  ADC_GetResult16(channel);
 130              		.loc 1 43 0
 131 000a 97F90730 		ldrsb	r3, [r7, #7]
 132 000e 9BB2     		uxth	r3, r3
 133 0010 1846     		mov	r0, r3
 134 0012 FFF7FEFF 		bl	ADC_GetResult16
 135 0016 0346     		mov	r3, r0
 136 0018 BB80     		strh	r3, [r7, #4]	@ movhi
  44:main.c        ****     // get value from ADC then convert to DAC to send to external LEDs
  45:main.c        ****     if (value >= 2457) // why      4095 /5v,4095 = x / voltage we want .       4095 from (2^12-1)  
 137              		.loc 1 45 0
 138 001a BB88     		ldrh	r3, [r7, #4]
 139 001c 40F69812 		movw	r2, #2456
 140 0020 9342     		cmp	r3, r2
 141 0022 09D9     		bls	.L2
  46:main.c        ****     {
  47:main.c        ****         LED_Write(1);
 142              		.loc 1 47 0
 143 0024 0120     		movs	r0, #1
 144 0026 FFF7FEFF 		bl	LED_Write
  48:main.c        ****     
  49:main.c        ****         blue_Write(1); //red
 145              		.loc 1 49 0
 146 002a 0120     		movs	r0, #1
 147 002c FFF7FEFF 		bl	blue_Write
  50:main.c        ****         rED_Write(0); //blue -.-
 148              		.loc 1 50 0
 149 0030 0020     		movs	r0, #0
 150 0032 FFF7FEFF 		bl	rED_Write
  51:main.c        ****     
  52:main.c        ****     }
  53:main.c        ****     
  54:main.c        ****     else{
  55:main.c        ****         LED_Write(0);
  56:main.c        ****         blue_Write(0);
  57:main.c        ****         rED_Write(1);
  58:main.c        ****     }
  59:main.c        ****     /* `#END` */
  60:main.c        **** }
 151              		.loc 1 60 0
 152 0036 08E0     		b	.L4
 153              	.L2:
  55:main.c        ****         blue_Write(0);
 154              		.loc 1 55 0
 155 0038 0020     		movs	r0, #0
 156 003a FFF7FEFF 		bl	LED_Write
  56:main.c        ****         rED_Write(1);
 157              		.loc 1 56 0
 158 003e 0020     		movs	r0, #0
 159 0040 FFF7FEFF 		bl	blue_Write
  57:main.c        ****     }
ARM GAS  C:\Users\rnat697\AppData\Local\Temp\ccxepvIa.s 			page 5


 160              		.loc 1 57 0
 161 0044 0120     		movs	r0, #1
 162 0046 FFF7FEFF 		bl	rED_Write
 163              	.L4:
 164              		.loc 1 60 0
 165 004a 00BF     		nop
 166 004c 0837     		adds	r7, r7, #8
 167              		.cfi_def_cfa_offset 8
 168 004e BD46     		mov	sp, r7
 169              		.cfi_def_cfa_register 13
 170              		@ sp needed
 171 0050 80BD     		pop	{r7, pc}
 172              		.cfi_endproc
 173              	.LFE64:
 174              		.size	isr_eoc_Interrupt_test, .-isr_eoc_Interrupt_test
 175 0052 00BF     		.section	.text.motorGoStraight,"ax",%progbits
 176              		.align	2
 177              		.global	motorGoStraight
 178              		.thumb
 179              		.thumb_func
 180              		.type	motorGoStraight, %function
 181              	motorGoStraight:
 182              	.LFB65:
  61:main.c        **** void motorGoStraight(){
 183              		.loc 1 61 0
 184              		.cfi_startproc
 185              		@ args = 0, pretend = 0, frame = 0
 186              		@ frame_needed = 1, uses_anonymous_args = 0
 187 0000 80B5     		push	{r7, lr}
 188              		.cfi_def_cfa_offset 8
 189              		.cfi_offset 7, -8
 190              		.cfi_offset 14, -4
 191 0002 00AF     		add	r7, sp, #0
 192              		.cfi_def_cfa_register 7
  62:main.c        ****     ////PWM_1_WriteCompare(150); // left wheel near power switch is stronker than right wheel //150
  63:main.c        ****     //M1_IN2_Write(0);
  64:main.c        ****     PWM_1_WriteCompare(200);
 193              		.loc 1 64 0
 194 0004 C820     		movs	r0, #200
 195 0006 FFF7FEFF 		bl	PWM_1_WriteCompare
  65:main.c        ****     PWM_2_WriteCompare(200); // increase the PWM by 7 or 8 for it to be able to go straight //157 /
 196              		.loc 1 65 0
 197 000a C820     		movs	r0, #200
 198 000c FFF7FEFF 		bl	PWM_2_WriteCompare
  66:main.c        **** }
 199              		.loc 1 66 0
 200 0010 00BF     		nop
 201 0012 80BD     		pop	{r7, pc}
 202              		.cfi_endproc
 203              	.LFE65:
 204              		.size	motorGoStraight, .-motorGoStraight
 205              		.section	.text.motorGoBackwards,"ax",%progbits
 206              		.align	2
 207              		.global	motorGoBackwards
 208              		.thumb
 209              		.thumb_func
 210              		.type	motorGoBackwards, %function
ARM GAS  C:\Users\rnat697\AppData\Local\Temp\ccxepvIa.s 			page 6


 211              	motorGoBackwards:
 212              	.LFB66:
  67:main.c        **** void motorGoBackwards(){
 213              		.loc 1 67 0
 214              		.cfi_startproc
 215              		@ args = 0, pretend = 0, frame = 0
 216              		@ frame_needed = 1, uses_anonymous_args = 0
 217 0000 80B5     		push	{r7, lr}
 218              		.cfi_def_cfa_offset 8
 219              		.cfi_offset 7, -8
 220              		.cfi_offset 14, -4
 221 0002 00AF     		add	r7, sp, #0
 222              		.cfi_def_cfa_register 7
  68:main.c        ****     ////PWM_1_WriteCompare(150); // left wheel near power switch is stronker than right wheel //150
  69:main.c        ****     //M1_IN2_Write(0);
  70:main.c        ****     PWM_1_WriteCompare(50);
 223              		.loc 1 70 0
 224 0004 3220     		movs	r0, #50
 225 0006 FFF7FEFF 		bl	PWM_1_WriteCompare
  71:main.c        ****     PWM_2_WriteCompare(50); // increase the PWM by 7 or 8 for it to be able to go straight //157 //
 226              		.loc 1 71 0
 227 000a 3220     		movs	r0, #50
 228 000c FFF7FEFF 		bl	PWM_2_WriteCompare
  72:main.c        **** }
 229              		.loc 1 72 0
 230 0010 00BF     		nop
 231 0012 80BD     		pop	{r7, pc}
 232              		.cfi_endproc
 233              	.LFE66:
 234              		.size	motorGoBackwards, .-motorGoBackwards
 235              		.section	.text.motorStop,"ax",%progbits
 236              		.align	2
 237              		.global	motorStop
 238              		.thumb
 239              		.thumb_func
 240              		.type	motorStop, %function
 241              	motorStop:
 242              	.LFB67:
  73:main.c        **** void motorStop(){
 243              		.loc 1 73 0
 244              		.cfi_startproc
 245              		@ args = 0, pretend = 0, frame = 0
 246              		@ frame_needed = 1, uses_anonymous_args = 0
 247 0000 80B5     		push	{r7, lr}
 248              		.cfi_def_cfa_offset 8
 249              		.cfi_offset 7, -8
 250              		.cfi_offset 14, -4
 251 0002 00AF     		add	r7, sp, #0
 252              		.cfi_def_cfa_register 7
  74:main.c        ****     PWM_1_WriteCompare(128); // left wheel near power switch is stronker than right wheel
 253              		.loc 1 74 0
 254 0004 8020     		movs	r0, #128
 255 0006 FFF7FEFF 		bl	PWM_1_WriteCompare
  75:main.c        ****     PWM_2_WriteCompare(128);
 256              		.loc 1 75 0
 257 000a 8020     		movs	r0, #128
 258 000c FFF7FEFF 		bl	PWM_2_WriteCompare
ARM GAS  C:\Users\rnat697\AppData\Local\Temp\ccxepvIa.s 			page 7


  76:main.c        **** }
 259              		.loc 1 76 0
 260 0010 00BF     		nop
 261 0012 80BD     		pop	{r7, pc}
 262              		.cfi_endproc
 263              	.LFE67:
 264              		.size	motorStop, .-motorStop
 265              		.section	.text.motorTurnLeft,"ax",%progbits
 266              		.align	2
 267              		.global	motorTurnLeft
 268              		.thumb
 269              		.thumb_func
 270              		.type	motorTurnLeft, %function
 271              	motorTurnLeft:
 272              	.LFB68:
  77:main.c        **** 
  78:main.c        **** void motorTurnLeft(){
 273              		.loc 1 78 0
 274              		.cfi_startproc
 275              		@ args = 0, pretend = 0, frame = 0
 276              		@ frame_needed = 1, uses_anonymous_args = 0
 277              		@ link register save eliminated.
 278 0000 80B4     		push	{r7}
 279              		.cfi_def_cfa_offset 4
 280              		.cfi_offset 7, -4
 281 0002 00AF     		add	r7, sp, #0
 282              		.cfi_def_cfa_register 7
  79:main.c        ****     // TO DO
  80:main.c        **** }
 283              		.loc 1 80 0
 284 0004 00BF     		nop
 285 0006 BD46     		mov	sp, r7
 286              		.cfi_def_cfa_register 13
 287              		@ sp needed
 288 0008 80BC     		pop	{r7}
 289              		.cfi_restore 7
 290              		.cfi_def_cfa_offset 0
 291 000a 7047     		bx	lr
 292              		.cfi_endproc
 293              	.LFE68:
 294              		.size	motorTurnLeft, .-motorTurnLeft
 295              		.section	.text.motorTurnRight,"ax",%progbits
 296              		.align	2
 297              		.global	motorTurnRight
 298              		.thumb
 299              		.thumb_func
 300              		.type	motorTurnRight, %function
 301              	motorTurnRight:
 302              	.LFB69:
  81:main.c        **** 
  82:main.c        **** void motorTurnRight(){
 303              		.loc 1 82 0
 304              		.cfi_startproc
 305              		@ args = 0, pretend = 0, frame = 0
 306              		@ frame_needed = 1, uses_anonymous_args = 0
 307              		@ link register save eliminated.
 308 0000 80B4     		push	{r7}
ARM GAS  C:\Users\rnat697\AppData\Local\Temp\ccxepvIa.s 			page 8


 309              		.cfi_def_cfa_offset 4
 310              		.cfi_offset 7, -4
 311 0002 00AF     		add	r7, sp, #0
 312              		.cfi_def_cfa_register 7
  83:main.c        ****     // TO DO
  84:main.c        ****    
  85:main.c        **** }
 313              		.loc 1 85 0
 314 0004 00BF     		nop
 315 0006 BD46     		mov	sp, r7
 316              		.cfi_def_cfa_register 13
 317              		@ sp needed
 318 0008 80BC     		pop	{r7}
 319              		.cfi_restore 7
 320              		.cfi_def_cfa_offset 0
 321 000a 7047     		bx	lr
 322              		.cfi_endproc
 323              	.LFE69:
 324              		.size	motorTurnRight, .-motorTurnRight
 325              		.section	.text.motorUTurn,"ax",%progbits
 326              		.align	2
 327              		.global	motorUTurn
 328              		.thumb
 329              		.thumb_func
 330              		.type	motorUTurn, %function
 331              	motorUTurn:
 332              	.LFB70:
  86:main.c        **** 
  87:main.c        **** void motorUTurn(){
 333              		.loc 1 87 0
 334              		.cfi_startproc
 335              		@ args = 0, pretend = 0, frame = 0
 336              		@ frame_needed = 1, uses_anonymous_args = 0
 337              		@ link register save eliminated.
 338 0000 80B4     		push	{r7}
 339              		.cfi_def_cfa_offset 4
 340              		.cfi_offset 7, -4
 341 0002 00AF     		add	r7, sp, #0
 342              		.cfi_def_cfa_register 7
  88:main.c        ****     // TO DO
  89:main.c        **** }
 343              		.loc 1 89 0
 344 0004 00BF     		nop
 345 0006 BD46     		mov	sp, r7
 346              		.cfi_def_cfa_register 13
 347              		@ sp needed
 348 0008 80BC     		pop	{r7}
 349              		.cfi_restore 7
 350              		.cfi_def_cfa_offset 0
 351 000a 7047     		bx	lr
 352              		.cfi_endproc
 353              	.LFE70:
 354              		.size	motorUTurn, .-motorUTurn
 355              		.bss
 356              	count:
 357 0012 00       		.space	1
 358              		.section	.text.isr_motor_interrupt_speed,"ax",%progbits
ARM GAS  C:\Users\rnat697\AppData\Local\Temp\ccxepvIa.s 			page 9


 359              		.align	2
 360              		.global	isr_motor_interrupt_speed
 361              		.thumb
 362              		.thumb_func
 363              		.type	isr_motor_interrupt_speed, %function
 364              	isr_motor_interrupt_speed:
 365              	.LFB71:
  90:main.c        **** // NEED TO INCREASE/DECREASE SPEED TOO
  91:main.c        **** // AND IMPLEMENT LIGHT SENSOR THINGS
  92:main.c        **** volatile static int8 count;
  93:main.c        **** CY_ISR(isr_motor_interrupt_speed)
  94:main.c        **** {
 366              		.loc 1 94 0
 367              		.cfi_startproc
 368              		@ args = 0, pretend = 0, frame = 0
 369              		@ frame_needed = 1, uses_anonymous_args = 0
 370              		@ link register save eliminated.
 371 0000 80B4     		push	{r7}
 372              		.cfi_def_cfa_offset 4
 373              		.cfi_offset 7, -4
 374 0002 00AF     		add	r7, sp, #0
 375              		.cfi_def_cfa_register 7
  95:main.c        ****     #ifdef isr_motor_INTERRUPT_INTERRUPT_CALLBACK
  96:main.c        ****         isr_motor_Interrupt_InterruptCallback();
  97:main.c        ****     #endif /* isr_motor_INTERRUPT_INTERRUPT_CALLBACK */ 
  98:main.c        **** 
  99:main.c        ****     /*  Place your Interrupt code here. */
 100:main.c        ****     /* `#START isr_motor_Interrupt` */
 101:main.c        ****       /*int16 currCountMotor2 = QuadDec_M2_GetCounter();
 102:main.c        ****       int16 currCountMotor1 = QuadDec_M1_GetCounter();  
 103:main.c        ****       
 104:main.c        ****      speedMotor1 = (currCountMotor1 - prevcountMotor1) / 0.2;
 105:main.c        ****      speedMotor2 = (currCountMotor2 - prevcountMotor2) / 0.2;
 106:main.c        ****     
 107:main.c        ****       prevcountMotor1 = currCountMotor1;
 108:main.c        ****       prevcountMotor2 = currCountMotor2;*/
 109:main.c        ****     
 110:main.c        ****     /* `#END` */
 111:main.c        **** }
 376              		.loc 1 111 0
 377 0004 00BF     		nop
 378 0006 BD46     		mov	sp, r7
 379              		.cfi_def_cfa_register 13
 380              		@ sp needed
 381 0008 80BC     		pop	{r7}
 382              		.cfi_restore 7
 383              		.cfi_def_cfa_offset 0
 384 000a 7047     		bx	lr
 385              		.cfi_endproc
 386              	.LFE71:
 387              		.size	isr_motor_interrupt_speed, .-isr_motor_interrupt_speed
 388              		.section	.rodata
 389              		.align	2
 390              	.LC0:
 391 0000 4D6F746F 		.ascii	"Motor 1 - start count: %d, end count: %d \012\000"
 391      72203120 
 391      2D207374 
ARM GAS  C:\Users\rnat697\AppData\Local\Temp\ccxepvIa.s 			page 10


 391      61727420 
 391      636F756E 
 392 002b 00       		.align	2
 393              	.LC1:
 394 002c 4D6F746F 		.ascii	"Motor 2 - start count: %d, end count: %d \012\000"
 394      72203220 
 394      2D207374 
 394      61727420 
 394      636F756E 
 395              		.section	.text.main,"ax",%progbits
 396              		.align	2
 397              		.global	main
 398              		.thumb
 399              		.thumb_func
 400              		.type	main, %function
 401              	main:
 402              	.LFB72:
 112:main.c        **** 
 113:main.c        **** int main()
 114:main.c        **** {
 403              		.loc 1 114 0
 404              		.cfi_startproc
 405              		@ args = 0, pretend = 0, frame = 20008
 406              		@ frame_needed = 1, uses_anonymous_args = 0
 407 0000 80B5     		push	{r7, lr}
 408              		.cfi_def_cfa_offset 8
 409              		.cfi_offset 7, -8
 410              		.cfi_offset 14, -4
 411 0002 ADF59C4D 		sub	sp, sp, #19968
 412              		.cfi_def_cfa_offset 19976
 413 0006 8AB0     		sub	sp, sp, #40
 414              		.cfi_def_cfa_offset 20016
 415 0008 00AF     		add	r7, sp, #0
 416              		.cfi_def_cfa_register 7
 115:main.c        ****     
 116:main.c        **** 
 117:main.c        **** // --------------------------------    
 118:main.c        **** // ----- INITIALIZATIONS ----------
 119:main.c        ****     CYGlobalIntEnable;
 417              		.loc 1 119 0
 418              		.syntax unified
 419              	@ 119 "main.c" 1
 420 000a 62B6     		CPSIE   i
 421              	@ 0 "" 2
 120:main.c        ****     count  = 0;
 422              		.loc 1 120 0
 423              		.thumb
 424              		.syntax unified
 425 000c 3D4B     		ldr	r3, .L14
 426 000e 0022     		movs	r2, #0
 427 0010 1A70     		strb	r2, [r3]
 121:main.c        ****     Timer_TS_Start();
 428              		.loc 1 121 0
 429 0012 FFF7FEFF 		bl	Timer_TS_Start
 122:main.c        ****     Timer_Motor_Start();
 430              		.loc 1 122 0
 431 0016 FFF7FEFF 		bl	Timer_Motor_Start
ARM GAS  C:\Users\rnat697\AppData\Local\Temp\ccxepvIa.s 			page 11


 123:main.c        ****     //isr_motor_StartEx(isr_motor_interrupt_speed);
 124:main.c        ****     //isr_eoc_StartEx(isr_eoc_Interrupt_test);
 125:main.c        ****     ADC_Start();
 432              		.loc 1 125 0
 433 001a FFF7FEFF 		bl	ADC_Start
 126:main.c        ****     ADC_StartConvert();
 434              		.loc 1 126 0
 435 001e FFF7FEFF 		bl	ADC_StartConvert
 127:main.c        ****     QuadDec_M1_Start();
 436              		.loc 1 127 0
 437 0022 FFF7FEFF 		bl	QuadDec_M1_Start
 128:main.c        ****     QuadDec_M2_Start();
 438              		.loc 1 128 0
 439 0026 FFF7FEFF 		bl	QuadDec_M2_Start
 129:main.c        ****     PWM_1_Start();
 440              		.loc 1 129 0
 441 002a FFF7FEFF 		bl	PWM_1_Start
 130:main.c        ****     PWM_2_Start();
 442              		.loc 1 130 0
 443 002e FFF7FEFF 		bl	PWM_2_Start
 131:main.c        ****     motorGoStraight();
 444              		.loc 1 131 0
 445 0032 FFF7FEFF 		bl	motorGoStraight
 132:main.c        ****     
 133:main.c        ****     LED_Write(0);
 446              		.loc 1 133 0
 447 0036 0020     		movs	r0, #0
 448 0038 FFF7FEFF 		bl	LED_Write
 134:main.c        ****     //VDAC8_1_Start();
 135:main.c        ****     
 136:main.c        ****    //  PWM1_CMp = 127
 137:main.c        ****     // in  = 1;
 138:main.c        ****     
 139:main.c        ****     
 140:main.c        ****     // Motor PWM
 141:main.c        ****     //QuadDec_M2_SetCounter(0);
 142:main.c        ****     //QuadDec_M1_SetCounter(0);
 143:main.c        ****      CyDelay(2000); // so we have time to set the robot up
 449              		.loc 1 143 0
 450 003c 4FF4FA60 		mov	r0, #2000
 451 0040 FFF7FEFF 		bl	CyDelay
 144:main.c        **** 
 145:main.c        ****     motorGoBackwards();
 452              		.loc 1 145 0
 453 0044 FFF7FEFF 		bl	motorGoBackwards
 146:main.c        ****     int16 beginningCountMotor1 = 0;
 454              		.loc 1 146 0
 455 0048 0023     		movs	r3, #0
 456 004a 07F59C42 		add	r2, r7, #19968
 457 004e 02F12602 		add	r2, r2, #38
 458 0052 1380     		strh	r3, [r2]	@ movhi
 147:main.c        ****     int16 beginningCountMotor2 = 0;
 459              		.loc 1 147 0
 460 0054 0023     		movs	r3, #0
 461 0056 07F59C42 		add	r2, r7, #19968
 462 005a 02F12402 		add	r2, r2, #36
 463 005e 1380     		strh	r3, [r2]	@ movhi
ARM GAS  C:\Users\rnat697\AppData\Local\Temp\ccxepvIa.s 			page 12


 148:main.c        ****     
 149:main.c        ****     CyDelay(2000);
 464              		.loc 1 149 0
 465 0060 4FF4FA60 		mov	r0, #2000
 466 0064 FFF7FEFF 		bl	CyDelay
 150:main.c        ****  
 151:main.c        ****     motorStop();
 467              		.loc 1 151 0
 468 0068 FFF7FEFF 		bl	motorStop
 152:main.c        ****     int16 endCountMotor2 = QuadDec_M2_GetCounter();
 469              		.loc 1 152 0
 470 006c FFF7FEFF 		bl	QuadDec_M2_GetCounter
 471 0070 0346     		mov	r3, r0
 472 0072 07F59C42 		add	r2, r7, #19968
 473 0076 02F12202 		add	r2, r2, #34
 474 007a 1380     		strh	r3, [r2]	@ movhi
 153:main.c        ****     int16 endCountMotor1 = QuadDec_M1_GetCounter();
 475              		.loc 1 153 0
 476 007c FFF7FEFF 		bl	QuadDec_M1_GetCounter
 477 0080 0346     		mov	r3, r0
 478 0082 07F59C42 		add	r2, r7, #19968
 479 0086 02F12002 		add	r2, r2, #32
 480 008a 1380     		strh	r3, [r2]	@ movhi
 154:main.c        ****     char motor1String[10000]; 
 155:main.c        ****     sprintf(motor1String,"Motor 1 - start count: %d, end count: %d \n", beginningCountMotor1, endCo
 481              		.loc 1 155 0
 482 008c 07F59C43 		add	r3, r7, #19968
 483 0090 03F12603 		add	r3, r3, #38
 484 0094 B3F90020 		ldrsh	r2, [r3]
 485 0098 07F59C43 		add	r3, r7, #19968
 486 009c 03F12003 		add	r3, r3, #32
 487 00a0 B3F90030 		ldrsh	r3, [r3]
 488 00a4 07F51C50 		add	r0, r7, #9984
 489 00a8 00F12800 		add	r0, r0, #40
 490 00ac 1838     		subs	r0, r0, #24
 491 00ae 1649     		ldr	r1, .L14+4
 492 00b0 FFF7FEFF 		bl	sprintf
 156:main.c        ****     char motor2String[10000];
 157:main.c        ****     sprintf(motor2String,"Motor 2 - start count: %d, end count: %d \n", beginningCountMotor2 , endC
 493              		.loc 1 157 0
 494 00b4 07F59C43 		add	r3, r7, #19968
 495 00b8 03F12403 		add	r3, r3, #36
 496 00bc B3F90020 		ldrsh	r2, [r3]
 497 00c0 07F59C43 		add	r3, r7, #19968
 498 00c4 03F12203 		add	r3, r3, #34
 499 00c8 B3F90030 		ldrsh	r3, [r3]
 500 00cc 07F12800 		add	r0, r7, #40
 501 00d0 2838     		subs	r0, r0, #40
 502 00d2 0E49     		ldr	r1, .L14+8
 503 00d4 FFF7FEFF 		bl	sprintf
 158:main.c        ****     
 159:main.c        **** 
 160:main.c        ****     
 161:main.c        **** 
 162:main.c        ****     
 163:main.c        **** // ------USB SETUP ----------------    
 164:main.c        **** #ifdef USE_USB    
ARM GAS  C:\Users\rnat697\AppData\Local\Temp\ccxepvIa.s 			page 13


 165:main.c        ****     USBUART_Start(0,USBUART_5V_OPERATION);
 504              		.loc 1 165 0
 505 00d8 0121     		movs	r1, #1
 506 00da 0020     		movs	r0, #0
 507 00dc FFF7FEFF 		bl	USBUART_Start
 166:main.c        **** #endif        
 167:main.c        ****         
 168:main.c        ****     RF_BT_SELECT_Write(0);
 508              		.loc 1 168 0
 509 00e0 0020     		movs	r0, #0
 510 00e2 FFF7FEFF 		bl	RF_BT_SELECT_Write
 169:main.c        ****     
 170:main.c        ****     usbPutString(motor1String);
 511              		.loc 1 170 0
 512 00e6 07F51C53 		add	r3, r7, #9984
 513 00ea 03F12803 		add	r3, r3, #40
 514 00ee 183B     		subs	r3, r3, #24
 515 00f0 1846     		mov	r0, r3
 516 00f2 FFF7FEFF 		bl	usbPutString
 171:main.c        ****     usbPutString(motor2String);
 517              		.loc 1 171 0
 518 00f6 07F12803 		add	r3, r7, #40
 519 00fa 283B     		subs	r3, r3, #40
 520 00fc 1846     		mov	r0, r3
 521 00fe FFF7FEFF 		bl	usbPutString
 522              	.L13:
 172:main.c        ****     //usbPutString(displaystring);
 173:main.c        ****     for(;;)
 174:main.c        ****     {
 175:main.c        ****         /* Place your application code here. */
 176:main.c        ****         /*handle_usb();
 177:main.c        ****         if (flag_KB_string == 1)
 178:main.c        ****         {
 179:main.c        ****             usbPutString(line);
 180:main.c        ****             flag_KB_string = 0;
 181:main.c        ****         }  */
 182:main.c        ****         
 183:main.c        **** 
 184:main.c        ****         
 185:main.c        ****         
 186:main.c        ****     }   
 523              		.loc 1 186 0 discriminator 1
 524 0102 FEE7     		b	.L13
 525              	.L15:
 526              		.align	2
 527              	.L14:
 528 0104 12000000 		.word	count
 529 0108 00000000 		.word	.LC0
 530 010c 2C000000 		.word	.LC1
 531              		.cfi_endproc
 532              	.LFE72:
 533              		.size	main, .-main
 534              		.section	.text.usbPutString,"ax",%progbits
 535              		.align	2
 536              		.global	usbPutString
 537              		.thumb
 538              		.thumb_func
ARM GAS  C:\Users\rnat697\AppData\Local\Temp\ccxepvIa.s 			page 14


 539              		.type	usbPutString, %function
 540              	usbPutString:
 541              	.LFB73:
 187:main.c        **** }
 188:main.c        **** //* ========================================
 189:main.c        **** void usbPutString(char *s)
 190:main.c        **** {
 542              		.loc 1 190 0
 543              		.cfi_startproc
 544              		@ args = 0, pretend = 0, frame = 8
 545              		@ frame_needed = 1, uses_anonymous_args = 0
 546 0000 80B5     		push	{r7, lr}
 547              		.cfi_def_cfa_offset 8
 548              		.cfi_offset 7, -8
 549              		.cfi_offset 14, -4
 550 0002 82B0     		sub	sp, sp, #8
 551              		.cfi_def_cfa_offset 16
 552 0004 00AF     		add	r7, sp, #0
 553              		.cfi_def_cfa_register 7
 554 0006 7860     		str	r0, [r7, #4]
 191:main.c        **** // !! Assumes that *s is a string with allocated space >=64 chars     
 192:main.c        **** //  Since USB implementation retricts data packets to 64 chars, this function truncates the
 193:main.c        **** //  length to 62 char (63rd char is a '!')
 194:main.c        **** 
 195:main.c        **** #ifdef USE_USB     
 196:main.c        ****     while (USBUART_CDCIsReady() == 0);
 555              		.loc 1 196 0
 556 0008 00BF     		nop
 557              	.L17:
 558              		.loc 1 196 0 is_stmt 0 discriminator 1
 559 000a FFF7FEFF 		bl	USBUART_CDCIsReady
 560 000e 0346     		mov	r3, r0
 561 0010 002B     		cmp	r3, #0
 562 0012 FAD0     		beq	.L17
 197:main.c        ****     s[63]='\0';
 563              		.loc 1 197 0 is_stmt 1
 564 0014 7B68     		ldr	r3, [r7, #4]
 565 0016 3F33     		adds	r3, r3, #63
 566 0018 0022     		movs	r2, #0
 567 001a 1A70     		strb	r2, [r3]
 198:main.c        ****     s[62]='!';
 568              		.loc 1 198 0
 569 001c 7B68     		ldr	r3, [r7, #4]
 570 001e 3E33     		adds	r3, r3, #62
 571 0020 2122     		movs	r2, #33
 572 0022 1A70     		strb	r2, [r3]
 199:main.c        ****     USBUART_PutData((uint8*)s,strlen(s));
 573              		.loc 1 199 0
 574 0024 7868     		ldr	r0, [r7, #4]
 575 0026 FFF7FEFF 		bl	strlen
 576 002a 0346     		mov	r3, r0
 577 002c 9BB2     		uxth	r3, r3
 578 002e 1946     		mov	r1, r3
 579 0030 7868     		ldr	r0, [r7, #4]
 580 0032 FFF7FEFF 		bl	USBUART_PutData
 200:main.c        **** #endif
 201:main.c        **** }
ARM GAS  C:\Users\rnat697\AppData\Local\Temp\ccxepvIa.s 			page 15


 581              		.loc 1 201 0
 582 0036 00BF     		nop
 583 0038 0837     		adds	r7, r7, #8
 584              		.cfi_def_cfa_offset 8
 585 003a BD46     		mov	sp, r7
 586              		.cfi_def_cfa_register 13
 587              		@ sp needed
 588 003c 80BD     		pop	{r7, pc}
 589              		.cfi_endproc
 590              	.LFE73:
 591              		.size	usbPutString, .-usbPutString
 592 003e 00BF     		.section	.text.usbPutChar,"ax",%progbits
 593              		.align	2
 594              		.global	usbPutChar
 595              		.thumb
 596              		.thumb_func
 597              		.type	usbPutChar, %function
 598              	usbPutChar:
 599              	.LFB74:
 202:main.c        **** //* ========================================
 203:main.c        **** void usbPutChar(char c)
 204:main.c        **** {
 600              		.loc 1 204 0
 601              		.cfi_startproc
 602              		@ args = 0, pretend = 0, frame = 8
 603              		@ frame_needed = 1, uses_anonymous_args = 0
 604 0000 80B5     		push	{r7, lr}
 605              		.cfi_def_cfa_offset 8
 606              		.cfi_offset 7, -8
 607              		.cfi_offset 14, -4
 608 0002 82B0     		sub	sp, sp, #8
 609              		.cfi_def_cfa_offset 16
 610 0004 00AF     		add	r7, sp, #0
 611              		.cfi_def_cfa_register 7
 612 0006 0346     		mov	r3, r0
 613 0008 FB71     		strb	r3, [r7, #7]
 205:main.c        **** #ifdef USE_USB     
 206:main.c        ****     while (USBUART_CDCIsReady() == 0);
 614              		.loc 1 206 0
 615 000a 00BF     		nop
 616              	.L19:
 617              		.loc 1 206 0 is_stmt 0 discriminator 1
 618 000c FFF7FEFF 		bl	USBUART_CDCIsReady
 619 0010 0346     		mov	r3, r0
 620 0012 002B     		cmp	r3, #0
 621 0014 FAD0     		beq	.L19
 207:main.c        ****     USBUART_PutChar(c);
 622              		.loc 1 207 0 is_stmt 1
 623 0016 FB79     		ldrb	r3, [r7, #7]	@ zero_extendqisi2
 624 0018 1846     		mov	r0, r3
 625 001a FFF7FEFF 		bl	USBUART_PutChar
 208:main.c        **** #endif    
 209:main.c        **** }
 626              		.loc 1 209 0
 627 001e 00BF     		nop
 628 0020 0837     		adds	r7, r7, #8
 629              		.cfi_def_cfa_offset 8
ARM GAS  C:\Users\rnat697\AppData\Local\Temp\ccxepvIa.s 			page 16


 630 0022 BD46     		mov	sp, r7
 631              		.cfi_def_cfa_register 13
 632              		@ sp needed
 633 0024 80BD     		pop	{r7, pc}
 634              		.cfi_endproc
 635              	.LFE74:
 636              		.size	usbPutChar, .-usbPutChar
 637 0026 00BF     		.section	.text.handle_usb,"ax",%progbits
 638              		.align	2
 639              		.global	handle_usb
 640              		.thumb
 641              		.thumb_func
 642              		.type	handle_usb, %function
 643              	handle_usb:
 644              	.LFB75:
 210:main.c        **** //* ========================================
 211:main.c        **** void handle_usb()
 212:main.c        **** {
 645              		.loc 1 212 0
 646              		.cfi_startproc
 647              		@ args = 0, pretend = 0, frame = 8
 648              		@ frame_needed = 1, uses_anonymous_args = 0
 649 0000 80B5     		push	{r7, lr}
 650              		.cfi_def_cfa_offset 8
 651              		.cfi_offset 7, -8
 652              		.cfi_offset 14, -4
 653 0002 82B0     		sub	sp, sp, #8
 654              		.cfi_def_cfa_offset 16
 655 0004 00AF     		add	r7, sp, #0
 656              		.cfi_def_cfa_register 7
 213:main.c        ****     // handles input at terminal, echos it back to the terminal
 214:main.c        ****     // turn echo OFF, key emulation: only CR
 215:main.c        ****     // entered string is made available in 'line' and 'flag_KB_string' is set
 216:main.c        ****     
 217:main.c        ****     static uint8 usbStarted = FALSE;
 218:main.c        ****     static uint16 usbBufCount = 0;
 219:main.c        ****     uint8 c; 
 220:main.c        ****     
 221:main.c        **** 
 222:main.c        ****     if (!usbStarted)
 657              		.loc 1 222 0
 658 0006 2B4B     		ldr	r3, .L30
 659 0008 1B78     		ldrb	r3, [r3]	@ zero_extendqisi2
 660 000a 002B     		cmp	r3, #0
 661 000c 0AD1     		bne	.L21
 223:main.c        ****     {
 224:main.c        ****         if (USBUART_GetConfiguration())
 662              		.loc 1 224 0
 663 000e FFF7FEFF 		bl	USBUART_GetConfiguration
 664 0012 0346     		mov	r3, r0
 665 0014 002B     		cmp	r3, #0
 666 0016 49D0     		beq	.L29
 225:main.c        ****         {
 226:main.c        ****             USBUART_CDC_Init();
 667              		.loc 1 226 0
 668 0018 FFF7FEFF 		bl	USBUART_CDC_Init
 227:main.c        ****             usbStarted = TRUE;
ARM GAS  C:\Users\rnat697\AppData\Local\Temp\ccxepvIa.s 			page 17


 669              		.loc 1 227 0
 670 001c 254B     		ldr	r3, .L30
 671 001e 0122     		movs	r2, #1
 672 0020 1A70     		strb	r2, [r3]
 228:main.c        ****         }
 229:main.c        ****     }
 230:main.c        ****     else
 231:main.c        ****     {
 232:main.c        ****         if (USBUART_DataIsReady() != 0)
 233:main.c        ****         {  
 234:main.c        ****             c = USBUART_GetChar();
 235:main.c        **** 
 236:main.c        ****             if ((c == 13) || (c == 10))
 237:main.c        ****             {
 238:main.c        **** //                if (usbBufCount > 0)
 239:main.c        ****                 {
 240:main.c        ****                     entry[usbBufCount]= '\0';
 241:main.c        ****                     strcpy(line,entry);
 242:main.c        ****                     usbBufCount = 0;
 243:main.c        ****                     flag_KB_string = 1;
 244:main.c        ****                 }
 245:main.c        ****             }
 246:main.c        ****             else 
 247:main.c        ****             {
 248:main.c        ****                 if (((c == CHAR_BACKSP) || (c == CHAR_DEL) ) && (usbBufCount > 0) )
 249:main.c        ****                     usbBufCount--;
 250:main.c        ****                 else
 251:main.c        ****                 {
 252:main.c        ****                     if (usbBufCount > (BUF_SIZE-2) ) // one less else strtok triggers a crash
 253:main.c        ****                     {
 254:main.c        ****                        USBUART_PutChar('!');        
 255:main.c        ****                     }
 256:main.c        ****                     else
 257:main.c        ****                         entry[usbBufCount++] = c;  
 258:main.c        ****                 }  
 259:main.c        ****             }
 260:main.c        ****         }
 261:main.c        ****     }    
 262:main.c        **** }
 673              		.loc 1 262 0
 674 0022 43E0     		b	.L29
 675              	.L21:
 232:main.c        ****         {  
 676              		.loc 1 232 0
 677 0024 FFF7FEFF 		bl	USBUART_DataIsReady
 678 0028 0346     		mov	r3, r0
 679 002a 002B     		cmp	r3, #0
 680 002c 3ED0     		beq	.L29
 234:main.c        **** 
 681              		.loc 1 234 0
 682 002e FFF7FEFF 		bl	USBUART_GetChar
 683 0032 0346     		mov	r3, r0
 684 0034 FB71     		strb	r3, [r7, #7]
 236:main.c        ****             {
 685              		.loc 1 236 0
 686 0036 FB79     		ldrb	r3, [r7, #7]	@ zero_extendqisi2
 687 0038 0D2B     		cmp	r3, #13
ARM GAS  C:\Users\rnat697\AppData\Local\Temp\ccxepvIa.s 			page 18


 688 003a 02D0     		beq	.L24
 236:main.c        ****             {
 689              		.loc 1 236 0 is_stmt 0 discriminator 1
 690 003c FB79     		ldrb	r3, [r7, #7]	@ zero_extendqisi2
 691 003e 0A2B     		cmp	r3, #10
 692 0040 10D1     		bne	.L25
 693              	.L24:
 240:main.c        ****                     strcpy(line,entry);
 694              		.loc 1 240 0 is_stmt 1
 695 0042 1D4B     		ldr	r3, .L30+4
 696 0044 1B88     		ldrh	r3, [r3]
 697 0046 1A46     		mov	r2, r3
 698 0048 1C4B     		ldr	r3, .L30+8
 699 004a 0021     		movs	r1, #0
 700 004c 9954     		strb	r1, [r3, r2]
 241:main.c        ****                     usbBufCount = 0;
 701              		.loc 1 241 0
 702 004e 1B49     		ldr	r1, .L30+8
 703 0050 1B48     		ldr	r0, .L30+12
 704 0052 FFF7FEFF 		bl	strcpy
 242:main.c        ****                     flag_KB_string = 1;
 705              		.loc 1 242 0
 706 0056 184B     		ldr	r3, .L30+4
 707 0058 0022     		movs	r2, #0
 708 005a 1A80     		strh	r2, [r3]	@ movhi
 243:main.c        ****                 }
 709              		.loc 1 243 0
 710 005c 194B     		ldr	r3, .L30+16
 711 005e 0122     		movs	r2, #1
 712 0060 1A70     		strb	r2, [r3]
 713 0062 23E0     		b	.L23
 714              	.L25:
 248:main.c        ****                     usbBufCount--;
 715              		.loc 1 248 0
 716 0064 FB79     		ldrb	r3, [r7, #7]	@ zero_extendqisi2
 717 0066 082B     		cmp	r3, #8
 718 0068 02D0     		beq	.L26
 248:main.c        ****                     usbBufCount--;
 719              		.loc 1 248 0 is_stmt 0 discriminator 2
 720 006a FB79     		ldrb	r3, [r7, #7]	@ zero_extendqisi2
 721 006c 7F2B     		cmp	r3, #127
 722 006e 0AD1     		bne	.L27
 723              	.L26:
 248:main.c        ****                     usbBufCount--;
 724              		.loc 1 248 0 discriminator 3
 725 0070 114B     		ldr	r3, .L30+4
 726 0072 1B88     		ldrh	r3, [r3]
 727 0074 002B     		cmp	r3, #0
 728 0076 06D0     		beq	.L27
 249:main.c        ****                 else
 729              		.loc 1 249 0 is_stmt 1
 730 0078 0F4B     		ldr	r3, .L30+4
 731 007a 1B88     		ldrh	r3, [r3]
 732 007c 013B     		subs	r3, r3, #1
 733 007e 9AB2     		uxth	r2, r3
 734 0080 0D4B     		ldr	r3, .L30+4
 735 0082 1A80     		strh	r2, [r3]	@ movhi
ARM GAS  C:\Users\rnat697\AppData\Local\Temp\ccxepvIa.s 			page 19


 736 0084 12E0     		b	.L23
 737              	.L27:
 252:main.c        ****                     {
 738              		.loc 1 252 0
 739 0086 0C4B     		ldr	r3, .L30+4
 740 0088 1B88     		ldrh	r3, [r3]
 741 008a 3E2B     		cmp	r3, #62
 742 008c 03D9     		bls	.L28
 254:main.c        ****                     }
 743              		.loc 1 254 0
 744 008e 2120     		movs	r0, #33
 745 0090 FFF7FEFF 		bl	USBUART_PutChar
 746              		.loc 1 262 0
 747 0094 0AE0     		b	.L29
 748              	.L28:
 257:main.c        ****                 }  
 749              		.loc 1 257 0
 750 0096 084B     		ldr	r3, .L30+4
 751 0098 1B88     		ldrh	r3, [r3]
 752 009a 5A1C     		adds	r2, r3, #1
 753 009c 91B2     		uxth	r1, r2
 754 009e 064A     		ldr	r2, .L30+4
 755 00a0 1180     		strh	r1, [r2]	@ movhi
 756 00a2 1946     		mov	r1, r3
 757 00a4 054A     		ldr	r2, .L30+8
 758 00a6 FB79     		ldrb	r3, [r7, #7]
 759 00a8 5354     		strb	r3, [r2, r1]
 760              		.loc 1 262 0
 761 00aa FFE7     		b	.L29
 762              	.L23:
 763              	.L29:
 764 00ac 00BF     		nop
 765 00ae 0837     		adds	r7, r7, #8
 766              		.cfi_def_cfa_offset 8
 767 00b0 BD46     		mov	sp, r7
 768              		.cfi_def_cfa_register 13
 769              		@ sp needed
 770 00b2 80BD     		pop	{r7, pc}
 771              	.L31:
 772              		.align	2
 773              	.L30:
 774 00b4 13000000 		.word	usbStarted.8273
 775 00b8 14000000 		.word	usbBufCount.8274
 776 00bc 00000000 		.word	entry
 777 00c0 00000000 		.word	line
 778 00c4 00000000 		.word	flag_KB_string
 779              		.cfi_endproc
 780              	.LFE75:
 781              		.size	handle_usb, .-handle_usb
 782              		.bss
 783              	usbStarted.8273:
 784 0013 00       		.space	1
 785              		.align	1
 786              	usbBufCount.8274:
 787 0014 0000     		.space	2
 788              		.text
 789              	.Letext0:
ARM GAS  C:\Users\rnat697\AppData\Local\Temp\ccxepvIa.s 			page 20


 790              		.file 2 "c:\\program files (x86)\\cypress\\psoc creator\\4.2\\psoc creator\\import\\gnu\\arm\\5.4.
 791              		.file 3 "c:\\program files (x86)\\cypress\\psoc creator\\4.2\\psoc creator\\import\\gnu\\arm\\5.4.
 792              		.file 4 "Generated_Source\\PSoC5/cytypes.h"
 793              		.file 5 "vars.h"
 794              		.file 6 "Generated_Source\\PSoC5/core_cm3.h"
 795              		.section	.debug_info,"",%progbits
 796              	.Ldebug_info0:
 797 0000 ED040000 		.4byte	0x4ed
 798 0004 0400     		.2byte	0x4
 799 0006 00000000 		.4byte	.Ldebug_abbrev0
 800 000a 04       		.byte	0x4
 801 000b 01       		.uleb128 0x1
 802 000c 97000000 		.4byte	.LASF77
 803 0010 0C       		.byte	0xc
 804 0011 C3030000 		.4byte	.LASF78
 805 0015 54010000 		.4byte	.LASF79
 806 0019 00000000 		.4byte	.Ldebug_ranges0+0
 807 001d 00000000 		.4byte	0
 808 0021 00000000 		.4byte	.Ldebug_line0
 809 0025 02       		.uleb128 0x2
 810 0026 01       		.byte	0x1
 811 0027 06       		.byte	0x6
 812 0028 0C030000 		.4byte	.LASF0
 813 002c 02       		.uleb128 0x2
 814 002d 01       		.byte	0x1
 815 002e 08       		.byte	0x8
 816 002f E6020000 		.4byte	.LASF1
 817 0033 02       		.uleb128 0x2
 818 0034 02       		.byte	0x2
 819 0035 05       		.byte	0x5
 820 0036 6D000000 		.4byte	.LASF2
 821 003a 02       		.uleb128 0x2
 822 003b 02       		.byte	0x2
 823 003c 07       		.byte	0x7
 824 003d 68030000 		.4byte	.LASF3
 825 0041 03       		.uleb128 0x3
 826 0042 02040000 		.4byte	.LASF12
 827 0046 02       		.byte	0x2
 828 0047 3F       		.byte	0x3f
 829 0048 4C000000 		.4byte	0x4c
 830 004c 02       		.uleb128 0x2
 831 004d 04       		.byte	0x4
 832 004e 05       		.byte	0x5
 833 004f 5E020000 		.4byte	.LASF4
 834 0053 02       		.uleb128 0x2
 835 0054 04       		.byte	0x4
 836 0055 07       		.byte	0x7
 837 0056 CA030000 		.4byte	.LASF5
 838 005a 02       		.uleb128 0x2
 839 005b 08       		.byte	0x8
 840 005c 05       		.byte	0x5
 841 005d 12020000 		.4byte	.LASF6
 842 0061 02       		.uleb128 0x2
 843 0062 08       		.byte	0x8
 844 0063 07       		.byte	0x7
 845 0064 18030000 		.4byte	.LASF7
 846 0068 04       		.uleb128 0x4
ARM GAS  C:\Users\rnat697\AppData\Local\Temp\ccxepvIa.s 			page 21


 847 0069 04       		.byte	0x4
 848 006a 05       		.byte	0x5
 849 006b 696E7400 		.ascii	"int\000"
 850 006f 02       		.uleb128 0x2
 851 0070 04       		.byte	0x4
 852 0071 07       		.byte	0x7
 853 0072 2F030000 		.4byte	.LASF8
 854 0076 02       		.uleb128 0x2
 855 0077 08       		.byte	0x8
 856 0078 04       		.byte	0x4
 857 0079 DA020000 		.4byte	.LASF9
 858 007d 02       		.uleb128 0x2
 859 007e 04       		.byte	0x4
 860 007f 07       		.byte	0x7
 861 0080 84000000 		.4byte	.LASF10
 862 0084 05       		.uleb128 0x5
 863 0085 04       		.byte	0x4
 864 0086 8A000000 		.4byte	0x8a
 865 008a 02       		.uleb128 0x2
 866 008b 01       		.byte	0x1
 867 008c 08       		.byte	0x8
 868 008d 85030000 		.4byte	.LASF11
 869 0091 03       		.uleb128 0x3
 870 0092 95030000 		.4byte	.LASF13
 871 0096 03       		.byte	0x3
 872 0097 2C       		.byte	0x2c
 873 0098 41000000 		.4byte	0x41
 874 009c 06       		.uleb128 0x6
 875 009d 4E010000 		.4byte	.LASF14
 876 00a1 04       		.byte	0x4
 877 00a2 E401     		.2byte	0x1e4
 878 00a4 2C000000 		.4byte	0x2c
 879 00a8 06       		.uleb128 0x6
 880 00a9 3B010000 		.4byte	.LASF15
 881 00ad 04       		.byte	0x4
 882 00ae E501     		.2byte	0x1e5
 883 00b0 3A000000 		.4byte	0x3a
 884 00b4 06       		.uleb128 0x6
 885 00b5 2D020000 		.4byte	.LASF16
 886 00b9 04       		.byte	0x4
 887 00ba E701     		.2byte	0x1e7
 888 00bc 25000000 		.4byte	0x25
 889 00c0 06       		.uleb128 0x6
 890 00c1 48010000 		.4byte	.LASF17
 891 00c5 04       		.byte	0x4
 892 00c6 E801     		.2byte	0x1e8
 893 00c8 33000000 		.4byte	0x33
 894 00cc 02       		.uleb128 0x2
 895 00cd 04       		.byte	0x4
 896 00ce 04       		.byte	0x4
 897 00cf F2010000 		.4byte	.LASF18
 898 00d3 02       		.uleb128 0x2
 899 00d4 08       		.byte	0x8
 900 00d5 04       		.byte	0x4
 901 00d6 11000000 		.4byte	.LASF19
 902 00da 07       		.uleb128 0x7
 903 00db 7B030000 		.4byte	.LASF80
ARM GAS  C:\Users\rnat697\AppData\Local\Temp\ccxepvIa.s 			page 22


 904 00df 20       		.byte	0x20
 905 00e0 05       		.byte	0x5
 906 00e1 29       		.byte	0x29
 907 00e2 B3010000 		.4byte	0x1b3
 908 00e6 08       		.uleb128 0x8
 909 00e7 BD040000 		.4byte	.LASF20
 910 00eb 05       		.byte	0x5
 911 00ec 2A       		.byte	0x2a
 912 00ed B4000000 		.4byte	0xb4
 913 00f1 00       		.byte	0
 914 00f2 08       		.uleb128 0x8
 915 00f3 42010000 		.4byte	.LASF21
 916 00f7 05       		.byte	0x5
 917 00f8 2B       		.byte	0x2b
 918 00f9 9C000000 		.4byte	0x9c
 919 00fd 01       		.byte	0x1
 920 00fe 08       		.uleb128 0x8
 921 00ff 8A030000 		.4byte	.LASF22
 922 0103 05       		.byte	0x5
 923 0104 2C       		.byte	0x2c
 924 0105 C0000000 		.4byte	0xc0
 925 0109 02       		.byte	0x2
 926 010a 08       		.uleb128 0x8
 927 010b 6E040000 		.4byte	.LASF23
 928 010f 05       		.byte	0x5
 929 0110 2D       		.byte	0x2d
 930 0111 C0000000 		.4byte	0xc0
 931 0115 04       		.byte	0x4
 932 0116 08       		.uleb128 0x8
 933 0117 C2040000 		.4byte	.LASF24
 934 011b 05       		.byte	0x5
 935 011c 2E       		.byte	0x2e
 936 011d C0000000 		.4byte	0xc0
 937 0121 06       		.byte	0x6
 938 0122 08       		.uleb128 0x8
 939 0123 56020000 		.4byte	.LASF25
 940 0127 05       		.byte	0x5
 941 0128 2F       		.byte	0x2f
 942 0129 C0000000 		.4byte	0xc0
 943 012d 08       		.byte	0x8
 944 012e 08       		.uleb128 0x8
 945 012f 2A040000 		.4byte	.LASF26
 946 0133 05       		.byte	0x5
 947 0134 30       		.byte	0x30
 948 0135 C0000000 		.4byte	0xc0
 949 0139 0A       		.byte	0xa
 950 013a 08       		.uleb128 0x8
 951 013b F4020000 		.4byte	.LASF27
 952 013f 05       		.byte	0x5
 953 0140 31       		.byte	0x31
 954 0141 C0000000 		.4byte	0xc0
 955 0145 0C       		.byte	0xc
 956 0146 08       		.uleb128 0x8
 957 0147 49020000 		.4byte	.LASF28
 958 014b 05       		.byte	0x5
 959 014c 32       		.byte	0x32
 960 014d C0000000 		.4byte	0xc0
ARM GAS  C:\Users\rnat697\AppData\Local\Temp\ccxepvIa.s 			page 23


 961 0151 0E       		.byte	0xe
 962 0152 08       		.uleb128 0x8
 963 0153 60030000 		.4byte	.LASF29
 964 0157 05       		.byte	0x5
 965 0158 33       		.byte	0x33
 966 0159 C0000000 		.4byte	0xc0
 967 015d 10       		.byte	0x10
 968 015e 08       		.uleb128 0x8
 969 015f 9D030000 		.4byte	.LASF30
 970 0163 05       		.byte	0x5
 971 0164 34       		.byte	0x34
 972 0165 C0000000 		.4byte	0xc0
 973 0169 12       		.byte	0x12
 974 016a 08       		.uleb128 0x8
 975 016b B2030000 		.4byte	.LASF31
 976 016f 05       		.byte	0x5
 977 0170 35       		.byte	0x35
 978 0171 C0000000 		.4byte	0xc0
 979 0175 14       		.byte	0x14
 980 0176 08       		.uleb128 0x8
 981 0177 A1040000 		.4byte	.LASF32
 982 017b 05       		.byte	0x5
 983 017c 36       		.byte	0x36
 984 017d C0000000 		.4byte	0xc0
 985 0181 16       		.byte	0x16
 986 0182 08       		.uleb128 0x8
 987 0183 65000000 		.4byte	.LASF33
 988 0187 05       		.byte	0x5
 989 0188 37       		.byte	0x37
 990 0189 C0000000 		.4byte	0xc0
 991 018d 18       		.byte	0x18
 992 018e 08       		.uleb128 0x8
 993 018f 41020000 		.4byte	.LASF34
 994 0193 05       		.byte	0x5
 995 0194 38       		.byte	0x38
 996 0195 C0000000 		.4byte	0xc0
 997 0199 1A       		.byte	0x1a
 998 019a 08       		.uleb128 0x8
 999 019b 57030000 		.4byte	.LASF35
 1000 019f 05       		.byte	0x5
 1001 01a0 39       		.byte	0x39
 1002 01a1 C0000000 		.4byte	0xc0
 1003 01a5 1C       		.byte	0x1c
 1004 01a6 08       		.uleb128 0x8
 1005 01a7 A5030000 		.4byte	.LASF36
 1006 01ab 05       		.byte	0x5
 1007 01ac 3A       		.byte	0x3a
 1008 01ad C0000000 		.4byte	0xc0
 1009 01b1 1E       		.byte	0x1e
 1010 01b2 00       		.byte	0
 1011 01b3 09       		.uleb128 0x9
 1012 01b4 2F000000 		.4byte	.LASF45
 1013 01b8 01       		.byte	0x1
 1014 01b9 22       		.byte	0x22
 1015 01ba 00000000 		.4byte	.LFB64
 1016 01be 52000000 		.4byte	.LFE64-.LFB64
 1017 01c2 01       		.uleb128 0x1
ARM GAS  C:\Users\rnat697\AppData\Local\Temp\ccxepvIa.s 			page 24


 1018 01c3 9C       		.byte	0x9c
 1019 01c4 E5010000 		.4byte	0x1e5
 1020 01c8 0A       		.uleb128 0xa
 1021 01c9 BB030000 		.4byte	.LASF37
 1022 01cd 01       		.byte	0x1
 1023 01ce 2A       		.byte	0x2a
 1024 01cf B4000000 		.4byte	0xb4
 1025 01d3 02       		.uleb128 0x2
 1026 01d4 91       		.byte	0x91
 1027 01d5 77       		.sleb128 -9
 1028 01d6 0A       		.uleb128 0xa
 1029 01d7 2A010000 		.4byte	.LASF38
 1030 01db 01       		.byte	0x1
 1031 01dc 2B       		.byte	0x2b
 1032 01dd A8000000 		.4byte	0xa8
 1033 01e1 02       		.uleb128 0x2
 1034 01e2 91       		.byte	0x91
 1035 01e3 74       		.sleb128 -12
 1036 01e4 00       		.byte	0
 1037 01e5 0B       		.uleb128 0xb
 1038 01e6 1A040000 		.4byte	.LASF39
 1039 01ea 01       		.byte	0x1
 1040 01eb 3D       		.byte	0x3d
 1041 01ec 00000000 		.4byte	.LFB65
 1042 01f0 14000000 		.4byte	.LFE65-.LFB65
 1043 01f4 01       		.uleb128 0x1
 1044 01f5 9C       		.byte	0x9c
 1045 01f6 0B       		.uleb128 0xb
 1046 01f7 46000000 		.4byte	.LASF40
 1047 01fb 01       		.byte	0x1
 1048 01fc 43       		.byte	0x43
 1049 01fd 00000000 		.4byte	.LFB66
 1050 0201 14000000 		.4byte	.LFE66-.LFB66
 1051 0205 01       		.uleb128 0x1
 1052 0206 9C       		.byte	0x9c
 1053 0207 0B       		.uleb128 0xb
 1054 0208 00000000 		.4byte	.LASF41
 1055 020c 01       		.byte	0x1
 1056 020d 49       		.byte	0x49
 1057 020e 00000000 		.4byte	.LFB67
 1058 0212 14000000 		.4byte	.LFE67-.LFB67
 1059 0216 01       		.uleb128 0x1
 1060 0217 9C       		.byte	0x9c
 1061 0218 0C       		.uleb128 0xc
 1062 0219 0C040000 		.4byte	.LASF42
 1063 021d 01       		.byte	0x1
 1064 021e 4E       		.byte	0x4e
 1065 021f 00000000 		.4byte	.LFB68
 1066 0223 0C000000 		.4byte	.LFE68-.LFB68
 1067 0227 01       		.uleb128 0x1
 1068 0228 9C       		.byte	0x9c
 1069 0229 0C       		.uleb128 0xc
 1070 022a AE040000 		.4byte	.LASF43
 1071 022e 01       		.byte	0x1
 1072 022f 52       		.byte	0x52
 1073 0230 00000000 		.4byte	.LFB69
 1074 0234 0C000000 		.4byte	.LFE69-.LFB69
ARM GAS  C:\Users\rnat697\AppData\Local\Temp\ccxepvIa.s 			page 25


 1075 0238 01       		.uleb128 0x1
 1076 0239 9C       		.byte	0x9c
 1077 023a 0C       		.uleb128 0xc
 1078 023b 30010000 		.4byte	.LASF44
 1079 023f 01       		.byte	0x1
 1080 0240 57       		.byte	0x57
 1081 0241 00000000 		.4byte	.LFB70
 1082 0245 0C000000 		.4byte	.LFE70-.LFB70
 1083 0249 01       		.uleb128 0x1
 1084 024a 9C       		.byte	0x9c
 1085 024b 0D       		.uleb128 0xd
 1086 024c F8010000 		.4byte	.LASF81
 1087 0250 01       		.byte	0x1
 1088 0251 5D       		.byte	0x5d
 1089 0252 00000000 		.4byte	.LFB71
 1090 0256 0C000000 		.4byte	.LFE71-.LFB71
 1091 025a 01       		.uleb128 0x1
 1092 025b 9C       		.byte	0x9c
 1093 025c 0E       		.uleb128 0xe
 1094 025d 25010000 		.4byte	.LASF46
 1095 0261 01       		.byte	0x1
 1096 0262 71       		.byte	0x71
 1097 0263 68000000 		.4byte	0x68
 1098 0267 00000000 		.4byte	.LFB72
 1099 026b 10010000 		.4byte	.LFE72-.LFB72
 1100 026f 01       		.uleb128 0x1
 1101 0270 9C       		.byte	0x9c
 1102 0271 CE020000 		.4byte	0x2ce
 1103 0275 0A       		.uleb128 0xa
 1104 0276 67020000 		.4byte	.LASF47
 1105 027a 01       		.byte	0x1
 1106 027b 92       		.byte	0x92
 1107 027c C0000000 		.4byte	0xc0
 1108 0280 02       		.uleb128 0x2
 1109 0281 91       		.byte	0x91
 1110 0282 76       		.sleb128 -10
 1111 0283 0A       		.uleb128 0xa
 1112 0284 7C020000 		.4byte	.LASF48
 1113 0288 01       		.byte	0x1
 1114 0289 93       		.byte	0x93
 1115 028a C0000000 		.4byte	0xc0
 1116 028e 02       		.uleb128 0x2
 1117 028f 91       		.byte	0x91
 1118 0290 74       		.sleb128 -12
 1119 0291 0A       		.uleb128 0xa
 1120 0292 C5020000 		.4byte	.LASF49
 1121 0296 01       		.byte	0x1
 1122 0297 98       		.byte	0x98
 1123 0298 C0000000 		.4byte	0xc0
 1124 029c 02       		.uleb128 0x2
 1125 029d 91       		.byte	0x91
 1126 029e 72       		.sleb128 -14
 1127 029f 0A       		.uleb128 0xa
 1128 02a0 B6020000 		.4byte	.LASF50
 1129 02a4 01       		.byte	0x1
 1130 02a5 99       		.byte	0x99
 1131 02a6 C0000000 		.4byte	0xc0
ARM GAS  C:\Users\rnat697\AppData\Local\Temp\ccxepvIa.s 			page 26


 1132 02aa 02       		.uleb128 0x2
 1133 02ab 91       		.byte	0x91
 1134 02ac 70       		.sleb128 -16
 1135 02ad 0A       		.uleb128 0xa
 1136 02ae 91020000 		.4byte	.LASF51
 1137 02b2 01       		.byte	0x1
 1138 02b3 9A       		.byte	0x9a
 1139 02b4 CE020000 		.4byte	0x2ce
 1140 02b8 04       		.uleb128 0x4
 1141 02b9 91       		.byte	0x91
 1142 02ba E0B17F   		.sleb128 -10016
 1143 02bd 0A       		.uleb128 0xa
 1144 02be 94040000 		.4byte	.LASF52
 1145 02c2 01       		.byte	0x1
 1146 02c3 9C       		.byte	0x9c
 1147 02c4 CE020000 		.4byte	0x2ce
 1148 02c8 04       		.uleb128 0x4
 1149 02c9 91       		.byte	0x91
 1150 02ca D0E37E   		.sleb128 -20016
 1151 02cd 00       		.byte	0
 1152 02ce 0F       		.uleb128 0xf
 1153 02cf 8A000000 		.4byte	0x8a
 1154 02d3 DF020000 		.4byte	0x2df
 1155 02d7 10       		.uleb128 0x10
 1156 02d8 7D000000 		.4byte	0x7d
 1157 02dc 0F27     		.2byte	0x270f
 1158 02de 00       		.byte	0
 1159 02df 09       		.uleb128 0x9
 1160 02e0 20020000 		.4byte	.LASF53
 1161 02e4 01       		.byte	0x1
 1162 02e5 BD       		.byte	0xbd
 1163 02e6 00000000 		.4byte	.LFB73
 1164 02ea 3E000000 		.4byte	.LFE73-.LFB73
 1165 02ee 01       		.uleb128 0x1
 1166 02ef 9C       		.byte	0x9c
 1167 02f0 01030000 		.4byte	0x301
 1168 02f4 11       		.uleb128 0x11
 1169 02f5 7300     		.ascii	"s\000"
 1170 02f7 01       		.byte	0x1
 1171 02f8 BD       		.byte	0xbd
 1172 02f9 84000000 		.4byte	0x84
 1173 02fd 02       		.uleb128 0x2
 1174 02fe 91       		.byte	0x91
 1175 02ff 74       		.sleb128 -12
 1176 0300 00       		.byte	0
 1177 0301 09       		.uleb128 0x9
 1178 0302 24000000 		.4byte	.LASF54
 1179 0306 01       		.byte	0x1
 1180 0307 CB       		.byte	0xcb
 1181 0308 00000000 		.4byte	.LFB74
 1182 030c 26000000 		.4byte	.LFE74-.LFB74
 1183 0310 01       		.uleb128 0x1
 1184 0311 9C       		.byte	0x9c
 1185 0312 23030000 		.4byte	0x323
 1186 0316 11       		.uleb128 0x11
 1187 0317 6300     		.ascii	"c\000"
 1188 0319 01       		.byte	0x1
ARM GAS  C:\Users\rnat697\AppData\Local\Temp\ccxepvIa.s 			page 27


 1189 031a CB       		.byte	0xcb
 1190 031b 8A000000 		.4byte	0x8a
 1191 031f 02       		.uleb128 0x2
 1192 0320 91       		.byte	0x91
 1193 0321 77       		.sleb128 -9
 1194 0322 00       		.byte	0
 1195 0323 12       		.uleb128 0x12
 1196 0324 47040000 		.4byte	.LASF82
 1197 0328 01       		.byte	0x1
 1198 0329 D3       		.byte	0xd3
 1199 032a 00000000 		.4byte	.LFB75
 1200 032e C8000000 		.4byte	.LFE75-.LFB75
 1201 0332 01       		.uleb128 0x1
 1202 0333 9C       		.byte	0x9c
 1203 0334 67030000 		.4byte	0x367
 1204 0338 0A       		.uleb128 0xa
 1205 0339 DC030000 		.4byte	.LASF55
 1206 033d 01       		.byte	0x1
 1207 033e D9       		.byte	0xd9
 1208 033f 9C000000 		.4byte	0x9c
 1209 0343 05       		.uleb128 0x5
 1210 0344 03       		.byte	0x3
 1211 0345 13000000 		.4byte	usbStarted.8273
 1212 0349 0A       		.uleb128 0xa
 1213 034a 4B030000 		.4byte	.LASF56
 1214 034e 01       		.byte	0x1
 1215 034f DA       		.byte	0xda
 1216 0350 A8000000 		.4byte	0xa8
 1217 0354 05       		.uleb128 0x5
 1218 0355 03       		.byte	0x3
 1219 0356 14000000 		.4byte	usbBufCount.8274
 1220 035a 13       		.uleb128 0x13
 1221 035b 6300     		.ascii	"c\000"
 1222 035d 01       		.byte	0x1
 1223 035e DB       		.byte	0xdb
 1224 035f 9C000000 		.4byte	0x9c
 1225 0363 02       		.uleb128 0x2
 1226 0364 91       		.byte	0x91
 1227 0365 77       		.sleb128 -9
 1228 0366 00       		.byte	0
 1229 0367 0A       		.uleb128 0xa
 1230 0368 F0030000 		.4byte	.LASF57
 1231 036c 01       		.byte	0x1
 1232 036d 5C       		.byte	0x5c
 1233 036e 78030000 		.4byte	0x378
 1234 0372 05       		.uleb128 0x5
 1235 0373 03       		.byte	0x3
 1236 0374 12000000 		.4byte	count
 1237 0378 14       		.uleb128 0x14
 1238 0379 B4000000 		.4byte	0xb4
 1239 037d 15       		.uleb128 0x15
 1240 037e 79040000 		.4byte	.LASF58
 1241 0382 06       		.byte	0x6
 1242 0383 1207     		.2byte	0x712
 1243 0385 89030000 		.4byte	0x389
 1244 0389 14       		.uleb128 0x14
 1245 038a 91000000 		.4byte	0x91
ARM GAS  C:\Users\rnat697\AppData\Local\Temp\ccxepvIa.s 			page 28


 1246 038e 16       		.uleb128 0x16
 1247 038f 747300   		.ascii	"ts\000"
 1248 0392 05       		.byte	0x5
 1249 0393 10       		.byte	0x10
 1250 0394 9C000000 		.4byte	0x9c
 1251 0398 05       		.uleb128 0x5
 1252 0399 03       		.byte	0x3
 1253 039a 00000000 		.4byte	ts
 1254 039e 17       		.uleb128 0x17
 1255 039f 0A000000 		.4byte	.LASF59
 1256 03a3 05       		.byte	0x5
 1257 03a4 11       		.byte	0x11
 1258 03a5 A8000000 		.4byte	0xa8
 1259 03a9 05       		.uleb128 0x5
 1260 03aa 03       		.byte	0x3
 1261 03ab 00000000 		.4byte	ts_enc
 1262 03af 17       		.uleb128 0x17
 1263 03b0 3D040000 		.4byte	.LASF60
 1264 03b4 05       		.byte	0x5
 1265 03b5 12       		.byte	0x12
 1266 03b6 A8000000 		.4byte	0xa8
 1267 03ba 05       		.uleb128 0x5
 1268 03bb 03       		.byte	0x3
 1269 03bc 00000000 		.4byte	ts_update
 1270 03c0 17       		.uleb128 0x17
 1271 03c1 E7030000 		.4byte	.LASF61
 1272 03c5 05       		.byte	0x5
 1273 03c6 13       		.byte	0x13
 1274 03c7 A8000000 		.4byte	0xa8
 1275 03cb 05       		.uleb128 0x5
 1276 03cc 03       		.byte	0x3
 1277 03cd 00000000 		.4byte	ts_speed
 1278 03d1 17       		.uleb128 0x17
 1279 03d2 32040000 		.4byte	.LASF62
 1280 03d6 05       		.byte	0x5
 1281 03d7 14       		.byte	0x14
 1282 03d8 A8000000 		.4byte	0xa8
 1283 03dc 05       		.uleb128 0x5
 1284 03dd 03       		.byte	0x3
 1285 03de 00000000 		.4byte	ts_display
 1286 03e2 17       		.uleb128 0x17
 1287 03e3 F6030000 		.4byte	.LASF63
 1288 03e7 05       		.byte	0x5
 1289 03e8 16       		.byte	0x16
 1290 03e9 9C000000 		.4byte	0x9c
 1291 03ed 05       		.uleb128 0x5
 1292 03ee 03       		.byte	0x3
 1293 03ef 00000000 		.4byte	flag_ts_enc
 1294 03f3 17       		.uleb128 0x17
 1295 03f4 32020000 		.4byte	.LASF64
 1296 03f8 05       		.byte	0x5
 1297 03f9 17       		.byte	0x17
 1298 03fa 9C000000 		.4byte	0x9c
 1299 03fe 05       		.uleb128 0x5
 1300 03ff 03       		.byte	0x3
 1301 0400 00000000 		.4byte	flag_ts_update
 1302 0404 17       		.uleb128 0x17
ARM GAS  C:\Users\rnat697\AppData\Local\Temp\ccxepvIa.s 			page 29


 1303 0405 57000000 		.4byte	.LASF65
 1304 0409 05       		.byte	0x5
 1305 040a 18       		.byte	0x18
 1306 040b 9C000000 		.4byte	0x9c
 1307 040f 05       		.uleb128 0x5
 1308 0410 03       		.byte	0x3
 1309 0411 00000000 		.4byte	flag_ts_speed
 1310 0415 17       		.uleb128 0x17
 1311 0416 9E020000 		.4byte	.LASF66
 1312 041a 05       		.byte	0x5
 1313 041b 19       		.byte	0x19
 1314 041c 9C000000 		.4byte	0x9c
 1315 0420 05       		.uleb128 0x5
 1316 0421 03       		.byte	0x3
 1317 0422 00000000 		.4byte	flag_ts_display
 1318 0426 17       		.uleb128 0x17
 1319 0427 AE020000 		.4byte	.LASF67
 1320 042b 05       		.byte	0x5
 1321 042c 1C       		.byte	0x1c
 1322 042d 9C000000 		.4byte	0x9c
 1323 0431 05       		.uleb128 0x5
 1324 0432 03       		.byte	0x3
 1325 0433 00000000 		.4byte	flag_rx
 1326 0437 17       		.uleb128 0x17
 1327 0438 18000000 		.4byte	.LASF68
 1328 043c 05       		.byte	0x5
 1329 043d 1D       		.byte	0x1d
 1330 043e 9C000000 		.4byte	0x9c
 1331 0442 05       		.uleb128 0x5
 1332 0443 03       		.byte	0x3
 1333 0444 00000000 		.4byte	flag_packet
 1334 0448 17       		.uleb128 0x17
 1335 0449 3C030000 		.4byte	.LASF69
 1336 044d 05       		.byte	0x5
 1337 044e 1E       		.byte	0x1e
 1338 044f 9C000000 		.4byte	0x9c
 1339 0453 05       		.uleb128 0x5
 1340 0454 03       		.byte	0x3
 1341 0455 00000000 		.4byte	flag_KB_string
 1342 0459 17       		.uleb128 0x17
 1343 045a FD020000 		.4byte	.LASF70
 1344 045e 05       		.byte	0x5
 1345 045f 20       		.byte	0x20
 1346 0460 9C000000 		.4byte	0x9c
 1347 0464 05       		.uleb128 0x5
 1348 0465 03       		.byte	0x3
 1349 0466 00000000 		.4byte	dataready_flag
 1350 046a 17       		.uleb128 0x17
 1351 046b 52040000 		.4byte	.LASF71
 1352 046f 05       		.byte	0x5
 1353 0470 22       		.byte	0x22
 1354 0471 9C000000 		.4byte	0x9c
 1355 0475 05       		.uleb128 0x5
 1356 0476 03       		.byte	0x3
 1357 0477 00000000 		.4byte	flag_rf_transmission_active
 1358 047b 0F       		.uleb128 0xf
 1359 047c 8A000000 		.4byte	0x8a
ARM GAS  C:\Users\rnat697\AppData\Local\Temp\ccxepvIa.s 			page 30


 1360 0480 8B040000 		.4byte	0x48b
 1361 0484 18       		.uleb128 0x18
 1362 0485 7D000000 		.4byte	0x7d
 1363 0489 3F       		.byte	0x3f
 1364 048a 00       		.byte	0
 1365 048b 17       		.uleb128 0x17
 1366 048c 86040000 		.4byte	.LASF72
 1367 0490 05       		.byte	0x5
 1368 0491 25       		.byte	0x25
 1369 0492 7B040000 		.4byte	0x47b
 1370 0496 05       		.uleb128 0x5
 1371 0497 03       		.byte	0x3
 1372 0498 00000000 		.4byte	displaystring
 1373 049c 17       		.uleb128 0x17
 1374 049d ED010000 		.4byte	.LASF73
 1375 04a1 05       		.byte	0x5
 1376 04a2 26       		.byte	0x26
 1377 04a3 7B040000 		.4byte	0x47b
 1378 04a7 05       		.uleb128 0x5
 1379 04a8 03       		.byte	0x3
 1380 04a9 00000000 		.4byte	line
 1381 04ad 17       		.uleb128 0x17
 1382 04ae D4020000 		.4byte	.LASF74
 1383 04b2 05       		.byte	0x5
 1384 04b3 26       		.byte	0x26
 1385 04b4 7B040000 		.4byte	0x47b
 1386 04b8 05       		.uleb128 0x5
 1387 04b9 03       		.byte	0x3
 1388 04ba 00000000 		.4byte	entry
 1389 04be 0F       		.uleb128 0xf
 1390 04bf 9C000000 		.4byte	0x9c
 1391 04c3 CE040000 		.4byte	0x4ce
 1392 04c7 18       		.uleb128 0x18
 1393 04c8 7D000000 		.4byte	0x7d
 1394 04cc 3F       		.byte	0x3f
 1395 04cd 00       		.byte	0
 1396 04ce 17       		.uleb128 0x17
 1397 04cf 8D000000 		.4byte	.LASF75
 1398 04d3 05       		.byte	0x5
 1399 04d4 27       		.byte	0x27
 1400 04d5 BE040000 		.4byte	0x4be
 1401 04d9 05       		.uleb128 0x5
 1402 04da 03       		.byte	0x3
 1403 04db 00000000 		.4byte	usbBuffer
 1404 04df 17       		.uleb128 0x17
 1405 04e0 77000000 		.4byte	.LASF76
 1406 04e4 05       		.byte	0x5
 1407 04e5 3C       		.byte	0x3c
 1408 04e6 DA000000 		.4byte	0xda
 1409 04ea 05       		.uleb128 0x5
 1410 04eb 03       		.byte	0x3
 1411 04ec 00000000 		.4byte	system_state
 1412 04f0 00       		.byte	0
 1413              		.section	.debug_abbrev,"",%progbits
 1414              	.Ldebug_abbrev0:
 1415 0000 01       		.uleb128 0x1
 1416 0001 11       		.uleb128 0x11
ARM GAS  C:\Users\rnat697\AppData\Local\Temp\ccxepvIa.s 			page 31


 1417 0002 01       		.byte	0x1
 1418 0003 25       		.uleb128 0x25
 1419 0004 0E       		.uleb128 0xe
 1420 0005 13       		.uleb128 0x13
 1421 0006 0B       		.uleb128 0xb
 1422 0007 03       		.uleb128 0x3
 1423 0008 0E       		.uleb128 0xe
 1424 0009 1B       		.uleb128 0x1b
 1425 000a 0E       		.uleb128 0xe
 1426 000b 55       		.uleb128 0x55
 1427 000c 17       		.uleb128 0x17
 1428 000d 11       		.uleb128 0x11
 1429 000e 01       		.uleb128 0x1
 1430 000f 10       		.uleb128 0x10
 1431 0010 17       		.uleb128 0x17
 1432 0011 00       		.byte	0
 1433 0012 00       		.byte	0
 1434 0013 02       		.uleb128 0x2
 1435 0014 24       		.uleb128 0x24
 1436 0015 00       		.byte	0
 1437 0016 0B       		.uleb128 0xb
 1438 0017 0B       		.uleb128 0xb
 1439 0018 3E       		.uleb128 0x3e
 1440 0019 0B       		.uleb128 0xb
 1441 001a 03       		.uleb128 0x3
 1442 001b 0E       		.uleb128 0xe
 1443 001c 00       		.byte	0
 1444 001d 00       		.byte	0
 1445 001e 03       		.uleb128 0x3
 1446 001f 16       		.uleb128 0x16
 1447 0020 00       		.byte	0
 1448 0021 03       		.uleb128 0x3
 1449 0022 0E       		.uleb128 0xe
 1450 0023 3A       		.uleb128 0x3a
 1451 0024 0B       		.uleb128 0xb
 1452 0025 3B       		.uleb128 0x3b
 1453 0026 0B       		.uleb128 0xb
 1454 0027 49       		.uleb128 0x49
 1455 0028 13       		.uleb128 0x13
 1456 0029 00       		.byte	0
 1457 002a 00       		.byte	0
 1458 002b 04       		.uleb128 0x4
 1459 002c 24       		.uleb128 0x24
 1460 002d 00       		.byte	0
 1461 002e 0B       		.uleb128 0xb
 1462 002f 0B       		.uleb128 0xb
 1463 0030 3E       		.uleb128 0x3e
 1464 0031 0B       		.uleb128 0xb
 1465 0032 03       		.uleb128 0x3
 1466 0033 08       		.uleb128 0x8
 1467 0034 00       		.byte	0
 1468 0035 00       		.byte	0
 1469 0036 05       		.uleb128 0x5
 1470 0037 0F       		.uleb128 0xf
 1471 0038 00       		.byte	0
 1472 0039 0B       		.uleb128 0xb
 1473 003a 0B       		.uleb128 0xb
ARM GAS  C:\Users\rnat697\AppData\Local\Temp\ccxepvIa.s 			page 32


 1474 003b 49       		.uleb128 0x49
 1475 003c 13       		.uleb128 0x13
 1476 003d 00       		.byte	0
 1477 003e 00       		.byte	0
 1478 003f 06       		.uleb128 0x6
 1479 0040 16       		.uleb128 0x16
 1480 0041 00       		.byte	0
 1481 0042 03       		.uleb128 0x3
 1482 0043 0E       		.uleb128 0xe
 1483 0044 3A       		.uleb128 0x3a
 1484 0045 0B       		.uleb128 0xb
 1485 0046 3B       		.uleb128 0x3b
 1486 0047 05       		.uleb128 0x5
 1487 0048 49       		.uleb128 0x49
 1488 0049 13       		.uleb128 0x13
 1489 004a 00       		.byte	0
 1490 004b 00       		.byte	0
 1491 004c 07       		.uleb128 0x7
 1492 004d 13       		.uleb128 0x13
 1493 004e 01       		.byte	0x1
 1494 004f 03       		.uleb128 0x3
 1495 0050 0E       		.uleb128 0xe
 1496 0051 0B       		.uleb128 0xb
 1497 0052 0B       		.uleb128 0xb
 1498 0053 3A       		.uleb128 0x3a
 1499 0054 0B       		.uleb128 0xb
 1500 0055 3B       		.uleb128 0x3b
 1501 0056 0B       		.uleb128 0xb
 1502 0057 01       		.uleb128 0x1
 1503 0058 13       		.uleb128 0x13
 1504 0059 00       		.byte	0
 1505 005a 00       		.byte	0
 1506 005b 08       		.uleb128 0x8
 1507 005c 0D       		.uleb128 0xd
 1508 005d 00       		.byte	0
 1509 005e 03       		.uleb128 0x3
 1510 005f 0E       		.uleb128 0xe
 1511 0060 3A       		.uleb128 0x3a
 1512 0061 0B       		.uleb128 0xb
 1513 0062 3B       		.uleb128 0x3b
 1514 0063 0B       		.uleb128 0xb
 1515 0064 49       		.uleb128 0x49
 1516 0065 13       		.uleb128 0x13
 1517 0066 38       		.uleb128 0x38
 1518 0067 0B       		.uleb128 0xb
 1519 0068 00       		.byte	0
 1520 0069 00       		.byte	0
 1521 006a 09       		.uleb128 0x9
 1522 006b 2E       		.uleb128 0x2e
 1523 006c 01       		.byte	0x1
 1524 006d 3F       		.uleb128 0x3f
 1525 006e 19       		.uleb128 0x19
 1526 006f 03       		.uleb128 0x3
 1527 0070 0E       		.uleb128 0xe
 1528 0071 3A       		.uleb128 0x3a
 1529 0072 0B       		.uleb128 0xb
 1530 0073 3B       		.uleb128 0x3b
ARM GAS  C:\Users\rnat697\AppData\Local\Temp\ccxepvIa.s 			page 33


 1531 0074 0B       		.uleb128 0xb
 1532 0075 27       		.uleb128 0x27
 1533 0076 19       		.uleb128 0x19
 1534 0077 11       		.uleb128 0x11
 1535 0078 01       		.uleb128 0x1
 1536 0079 12       		.uleb128 0x12
 1537 007a 06       		.uleb128 0x6
 1538 007b 40       		.uleb128 0x40
 1539 007c 18       		.uleb128 0x18
 1540 007d 9642     		.uleb128 0x2116
 1541 007f 19       		.uleb128 0x19
 1542 0080 01       		.uleb128 0x1
 1543 0081 13       		.uleb128 0x13
 1544 0082 00       		.byte	0
 1545 0083 00       		.byte	0
 1546 0084 0A       		.uleb128 0xa
 1547 0085 34       		.uleb128 0x34
 1548 0086 00       		.byte	0
 1549 0087 03       		.uleb128 0x3
 1550 0088 0E       		.uleb128 0xe
 1551 0089 3A       		.uleb128 0x3a
 1552 008a 0B       		.uleb128 0xb
 1553 008b 3B       		.uleb128 0x3b
 1554 008c 0B       		.uleb128 0xb
 1555 008d 49       		.uleb128 0x49
 1556 008e 13       		.uleb128 0x13
 1557 008f 02       		.uleb128 0x2
 1558 0090 18       		.uleb128 0x18
 1559 0091 00       		.byte	0
 1560 0092 00       		.byte	0
 1561 0093 0B       		.uleb128 0xb
 1562 0094 2E       		.uleb128 0x2e
 1563 0095 00       		.byte	0
 1564 0096 3F       		.uleb128 0x3f
 1565 0097 19       		.uleb128 0x19
 1566 0098 03       		.uleb128 0x3
 1567 0099 0E       		.uleb128 0xe
 1568 009a 3A       		.uleb128 0x3a
 1569 009b 0B       		.uleb128 0xb
 1570 009c 3B       		.uleb128 0x3b
 1571 009d 0B       		.uleb128 0xb
 1572 009e 11       		.uleb128 0x11
 1573 009f 01       		.uleb128 0x1
 1574 00a0 12       		.uleb128 0x12
 1575 00a1 06       		.uleb128 0x6
 1576 00a2 40       		.uleb128 0x40
 1577 00a3 18       		.uleb128 0x18
 1578 00a4 9642     		.uleb128 0x2116
 1579 00a6 19       		.uleb128 0x19
 1580 00a7 00       		.byte	0
 1581 00a8 00       		.byte	0
 1582 00a9 0C       		.uleb128 0xc
 1583 00aa 2E       		.uleb128 0x2e
 1584 00ab 00       		.byte	0
 1585 00ac 3F       		.uleb128 0x3f
 1586 00ad 19       		.uleb128 0x19
 1587 00ae 03       		.uleb128 0x3
ARM GAS  C:\Users\rnat697\AppData\Local\Temp\ccxepvIa.s 			page 34


 1588 00af 0E       		.uleb128 0xe
 1589 00b0 3A       		.uleb128 0x3a
 1590 00b1 0B       		.uleb128 0xb
 1591 00b2 3B       		.uleb128 0x3b
 1592 00b3 0B       		.uleb128 0xb
 1593 00b4 11       		.uleb128 0x11
 1594 00b5 01       		.uleb128 0x1
 1595 00b6 12       		.uleb128 0x12
 1596 00b7 06       		.uleb128 0x6
 1597 00b8 40       		.uleb128 0x40
 1598 00b9 18       		.uleb128 0x18
 1599 00ba 9742     		.uleb128 0x2117
 1600 00bc 19       		.uleb128 0x19
 1601 00bd 00       		.byte	0
 1602 00be 00       		.byte	0
 1603 00bf 0D       		.uleb128 0xd
 1604 00c0 2E       		.uleb128 0x2e
 1605 00c1 00       		.byte	0
 1606 00c2 3F       		.uleb128 0x3f
 1607 00c3 19       		.uleb128 0x19
 1608 00c4 03       		.uleb128 0x3
 1609 00c5 0E       		.uleb128 0xe
 1610 00c6 3A       		.uleb128 0x3a
 1611 00c7 0B       		.uleb128 0xb
 1612 00c8 3B       		.uleb128 0x3b
 1613 00c9 0B       		.uleb128 0xb
 1614 00ca 27       		.uleb128 0x27
 1615 00cb 19       		.uleb128 0x19
 1616 00cc 11       		.uleb128 0x11
 1617 00cd 01       		.uleb128 0x1
 1618 00ce 12       		.uleb128 0x12
 1619 00cf 06       		.uleb128 0x6
 1620 00d0 40       		.uleb128 0x40
 1621 00d1 18       		.uleb128 0x18
 1622 00d2 9742     		.uleb128 0x2117
 1623 00d4 19       		.uleb128 0x19
 1624 00d5 00       		.byte	0
 1625 00d6 00       		.byte	0
 1626 00d7 0E       		.uleb128 0xe
 1627 00d8 2E       		.uleb128 0x2e
 1628 00d9 01       		.byte	0x1
 1629 00da 3F       		.uleb128 0x3f
 1630 00db 19       		.uleb128 0x19
 1631 00dc 03       		.uleb128 0x3
 1632 00dd 0E       		.uleb128 0xe
 1633 00de 3A       		.uleb128 0x3a
 1634 00df 0B       		.uleb128 0xb
 1635 00e0 3B       		.uleb128 0x3b
 1636 00e1 0B       		.uleb128 0xb
 1637 00e2 49       		.uleb128 0x49
 1638 00e3 13       		.uleb128 0x13
 1639 00e4 11       		.uleb128 0x11
 1640 00e5 01       		.uleb128 0x1
 1641 00e6 12       		.uleb128 0x12
 1642 00e7 06       		.uleb128 0x6
 1643 00e8 40       		.uleb128 0x40
 1644 00e9 18       		.uleb128 0x18
ARM GAS  C:\Users\rnat697\AppData\Local\Temp\ccxepvIa.s 			page 35


 1645 00ea 9642     		.uleb128 0x2116
 1646 00ec 19       		.uleb128 0x19
 1647 00ed 01       		.uleb128 0x1
 1648 00ee 13       		.uleb128 0x13
 1649 00ef 00       		.byte	0
 1650 00f0 00       		.byte	0
 1651 00f1 0F       		.uleb128 0xf
 1652 00f2 01       		.uleb128 0x1
 1653 00f3 01       		.byte	0x1
 1654 00f4 49       		.uleb128 0x49
 1655 00f5 13       		.uleb128 0x13
 1656 00f6 01       		.uleb128 0x1
 1657 00f7 13       		.uleb128 0x13
 1658 00f8 00       		.byte	0
 1659 00f9 00       		.byte	0
 1660 00fa 10       		.uleb128 0x10
 1661 00fb 21       		.uleb128 0x21
 1662 00fc 00       		.byte	0
 1663 00fd 49       		.uleb128 0x49
 1664 00fe 13       		.uleb128 0x13
 1665 00ff 2F       		.uleb128 0x2f
 1666 0100 05       		.uleb128 0x5
 1667 0101 00       		.byte	0
 1668 0102 00       		.byte	0
 1669 0103 11       		.uleb128 0x11
 1670 0104 05       		.uleb128 0x5
 1671 0105 00       		.byte	0
 1672 0106 03       		.uleb128 0x3
 1673 0107 08       		.uleb128 0x8
 1674 0108 3A       		.uleb128 0x3a
 1675 0109 0B       		.uleb128 0xb
 1676 010a 3B       		.uleb128 0x3b
 1677 010b 0B       		.uleb128 0xb
 1678 010c 49       		.uleb128 0x49
 1679 010d 13       		.uleb128 0x13
 1680 010e 02       		.uleb128 0x2
 1681 010f 18       		.uleb128 0x18
 1682 0110 00       		.byte	0
 1683 0111 00       		.byte	0
 1684 0112 12       		.uleb128 0x12
 1685 0113 2E       		.uleb128 0x2e
 1686 0114 01       		.byte	0x1
 1687 0115 3F       		.uleb128 0x3f
 1688 0116 19       		.uleb128 0x19
 1689 0117 03       		.uleb128 0x3
 1690 0118 0E       		.uleb128 0xe
 1691 0119 3A       		.uleb128 0x3a
 1692 011a 0B       		.uleb128 0xb
 1693 011b 3B       		.uleb128 0x3b
 1694 011c 0B       		.uleb128 0xb
 1695 011d 11       		.uleb128 0x11
 1696 011e 01       		.uleb128 0x1
 1697 011f 12       		.uleb128 0x12
 1698 0120 06       		.uleb128 0x6
 1699 0121 40       		.uleb128 0x40
 1700 0122 18       		.uleb128 0x18
 1701 0123 9642     		.uleb128 0x2116
ARM GAS  C:\Users\rnat697\AppData\Local\Temp\ccxepvIa.s 			page 36


 1702 0125 19       		.uleb128 0x19
 1703 0126 01       		.uleb128 0x1
 1704 0127 13       		.uleb128 0x13
 1705 0128 00       		.byte	0
 1706 0129 00       		.byte	0
 1707 012a 13       		.uleb128 0x13
 1708 012b 34       		.uleb128 0x34
 1709 012c 00       		.byte	0
 1710 012d 03       		.uleb128 0x3
 1711 012e 08       		.uleb128 0x8
 1712 012f 3A       		.uleb128 0x3a
 1713 0130 0B       		.uleb128 0xb
 1714 0131 3B       		.uleb128 0x3b
 1715 0132 0B       		.uleb128 0xb
 1716 0133 49       		.uleb128 0x49
 1717 0134 13       		.uleb128 0x13
 1718 0135 02       		.uleb128 0x2
 1719 0136 18       		.uleb128 0x18
 1720 0137 00       		.byte	0
 1721 0138 00       		.byte	0
 1722 0139 14       		.uleb128 0x14
 1723 013a 35       		.uleb128 0x35
 1724 013b 00       		.byte	0
 1725 013c 49       		.uleb128 0x49
 1726 013d 13       		.uleb128 0x13
 1727 013e 00       		.byte	0
 1728 013f 00       		.byte	0
 1729 0140 15       		.uleb128 0x15
 1730 0141 34       		.uleb128 0x34
 1731 0142 00       		.byte	0
 1732 0143 03       		.uleb128 0x3
 1733 0144 0E       		.uleb128 0xe
 1734 0145 3A       		.uleb128 0x3a
 1735 0146 0B       		.uleb128 0xb
 1736 0147 3B       		.uleb128 0x3b
 1737 0148 05       		.uleb128 0x5
 1738 0149 49       		.uleb128 0x49
 1739 014a 13       		.uleb128 0x13
 1740 014b 3F       		.uleb128 0x3f
 1741 014c 19       		.uleb128 0x19
 1742 014d 3C       		.uleb128 0x3c
 1743 014e 19       		.uleb128 0x19
 1744 014f 00       		.byte	0
 1745 0150 00       		.byte	0
 1746 0151 16       		.uleb128 0x16
 1747 0152 34       		.uleb128 0x34
 1748 0153 00       		.byte	0
 1749 0154 03       		.uleb128 0x3
 1750 0155 08       		.uleb128 0x8
 1751 0156 3A       		.uleb128 0x3a
 1752 0157 0B       		.uleb128 0xb
 1753 0158 3B       		.uleb128 0x3b
 1754 0159 0B       		.uleb128 0xb
 1755 015a 49       		.uleb128 0x49
 1756 015b 13       		.uleb128 0x13
 1757 015c 3F       		.uleb128 0x3f
 1758 015d 19       		.uleb128 0x19
ARM GAS  C:\Users\rnat697\AppData\Local\Temp\ccxepvIa.s 			page 37


 1759 015e 02       		.uleb128 0x2
 1760 015f 18       		.uleb128 0x18
 1761 0160 00       		.byte	0
 1762 0161 00       		.byte	0
 1763 0162 17       		.uleb128 0x17
 1764 0163 34       		.uleb128 0x34
 1765 0164 00       		.byte	0
 1766 0165 03       		.uleb128 0x3
 1767 0166 0E       		.uleb128 0xe
 1768 0167 3A       		.uleb128 0x3a
 1769 0168 0B       		.uleb128 0xb
 1770 0169 3B       		.uleb128 0x3b
 1771 016a 0B       		.uleb128 0xb
 1772 016b 49       		.uleb128 0x49
 1773 016c 13       		.uleb128 0x13
 1774 016d 3F       		.uleb128 0x3f
 1775 016e 19       		.uleb128 0x19
 1776 016f 02       		.uleb128 0x2
 1777 0170 18       		.uleb128 0x18
 1778 0171 00       		.byte	0
 1779 0172 00       		.byte	0
 1780 0173 18       		.uleb128 0x18
 1781 0174 21       		.uleb128 0x21
 1782 0175 00       		.byte	0
 1783 0176 49       		.uleb128 0x49
 1784 0177 13       		.uleb128 0x13
 1785 0178 2F       		.uleb128 0x2f
 1786 0179 0B       		.uleb128 0xb
 1787 017a 00       		.byte	0
 1788 017b 00       		.byte	0
 1789 017c 00       		.byte	0
 1790              		.section	.debug_aranges,"",%progbits
 1791 0000 74000000 		.4byte	0x74
 1792 0004 0200     		.2byte	0x2
 1793 0006 00000000 		.4byte	.Ldebug_info0
 1794 000a 04       		.byte	0x4
 1795 000b 00       		.byte	0
 1796 000c 0000     		.2byte	0
 1797 000e 0000     		.2byte	0
 1798 0010 00000000 		.4byte	.LFB64
 1799 0014 52000000 		.4byte	.LFE64-.LFB64
 1800 0018 00000000 		.4byte	.LFB65
 1801 001c 14000000 		.4byte	.LFE65-.LFB65
 1802 0020 00000000 		.4byte	.LFB66
 1803 0024 14000000 		.4byte	.LFE66-.LFB66
 1804 0028 00000000 		.4byte	.LFB67
 1805 002c 14000000 		.4byte	.LFE67-.LFB67
 1806 0030 00000000 		.4byte	.LFB68
 1807 0034 0C000000 		.4byte	.LFE68-.LFB68
 1808 0038 00000000 		.4byte	.LFB69
 1809 003c 0C000000 		.4byte	.LFE69-.LFB69
 1810 0040 00000000 		.4byte	.LFB70
 1811 0044 0C000000 		.4byte	.LFE70-.LFB70
 1812 0048 00000000 		.4byte	.LFB71
 1813 004c 0C000000 		.4byte	.LFE71-.LFB71
 1814 0050 00000000 		.4byte	.LFB72
 1815 0054 10010000 		.4byte	.LFE72-.LFB72
ARM GAS  C:\Users\rnat697\AppData\Local\Temp\ccxepvIa.s 			page 38


 1816 0058 00000000 		.4byte	.LFB73
 1817 005c 3E000000 		.4byte	.LFE73-.LFB73
 1818 0060 00000000 		.4byte	.LFB74
 1819 0064 26000000 		.4byte	.LFE74-.LFB74
 1820 0068 00000000 		.4byte	.LFB75
 1821 006c C8000000 		.4byte	.LFE75-.LFB75
 1822 0070 00000000 		.4byte	0
 1823 0074 00000000 		.4byte	0
 1824              		.section	.debug_ranges,"",%progbits
 1825              	.Ldebug_ranges0:
 1826 0000 00000000 		.4byte	.LFB64
 1827 0004 52000000 		.4byte	.LFE64
 1828 0008 00000000 		.4byte	.LFB65
 1829 000c 14000000 		.4byte	.LFE65
 1830 0010 00000000 		.4byte	.LFB66
 1831 0014 14000000 		.4byte	.LFE66
 1832 0018 00000000 		.4byte	.LFB67
 1833 001c 14000000 		.4byte	.LFE67
 1834 0020 00000000 		.4byte	.LFB68
 1835 0024 0C000000 		.4byte	.LFE68
 1836 0028 00000000 		.4byte	.LFB69
 1837 002c 0C000000 		.4byte	.LFE69
 1838 0030 00000000 		.4byte	.LFB70
 1839 0034 0C000000 		.4byte	.LFE70
 1840 0038 00000000 		.4byte	.LFB71
 1841 003c 0C000000 		.4byte	.LFE71
 1842 0040 00000000 		.4byte	.LFB72
 1843 0044 10010000 		.4byte	.LFE72
 1844 0048 00000000 		.4byte	.LFB73
 1845 004c 3E000000 		.4byte	.LFE73
 1846 0050 00000000 		.4byte	.LFB74
 1847 0054 26000000 		.4byte	.LFE74
 1848 0058 00000000 		.4byte	.LFB75
 1849 005c C8000000 		.4byte	.LFE75
 1850 0060 00000000 		.4byte	0
 1851 0064 00000000 		.4byte	0
 1852              		.section	.debug_line,"",%progbits
 1853              	.Ldebug_line0:
 1854 0000 9D020000 		.section	.debug_str,"MS",%progbits,1
 1854      02005601 
 1854      00000201 
 1854      FB0E0D00 
 1854      01010101 
 1855              	.LASF41:
 1856 0000 6D6F746F 		.ascii	"motorStop\000"
 1856      7253746F 
 1856      7000
 1857              	.LASF59:
 1858 000a 74735F65 		.ascii	"ts_enc\000"
 1858      6E6300
 1859              	.LASF19:
 1860 0011 646F7562 		.ascii	"double\000"
 1860      6C6500
 1861              	.LASF68:
 1862 0018 666C6167 		.ascii	"flag_packet\000"
 1862      5F706163 
 1862      6B657400 
ARM GAS  C:\Users\rnat697\AppData\Local\Temp\ccxepvIa.s 			page 39


 1863              	.LASF54:
 1864 0024 75736250 		.ascii	"usbPutChar\000"
 1864      75744368 
 1864      617200
 1865              	.LASF45:
 1866 002f 6973725F 		.ascii	"isr_eoc_Interrupt_test\000"
 1866      656F635F 
 1866      496E7465 
 1866      72727570 
 1866      745F7465 
 1867              	.LASF40:
 1868 0046 6D6F746F 		.ascii	"motorGoBackwards\000"
 1868      72476F42 
 1868      61636B77 
 1868      61726473 
 1868      00
 1869              	.LASF65:
 1870 0057 666C6167 		.ascii	"flag_ts_speed\000"
 1870      5F74735F 
 1870      73706565 
 1870      6400
 1871              	.LASF33:
 1872 0065 67325F78 		.ascii	"g2_xpos\000"
 1872      706F7300 
 1873              	.LASF2:
 1874 006d 73686F72 		.ascii	"short int\000"
 1874      7420696E 
 1874      7400
 1875              	.LASF76:
 1876 0077 73797374 		.ascii	"system_state\000"
 1876      656D5F73 
 1876      74617465 
 1876      00
 1877              	.LASF10:
 1878 0084 73697A65 		.ascii	"sizetype\000"
 1878      74797065 
 1878      00
 1879              	.LASF75:
 1880 008d 75736242 		.ascii	"usbBuffer\000"
 1880      75666665 
 1880      7200
 1881              	.LASF77:
 1882 0097 474E5520 		.ascii	"GNU C11 5.4.1 20160609 (release) [ARM/embedded-5-br"
 1882      43313120 
 1882      352E342E 
 1882      31203230 
 1882      31363036 
 1883 00ca 616E6368 		.ascii	"anch revision 237715] -mcpu=cortex-m3 -mthumb -g -O"
 1883      20726576 
 1883      6973696F 
 1883      6E203233 
 1883      37373135 
 1884 00fd 30202D66 		.ascii	"0 -ffunction-sections -ffat-lto-objects\000"
 1884      66756E63 
 1884      74696F6E 
 1884      2D736563 
 1884      74696F6E 
ARM GAS  C:\Users\rnat697\AppData\Local\Temp\ccxepvIa.s 			page 40


 1885              	.LASF46:
 1886 0125 6D61696E 		.ascii	"main\000"
 1886      00
 1887              	.LASF38:
 1888 012a 76616C75 		.ascii	"value\000"
 1888      6500
 1889              	.LASF44:
 1890 0130 6D6F746F 		.ascii	"motorUTurn\000"
 1890      72555475 
 1890      726E00
 1891              	.LASF15:
 1892 013b 75696E74 		.ascii	"uint16\000"
 1892      313600
 1893              	.LASF21:
 1894 0142 696E6465 		.ascii	"index\000"
 1894      7800
 1895              	.LASF17:
 1896 0148 696E7431 		.ascii	"int16\000"
 1896      3600
 1897              	.LASF14:
 1898 014e 75696E74 		.ascii	"uint8\000"
 1898      3800
 1899              	.LASF79:
 1900 0154 5C5C6669 		.ascii	"\\\\files.auckland.ac.nz\\myhome\\Documents\\GitHub"
 1900      6C65732E 
 1900      6175636B 
 1900      6C616E64 
 1900      2E61632E 
 1901 0182 5C70726F 		.ascii	"\\project-project_group_11\\COMPSYS 301\\psoc stude"
 1901      6A656374 
 1901      2D70726F 
 1901      6A656374 
 1901      5F67726F 
 1902 01b2 6E742070 		.ascii	"nt pack\\psoc student pack\\psoc_code_base\\CS301_C"
 1902      61636B5C 
 1902      70736F63 
 1902      20737475 
 1902      64656E74 
 1903 01e2 6C617373 		.ascii	"lass.cydsn\000"
 1903      2E637964 
 1903      736E00
 1904              	.LASF73:
 1905 01ed 6C696E65 		.ascii	"line\000"
 1905      00
 1906              	.LASF18:
 1907 01f2 666C6F61 		.ascii	"float\000"
 1907      7400
 1908              	.LASF81:
 1909 01f8 6973725F 		.ascii	"isr_motor_interrupt_speed\000"
 1909      6D6F746F 
 1909      725F696E 
 1909      74657272 
 1909      7570745F 
 1910              	.LASF6:
 1911 0212 6C6F6E67 		.ascii	"long long int\000"
 1911      206C6F6E 
 1911      6720696E 
ARM GAS  C:\Users\rnat697\AppData\Local\Temp\ccxepvIa.s 			page 41


 1911      7400
 1912              	.LASF53:
 1913 0220 75736250 		.ascii	"usbPutString\000"
 1913      75745374 
 1913      72696E67 
 1913      00
 1914              	.LASF16:
 1915 022d 696E7438 		.ascii	"int8\000"
 1915      00
 1916              	.LASF64:
 1917 0232 666C6167 		.ascii	"flag_ts_update\000"
 1917      5F74735F 
 1917      75706461 
 1917      746500
 1918              	.LASF34:
 1919 0241 67325F79 		.ascii	"g2_ypos\000"
 1919      706F7300 
 1920              	.LASF28:
 1921 0249 67305F64 		.ascii	"g0_direction\000"
 1921      69726563 
 1921      74696F6E 
 1921      00
 1922              	.LASF25:
 1923 0256 67305F78 		.ascii	"g0_xpos\000"
 1923      706F7300 
 1924              	.LASF4:
 1925 025e 6C6F6E67 		.ascii	"long int\000"
 1925      20696E74 
 1925      00
 1926              	.LASF47:
 1927 0267 62656769 		.ascii	"beginningCountMotor1\000"
 1927      6E6E696E 
 1927      67436F75 
 1927      6E744D6F 
 1927      746F7231 
 1928              	.LASF48:
 1929 027c 62656769 		.ascii	"beginningCountMotor2\000"
 1929      6E6E696E 
 1929      67436F75 
 1929      6E744D6F 
 1929      746F7232 
 1930              	.LASF51:
 1931 0291 6D6F746F 		.ascii	"motor1String\000"
 1931      72315374 
 1931      72696E67 
 1931      00
 1932              	.LASF66:
 1933 029e 666C6167 		.ascii	"flag_ts_display\000"
 1933      5F74735F 
 1933      64697370 
 1933      6C617900 
 1934              	.LASF67:
 1935 02ae 666C6167 		.ascii	"flag_rx\000"
 1935      5F727800 
 1936              	.LASF50:
 1937 02b6 656E6443 		.ascii	"endCountMotor1\000"
 1937      6F756E74 
ARM GAS  C:\Users\rnat697\AppData\Local\Temp\ccxepvIa.s 			page 42


 1937      4D6F746F 
 1937      723100
 1938              	.LASF49:
 1939 02c5 656E6443 		.ascii	"endCountMotor2\000"
 1939      6F756E74 
 1939      4D6F746F 
 1939      723200
 1940              	.LASF74:
 1941 02d4 656E7472 		.ascii	"entry\000"
 1941      7900
 1942              	.LASF9:
 1943 02da 6C6F6E67 		.ascii	"long double\000"
 1943      20646F75 
 1943      626C6500 
 1944              	.LASF1:
 1945 02e6 756E7369 		.ascii	"unsigned char\000"
 1945      676E6564 
 1945      20636861 
 1945      7200
 1946              	.LASF27:
 1947 02f4 67305F73 		.ascii	"g0_speed\000"
 1947      70656564 
 1947      00
 1948              	.LASF70:
 1949 02fd 64617461 		.ascii	"dataready_flag\000"
 1949      72656164 
 1949      795F666C 
 1949      616700
 1950              	.LASF0:
 1951 030c 7369676E 		.ascii	"signed char\000"
 1951      65642063 
 1951      68617200 
 1952              	.LASF7:
 1953 0318 6C6F6E67 		.ascii	"long long unsigned int\000"
 1953      206C6F6E 
 1953      6720756E 
 1953      7369676E 
 1953      65642069 
 1954              	.LASF8:
 1955 032f 756E7369 		.ascii	"unsigned int\000"
 1955      676E6564 
 1955      20696E74 
 1955      00
 1956              	.LASF69:
 1957 033c 666C6167 		.ascii	"flag_KB_string\000"
 1957      5F4B425F 
 1957      73747269 
 1957      6E6700
 1958              	.LASF56:
 1959 034b 75736242 		.ascii	"usbBufCount\000"
 1959      7566436F 
 1959      756E7400 
 1960              	.LASF35:
 1961 0357 67325F73 		.ascii	"g2_speed\000"
 1961      70656564 
 1961      00
 1962              	.LASF29:
ARM GAS  C:\Users\rnat697\AppData\Local\Temp\ccxepvIa.s 			page 43


 1963 0360 67315F78 		.ascii	"g1_xpos\000"
 1963      706F7300 
 1964              	.LASF3:
 1965 0368 73686F72 		.ascii	"short unsigned int\000"
 1965      7420756E 
 1965      7369676E 
 1965      65642069 
 1965      6E7400
 1966              	.LASF80:
 1967 037b 64617461 		.ascii	"data_main\000"
 1967      5F6D6169 
 1967      6E00
 1968              	.LASF11:
 1969 0385 63686172 		.ascii	"char\000"
 1969      00
 1970              	.LASF22:
 1971 038a 726F626F 		.ascii	"robot_xpos\000"
 1971      745F7870 
 1971      6F7300
 1972              	.LASF13:
 1973 0395 696E7433 		.ascii	"int32_t\000"
 1973      325F7400 
 1974              	.LASF30:
 1975 039d 67315F79 		.ascii	"g1_ypos\000"
 1975      706F7300 
 1976              	.LASF36:
 1977 03a5 67325F64 		.ascii	"g2_direction\000"
 1977      69726563 
 1977      74696F6E 
 1977      00
 1978              	.LASF31:
 1979 03b2 67315F73 		.ascii	"g1_speed\000"
 1979      70656564 
 1979      00
 1980              	.LASF37:
 1981 03bb 6368616E 		.ascii	"channel\000"
 1981      6E656C00 
 1982              	.LASF78:
 1983 03c3 6D61696E 		.ascii	"main.c\000"
 1983      2E6300
 1984              	.LASF5:
 1985 03ca 6C6F6E67 		.ascii	"long unsigned int\000"
 1985      20756E73 
 1985      69676E65 
 1985      6420696E 
 1985      7400
 1986              	.LASF55:
 1987 03dc 75736253 		.ascii	"usbStarted\000"
 1987      74617274 
 1987      656400
 1988              	.LASF61:
 1989 03e7 74735F73 		.ascii	"ts_speed\000"
 1989      70656564 
 1989      00
 1990              	.LASF57:
 1991 03f0 636F756E 		.ascii	"count\000"
 1991      7400
ARM GAS  C:\Users\rnat697\AppData\Local\Temp\ccxepvIa.s 			page 44


 1992              	.LASF63:
 1993 03f6 666C6167 		.ascii	"flag_ts_enc\000"
 1993      5F74735F 
 1993      656E6300 
 1994              	.LASF12:
 1995 0402 5F5F696E 		.ascii	"__int32_t\000"
 1995      7433325F 
 1995      7400
 1996              	.LASF42:
 1997 040c 6D6F746F 		.ascii	"motorTurnLeft\000"
 1997      72547572 
 1997      6E4C6566 
 1997      7400
 1998              	.LASF39:
 1999 041a 6D6F746F 		.ascii	"motorGoStraight\000"
 1999      72476F53 
 1999      74726169 
 1999      67687400 
 2000              	.LASF26:
 2001 042a 67305F79 		.ascii	"g0_ypos\000"
 2001      706F7300 
 2002              	.LASF62:
 2003 0432 74735F64 		.ascii	"ts_display\000"
 2003      6973706C 
 2003      617900
 2004              	.LASF60:
 2005 043d 74735F75 		.ascii	"ts_update\000"
 2005      70646174 
 2005      6500
 2006              	.LASF82:
 2007 0447 68616E64 		.ascii	"handle_usb\000"
 2007      6C655F75 
 2007      736200
 2008              	.LASF71:
 2009 0452 666C6167 		.ascii	"flag_rf_transmission_active\000"
 2009      5F72665F 
 2009      7472616E 
 2009      736D6973 
 2009      73696F6E 
 2010              	.LASF23:
 2011 046e 726F626F 		.ascii	"robot_ypos\000"
 2011      745F7970 
 2011      6F7300
 2012              	.LASF58:
 2013 0479 49544D5F 		.ascii	"ITM_RxBuffer\000"
 2013      52784275 
 2013      66666572 
 2013      00
 2014              	.LASF72:
 2015 0486 64697370 		.ascii	"displaystring\000"
 2015      6C617973 
 2015      7472696E 
 2015      6700
 2016              	.LASF52:
 2017 0494 6D6F746F 		.ascii	"motor2String\000"
 2017      72325374 
 2017      72696E67 
ARM GAS  C:\Users\rnat697\AppData\Local\Temp\ccxepvIa.s 			page 45


 2017      00
 2018              	.LASF32:
 2019 04a1 67315F64 		.ascii	"g1_direction\000"
 2019      69726563 
 2019      74696F6E 
 2019      00
 2020              	.LASF43:
 2021 04ae 6D6F746F 		.ascii	"motorTurnRight\000"
 2021      72547572 
 2021      6E526967 
 2021      687400
 2022              	.LASF20:
 2023 04bd 72737369 		.ascii	"rssi\000"
 2023      00
 2024              	.LASF24:
 2025 04c2 726F626F 		.ascii	"robot_orientation\000"
 2025      745F6F72 
 2025      69656E74 
 2025      6174696F 
 2025      6E00
 2026              		.ident	"GCC: (GNU Tools for ARM Embedded Processors) 5.4.1 20160609 (release) [ARM/embedded-5-bran
