--------------- Build Started: 07/28/2022 16:33:27 Project: lab2, Configuration: ARM GCC 5.4-2016-q2-update Debug ---------------
cydsfit.exe -.appdatapath "C:\Users\smiy200\AppData\Local\Cypress Semiconductor\PSoC Creator\4.2" -.fdsnotice -.fdswarpdepfile=warp_dependencies.txt -.fdselabdepfile=elab_dependencies.txt -.fdsbldfile=generated_files.txt -.fdsreffile=referenced_files.txt -p "\\files.auckland.ac.nz\myhome\Desktop\COMPSYS 301\psoc student pack\psoc student pack\lab exercise\psoc_intro 4.0\lab2.cydsn\lab2.cyprj" -d CY8C5888LTI-LP097 -s "\\files.auckland.ac.nz\myhome\Desktop\COMPSYS 301\psoc student pack\psoc student pack\lab exercise\psoc_intro 4.0\lab2.cydsn\Generated_Source\PSoC5" -- -yv2 -q10 -ygs -o2 -v3 -.fftcfgtype=LE
Elaborating Design...
HDL Generation...
Synthesis...
Tech Mapping...
Analog Placement...
Analog Routing...
Analog Code Generation...
Digital Placement...
Digital Routing...
Bitstream Generation...
Bitstream Verification...
Static timing analysis...
API Generation...
Dependency Generation...
Cleanup...
arm-none-eabi-gcc.exe -mcpu=cortex-m3 -mthumb -I. -IGenerated_Source\PSoC5 -Wa,-alh=.\ARM_GCC_541\Debug/cyfitter_cfg.lst -g -D DEBUG -Wall -ffunction-sections -ffat-lto-objects -Og -c Generated_Source\PSoC5\cyfitter_cfg.c -o .\ARM_GCC_541\Debug\cyfitter_cfg.o
arm-none-eabi-ar.exe -rs .\ARM_GCC_541\Debug\lab2.a .\ARM_GCC_541\Debug\LED.o .\ARM_GCC_541\Debug\CyDmac.o .\ARM_GCC_541\Debug\CyFlash.o .\ARM_GCC_541\Debug\CyLib.o .\ARM_GCC_541\Debug\cyPm.o .\ARM_GCC_541\Debug\CySpc.o .\ARM_GCC_541\Debug\cyutils.o .\ARM_GCC_541\Debug\Timer_1.o .\ARM_GCC_541\Debug\Timer_1_PM.o .\ARM_GCC_541\Debug\timer_clock.o .\ARM_GCC_541\Debug\cy_em_eeprom.o .\ARM_GCC_541\Debug\CyBootAsmGnu.o
arm-none-eabi-ar.exe: creating .\ARM_GCC_541\Debug\lab2.a
arm-none-eabi-gcc.exe -Wl,--start-group -o "\\files.auckland.ac.nz\myhome\Desktop\COMPSYS 301\psoc student pack\psoc student pack\lab exercise\psoc_intro 4.0\lab2.cydsn\ARM_GCC_541\Debug\lab2.elf" .\ARM_GCC_541\Debug\main.o .\ARM_GCC_541\Debug\cyfitter_cfg.o .\ARM_GCC_541\Debug\cymetadata.o .\ARM_GCC_541\Debug\Cm3Start.o .\ARM_GCC_541\Debug\lab2.a "C:\Program Files (x86)\Cypress\PSoC Creator\4.2\PSoC Creator\psoc\content\cycomponentlibrary\CyComponentLibrary.cylib\CortexM3\ARM_GCC_541\Debug\CyComponentLibrary.a" -mcpu=cortex-m3 -mthumb -L Generated_Source\PSoC5 -Wl,-Map,.\ARM_GCC_541\Debug/lab2.map -T Generated_Source\PSoC5\cm3gcc.ld -specs=nano.specs -Wl,--gc-sections -g -ffunction-sections -Og -ffat-lto-objects -Wl,--end-group
cyelftool.exe -C "\\files.auckland.ac.nz\myhome\Desktop\COMPSYS 301\psoc student pack\psoc student pack\lab exercise\psoc_intro 4.0\lab2.cydsn\ARM_GCC_541\Debug\lab2.elf" --flash_row_size 256 --flash_size 262144 --flash_offset 0x00000000
No ELF section .cychecksum found, creating one
Application checksum calculated and stored in ELF section .cychecksum
Checksum calculated and stored in ELF section .cymeta
cyelftool.exe -S "\\files.auckland.ac.nz\myhome\Desktop\COMPSYS 301\psoc student pack\psoc student pack\lab exercise\psoc_intro 4.0\lab2.cydsn\ARM_GCC_541\Debug\lab2.elf"
Flash used: 1398 of 262144 bytes (0.5%).
SRAM used: 2505 of 65536 bytes (3.8%). Stack: 2048 bytes. Heap: 128 bytes.
--------------- Build Succeeded: 07/28/2022 16:33:50 ---------------
