ARM GAS  C:\Users\smiy200\AppData\Local\Temp\ccu3Dt5N.s 			page 1


   1              		.syntax unified
   2              		.cpu cortex-m3
   3              		.fpu softvfp
   4              		.eabi_attribute 20, 1
   5              		.eabi_attribute 21, 1
   6              		.eabi_attribute 23, 3
   7              		.eabi_attribute 24, 1
   8              		.eabi_attribute 25, 1
   9              		.eabi_attribute 26, 1
  10              		.eabi_attribute 30, 1
  11              		.eabi_attribute 34, 1
  12              		.eabi_attribute 18, 4
  13              		.thumb
  14              		.syntax unified
  15              		.file	"cymetadata.c"
  16              		.text
  17              	.Ltext0:
  18              		.cfi_sections	.debug_frame
  19              		.global	cy_metadata
  20              		.global	cy_meta_flashprotect
  21              		.global	cy_meta_wonvl
  22              		.global	cy_meta_custnvl
  23              		.global	cy_meta_configecc
  24              		.section	.cyconfigecc,"a",%progbits
  25              		.align	2
  26              		.type	cy_meta_configecc, %object
  27              		.size	cy_meta_configecc, 300
  28              	cy_meta_configecc:
  29 0000 01       		.byte	1
  30 0001 45       		.byte	69
  31 0002 00       		.byte	0
  32 0003 40       		.byte	64
  33 0004 02       		.byte	2
  34 0005 4F       		.byte	79
  35 0006 00       		.byte	0
  36 0007 40       		.byte	64
  37 0008 01       		.byte	1
  38 0009 52       		.byte	82
  39 000a 00       		.byte	0
  40 000b 40       		.byte	64
  41 000c 01       		.byte	1
  42 000d 01       		.byte	1
  43 000e 01       		.byte	1
  44 000f 40       		.byte	64
  45 0010 01       		.byte	1
  46 0011 03       		.byte	3
  47 0012 01       		.byte	1
  48 0013 40       		.byte	64
  49 0014 01       		.byte	1
  50 0015 07       		.byte	7
  51 0016 01       		.byte	1
  52 0017 40       		.byte	64
  53 0018 01       		.byte	1
  54 0019 09       		.byte	9
  55 001a 01       		.byte	1
  56 001b 40       		.byte	64
  57 001c 04       		.byte	4
ARM GAS  C:\Users\smiy200\AppData\Local\Temp\ccu3Dt5N.s 			page 2


  58 001d 0A       		.byte	10
  59 001e 01       		.byte	1
  60 001f 40       		.byte	64
  61 0020 01       		.byte	1
  62 0021 0B       		.byte	11
  63 0022 01       		.byte	1
  64 0023 40       		.byte	64
  65 0024 01       		.byte	1
  66 0025 0D       		.byte	13
  67 0026 01       		.byte	1
  68 0027 40       		.byte	64
  69 0028 01       		.byte	1
  70 0029 0F       		.byte	15
  71 002a 01       		.byte	1
  72 002b 40       		.byte	64
  73 002c 01       		.byte	1
  74 002d 15       		.byte	21
  75 002e 01       		.byte	1
  76 002f 40       		.byte	64
  77 0030 02       		.byte	2
  78 0031 17       		.byte	23
  79 0032 01       		.byte	1
  80 0033 40       		.byte	64
  81 0034 02       		.byte	2
  82 0035 19       		.byte	25
  83 0036 01       		.byte	1
  84 0037 40       		.byte	64
  85 0038 01       		.byte	1
  86 0039 1B       		.byte	27
  87 003a 01       		.byte	1
  88 003b 40       		.byte	64
  89 003c 09       		.byte	9
  90 003d 40       		.byte	64
  91 003e 01       		.byte	1
  92 003f 40       		.byte	64
  93 0040 05       		.byte	5
  94 0041 41       		.byte	65
  95 0042 01       		.byte	1
  96 0043 40       		.byte	64
  97 0044 04       		.byte	4
  98 0045 42       		.byte	66
  99 0046 01       		.byte	1
 100 0047 40       		.byte	64
 101 0048 04       		.byte	4
 102 0049 43       		.byte	67
 103 004a 01       		.byte	1
 104 004b 40       		.byte	64
 105 004c 01       		.byte	1
 106 004d 44       		.byte	68
 107 004e 01       		.byte	1
 108 004f 40       		.byte	64
 109 0050 02       		.byte	2
 110 0051 45       		.byte	69
 111 0052 01       		.byte	1
 112 0053 40       		.byte	64
 113 0054 02       		.byte	2
 114 0055 46       		.byte	70
ARM GAS  C:\Users\smiy200\AppData\Local\Temp\ccu3Dt5N.s 			page 3


 115 0056 01       		.byte	1
 116 0057 40       		.byte	64
 117 0058 06       		.byte	6
 118 0059 47       		.byte	71
 119 005a 01       		.byte	1
 120 005b 40       		.byte	64
 121 005c 05       		.byte	5
 122 005d 48       		.byte	72
 123 005e 01       		.byte	1
 124 005f 40       		.byte	64
 125 0060 02       		.byte	2
 126 0061 49       		.byte	73
 127 0062 01       		.byte	1
 128 0063 40       		.byte	64
 129 0064 06       		.byte	6
 130 0065 4C       		.byte	76
 131 0066 01       		.byte	1
 132 0067 40       		.byte	64
 133 0068 01       		.byte	1
 134 0069 4D       		.byte	77
 135 006a 01       		.byte	1
 136 006b 40       		.byte	64
 137 006c 02       		.byte	2
 138 006d 51       		.byte	81
 139 006e 01       		.byte	1
 140 006f 40       		.byte	64
 141 0070 7E       		.byte	126
 142 0071 02       		.byte	2
 143 0072 01       		.byte	1
 144 0073 80       		.byte	-128
 145 0074 0A       		.byte	10
 146 0075 4B       		.byte	75
 147 0076 7C       		.byte	124
 148 0077 40       		.byte	64
 149 0078 E2       		.byte	-30
 150 0079 04       		.byte	4
 151 007a E6       		.byte	-26
 152 007b 02       		.byte	2
 153 007c EE       		.byte	-18
 154 007d 08       		.byte	8
 155 007e AF       		.byte	-81
 156 007f 20       		.byte	32
 157 0080 B8       		.byte	-72
 158 0081 20       		.byte	32
 159 0082 BE       		.byte	-66
 160 0083 10       		.byte	16
 161 0084 D8       		.byte	-40
 162 0085 04       		.byte	4
 163 0086 DF       		.byte	-33
 164 0087 01       		.byte	1
 165 0088 1F       		.byte	31
 166 0089 20       		.byte	32
 167 008a E6       		.byte	-26
 168 008b 02       		.byte	2
 169 008c E2       		.byte	-30
 170 008d 04       		.byte	4
 171 008e EE       		.byte	-18
ARM GAS  C:\Users\smiy200\AppData\Local\Temp\ccu3Dt5N.s 			page 4


 172 008f 02       		.byte	2
 173 0090 E2       		.byte	-30
 174 0091 20       		.byte	32
 175 0092 EE       		.byte	-18
 176 0093 02       		.byte	2
 177 0094 E2       		.byte	-30
 178 0095 20       		.byte	32
 179 0096 EE       		.byte	-18
 180 0097 02       		.byte	2
 181 0098 EE       		.byte	-18
 182 0099 02       		.byte	2
 183 009a 30       		.byte	48
 184 009b 02       		.byte	2
 185 009c 32       		.byte	50
 186 009d 20       		.byte	32
 187 009e 34       		.byte	52
 188 009f 02       		.byte	2
 189 00a0 36       		.byte	54
 190 00a1 40       		.byte	64
 191 00a2 3B       		.byte	59
 192 00a3 40       		.byte	64
 193 00a4 80       		.byte	-128
 194 00a5 02       		.byte	2
 195 00a6 CC       		.byte	-52
 196 00a7 F0       		.byte	-16
 197 00a8 CE       		.byte	-50
 198 00a9 10       		.byte	16
 199 00aa E2       		.byte	-30
 200 00ab 20       		.byte	32
 201 00ac 84       		.byte	-124
 202 00ad 02       		.byte	2
 203 00ae 97       		.byte	-105
 204 00af 40       		.byte	64
 205 00b0 9C       		.byte	-100
 206 00b1 02       		.byte	2
 207 00b2 A6       		.byte	-90
 208 00b3 60       		.byte	96
 209 00b4 E6       		.byte	-26
 210 00b5 40       		.byte	64
 211 00b6 63       		.byte	99
 212 00b7 02       		.byte	2
 213 00b8 97       		.byte	-105
 214 00b9 40       		.byte	64
 215 00ba A6       		.byte	-90
 216 00bb 60       		.byte	96
 217 00bc D6       		.byte	-42
 218 00bd 40       		.byte	64
 219 00be 97       		.byte	-105
 220 00bf 40       		.byte	64
 221 00c0 A6       		.byte	-90
 222 00c1 60       		.byte	96
 223 00c2 AF       		.byte	-81
 224 00c3 01       		.byte	1
 225 00c4 EE       		.byte	-18
 226 00c5 10       		.byte	16
 227 00c6 82       		.byte	-126
 228 00c7 40       		.byte	64
ARM GAS  C:\Users\smiy200\AppData\Local\Temp\ccu3Dt5N.s 			page 5


 229 00c8 84       		.byte	-124
 230 00c9 80       		.byte	-128
 231 00ca 96       		.byte	-106
 232 00cb 40       		.byte	64
 233 00cc 96       		.byte	-106
 234 00cd 40       		.byte	64
 235 00ce 9C       		.byte	-100
 236 00cf 80       		.byte	-128
 237 00d0 08       		.byte	8
 238 00d1 80       		.byte	-128
 239 00d2 0B       		.byte	11
 240 00d3 40       		.byte	64
 241 00d4 0E       		.byte	14
 242 00d5 40       		.byte	64
 243 00d6 96       		.byte	-106
 244 00d7 40       		.byte	64
 245 00d8 9C       		.byte	-100
 246 00d9 80       		.byte	-128
 247 00da C2       		.byte	-62
 248 00db 0E       		.byte	14
 249 00dc 8A       		.byte	-118
 250 00dd 20       		.byte	32
 251 00de 97       		.byte	-105
 252 00df 40       		.byte	64
 253 00e0 A6       		.byte	-90
 254 00e1 20       		.byte	32
 255 00e2 AE       		.byte	-82
 256 00e3 40       		.byte	64
 257 00e4 EE       		.byte	-18
 258 00e5 40       		.byte	64
 259 00e6 AF       		.byte	-81
 260 00e7 40       		.byte	64
 261 00e8 EE       		.byte	-18
 262 00e9 40       		.byte	64
 263 00ea 1C       		.byte	28
 264 00eb 08       		.byte	8
 265 00ec 1F       		.byte	31
 266 00ed 10       		.byte	16
 267 00ee 88       		.byte	-120
 268 00ef 04       		.byte	4
 269 00f0 AF       		.byte	-81
 270 00f1 40       		.byte	64
 271 00f2 C6       		.byte	-58
 272 00f3 01       		.byte	1
 273 00f4 E2       		.byte	-30
 274 00f5 04       		.byte	4
 275 00f6 AF       		.byte	-81
 276 00f7 10       		.byte	16
 277 00f8 00       		.byte	0
 278 00f9 AB       		.byte	-85
 279 00fa 01       		.byte	1
 280 00fb 03       		.byte	3
 281 00fc 00       		.byte	0
 282 00fd 00       		.byte	0
 283 00fe 00       		.byte	0
 284 00ff 00       		.byte	0
 285 0100 00       		.byte	0
ARM GAS  C:\Users\smiy200\AppData\Local\Temp\ccu3Dt5N.s 			page 6


 286 0101 00       		.byte	0
 287 0102 14       		.byte	20
 288 0103 00       		.byte	0
 289 0104 40       		.byte	64
 290 0105 00       		.byte	0
 291 0106 00       		.byte	0
 292 0107 00       		.byte	0
 293 0108 00       		.byte	0
 294 0109 00       		.byte	0
 295 010a 00       		.byte	0
 296 010b 00       		.byte	0
 297 010c C0       		.byte	-64
 298 010d 00       		.byte	0
 299 010e 00       		.byte	0
 300 010f 00       		.byte	0
 301 0110 00       		.byte	0
 302 0111 0B       		.byte	11
 303 0112 0B       		.byte	11
 304 0113 00       		.byte	0
 305 0114 00       		.byte	0
 306 0115 00       		.byte	0
 307 0116 00       		.byte	0
 308 0117 00       		.byte	0
 309 0118 00       		.byte	0
 310 0119 02       		.byte	2
 311 011a 02       		.byte	2
 312 011b 00       		.byte	0
 313 011c 00       		.byte	0
 314 011d 00       		.byte	0
 315 011e 00       		.byte	0
 316 011f 00       		.byte	0
 317 0120 00       		.byte	0
 318 0121 00       		.byte	0
 319 0122 00       		.byte	0
 320 0123 00       		.byte	0
 321 0124 00       		.byte	0
 322 0125 00       		.byte	0
 323 0126 80       		.byte	-128
 324 0127 00       		.byte	0
 325 0128 02       		.byte	2
 326 0129 00       		.byte	0
 327 012a 18       		.byte	24
 328 012b 01       		.byte	1
 329              		.section	.cywolatch,"a",%progbits
 330              		.align	2
 331              		.type	cy_meta_wonvl, %object
 332              		.size	cy_meta_wonvl, 4
 333              	cy_meta_wonvl:
 334 0000 BC       		.byte	-68
 335 0001 90       		.byte	-112
 336 0002 AC       		.byte	-84
 337 0003 AF       		.byte	-81
 338              		.section	.cycustnvl,"a",%progbits
 339              		.align	2
 340              		.type	cy_meta_custnvl, %object
 341              		.size	cy_meta_custnvl, 4
 342              	cy_meta_custnvl:
ARM GAS  C:\Users\smiy200\AppData\Local\Temp\ccu3Dt5N.s 			page 7


 343 0000 00       		.byte	0
 344 0001 00       		.byte	0
 345 0002 40       		.byte	64
 346 0003 05       		.byte	5
 347              		.section	.cymeta,"a",%progbits
 348              		.align	2
 349              		.type	cy_metadata, %object
 350              		.size	cy_metadata, 12
 351              	cy_metadata:
 352 0000 00       		.byte	0
 353 0001 01       		.byte	1
 354 0002 2E       		.byte	46
 355 0003 16       		.byte	22
 356 0004 10       		.byte	16
 357 0005 69       		.byte	105
 358 0006 00       		.byte	0
 359 0007 01       		.byte	1
 360 0008 00       		.byte	0
 361 0009 00       		.byte	0
 362 000a 00       		.byte	0
 363 000b 00       		.byte	0
 364              		.section	.cyflashprotect,"a",%progbits
 365              		.align	2
 366              		.type	cy_meta_flashprotect, %object
 367              		.size	cy_meta_flashprotect, 256
 368              	cy_meta_flashprotect:
 369 0000 00000000 		.space	256
 369      00000000 
 369      00000000 
 369      00000000 
 369      00000000 
 370              		.text
 371              	.Letext0:
 372              		.file 1 "c:\\program files (x86)\\cypress\\psoc creator\\4.2\\psoc creator\\import\\gnu\\arm\\5.4.
 373              		.file 2 "c:\\program files (x86)\\cypress\\psoc creator\\4.2\\psoc creator\\import\\gnu\\arm\\5.4.
 374              		.file 3 "Generated_Source\\PSoC5\\cymetadata.c"
 375              		.section	.debug_info,"",%progbits
 376              	.Ldebug_info0:
 377 0000 31010000 		.4byte	0x131
 378 0004 0400     		.2byte	0x4
 379 0006 00000000 		.4byte	.Ldebug_abbrev0
 380 000a 04       		.byte	0x4
 381 000b 01       		.uleb128 0x1
 382 000c 24000000 		.4byte	.LASF17
 383 0010 0C       		.byte	0xc
 384 0011 1D020000 		.4byte	.LASF18
 385 0015 D7000000 		.4byte	.LASF19
 386 0019 00000000 		.4byte	.Ldebug_line0
 387 001d 02       		.uleb128 0x2
 388 001e 01       		.byte	0x1
 389 001f 06       		.byte	0x6
 390 0020 11020000 		.4byte	.LASF0
 391 0024 03       		.uleb128 0x3
 392 0025 00000000 		.4byte	.LASF9
 393 0029 01       		.byte	0x1
 394 002a 1D       		.byte	0x1d
 395 002b 2F000000 		.4byte	0x2f
ARM GAS  C:\Users\smiy200\AppData\Local\Temp\ccu3Dt5N.s 			page 8


 396 002f 02       		.uleb128 0x2
 397 0030 01       		.byte	0x1
 398 0031 08       		.byte	0x8
 399 0032 16000000 		.4byte	.LASF1
 400 0036 02       		.uleb128 0x2
 401 0037 02       		.byte	0x2
 402 0038 05       		.byte	0x5
 403 0039 FE010000 		.4byte	.LASF2
 404 003d 02       		.uleb128 0x2
 405 003e 02       		.byte	0x2
 406 003f 07       		.byte	0x7
 407 0040 C4000000 		.4byte	.LASF3
 408 0044 02       		.uleb128 0x2
 409 0045 04       		.byte	0x4
 410 0046 05       		.byte	0x5
 411 0047 08020000 		.4byte	.LASF4
 412 004b 02       		.uleb128 0x2
 413 004c 04       		.byte	0x4
 414 004d 07       		.byte	0x7
 415 004e B2000000 		.4byte	.LASF5
 416 0052 02       		.uleb128 0x2
 417 0053 08       		.byte	0x8
 418 0054 05       		.byte	0x5
 419 0055 F0010000 		.4byte	.LASF6
 420 0059 02       		.uleb128 0x2
 421 005a 08       		.byte	0x8
 422 005b 07       		.byte	0x7
 423 005c A5010000 		.4byte	.LASF7
 424 0060 04       		.uleb128 0x4
 425 0061 04       		.byte	0x4
 426 0062 05       		.byte	0x5
 427 0063 696E7400 		.ascii	"int\000"
 428 0067 02       		.uleb128 0x2
 429 0068 04       		.byte	0x4
 430 0069 07       		.byte	0x7
 431 006a 98010000 		.4byte	.LASF8
 432 006e 03       		.uleb128 0x3
 433 006f BC010000 		.4byte	.LASF10
 434 0073 02       		.byte	0x2
 435 0074 18       		.byte	0x18
 436 0075 24000000 		.4byte	0x24
 437 0079 05       		.uleb128 0x5
 438 007a 91000000 		.4byte	0x91
 439 007e 8A000000 		.4byte	0x8a
 440 0082 06       		.uleb128 0x6
 441 0083 8A000000 		.4byte	0x8a
 442 0087 2B01     		.2byte	0x12b
 443 0089 00       		.byte	0
 444 008a 02       		.uleb128 0x2
 445 008b 04       		.byte	0x4
 446 008c 07       		.byte	0x7
 447 008d E7010000 		.4byte	.LASF11
 448 0091 07       		.uleb128 0x7
 449 0092 6E000000 		.4byte	0x6e
 450 0096 08       		.uleb128 0x8
 451 0097 86010000 		.4byte	.LASF12
 452 009b 03       		.byte	0x3
ARM GAS  C:\Users\smiy200\AppData\Local\Temp\ccu3Dt5N.s 			page 9


 453 009c 1F       		.byte	0x1f
 454 009d A7000000 		.4byte	0xa7
 455 00a1 05       		.uleb128 0x5
 456 00a2 03       		.byte	0x3
 457 00a3 00000000 		.4byte	cy_meta_configecc
 458 00a7 07       		.uleb128 0x7
 459 00a8 79000000 		.4byte	0x79
 460 00ac 05       		.uleb128 0x5
 461 00ad 91000000 		.4byte	0x91
 462 00b1 BC000000 		.4byte	0xbc
 463 00b5 09       		.uleb128 0x9
 464 00b6 8A000000 		.4byte	0x8a
 465 00ba 03       		.byte	0x3
 466 00bb 00       		.byte	0
 467 00bc 08       		.uleb128 0x8
 468 00bd 76010000 		.4byte	.LASF13
 469 00c1 03       		.byte	0x3
 470 00c2 52       		.byte	0x52
 471 00c3 CD000000 		.4byte	0xcd
 472 00c7 05       		.uleb128 0x5
 473 00c8 03       		.byte	0x3
 474 00c9 00000000 		.4byte	cy_meta_custnvl
 475 00cd 07       		.uleb128 0x7
 476 00ce AC000000 		.4byte	0xac
 477 00d2 08       		.uleb128 0x8
 478 00d3 D9010000 		.4byte	.LASF14
 479 00d7 03       		.byte	0x3
 480 00d8 60       		.byte	0x60
 481 00d9 E3000000 		.4byte	0xe3
 482 00dd 05       		.uleb128 0x5
 483 00de 03       		.byte	0x3
 484 00df 00000000 		.4byte	cy_meta_wonvl
 485 00e3 07       		.uleb128 0x7
 486 00e4 AC000000 		.4byte	0xac
 487 00e8 05       		.uleb128 0x5
 488 00e9 91000000 		.4byte	0x91
 489 00ed F8000000 		.4byte	0xf8
 490 00f1 09       		.uleb128 0x9
 491 00f2 8A000000 		.4byte	0x8a
 492 00f6 FF       		.byte	0xff
 493 00f7 00       		.byte	0
 494 00f8 08       		.uleb128 0x8
 495 00f9 C4010000 		.4byte	.LASF15
 496 00fd 03       		.byte	0x3
 497 00fe 6E       		.byte	0x6e
 498 00ff 09010000 		.4byte	0x109
 499 0103 05       		.uleb128 0x5
 500 0104 03       		.byte	0x3
 501 0105 00000000 		.4byte	cy_meta_flashprotect
 502 0109 07       		.uleb128 0x7
 503 010a E8000000 		.4byte	0xe8
 504 010e 05       		.uleb128 0x5
 505 010f 91000000 		.4byte	0x91
 506 0113 1E010000 		.4byte	0x11e
 507 0117 09       		.uleb128 0x9
 508 0118 8A000000 		.4byte	0x8a
 509 011c 0B       		.byte	0xb
ARM GAS  C:\Users\smiy200\AppData\Local\Temp\ccu3Dt5N.s 			page 10


 510 011d 00       		.byte	0
 511 011e 08       		.uleb128 0x8
 512 011f 0A000000 		.4byte	.LASF16
 513 0123 03       		.byte	0x3
 514 0124 9B       		.byte	0x9b
 515 0125 2F010000 		.4byte	0x12f
 516 0129 05       		.uleb128 0x5
 517 012a 03       		.byte	0x3
 518 012b 00000000 		.4byte	cy_metadata
 519 012f 07       		.uleb128 0x7
 520 0130 0E010000 		.4byte	0x10e
 521 0134 00       		.byte	0
 522              		.section	.debug_abbrev,"",%progbits
 523              	.Ldebug_abbrev0:
 524 0000 01       		.uleb128 0x1
 525 0001 11       		.uleb128 0x11
 526 0002 01       		.byte	0x1
 527 0003 25       		.uleb128 0x25
 528 0004 0E       		.uleb128 0xe
 529 0005 13       		.uleb128 0x13
 530 0006 0B       		.uleb128 0xb
 531 0007 03       		.uleb128 0x3
 532 0008 0E       		.uleb128 0xe
 533 0009 1B       		.uleb128 0x1b
 534 000a 0E       		.uleb128 0xe
 535 000b 10       		.uleb128 0x10
 536 000c 17       		.uleb128 0x17
 537 000d 00       		.byte	0
 538 000e 00       		.byte	0
 539 000f 02       		.uleb128 0x2
 540 0010 24       		.uleb128 0x24
 541 0011 00       		.byte	0
 542 0012 0B       		.uleb128 0xb
 543 0013 0B       		.uleb128 0xb
 544 0014 3E       		.uleb128 0x3e
 545 0015 0B       		.uleb128 0xb
 546 0016 03       		.uleb128 0x3
 547 0017 0E       		.uleb128 0xe
 548 0018 00       		.byte	0
 549 0019 00       		.byte	0
 550 001a 03       		.uleb128 0x3
 551 001b 16       		.uleb128 0x16
 552 001c 00       		.byte	0
 553 001d 03       		.uleb128 0x3
 554 001e 0E       		.uleb128 0xe
 555 001f 3A       		.uleb128 0x3a
 556 0020 0B       		.uleb128 0xb
 557 0021 3B       		.uleb128 0x3b
 558 0022 0B       		.uleb128 0xb
 559 0023 49       		.uleb128 0x49
 560 0024 13       		.uleb128 0x13
 561 0025 00       		.byte	0
 562 0026 00       		.byte	0
 563 0027 04       		.uleb128 0x4
 564 0028 24       		.uleb128 0x24
 565 0029 00       		.byte	0
 566 002a 0B       		.uleb128 0xb
ARM GAS  C:\Users\smiy200\AppData\Local\Temp\ccu3Dt5N.s 			page 11


 567 002b 0B       		.uleb128 0xb
 568 002c 3E       		.uleb128 0x3e
 569 002d 0B       		.uleb128 0xb
 570 002e 03       		.uleb128 0x3
 571 002f 08       		.uleb128 0x8
 572 0030 00       		.byte	0
 573 0031 00       		.byte	0
 574 0032 05       		.uleb128 0x5
 575 0033 01       		.uleb128 0x1
 576 0034 01       		.byte	0x1
 577 0035 49       		.uleb128 0x49
 578 0036 13       		.uleb128 0x13
 579 0037 01       		.uleb128 0x1
 580 0038 13       		.uleb128 0x13
 581 0039 00       		.byte	0
 582 003a 00       		.byte	0
 583 003b 06       		.uleb128 0x6
 584 003c 21       		.uleb128 0x21
 585 003d 00       		.byte	0
 586 003e 49       		.uleb128 0x49
 587 003f 13       		.uleb128 0x13
 588 0040 2F       		.uleb128 0x2f
 589 0041 05       		.uleb128 0x5
 590 0042 00       		.byte	0
 591 0043 00       		.byte	0
 592 0044 07       		.uleb128 0x7
 593 0045 26       		.uleb128 0x26
 594 0046 00       		.byte	0
 595 0047 49       		.uleb128 0x49
 596 0048 13       		.uleb128 0x13
 597 0049 00       		.byte	0
 598 004a 00       		.byte	0
 599 004b 08       		.uleb128 0x8
 600 004c 34       		.uleb128 0x34
 601 004d 00       		.byte	0
 602 004e 03       		.uleb128 0x3
 603 004f 0E       		.uleb128 0xe
 604 0050 3A       		.uleb128 0x3a
 605 0051 0B       		.uleb128 0xb
 606 0052 3B       		.uleb128 0x3b
 607 0053 0B       		.uleb128 0xb
 608 0054 49       		.uleb128 0x49
 609 0055 13       		.uleb128 0x13
 610 0056 3F       		.uleb128 0x3f
 611 0057 19       		.uleb128 0x19
 612 0058 02       		.uleb128 0x2
 613 0059 18       		.uleb128 0x18
 614 005a 00       		.byte	0
 615 005b 00       		.byte	0
 616 005c 09       		.uleb128 0x9
 617 005d 21       		.uleb128 0x21
 618 005e 00       		.byte	0
 619 005f 49       		.uleb128 0x49
 620 0060 13       		.uleb128 0x13
 621 0061 2F       		.uleb128 0x2f
 622 0062 0B       		.uleb128 0xb
 623 0063 00       		.byte	0
ARM GAS  C:\Users\smiy200\AppData\Local\Temp\ccu3Dt5N.s 			page 12


 624 0064 00       		.byte	0
 625 0065 00       		.byte	0
 626              		.section	.debug_aranges,"",%progbits
 627 0000 14000000 		.4byte	0x14
 628 0004 0200     		.2byte	0x2
 629 0006 00000000 		.4byte	.Ldebug_info0
 630 000a 04       		.byte	0x4
 631 000b 00       		.byte	0
 632 000c 0000     		.2byte	0
 633 000e 0000     		.2byte	0
 634 0010 00000000 		.4byte	0
 635 0014 00000000 		.4byte	0
 636              		.section	.debug_line,"",%progbits
 637              	.Ldebug_line0:
 638 0000 3D010000 		.section	.debug_str,"MS",%progbits,1
 638      02003701 
 638      00000201 
 638      FB0E0D00 
 638      01010101 
 639              	.LASF9:
 640 0000 5F5F7569 		.ascii	"__uint8_t\000"
 640      6E74385F 
 640      7400
 641              	.LASF16:
 642 000a 63795F6D 		.ascii	"cy_metadata\000"
 642      65746164 
 642      61746100 
 643              	.LASF1:
 644 0016 756E7369 		.ascii	"unsigned char\000"
 644      676E6564 
 644      20636861 
 644      7200
 645              	.LASF17:
 646 0024 474E5520 		.ascii	"GNU C11 5.4.1 20160609 (release) [ARM/embedded-5-br"
 646      43313120 
 646      352E342E 
 646      31203230 
 646      31363036 
 647 0057 616E6368 		.ascii	"anch revision 237715] -mcpu=cortex-m3 -mthumb -g -O"
 647      20726576 
 647      6973696F 
 647      6E203233 
 647      37373135 
 648 008a 67202D66 		.ascii	"g -ffunction-sections -ffat-lto-objects\000"
 648      66756E63 
 648      74696F6E 
 648      2D736563 
 648      74696F6E 
 649              	.LASF5:
 650 00b2 6C6F6E67 		.ascii	"long unsigned int\000"
 650      20756E73 
 650      69676E65 
 650      6420696E 
 650      7400
 651              	.LASF3:
 652 00c4 73686F72 		.ascii	"short unsigned int\000"
 652      7420756E 
ARM GAS  C:\Users\smiy200\AppData\Local\Temp\ccu3Dt5N.s 			page 13


 652      7369676E 
 652      65642069 
 652      6E7400
 653              	.LASF19:
 654 00d7 5C5C6669 		.ascii	"\\\\files.auckland.ac.nz\\myhome\\Documents\\GitHub"
 654      6C65732E 
 654      6175636B 
 654      6C616E64 
 654      2E61632E 
 655 0105 5C70726F 		.ascii	"\\project-project_group_11\\COMPSYS 301\\psoc stude"
 655      6A656374 
 655      2D70726F 
 655      6A656374 
 655      5F67726F 
 656 0135 6E742070 		.ascii	"nt pack\\psoc student pack\\lab exercise\\psoc_intr"
 656      61636B5C 
 656      70736F63 
 656      20737475 
 656      64656E74 
 657 0165 6F20342E 		.ascii	"o 4.0\\lab4.cydsn\000"
 657      305C6C61 
 657      62342E63 
 657      7964736E 
 657      00
 658              	.LASF13:
 659 0176 63795F6D 		.ascii	"cy_meta_custnvl\000"
 659      6574615F 
 659      63757374 
 659      6E766C00 
 660              	.LASF12:
 661 0186 63795F6D 		.ascii	"cy_meta_configecc\000"
 661      6574615F 
 661      636F6E66 
 661      69676563 
 661      6300
 662              	.LASF8:
 663 0198 756E7369 		.ascii	"unsigned int\000"
 663      676E6564 
 663      20696E74 
 663      00
 664              	.LASF7:
 665 01a5 6C6F6E67 		.ascii	"long long unsigned int\000"
 665      206C6F6E 
 665      6720756E 
 665      7369676E 
 665      65642069 
 666              	.LASF10:
 667 01bc 75696E74 		.ascii	"uint8_t\000"
 667      385F7400 
 668              	.LASF15:
 669 01c4 63795F6D 		.ascii	"cy_meta_flashprotect\000"
 669      6574615F 
 669      666C6173 
 669      6870726F 
 669      74656374 
 670              	.LASF14:
 671 01d9 63795F6D 		.ascii	"cy_meta_wonvl\000"
ARM GAS  C:\Users\smiy200\AppData\Local\Temp\ccu3Dt5N.s 			page 14


 671      6574615F 
 671      776F6E76 
 671      6C00
 672              	.LASF11:
 673 01e7 73697A65 		.ascii	"sizetype\000"
 673      74797065 
 673      00
 674              	.LASF6:
 675 01f0 6C6F6E67 		.ascii	"long long int\000"
 675      206C6F6E 
 675      6720696E 
 675      7400
 676              	.LASF2:
 677 01fe 73686F72 		.ascii	"short int\000"
 677      7420696E 
 677      7400
 678              	.LASF4:
 679 0208 6C6F6E67 		.ascii	"long int\000"
 679      20696E74 
 679      00
 680              	.LASF0:
 681 0211 7369676E 		.ascii	"signed char\000"
 681      65642063 
 681      68617200 
 682              	.LASF18:
 683 021d 47656E65 		.ascii	"Generated_Source\\PSoC5\\cymetadata.c\000"
 683      72617465 
 683      645F536F 
 683      75726365 
 683      5C50536F 
 684              		.ident	"GCC: (GNU Tools for ARM Embedded Processors) 5.4.1 20160609 (release) [ARM/embedded-5-bran
