ARM GAS  C:\Users\smiy200\AppData\Local\Temp\ccKh3Sfa.s 			page 1


   1              		.syntax unified
   2              		.cpu cortex-m3
   3              		.fpu softvfp
   4              		.eabi_attribute 20, 1
   5              		.eabi_attribute 21, 1
   6              		.eabi_attribute 23, 3
   7              		.eabi_attribute 24, 1
   8              		.eabi_attribute 25, 1
   9              		.eabi_attribute 26, 1
  10              		.eabi_attribute 30, 1
  11              		.eabi_attribute 34, 1
  12              		.eabi_attribute 18, 4
  13              		.thumb
  14              		.syntax unified
  15              		.file	"main.c"
  16              		.text
  17              	.Ltext0:
  18              		.cfi_sections	.debug_frame
  19              		.section	.text.isr_1_Interrupt_custom,"ax",%progbits
  20              		.align	2
  21              		.global	isr_1_Interrupt_custom
  22              		.thumb
  23              		.thumb_func
  24              		.type	isr_1_Interrupt_custom, %function
  25              	isr_1_Interrupt_custom:
  26              	.LFB65:
  27              		.file 1 "main.c"
   1:main.c        **** 
   2:main.c        **** /* ========================================
   3:main.c        ****  * Laboratory Exercise 4
   4:main.c        ****  *
   5:main.c        ****  * Program a UART to receive the string from a RF receiver.
   6:main.c        ****  * The RF receiver : 57.6k b/s, 8b, no parity, no flow control, one start and one stop bit
   7:main.c        ****  *
   8:main.c        ****  * Copyright Univ of Auckland, 2016
   9:main.c        ****  * All Rights Reserved
  10:main.c        ****  * UNPUBLISHED, LICENSED SOFTWARE.
  11:main.c        ****  *
  12:main.c        ****  * CONFIDENTIAL AND PROPRIETARY INFORMATION
  13:main.c        ****  * WHICH IS THE PROPERTY OF Univ of Auckland.
  14:main.c        ****  *
  15:main.c        ****  * ========================================
  16:main.c        **** */
  17:main.c        **** #include <project.h>
  18:main.c        **** #include <stdio.h>
  19:main.c        **** #include <ADC_SAR_1.h>
  20:main.c        **** #include "VDAC8_1.h"
  21:main.c        **** 
  22:main.c        **** //* ========================================
  23:main.c        **** #define TOGGLE_LED LED_Write(~LED_Read())
  24:main.c        **** #define PACKETSIZE 32
  25:main.c        **** #define RXSTRINGSIZE 255
  26:main.c        **** 
  27:main.c        **** #define FALSE 0
  28:main.c        **** #define TRUE 1
  29:main.c        **** 
  30:main.c        **** #define BUF_SIZE 64 // USBUART fixed buffer size
ARM GAS  C:\Users\smiy200\AppData\Local\Temp\ccKh3Sfa.s 			page 2


  31:main.c        **** #define CHAR_NULL '0'
  32:main.c        **** #define CHAR_BACKSP 0x08
  33:main.c        **** #define CHAR_DEL 0x7F
  34:main.c        **** #define CHAR_ENTER 0x0D
  35:main.c        **** #define LOW_DIGIT '0'
  36:main.c        **** #define HIGH_DIGIT '9'
  37:main.c        **** 
  38:main.c        **** #define SOP 0xaa
  39:main.c        **** //* ========================================
  40:main.c        **** uint8 flag_rx = 0;
  41:main.c        **** uint8 flag_packet = 0;
  42:main.c        **** uint8 outputC;
  43:main.c        **** uint8 flag_KB_string = 0;
  44:main.c        **** //* ========================================
  45:main.c        **** char rf_string[RXSTRINGSIZE];
  46:main.c        **** char displaystring[BUF_SIZE] = "UART Lab Exercise 4\n";
  47:main.c        **** char line[BUF_SIZE], entry[BUF_SIZE];
  48:main.c        **** uint8 usbBuffer[BUF_SIZE];
  49:main.c        **** //* ========================================
  50:main.c        **** typedef struct data_main {
  51:main.c        **** 	int8            rssi;	
  52:main.c        ****     uint8           index;			// index number of packet. incremented number
  53:main.c        **** 	uint16			robot_xpos;	 	// 
  54:main.c        **** 	uint16			robot_ypos;		//
  55:main.c        ****     uint16         robot_orientation;
  56:main.c        **** 	uint16			g0_xpos;		//
  57:main.c        **** 	uint16			g0_ypos;		//
  58:main.c        **** 	uint16			g0_speed;		//
  59:main.c        **** 	uint16		g0_direction;	//
  60:main.c        **** 	uint16			g1_xpos;		//
  61:main.c        **** 	uint16			g1_ypos;		//
  62:main.c        **** 	uint16			g1_speed;		//
  63:main.c        ****     uint16		g1_direction;	//
  64:main.c        ****     uint16			g2_xpos;		//
  65:main.c        ****     uint16			g2_ypos;		//
  66:main.c        ****     uint16			g2_speed;		//
  67:main.c        ****     uint16		g2_direction;	//
  68:main.c        **** } vtype1;
  69:main.c        **** 
  70:main.c        **** struct data_main system_state;
  71:main.c        **** //* ========================================
  72:main.c        **** 
  73:main.c        **** 
  74:main.c        **** 
  75:main.c        **** //* ========================================
  76:main.c        **** void usbPutString(char *s);
  77:main.c        **** void usbPutChar(char c);
  78:main.c        **** void handle_rx_binary();
  79:main.c        **** void handle_rx_ascii();
  80:main.c        **** void handle_usb();
  81:main.c        **** //* ========================================
  82:main.c        **** CY_ISR_PROTO(isr_1_Interrupt_custom);
  83:main.c        **** int main()
  84:main.c        **** {
  85:main.c        ****     
  86:main.c        ****     CyGlobalIntEnable; /* Enable global interrupts. */
  87:main.c        ****     Timer_1_Start();
ARM GAS  C:\Users\smiy200\AppData\Local\Temp\ccKh3Sfa.s 			page 3


  88:main.c        ****     /* Place your initialization/startup code here (e.g. MyInst_Start()) */
  89:main.c        ****     ADC_SAR_1_Start();
  90:main.c        ****     isr_1_StartEx(isr_1_Interrupt_custom);
  91:main.c        ****     ADC_SAR_1_StartConvert();
  92:main.c        ****     //ADC_SAR_1_IRQ_StartEx(isr_1_Interrupt_custom);
  93:main.c        ****     //ADC_SAR_1_IRQ_Enable();
  94:main.c        ****     VDAC8_1_Start();
  95:main.c        ****     for(;;)
  96:main.c        ****     {
  97:main.c        ****         
  98:main.c        ****         
  99:main.c        ****         /* Place your application code here. */
 100:main.c        ****         
 101:main.c        ****   
 102:main.c        **** }
 103:main.c        ****     }
 104:main.c        **** uint16_t count = 0;
 105:main.c        **** uint8_t test = 0;
 106:main.c        **** CY_ISR(isr_1_Interrupt_custom)
 107:main.c        **** {
  28              		.loc 1 107 0
  29              		.cfi_startproc
  30              		@ args = 0, pretend = 0, frame = 0
  31              		@ frame_needed = 0, uses_anonymous_args = 0
  32 0000 08B5     		push	{r3, lr}
  33              		.cfi_def_cfa_offset 8
  34              		.cfi_offset 3, -8
  35              		.cfi_offset 14, -4
 108:main.c        ****     #ifdef isr_1_INTERRUPT_INTERRUPT_CALLBACK
 109:main.c        ****         isr_1_Interrupt_InterruptCallback();
 110:main.c        ****     #endif /* isr_1_INTERRUPT_INTERRUPT_CALLBACK */ 
 111:main.c        **** 
 112:main.c        ****     /*  Place your Interrupt code here. */
 113:main.c        ****     /* `#START isr_1_Interrupt` */
 114:main.c        ****             
 115:main.c        ****         LED_Write(~LED_Read());
  36              		.loc 1 115 0
  37 0002 FFF7FEFF 		bl	LED_Read
  38              	.LVL0:
  39 0006 C043     		mvns	r0, r0
  40 0008 C0B2     		uxtb	r0, r0
  41 000a FFF7FEFF 		bl	LED_Write
  42              	.LVL1:
 116:main.c        ****         uint8 result = ADC_SAR_1_GetResult8();
  43              		.loc 1 116 0
  44 000e FFF7FEFF 		bl	ADC_SAR_1_GetResult8
  45              	.LVL2:
 117:main.c        ****         VDAC8_1_SetValue(result);
  46              		.loc 1 117 0
  47 0012 C0B2     		uxtb	r0, r0
  48 0014 FFF7FEFF 		bl	VDAC8_1_SetValue
  49              	.LVL3:
 118:main.c        ****         
 119:main.c        ****         
 120:main.c        ****         isr_1_ClearPending();
  50              		.loc 1 120 0
  51 0018 FFF7FEFF 		bl	isr_1_ClearPending
ARM GAS  C:\Users\smiy200\AppData\Local\Temp\ccKh3Sfa.s 			page 4


  52              	.LVL4:
  53 001c 08BD     		pop	{r3, pc}
  54              		.cfi_endproc
  55              	.LFE65:
  56              		.size	isr_1_Interrupt_custom, .-isr_1_Interrupt_custom
  57 001e 00BF     		.section	.text.main,"ax",%progbits
  58              		.align	2
  59              		.global	main
  60              		.thumb
  61              		.thumb_func
  62              		.type	main, %function
  63              	main:
  64              	.LFB64:
  84:main.c        ****     
  65              		.loc 1 84 0
  66              		.cfi_startproc
  67              		@ Volatile: function does not return.
  68              		@ args = 0, pretend = 0, frame = 0
  69              		@ frame_needed = 0, uses_anonymous_args = 0
  70 0000 08B5     		push	{r3, lr}
  71              		.cfi_def_cfa_offset 8
  72              		.cfi_offset 3, -8
  73              		.cfi_offset 14, -4
  86:main.c        ****     Timer_1_Start();
  74              		.loc 1 86 0
  75              		.syntax unified
  76              	@ 86 "main.c" 1
  77 0002 62B6     		CPSIE   i
  78              	@ 0 "" 2
  87:main.c        ****     /* Place your initialization/startup code here (e.g. MyInst_Start()) */
  79              		.loc 1 87 0
  80              		.thumb
  81              		.syntax unified
  82 0004 FFF7FEFF 		bl	Timer_1_Start
  83              	.LVL5:
  89:main.c        ****     isr_1_StartEx(isr_1_Interrupt_custom);
  84              		.loc 1 89 0
  85 0008 FFF7FEFF 		bl	ADC_SAR_1_Start
  86              	.LVL6:
  90:main.c        ****     ADC_SAR_1_StartConvert();
  87              		.loc 1 90 0
  88 000c 0348     		ldr	r0, .L6
  89 000e FFF7FEFF 		bl	isr_1_StartEx
  90              	.LVL7:
  91:main.c        ****     //ADC_SAR_1_IRQ_StartEx(isr_1_Interrupt_custom);
  91              		.loc 1 91 0
  92 0012 FFF7FEFF 		bl	ADC_SAR_1_StartConvert
  93              	.LVL8:
  94:main.c        ****     for(;;)
  94              		.loc 1 94 0
  95 0016 FFF7FEFF 		bl	VDAC8_1_Start
  96              	.LVL9:
  97              	.L4:
  98 001a FEE7     		b	.L4
  99              	.L7:
 100              		.align	2
 101              	.L6:
ARM GAS  C:\Users\smiy200\AppData\Local\Temp\ccKh3Sfa.s 			page 5


 102 001c 00000000 		.word	isr_1_Interrupt_custom
 103              		.cfi_endproc
 104              	.LFE64:
 105              		.size	main, .-main
 106              		.global	test
 107              		.global	count
 108              		.comm	system_state,32,4
 109              		.comm	usbBuffer,64,4
 110              		.comm	entry,64,4
 111              		.comm	line,64,4
 112              		.global	displaystring
 113              		.comm	rf_string,255,4
 114              		.global	flag_KB_string
 115              		.comm	outputC,1,1
 116              		.global	flag_packet
 117              		.global	flag_rx
 118              		.data
 119              		.align	2
 120              		.type	displaystring, %object
 121              		.size	displaystring, 64
 122              	displaystring:
 123 0000 55415254 		.ascii	"UART Lab Exercise 4\012\000"
 123      204C6162 
 123      20457865 
 123      72636973 
 123      6520340A 
 124 0015 00000000 		.space	43
 124      00000000 
 124      00000000 
 124      00000000 
 124      00000000 
 125              		.bss
 126              		.align	1
 127              		.type	test, %object
 128              		.size	test, 1
 129              	test:
 130 0000 00       		.space	1
 131 0001 00       		.space	1
 132              		.type	count, %object
 133              		.size	count, 2
 134              	count:
 135 0002 0000     		.space	2
 136              		.type	flag_KB_string, %object
 137              		.size	flag_KB_string, 1
 138              	flag_KB_string:
 139 0004 00       		.space	1
 140              		.type	flag_packet, %object
 141              		.size	flag_packet, 1
 142              	flag_packet:
 143 0005 00       		.space	1
 144              		.type	flag_rx, %object
 145              		.size	flag_rx, 1
 146              	flag_rx:
 147 0006 00       		.space	1
 148              		.text
 149              	.Letext0:
 150              		.file 2 "c:\\program files (x86)\\cypress\\psoc creator\\4.2\\psoc creator\\import\\gnu\\arm\\5.4.
ARM GAS  C:\Users\smiy200\AppData\Local\Temp\ccKh3Sfa.s 			page 6


 151              		.file 3 "c:\\program files (x86)\\cypress\\psoc creator\\4.2\\psoc creator\\import\\gnu\\arm\\5.4.
 152              		.file 4 "Generated_Source\\PSoC5/cytypes.h"
 153              		.file 5 "Generated_Source\\PSoC5/core_cm3.h"
 154              		.file 6 "Generated_Source\\PSoC5/LED.h"
 155              		.file 7 "Generated_Source\\PSoC5/ADC_SAR_1.h"
 156              		.file 8 "Generated_Source\\PSoC5/VDAC8_1.h"
 157              		.file 9 "Generated_Source\\PSoC5/isr_1.h"
 158              		.file 10 "Generated_Source\\PSoC5/Timer_1.h"
 159              		.section	.debug_info,"",%progbits
 160              	.Ldebug_info0:
 161 0000 EC030000 		.4byte	0x3ec
 162 0004 0400     		.2byte	0x4
 163 0006 00000000 		.4byte	.Ldebug_abbrev0
 164 000a 04       		.byte	0x4
 165 000b 01       		.uleb128 0x1
 166 000c 59030000 		.4byte	.LASF63
 167 0010 0C       		.byte	0xc
 168 0011 57020000 		.4byte	.LASF64
 169 0015 88020000 		.4byte	.LASF65
 170 0019 00000000 		.4byte	.Ldebug_ranges0+0
 171 001d 00000000 		.4byte	0
 172 0021 00000000 		.4byte	.Ldebug_line0
 173 0025 02       		.uleb128 0x2
 174 0026 01       		.byte	0x1
 175 0027 06       		.byte	0x6
 176 0028 81010000 		.4byte	.LASF0
 177 002c 03       		.uleb128 0x3
 178 002d 1A010000 		.4byte	.LASF3
 179 0031 02       		.byte	0x2
 180 0032 1D       		.byte	0x1d
 181 0033 37000000 		.4byte	0x37
 182 0037 02       		.uleb128 0x2
 183 0038 01       		.byte	0x1
 184 0039 08       		.byte	0x8
 185 003a 6A010000 		.4byte	.LASF1
 186 003e 02       		.uleb128 0x2
 187 003f 02       		.byte	0x2
 188 0040 05       		.byte	0x5
 189 0041 35000000 		.4byte	.LASF2
 190 0045 03       		.uleb128 0x3
 191 0046 64000000 		.4byte	.LASF4
 192 004a 02       		.byte	0x2
 193 004b 2B       		.byte	0x2b
 194 004c 50000000 		.4byte	0x50
 195 0050 02       		.uleb128 0x2
 196 0051 02       		.byte	0x2
 197 0052 07       		.byte	0x7
 198 0053 DA010000 		.4byte	.LASF5
 199 0057 03       		.uleb128 0x3
 200 0058 23020000 		.4byte	.LASF6
 201 005c 02       		.byte	0x2
 202 005d 3F       		.byte	0x3f
 203 005e 62000000 		.4byte	0x62
 204 0062 02       		.uleb128 0x2
 205 0063 04       		.byte	0x4
 206 0064 05       		.byte	0x5
 207 0065 FC000000 		.4byte	.LASF7
ARM GAS  C:\Users\smiy200\AppData\Local\Temp\ccKh3Sfa.s 			page 7


 208 0069 02       		.uleb128 0x2
 209 006a 04       		.byte	0x4
 210 006b 07       		.byte	0x7
 211 006c 5E020000 		.4byte	.LASF8
 212 0070 02       		.uleb128 0x2
 213 0071 08       		.byte	0x8
 214 0072 05       		.byte	0x5
 215 0073 C4000000 		.4byte	.LASF9
 216 0077 02       		.uleb128 0x2
 217 0078 08       		.byte	0x8
 218 0079 07       		.byte	0x7
 219 007a 8D010000 		.4byte	.LASF10
 220 007e 04       		.uleb128 0x4
 221 007f 04       		.byte	0x4
 222 0080 05       		.byte	0x5
 223 0081 696E7400 		.ascii	"int\000"
 224 0085 02       		.uleb128 0x2
 225 0086 04       		.byte	0x4
 226 0087 07       		.byte	0x7
 227 0088 A4010000 		.4byte	.LASF11
 228 008c 03       		.uleb128 0x3
 229 008d 27030000 		.4byte	.LASF12
 230 0091 03       		.byte	0x3
 231 0092 18       		.byte	0x18
 232 0093 2C000000 		.4byte	0x2c
 233 0097 03       		.uleb128 0x3
 234 0098 B1010000 		.4byte	.LASF13
 235 009c 03       		.byte	0x3
 236 009d 24       		.byte	0x24
 237 009e 45000000 		.4byte	0x45
 238 00a2 03       		.uleb128 0x3
 239 00a3 13020000 		.4byte	.LASF14
 240 00a7 03       		.byte	0x3
 241 00a8 2C       		.byte	0x2c
 242 00a9 57000000 		.4byte	0x57
 243 00ad 05       		.uleb128 0x5
 244 00ae 8F000000 		.4byte	.LASF15
 245 00b2 04       		.byte	0x4
 246 00b3 E401     		.2byte	0x1e4
 247 00b5 37000000 		.4byte	0x37
 248 00b9 05       		.uleb128 0x5
 249 00ba 82000000 		.4byte	.LASF16
 250 00be 04       		.byte	0x4
 251 00bf E501     		.2byte	0x1e5
 252 00c1 50000000 		.4byte	0x50
 253 00c5 05       		.uleb128 0x5
 254 00c6 DA000000 		.4byte	.LASF17
 255 00ca 04       		.byte	0x4
 256 00cb E701     		.2byte	0x1e7
 257 00cd 25000000 		.4byte	0x25
 258 00d1 02       		.uleb128 0x2
 259 00d2 04       		.byte	0x4
 260 00d3 04       		.byte	0x4
 261 00d4 A7000000 		.4byte	.LASF18
 262 00d8 02       		.uleb128 0x2
 263 00d9 08       		.byte	0x8
 264 00da 04       		.byte	0x4
ARM GAS  C:\Users\smiy200\AppData\Local\Temp\ccKh3Sfa.s 			page 8


 265 00db 70020000 		.4byte	.LASF19
 266 00df 02       		.uleb128 0x2
 267 00e0 01       		.byte	0x1
 268 00e1 08       		.byte	0x8
 269 00e2 F7010000 		.4byte	.LASF20
 270 00e6 02       		.uleb128 0x2
 271 00e7 08       		.byte	0x8
 272 00e8 04       		.byte	0x4
 273 00e9 5E010000 		.4byte	.LASF21
 274 00ed 02       		.uleb128 0x2
 275 00ee 04       		.byte	0x4
 276 00ef 07       		.byte	0x7
 277 00f0 4C000000 		.4byte	.LASF22
 278 00f4 06       		.uleb128 0x6
 279 00f5 ED010000 		.4byte	.LASF66
 280 00f9 20       		.byte	0x20
 281 00fa 01       		.byte	0x1
 282 00fb 32       		.byte	0x32
 283 00fc CD010000 		.4byte	0x1cd
 284 0100 07       		.uleb128 0x7
 285 0101 F0030000 		.4byte	.LASF23
 286 0105 01       		.byte	0x1
 287 0106 33       		.byte	0x33
 288 0107 C5000000 		.4byte	0xc5
 289 010b 00       		.byte	0
 290 010c 07       		.uleb128 0x7
 291 010d 89000000 		.4byte	.LASF24
 292 0111 01       		.byte	0x1
 293 0112 34       		.byte	0x34
 294 0113 AD000000 		.4byte	0xad
 295 0117 01       		.byte	0x1
 296 0118 07       		.uleb128 0x7
 297 0119 77020000 		.4byte	.LASF25
 298 011d 01       		.byte	0x1
 299 011e 35       		.byte	0x35
 300 011f B9000000 		.4byte	0xb9
 301 0123 02       		.byte	0x2
 302 0124 07       		.uleb128 0x7
 303 0125 41030000 		.4byte	.LASF26
 304 0129 01       		.byte	0x1
 305 012a 36       		.byte	0x36
 306 012b B9000000 		.4byte	0xb9
 307 012f 04       		.byte	0x4
 308 0130 07       		.uleb128 0x7
 309 0131 F5030000 		.4byte	.LASF27
 310 0135 01       		.byte	0x1
 311 0136 37       		.byte	0x37
 312 0137 B9000000 		.4byte	0xb9
 313 013b 06       		.byte	0x6
 314 013c 07       		.uleb128 0x7
 315 013d F4000000 		.4byte	.LASF28
 316 0141 01       		.byte	0x1
 317 0142 38       		.byte	0x38
 318 0143 B9000000 		.4byte	0xb9
 319 0147 08       		.byte	0x8
 320 0148 07       		.uleb128 0x7
 321 0149 2F030000 		.4byte	.LASF29
ARM GAS  C:\Users\smiy200\AppData\Local\Temp\ccKh3Sfa.s 			page 9


 322 014d 01       		.byte	0x1
 323 014e 39       		.byte	0x39
 324 014f B9000000 		.4byte	0xb9
 325 0153 0A       		.byte	0xa
 326 0154 07       		.uleb128 0x7
 327 0155 78010000 		.4byte	.LASF30
 328 0159 01       		.byte	0x1
 329 015a 3A       		.byte	0x3a
 330 015b B9000000 		.4byte	0xb9
 331 015f 0C       		.byte	0xc
 332 0160 07       		.uleb128 0x7
 333 0161 E7000000 		.4byte	.LASF31
 334 0165 01       		.byte	0x1
 335 0166 3B       		.byte	0x3b
 336 0167 B9000000 		.4byte	0xb9
 337 016b 0E       		.byte	0xe
 338 016c 07       		.uleb128 0x7
 339 016d D2010000 		.4byte	.LASF32
 340 0171 01       		.byte	0x1
 341 0172 3C       		.byte	0x3c
 342 0173 B9000000 		.4byte	0xb9
 343 0177 10       		.byte	0x10
 344 0178 07       		.uleb128 0x7
 345 0179 1B020000 		.4byte	.LASF33
 346 017d 01       		.byte	0x1
 347 017e 3D       		.byte	0x3d
 348 017f B9000000 		.4byte	0xb9
 349 0183 12       		.byte	0x12
 350 0184 07       		.uleb128 0x7
 351 0185 2D020000 		.4byte	.LASF34
 352 0189 01       		.byte	0x1
 353 018a 3E       		.byte	0x3e
 354 018b B9000000 		.4byte	0xb9
 355 018f 14       		.byte	0x14
 356 0190 07       		.uleb128 0x7
 357 0191 95000000 		.4byte	.LASF35
 358 0195 01       		.byte	0x1
 359 0196 3F       		.byte	0x3f
 360 0197 B9000000 		.4byte	0xb9
 361 019b 16       		.byte	0x16
 362 019c 07       		.uleb128 0x7
 363 019d 2D000000 		.4byte	.LASF36
 364 01a1 01       		.byte	0x1
 365 01a2 40       		.byte	0x40
 366 01a3 B9000000 		.4byte	0xb9
 367 01a7 18       		.byte	0x18
 368 01a8 07       		.uleb128 0x7
 369 01a9 DF000000 		.4byte	.LASF37
 370 01ad 01       		.byte	0x1
 371 01ae 41       		.byte	0x41
 372 01af B9000000 		.4byte	0xb9
 373 01b3 1A       		.byte	0x1a
 374 01b4 07       		.uleb128 0x7
 375 01b5 BA010000 		.4byte	.LASF38
 376 01b9 01       		.byte	0x1
 377 01ba 42       		.byte	0x42
 378 01bb B9000000 		.4byte	0xb9
ARM GAS  C:\Users\smiy200\AppData\Local\Temp\ccKh3Sfa.s 			page 10


 379 01bf 1C       		.byte	0x1c
 380 01c0 07       		.uleb128 0x7
 381 01c1 4B010000 		.4byte	.LASF39
 382 01c5 01       		.byte	0x1
 383 01c6 43       		.byte	0x43
 384 01c7 B9000000 		.4byte	0xb9
 385 01cb 1E       		.byte	0x1e
 386 01cc 00       		.byte	0
 387 01cd 08       		.uleb128 0x8
 388 01ce AD000000 		.4byte	.LASF67
 389 01d2 01       		.byte	0x1
 390 01d3 6A       		.byte	0x6a
 391 01d4 00000000 		.4byte	.LFB65
 392 01d8 1E000000 		.4byte	.LFE65-.LFB65
 393 01dc 01       		.uleb128 0x1
 394 01dd 9C       		.byte	0x9c
 395 01de 1F020000 		.4byte	0x21f
 396 01e2 09       		.uleb128 0x9
 397 01e3 00000000 		.4byte	.LASF68
 398 01e7 01       		.byte	0x1
 399 01e8 74       		.byte	0x74
 400 01e9 AD000000 		.4byte	0xad
 401 01ed 00000000 		.4byte	.LLST0
 402 01f1 0A       		.uleb128 0xa
 403 01f2 06000000 		.4byte	.LVL0
 404 01f6 81030000 		.4byte	0x381
 405 01fa 0A       		.uleb128 0xa
 406 01fb 0E000000 		.4byte	.LVL1
 407 01ff 8C030000 		.4byte	0x38c
 408 0203 0A       		.uleb128 0xa
 409 0204 12000000 		.4byte	.LVL2
 410 0208 97030000 		.4byte	0x397
 411 020c 0A       		.uleb128 0xa
 412 020d 18000000 		.4byte	.LVL3
 413 0211 A2030000 		.4byte	0x3a2
 414 0215 0A       		.uleb128 0xa
 415 0216 1C000000 		.4byte	.LVL4
 416 021a AD030000 		.4byte	0x3ad
 417 021e 00       		.byte	0
 418 021f 0B       		.uleb128 0xb
 419 0220 5F000000 		.4byte	.LASF69
 420 0224 01       		.byte	0x1
 421 0225 53       		.byte	0x53
 422 0226 7E000000 		.4byte	0x7e
 423 022a 00000000 		.4byte	.LFB64
 424 022e 20000000 		.4byte	.LFE64-.LFB64
 425 0232 01       		.uleb128 0x1
 426 0233 9C       		.byte	0x9c
 427 0234 74020000 		.4byte	0x274
 428 0238 0A       		.uleb128 0xa
 429 0239 08000000 		.4byte	.LVL5
 430 023d B8030000 		.4byte	0x3b8
 431 0241 0A       		.uleb128 0xa
 432 0242 0C000000 		.4byte	.LVL6
 433 0246 C3030000 		.4byte	0x3c3
 434 024a 0C       		.uleb128 0xc
 435 024b 12000000 		.4byte	.LVL7
ARM GAS  C:\Users\smiy200\AppData\Local\Temp\ccKh3Sfa.s 			page 11


 436 024f CE030000 		.4byte	0x3ce
 437 0253 61020000 		.4byte	0x261
 438 0257 0D       		.uleb128 0xd
 439 0258 01       		.uleb128 0x1
 440 0259 50       		.byte	0x50
 441 025a 05       		.uleb128 0x5
 442 025b 03       		.byte	0x3
 443 025c 00000000 		.4byte	isr_1_Interrupt_custom
 444 0260 00       		.byte	0
 445 0261 0A       		.uleb128 0xa
 446 0262 16000000 		.4byte	.LVL8
 447 0266 D9030000 		.4byte	0x3d9
 448 026a 0A       		.uleb128 0xa
 449 026b 1A000000 		.4byte	.LVL9
 450 026f E4030000 		.4byte	0x3e4
 451 0273 00       		.byte	0
 452 0274 0E       		.uleb128 0xe
 453 0275 4C030000 		.4byte	.LASF40
 454 0279 05       		.byte	0x5
 455 027a 1207     		.2byte	0x712
 456 027c 80020000 		.4byte	0x280
 457 0280 0F       		.uleb128 0xf
 458 0281 A2000000 		.4byte	0xa2
 459 0285 10       		.uleb128 0x10
 460 0286 43010000 		.4byte	.LASF41
 461 028a 01       		.byte	0x1
 462 028b 28       		.byte	0x28
 463 028c AD000000 		.4byte	0xad
 464 0290 05       		.uleb128 0x5
 465 0291 03       		.byte	0x3
 466 0292 00000000 		.4byte	flag_rx
 467 0296 10       		.uleb128 0x10
 468 0297 17000000 		.4byte	.LASF42
 469 029b 01       		.byte	0x1
 470 029c 29       		.byte	0x29
 471 029d AD000000 		.4byte	0xad
 472 02a1 05       		.uleb128 0x5
 473 02a2 03       		.byte	0x3
 474 02a3 00000000 		.4byte	flag_packet
 475 02a7 10       		.uleb128 0x10
 476 02a8 D2000000 		.4byte	.LASF43
 477 02ac 01       		.byte	0x1
 478 02ad 2A       		.byte	0x2a
 479 02ae AD000000 		.4byte	0xad
 480 02b2 05       		.uleb128 0x5
 481 02b3 03       		.byte	0x3
 482 02b4 00000000 		.4byte	outputC
 483 02b8 10       		.uleb128 0x10
 484 02b9 C3010000 		.4byte	.LASF44
 485 02bd 01       		.byte	0x1
 486 02be 2B       		.byte	0x2b
 487 02bf AD000000 		.4byte	0xad
 488 02c3 05       		.uleb128 0x5
 489 02c4 03       		.byte	0x3
 490 02c5 00000000 		.4byte	flag_KB_string
 491 02c9 11       		.uleb128 0x11
 492 02ca DF000000 		.4byte	0xdf
ARM GAS  C:\Users\smiy200\AppData\Local\Temp\ccKh3Sfa.s 			page 12


 493 02ce D9020000 		.4byte	0x2d9
 494 02d2 12       		.uleb128 0x12
 495 02d3 ED000000 		.4byte	0xed
 496 02d7 FE       		.byte	0xfe
 497 02d8 00       		.byte	0
 498 02d9 10       		.uleb128 0x10
 499 02da 37030000 		.4byte	.LASF45
 500 02de 01       		.byte	0x1
 501 02df 2D       		.byte	0x2d
 502 02e0 C9020000 		.4byte	0x2c9
 503 02e4 05       		.uleb128 0x5
 504 02e5 03       		.byte	0x3
 505 02e6 00000000 		.4byte	rf_string
 506 02ea 11       		.uleb128 0x11
 507 02eb DF000000 		.4byte	0xdf
 508 02ef FA020000 		.4byte	0x2fa
 509 02f3 12       		.uleb128 0x12
 510 02f4 ED000000 		.4byte	0xed
 511 02f8 3F       		.byte	0x3f
 512 02f9 00       		.byte	0
 513 02fa 10       		.uleb128 0x10
 514 02fb 36020000 		.4byte	.LASF46
 515 02ff 01       		.byte	0x1
 516 0300 2E       		.byte	0x2e
 517 0301 EA020000 		.4byte	0x2ea
 518 0305 05       		.uleb128 0x5
 519 0306 03       		.byte	0x3
 520 0307 00000000 		.4byte	displaystring
 521 030b 10       		.uleb128 0x10
 522 030c A2000000 		.4byte	.LASF47
 523 0310 01       		.byte	0x1
 524 0311 2F       		.byte	0x2f
 525 0312 EA020000 		.4byte	0x2ea
 526 0316 05       		.uleb128 0x5
 527 0317 03       		.byte	0x3
 528 0318 00000000 		.4byte	line
 529 031c 10       		.uleb128 0x10
 530 031d 58010000 		.4byte	.LASF48
 531 0321 01       		.byte	0x1
 532 0322 2F       		.byte	0x2f
 533 0323 EA020000 		.4byte	0x2ea
 534 0327 05       		.uleb128 0x5
 535 0328 03       		.byte	0x3
 536 0329 00000000 		.4byte	entry
 537 032d 11       		.uleb128 0x11
 538 032e AD000000 		.4byte	0xad
 539 0332 3D030000 		.4byte	0x33d
 540 0336 12       		.uleb128 0x12
 541 0337 ED000000 		.4byte	0xed
 542 033b 3F       		.byte	0x3f
 543 033c 00       		.byte	0
 544 033d 10       		.uleb128 0x10
 545 033e 55000000 		.4byte	.LASF49
 546 0342 01       		.byte	0x1
 547 0343 30       		.byte	0x30
 548 0344 2D030000 		.4byte	0x32d
 549 0348 05       		.uleb128 0x5
ARM GAS  C:\Users\smiy200\AppData\Local\Temp\ccKh3Sfa.s 			page 13


 550 0349 03       		.byte	0x3
 551 034a 00000000 		.4byte	usbBuffer
 552 034e 10       		.uleb128 0x10
 553 034f 3F000000 		.4byte	.LASF50
 554 0353 01       		.byte	0x1
 555 0354 46       		.byte	0x46
 556 0355 F4000000 		.4byte	0xf4
 557 0359 05       		.uleb128 0x5
 558 035a 03       		.byte	0x3
 559 035b 00000000 		.4byte	system_state
 560 035f 10       		.uleb128 0x10
 561 0360 82020000 		.4byte	.LASF51
 562 0364 01       		.byte	0x1
 563 0365 68       		.byte	0x68
 564 0366 97000000 		.4byte	0x97
 565 036a 05       		.uleb128 0x5
 566 036b 03       		.byte	0x3
 567 036c 00000000 		.4byte	count
 568 0370 10       		.uleb128 0x10
 569 0371 52020000 		.4byte	.LASF52
 570 0375 01       		.byte	0x1
 571 0376 69       		.byte	0x69
 572 0377 8C000000 		.4byte	0x8c
 573 037b 05       		.uleb128 0x5
 574 037c 03       		.byte	0x3
 575 037d 00000000 		.4byte	test
 576 0381 13       		.uleb128 0x13
 577 0382 E7030000 		.4byte	.LASF53
 578 0386 E7030000 		.4byte	.LASF53
 579 038a 06       		.byte	0x6
 580 038b 29       		.byte	0x29
 581 038c 13       		.uleb128 0x13
 582 038d 23000000 		.4byte	.LASF54
 583 0391 23000000 		.4byte	.LASF54
 584 0395 06       		.byte	0x6
 585 0396 26       		.byte	0x26
 586 0397 13       		.uleb128 0x13
 587 0398 05010000 		.4byte	.LASF55
 588 039c 05010000 		.4byte	.LASF55
 589 03a0 07       		.byte	0x7
 590 03a1 3A       		.byte	0x3a
 591 03a2 13       		.uleb128 0x13
 592 03a3 24010000 		.4byte	.LASF56
 593 03a7 24010000 		.4byte	.LASF56
 594 03ab 08       		.byte	0x8
 595 03ac 37       		.byte	0x37
 596 03ad 13       		.uleb128 0x13
 597 03ae 6F000000 		.4byte	.LASF57
 598 03b2 6F000000 		.4byte	.LASF57
 599 03b6 09       		.byte	0x9
 600 03b7 28       		.byte	0x28
 601 03b8 13       		.uleb128 0x13
 602 03b9 44020000 		.4byte	.LASF58
 603 03bd 44020000 		.4byte	.LASF58
 604 03c1 0A       		.byte	0xa
 605 03c2 5A       		.byte	0x5a
 606 03c3 13       		.uleb128 0x13
ARM GAS  C:\Users\smiy200\AppData\Local\Temp\ccKh3Sfa.s 			page 14


 607 03c4 07000000 		.4byte	.LASF59
 608 03c8 07000000 		.4byte	.LASF59
 609 03cc 07       		.byte	0x7
 610 03cd 34       		.byte	0x34
 611 03ce 13       		.uleb128 0x13
 612 03cf 35010000 		.4byte	.LASF60
 613 03d3 35010000 		.4byte	.LASF60
 614 03d7 09       		.byte	0x9
 615 03d8 18       		.byte	0x18
 616 03d9 13       		.uleb128 0x13
 617 03da FC010000 		.4byte	.LASF61
 618 03de FC010000 		.4byte	.LASF61
 619 03e2 07       		.byte	0x7
 620 03e3 D1       		.byte	0xd1
 621 03e4 13       		.uleb128 0x13
 622 03e5 07040000 		.4byte	.LASF62
 623 03e9 07040000 		.4byte	.LASF62
 624 03ed 08       		.byte	0x8
 625 03ee 33       		.byte	0x33
 626 03ef 00       		.byte	0
 627              		.section	.debug_abbrev,"",%progbits
 628              	.Ldebug_abbrev0:
 629 0000 01       		.uleb128 0x1
 630 0001 11       		.uleb128 0x11
 631 0002 01       		.byte	0x1
 632 0003 25       		.uleb128 0x25
 633 0004 0E       		.uleb128 0xe
 634 0005 13       		.uleb128 0x13
 635 0006 0B       		.uleb128 0xb
 636 0007 03       		.uleb128 0x3
 637 0008 0E       		.uleb128 0xe
 638 0009 1B       		.uleb128 0x1b
 639 000a 0E       		.uleb128 0xe
 640 000b 55       		.uleb128 0x55
 641 000c 17       		.uleb128 0x17
 642 000d 11       		.uleb128 0x11
 643 000e 01       		.uleb128 0x1
 644 000f 10       		.uleb128 0x10
 645 0010 17       		.uleb128 0x17
 646 0011 00       		.byte	0
 647 0012 00       		.byte	0
 648 0013 02       		.uleb128 0x2
 649 0014 24       		.uleb128 0x24
 650 0015 00       		.byte	0
 651 0016 0B       		.uleb128 0xb
 652 0017 0B       		.uleb128 0xb
 653 0018 3E       		.uleb128 0x3e
 654 0019 0B       		.uleb128 0xb
 655 001a 03       		.uleb128 0x3
 656 001b 0E       		.uleb128 0xe
 657 001c 00       		.byte	0
 658 001d 00       		.byte	0
 659 001e 03       		.uleb128 0x3
 660 001f 16       		.uleb128 0x16
 661 0020 00       		.byte	0
 662 0021 03       		.uleb128 0x3
 663 0022 0E       		.uleb128 0xe
ARM GAS  C:\Users\smiy200\AppData\Local\Temp\ccKh3Sfa.s 			page 15


 664 0023 3A       		.uleb128 0x3a
 665 0024 0B       		.uleb128 0xb
 666 0025 3B       		.uleb128 0x3b
 667 0026 0B       		.uleb128 0xb
 668 0027 49       		.uleb128 0x49
 669 0028 13       		.uleb128 0x13
 670 0029 00       		.byte	0
 671 002a 00       		.byte	0
 672 002b 04       		.uleb128 0x4
 673 002c 24       		.uleb128 0x24
 674 002d 00       		.byte	0
 675 002e 0B       		.uleb128 0xb
 676 002f 0B       		.uleb128 0xb
 677 0030 3E       		.uleb128 0x3e
 678 0031 0B       		.uleb128 0xb
 679 0032 03       		.uleb128 0x3
 680 0033 08       		.uleb128 0x8
 681 0034 00       		.byte	0
 682 0035 00       		.byte	0
 683 0036 05       		.uleb128 0x5
 684 0037 16       		.uleb128 0x16
 685 0038 00       		.byte	0
 686 0039 03       		.uleb128 0x3
 687 003a 0E       		.uleb128 0xe
 688 003b 3A       		.uleb128 0x3a
 689 003c 0B       		.uleb128 0xb
 690 003d 3B       		.uleb128 0x3b
 691 003e 05       		.uleb128 0x5
 692 003f 49       		.uleb128 0x49
 693 0040 13       		.uleb128 0x13
 694 0041 00       		.byte	0
 695 0042 00       		.byte	0
 696 0043 06       		.uleb128 0x6
 697 0044 13       		.uleb128 0x13
 698 0045 01       		.byte	0x1
 699 0046 03       		.uleb128 0x3
 700 0047 0E       		.uleb128 0xe
 701 0048 0B       		.uleb128 0xb
 702 0049 0B       		.uleb128 0xb
 703 004a 3A       		.uleb128 0x3a
 704 004b 0B       		.uleb128 0xb
 705 004c 3B       		.uleb128 0x3b
 706 004d 0B       		.uleb128 0xb
 707 004e 01       		.uleb128 0x1
 708 004f 13       		.uleb128 0x13
 709 0050 00       		.byte	0
 710 0051 00       		.byte	0
 711 0052 07       		.uleb128 0x7
 712 0053 0D       		.uleb128 0xd
 713 0054 00       		.byte	0
 714 0055 03       		.uleb128 0x3
 715 0056 0E       		.uleb128 0xe
 716 0057 3A       		.uleb128 0x3a
 717 0058 0B       		.uleb128 0xb
 718 0059 3B       		.uleb128 0x3b
 719 005a 0B       		.uleb128 0xb
 720 005b 49       		.uleb128 0x49
ARM GAS  C:\Users\smiy200\AppData\Local\Temp\ccKh3Sfa.s 			page 16


 721 005c 13       		.uleb128 0x13
 722 005d 38       		.uleb128 0x38
 723 005e 0B       		.uleb128 0xb
 724 005f 00       		.byte	0
 725 0060 00       		.byte	0
 726 0061 08       		.uleb128 0x8
 727 0062 2E       		.uleb128 0x2e
 728 0063 01       		.byte	0x1
 729 0064 3F       		.uleb128 0x3f
 730 0065 19       		.uleb128 0x19
 731 0066 03       		.uleb128 0x3
 732 0067 0E       		.uleb128 0xe
 733 0068 3A       		.uleb128 0x3a
 734 0069 0B       		.uleb128 0xb
 735 006a 3B       		.uleb128 0x3b
 736 006b 0B       		.uleb128 0xb
 737 006c 27       		.uleb128 0x27
 738 006d 19       		.uleb128 0x19
 739 006e 11       		.uleb128 0x11
 740 006f 01       		.uleb128 0x1
 741 0070 12       		.uleb128 0x12
 742 0071 06       		.uleb128 0x6
 743 0072 40       		.uleb128 0x40
 744 0073 18       		.uleb128 0x18
 745 0074 9742     		.uleb128 0x2117
 746 0076 19       		.uleb128 0x19
 747 0077 01       		.uleb128 0x1
 748 0078 13       		.uleb128 0x13
 749 0079 00       		.byte	0
 750 007a 00       		.byte	0
 751 007b 09       		.uleb128 0x9
 752 007c 34       		.uleb128 0x34
 753 007d 00       		.byte	0
 754 007e 03       		.uleb128 0x3
 755 007f 0E       		.uleb128 0xe
 756 0080 3A       		.uleb128 0x3a
 757 0081 0B       		.uleb128 0xb
 758 0082 3B       		.uleb128 0x3b
 759 0083 0B       		.uleb128 0xb
 760 0084 49       		.uleb128 0x49
 761 0085 13       		.uleb128 0x13
 762 0086 02       		.uleb128 0x2
 763 0087 17       		.uleb128 0x17
 764 0088 00       		.byte	0
 765 0089 00       		.byte	0
 766 008a 0A       		.uleb128 0xa
 767 008b 898201   		.uleb128 0x4109
 768 008e 00       		.byte	0
 769 008f 11       		.uleb128 0x11
 770 0090 01       		.uleb128 0x1
 771 0091 31       		.uleb128 0x31
 772 0092 13       		.uleb128 0x13
 773 0093 00       		.byte	0
 774 0094 00       		.byte	0
 775 0095 0B       		.uleb128 0xb
 776 0096 2E       		.uleb128 0x2e
 777 0097 01       		.byte	0x1
ARM GAS  C:\Users\smiy200\AppData\Local\Temp\ccKh3Sfa.s 			page 17


 778 0098 3F       		.uleb128 0x3f
 779 0099 19       		.uleb128 0x19
 780 009a 03       		.uleb128 0x3
 781 009b 0E       		.uleb128 0xe
 782 009c 3A       		.uleb128 0x3a
 783 009d 0B       		.uleb128 0xb
 784 009e 3B       		.uleb128 0x3b
 785 009f 0B       		.uleb128 0xb
 786 00a0 49       		.uleb128 0x49
 787 00a1 13       		.uleb128 0x13
 788 00a2 8701     		.uleb128 0x87
 789 00a4 19       		.uleb128 0x19
 790 00a5 11       		.uleb128 0x11
 791 00a6 01       		.uleb128 0x1
 792 00a7 12       		.uleb128 0x12
 793 00a8 06       		.uleb128 0x6
 794 00a9 40       		.uleb128 0x40
 795 00aa 18       		.uleb128 0x18
 796 00ab 9742     		.uleb128 0x2117
 797 00ad 19       		.uleb128 0x19
 798 00ae 01       		.uleb128 0x1
 799 00af 13       		.uleb128 0x13
 800 00b0 00       		.byte	0
 801 00b1 00       		.byte	0
 802 00b2 0C       		.uleb128 0xc
 803 00b3 898201   		.uleb128 0x4109
 804 00b6 01       		.byte	0x1
 805 00b7 11       		.uleb128 0x11
 806 00b8 01       		.uleb128 0x1
 807 00b9 31       		.uleb128 0x31
 808 00ba 13       		.uleb128 0x13
 809 00bb 01       		.uleb128 0x1
 810 00bc 13       		.uleb128 0x13
 811 00bd 00       		.byte	0
 812 00be 00       		.byte	0
 813 00bf 0D       		.uleb128 0xd
 814 00c0 8A8201   		.uleb128 0x410a
 815 00c3 00       		.byte	0
 816 00c4 02       		.uleb128 0x2
 817 00c5 18       		.uleb128 0x18
 818 00c6 9142     		.uleb128 0x2111
 819 00c8 18       		.uleb128 0x18
 820 00c9 00       		.byte	0
 821 00ca 00       		.byte	0
 822 00cb 0E       		.uleb128 0xe
 823 00cc 34       		.uleb128 0x34
 824 00cd 00       		.byte	0
 825 00ce 03       		.uleb128 0x3
 826 00cf 0E       		.uleb128 0xe
 827 00d0 3A       		.uleb128 0x3a
 828 00d1 0B       		.uleb128 0xb
 829 00d2 3B       		.uleb128 0x3b
 830 00d3 05       		.uleb128 0x5
 831 00d4 49       		.uleb128 0x49
 832 00d5 13       		.uleb128 0x13
 833 00d6 3F       		.uleb128 0x3f
 834 00d7 19       		.uleb128 0x19
ARM GAS  C:\Users\smiy200\AppData\Local\Temp\ccKh3Sfa.s 			page 18


 835 00d8 3C       		.uleb128 0x3c
 836 00d9 19       		.uleb128 0x19
 837 00da 00       		.byte	0
 838 00db 00       		.byte	0
 839 00dc 0F       		.uleb128 0xf
 840 00dd 35       		.uleb128 0x35
 841 00de 00       		.byte	0
 842 00df 49       		.uleb128 0x49
 843 00e0 13       		.uleb128 0x13
 844 00e1 00       		.byte	0
 845 00e2 00       		.byte	0
 846 00e3 10       		.uleb128 0x10
 847 00e4 34       		.uleb128 0x34
 848 00e5 00       		.byte	0
 849 00e6 03       		.uleb128 0x3
 850 00e7 0E       		.uleb128 0xe
 851 00e8 3A       		.uleb128 0x3a
 852 00e9 0B       		.uleb128 0xb
 853 00ea 3B       		.uleb128 0x3b
 854 00eb 0B       		.uleb128 0xb
 855 00ec 49       		.uleb128 0x49
 856 00ed 13       		.uleb128 0x13
 857 00ee 3F       		.uleb128 0x3f
 858 00ef 19       		.uleb128 0x19
 859 00f0 02       		.uleb128 0x2
 860 00f1 18       		.uleb128 0x18
 861 00f2 00       		.byte	0
 862 00f3 00       		.byte	0
 863 00f4 11       		.uleb128 0x11
 864 00f5 01       		.uleb128 0x1
 865 00f6 01       		.byte	0x1
 866 00f7 49       		.uleb128 0x49
 867 00f8 13       		.uleb128 0x13
 868 00f9 01       		.uleb128 0x1
 869 00fa 13       		.uleb128 0x13
 870 00fb 00       		.byte	0
 871 00fc 00       		.byte	0
 872 00fd 12       		.uleb128 0x12
 873 00fe 21       		.uleb128 0x21
 874 00ff 00       		.byte	0
 875 0100 49       		.uleb128 0x49
 876 0101 13       		.uleb128 0x13
 877 0102 2F       		.uleb128 0x2f
 878 0103 0B       		.uleb128 0xb
 879 0104 00       		.byte	0
 880 0105 00       		.byte	0
 881 0106 13       		.uleb128 0x13
 882 0107 2E       		.uleb128 0x2e
 883 0108 00       		.byte	0
 884 0109 3F       		.uleb128 0x3f
 885 010a 19       		.uleb128 0x19
 886 010b 3C       		.uleb128 0x3c
 887 010c 19       		.uleb128 0x19
 888 010d 6E       		.uleb128 0x6e
 889 010e 0E       		.uleb128 0xe
 890 010f 03       		.uleb128 0x3
 891 0110 0E       		.uleb128 0xe
ARM GAS  C:\Users\smiy200\AppData\Local\Temp\ccKh3Sfa.s 			page 19


 892 0111 3A       		.uleb128 0x3a
 893 0112 0B       		.uleb128 0xb
 894 0113 3B       		.uleb128 0x3b
 895 0114 0B       		.uleb128 0xb
 896 0115 00       		.byte	0
 897 0116 00       		.byte	0
 898 0117 00       		.byte	0
 899              		.section	.debug_loc,"",%progbits
 900              	.Ldebug_loc0:
 901              	.LLST0:
 902 0000 12000000 		.4byte	.LVL2
 903 0004 17000000 		.4byte	.LVL3-1
 904 0008 0100     		.2byte	0x1
 905 000a 50       		.byte	0x50
 906 000b 00000000 		.4byte	0
 907 000f 00000000 		.4byte	0
 908              		.section	.debug_aranges,"",%progbits
 909 0000 24000000 		.4byte	0x24
 910 0004 0200     		.2byte	0x2
 911 0006 00000000 		.4byte	.Ldebug_info0
 912 000a 04       		.byte	0x4
 913 000b 00       		.byte	0
 914 000c 0000     		.2byte	0
 915 000e 0000     		.2byte	0
 916 0010 00000000 		.4byte	.LFB65
 917 0014 1E000000 		.4byte	.LFE65-.LFB65
 918 0018 00000000 		.4byte	.LFB64
 919 001c 20000000 		.4byte	.LFE64-.LFB64
 920 0020 00000000 		.4byte	0
 921 0024 00000000 		.4byte	0
 922              		.section	.debug_ranges,"",%progbits
 923              	.Ldebug_ranges0:
 924 0000 00000000 		.4byte	.LFB65
 925 0004 1E000000 		.4byte	.LFE65
 926 0008 00000000 		.4byte	.LFB64
 927 000c 20000000 		.4byte	.LFE64
 928 0010 00000000 		.4byte	0
 929 0014 00000000 		.4byte	0
 930              		.section	.debug_line,"",%progbits
 931              	.Ldebug_line0:
 932 0000 B9010000 		.section	.debug_str,"MS",%progbits,1
 932      02008901 
 932      00000201 
 932      FB0E0D00 
 932      01010101 
 933              	.LASF68:
 934 0000 72657375 		.ascii	"result\000"
 934      6C7400
 935              	.LASF59:
 936 0007 4144435F 		.ascii	"ADC_SAR_1_Start\000"
 936      5341525F 
 936      315F5374 
 936      61727400 
 937              	.LASF42:
 938 0017 666C6167 		.ascii	"flag_packet\000"
 938      5F706163 
 938      6B657400 
ARM GAS  C:\Users\smiy200\AppData\Local\Temp\ccKh3Sfa.s 			page 20


 939              	.LASF54:
 940 0023 4C45445F 		.ascii	"LED_Write\000"
 940      57726974 
 940      6500
 941              	.LASF36:
 942 002d 67325F78 		.ascii	"g2_xpos\000"
 942      706F7300 
 943              	.LASF2:
 944 0035 73686F72 		.ascii	"short int\000"
 944      7420696E 
 944      7400
 945              	.LASF50:
 946 003f 73797374 		.ascii	"system_state\000"
 946      656D5F73 
 946      74617465 
 946      00
 947              	.LASF22:
 948 004c 73697A65 		.ascii	"sizetype\000"
 948      74797065 
 948      00
 949              	.LASF49:
 950 0055 75736242 		.ascii	"usbBuffer\000"
 950      75666665 
 950      7200
 951              	.LASF69:
 952 005f 6D61696E 		.ascii	"main\000"
 952      00
 953              	.LASF4:
 954 0064 5F5F7569 		.ascii	"__uint16_t\000"
 954      6E743136 
 954      5F7400
 955              	.LASF57:
 956 006f 6973725F 		.ascii	"isr_1_ClearPending\000"
 956      315F436C 
 956      65617250 
 956      656E6469 
 956      6E6700
 957              	.LASF16:
 958 0082 75696E74 		.ascii	"uint16\000"
 958      313600
 959              	.LASF24:
 960 0089 696E6465 		.ascii	"index\000"
 960      7800
 961              	.LASF15:
 962 008f 75696E74 		.ascii	"uint8\000"
 962      3800
 963              	.LASF35:
 964 0095 67315F64 		.ascii	"g1_direction\000"
 964      69726563 
 964      74696F6E 
 964      00
 965              	.LASF47:
 966 00a2 6C696E65 		.ascii	"line\000"
 966      00
 967              	.LASF18:
 968 00a7 666C6F61 		.ascii	"float\000"
 968      7400
ARM GAS  C:\Users\smiy200\AppData\Local\Temp\ccKh3Sfa.s 			page 21


 969              	.LASF67:
 970 00ad 6973725F 		.ascii	"isr_1_Interrupt_custom\000"
 970      315F496E 
 970      74657272 
 970      7570745F 
 970      63757374 
 971              	.LASF9:
 972 00c4 6C6F6E67 		.ascii	"long long int\000"
 972      206C6F6E 
 972      6720696E 
 972      7400
 973              	.LASF43:
 974 00d2 6F757470 		.ascii	"outputC\000"
 974      75744300 
 975              	.LASF17:
 976 00da 696E7438 		.ascii	"int8\000"
 976      00
 977              	.LASF37:
 978 00df 67325F79 		.ascii	"g2_ypos\000"
 978      706F7300 
 979              	.LASF31:
 980 00e7 67305F64 		.ascii	"g0_direction\000"
 980      69726563 
 980      74696F6E 
 980      00
 981              	.LASF28:
 982 00f4 67305F78 		.ascii	"g0_xpos\000"
 982      706F7300 
 983              	.LASF7:
 984 00fc 6C6F6E67 		.ascii	"long int\000"
 984      20696E74 
 984      00
 985              	.LASF55:
 986 0105 4144435F 		.ascii	"ADC_SAR_1_GetResult8\000"
 986      5341525F 
 986      315F4765 
 986      74526573 
 986      756C7438 
 987              	.LASF3:
 988 011a 5F5F7569 		.ascii	"__uint8_t\000"
 988      6E74385F 
 988      7400
 989              	.LASF56:
 990 0124 56444143 		.ascii	"VDAC8_1_SetValue\000"
 990      385F315F 
 990      53657456 
 990      616C7565 
 990      00
 991              	.LASF60:
 992 0135 6973725F 		.ascii	"isr_1_StartEx\000"
 992      315F5374 
 992      61727445 
 992      7800
 993              	.LASF41:
 994 0143 666C6167 		.ascii	"flag_rx\000"
 994      5F727800 
 995              	.LASF39:
ARM GAS  C:\Users\smiy200\AppData\Local\Temp\ccKh3Sfa.s 			page 22


 996 014b 67325F64 		.ascii	"g2_direction\000"
 996      69726563 
 996      74696F6E 
 996      00
 997              	.LASF48:
 998 0158 656E7472 		.ascii	"entry\000"
 998      7900
 999              	.LASF21:
 1000 015e 6C6F6E67 		.ascii	"long double\000"
 1000      20646F75 
 1000      626C6500 
 1001              	.LASF1:
 1002 016a 756E7369 		.ascii	"unsigned char\000"
 1002      676E6564 
 1002      20636861 
 1002      7200
 1003              	.LASF30:
 1004 0178 67305F73 		.ascii	"g0_speed\000"
 1004      70656564 
 1004      00
 1005              	.LASF0:
 1006 0181 7369676E 		.ascii	"signed char\000"
 1006      65642063 
 1006      68617200 
 1007              	.LASF10:
 1008 018d 6C6F6E67 		.ascii	"long long unsigned int\000"
 1008      206C6F6E 
 1008      6720756E 
 1008      7369676E 
 1008      65642069 
 1009              	.LASF11:
 1010 01a4 756E7369 		.ascii	"unsigned int\000"
 1010      676E6564 
 1010      20696E74 
 1010      00
 1011              	.LASF13:
 1012 01b1 75696E74 		.ascii	"uint16_t\000"
 1012      31365F74 
 1012      00
 1013              	.LASF38:
 1014 01ba 67325F73 		.ascii	"g2_speed\000"
 1014      70656564 
 1014      00
 1015              	.LASF44:
 1016 01c3 666C6167 		.ascii	"flag_KB_string\000"
 1016      5F4B425F 
 1016      73747269 
 1016      6E6700
 1017              	.LASF32:
 1018 01d2 67315F78 		.ascii	"g1_xpos\000"
 1018      706F7300 
 1019              	.LASF5:
 1020 01da 73686F72 		.ascii	"short unsigned int\000"
 1020      7420756E 
 1020      7369676E 
 1020      65642069 
 1020      6E7400
ARM GAS  C:\Users\smiy200\AppData\Local\Temp\ccKh3Sfa.s 			page 23


 1021              	.LASF66:
 1022 01ed 64617461 		.ascii	"data_main\000"
 1022      5F6D6169 
 1022      6E00
 1023              	.LASF20:
 1024 01f7 63686172 		.ascii	"char\000"
 1024      00
 1025              	.LASF61:
 1026 01fc 4144435F 		.ascii	"ADC_SAR_1_StartConvert\000"
 1026      5341525F 
 1026      315F5374 
 1026      61727443 
 1026      6F6E7665 
 1027              	.LASF14:
 1028 0213 696E7433 		.ascii	"int32_t\000"
 1028      325F7400 
 1029              	.LASF33:
 1030 021b 67315F79 		.ascii	"g1_ypos\000"
 1030      706F7300 
 1031              	.LASF6:
 1032 0223 5F5F696E 		.ascii	"__int32_t\000"
 1032      7433325F 
 1032      7400
 1033              	.LASF34:
 1034 022d 67315F73 		.ascii	"g1_speed\000"
 1034      70656564 
 1034      00
 1035              	.LASF46:
 1036 0236 64697370 		.ascii	"displaystring\000"
 1036      6C617973 
 1036      7472696E 
 1036      6700
 1037              	.LASF58:
 1038 0244 54696D65 		.ascii	"Timer_1_Start\000"
 1038      725F315F 
 1038      53746172 
 1038      7400
 1039              	.LASF52:
 1040 0252 74657374 		.ascii	"test\000"
 1040      00
 1041              	.LASF64:
 1042 0257 6D61696E 		.ascii	"main.c\000"
 1042      2E6300
 1043              	.LASF8:
 1044 025e 6C6F6E67 		.ascii	"long unsigned int\000"
 1044      20756E73 
 1044      69676E65 
 1044      6420696E 
 1044      7400
 1045              	.LASF19:
 1046 0270 646F7562 		.ascii	"double\000"
 1046      6C6500
 1047              	.LASF25:
 1048 0277 726F626F 		.ascii	"robot_xpos\000"
 1048      745F7870 
 1048      6F7300
 1049              	.LASF51:
ARM GAS  C:\Users\smiy200\AppData\Local\Temp\ccKh3Sfa.s 			page 24


 1050 0282 636F756E 		.ascii	"count\000"
 1050      7400
 1051              	.LASF65:
 1052 0288 5C5C6669 		.ascii	"\\\\files.auckland.ac.nz\\myhome\\Documents\\GitHub"
 1052      6C65732E 
 1052      6175636B 
 1052      6C616E64 
 1052      2E61632E 
 1053 02b6 5C70726F 		.ascii	"\\project-project_group_11\\COMPSYS 301\\psoc stude"
 1053      6A656374 
 1053      2D70726F 
 1053      6A656374 
 1053      5F67726F 
 1054 02e6 6E742070 		.ascii	"nt pack\\psoc student pack\\lab exercise\\psoc_intr"
 1054      61636B5C 
 1054      70736F63 
 1054      20737475 
 1054      64656E74 
 1055 0316 6F20342E 		.ascii	"o 4.0\\lab4.cydsn\000"
 1055      305C6C61 
 1055      62342E63 
 1055      7964736E 
 1055      00
 1056              	.LASF12:
 1057 0327 75696E74 		.ascii	"uint8_t\000"
 1057      385F7400 
 1058              	.LASF29:
 1059 032f 67305F79 		.ascii	"g0_ypos\000"
 1059      706F7300 
 1060              	.LASF45:
 1061 0337 72665F73 		.ascii	"rf_string\000"
 1061      7472696E 
 1061      6700
 1062              	.LASF26:
 1063 0341 726F626F 		.ascii	"robot_ypos\000"
 1063      745F7970 
 1063      6F7300
 1064              	.LASF40:
 1065 034c 49544D5F 		.ascii	"ITM_RxBuffer\000"
 1065      52784275 
 1065      66666572 
 1065      00
 1066              	.LASF63:
 1067 0359 474E5520 		.ascii	"GNU C11 5.4.1 20160609 (release) [ARM/embedded-5-br"
 1067      43313120 
 1067      352E342E 
 1067      31203230 
 1067      31363036 
 1068 038c 616E6368 		.ascii	"anch revision 237715] -mcpu=cortex-m3 -mthumb -g -O"
 1068      20726576 
 1068      6973696F 
 1068      6E203233 
 1068      37373135 
 1069 03bf 67202D66 		.ascii	"g -ffunction-sections -ffat-lto-objects\000"
 1069      66756E63 
 1069      74696F6E 
 1069      2D736563 
ARM GAS  C:\Users\smiy200\AppData\Local\Temp\ccKh3Sfa.s 			page 25


 1069      74696F6E 
 1070              	.LASF53:
 1071 03e7 4C45445F 		.ascii	"LED_Read\000"
 1071      52656164 
 1071      00
 1072              	.LASF23:
 1073 03f0 72737369 		.ascii	"rssi\000"
 1073      00
 1074              	.LASF27:
 1075 03f5 726F626F 		.ascii	"robot_orientation\000"
 1075      745F6F72 
 1075      69656E74 
 1075      6174696F 
 1075      6E00
 1076              	.LASF62:
 1077 0407 56444143 		.ascii	"VDAC8_1_Start\000"
 1077      385F315F 
 1077      53746172 
 1077      7400
 1078              		.ident	"GCC: (GNU Tools for ARM Embedded Processors) 5.4.1 20160609 (release) [ARM/embedded-5-bran
