ARM GAS  C:\Users\NITISH~1\AppData\Local\Temp\ccpkzLAr.s 			page 1


   1              		.syntax unified
   2              		.cpu cortex-m3
   3              		.fpu softvfp
   4              		.eabi_attribute 20, 1
   5              		.eabi_attribute 21, 1
   6              		.eabi_attribute 23, 3
   7              		.eabi_attribute 24, 1
   8              		.eabi_attribute 25, 1
   9              		.eabi_attribute 26, 1
  10              		.eabi_attribute 30, 1
  11              		.eabi_attribute 34, 1
  12              		.eabi_attribute 18, 4
  13              		.thumb
  14              		.file	"cymetadata.c"
  15              		.text
  16              	.Ltext0:
  17              		.cfi_sections	.debug_frame
  18              		.global	cy_metadata
  19              		.global	cy_meta_flashprotect
  20              		.global	cy_meta_wonvl
  21              		.global	cy_meta_custnvl
  22              		.global	cy_meta_configecc
  23              		.section	.cyconfigecc,"a",%progbits
  24              		.align	2
  25              		.type	cy_meta_configecc, %object
  26              		.size	cy_meta_configecc, 1036
  27              	cy_meta_configecc:
  28 0000 01       		.byte	1
  29 0001 45       		.byte	69
  30 0002 00       		.byte	0
  31 0003 40       		.byte	64
  32 0004 04       		.byte	4
  33 0005 52       		.byte	82
  34 0006 00       		.byte	0
  35 0007 40       		.byte	64
  36 0008 03       		.byte	3
  37 0009 64       		.byte	100
  38 000a 00       		.byte	0
  39 000b 40       		.byte	64
  40 000c 01       		.byte	1
  41 000d 01       		.byte	1
  42 000e 01       		.byte	1
  43 000f 40       		.byte	64
  44 0010 01       		.byte	1
  45 0011 05       		.byte	5
  46 0012 01       		.byte	1
  47 0013 40       		.byte	64
  48 0014 4B       		.byte	75
  49 0015 0A       		.byte	10
  50 0016 01       		.byte	1
  51 0017 40       		.byte	64
  52 0018 42       		.byte	66
  53 0019 0B       		.byte	11
  54 001a 01       		.byte	1
  55 001b 40       		.byte	64
  56 001c 46       		.byte	70
  57 001d 0C       		.byte	12
ARM GAS  C:\Users\NITISH~1\AppData\Local\Temp\ccpkzLAr.s 			page 2


  58 001e 01       		.byte	1
  59 001f 40       		.byte	64
  60 0020 38       		.byte	56
  61 0021 0D       		.byte	13
  62 0022 01       		.byte	1
  63 0023 40       		.byte	64
  64 0024 4B       		.byte	75
  65 0025 0E       		.byte	14
  66 0026 01       		.byte	1
  67 0027 40       		.byte	64
  68 0028 31       		.byte	49
  69 0029 0F       		.byte	15
  70 002a 01       		.byte	1
  71 002b 40       		.byte	64
  72 002c 02       		.byte	2
  73 002d 17       		.byte	23
  74 002e 01       		.byte	1
  75 002f 40       		.byte	64
  76 0030 02       		.byte	2
  77 0031 19       		.byte	25
  78 0032 01       		.byte	1
  79 0033 40       		.byte	64
  80 0034 08       		.byte	8
  81 0035 40       		.byte	64
  82 0036 01       		.byte	1
  83 0037 40       		.byte	64
  84 0038 04       		.byte	4
  85 0039 41       		.byte	65
  86 003a 01       		.byte	1
  87 003b 40       		.byte	64
  88 003c 06       		.byte	6
  89 003d 42       		.byte	66
  90 003e 01       		.byte	1
  91 003f 40       		.byte	64
  92 0040 03       		.byte	3
  93 0041 43       		.byte	67
  94 0042 01       		.byte	1
  95 0043 40       		.byte	64
  96 0044 02       		.byte	2
  97 0045 44       		.byte	68
  98 0046 01       		.byte	1
  99 0047 40       		.byte	64
 100 0048 08       		.byte	8
 101 0049 45       		.byte	69
 102 004a 01       		.byte	1
 103 004b 40       		.byte	64
 104 004c 04       		.byte	4
 105 004d 46       		.byte	70
 106 004e 01       		.byte	1
 107 004f 40       		.byte	64
 108 0050 04       		.byte	4
 109 0051 47       		.byte	71
 110 0052 01       		.byte	1
 111 0053 40       		.byte	64
 112 0054 04       		.byte	4
 113 0055 48       		.byte	72
 114 0056 01       		.byte	1
ARM GAS  C:\Users\NITISH~1\AppData\Local\Temp\ccpkzLAr.s 			page 3


 115 0057 40       		.byte	64
 116 0058 02       		.byte	2
 117 0059 4C       		.byte	76
 118 005a 01       		.byte	1
 119 005b 40       		.byte	64
 120 005c 03       		.byte	3
 121 005d 50       		.byte	80
 122 005e 01       		.byte	1
 123 005f 40       		.byte	64
 124 0060 02       		.byte	2
 125 0061 51       		.byte	81
 126 0062 01       		.byte	1
 127 0063 40       		.byte	64
 128 0064 7E       		.byte	126
 129 0065 02       		.byte	2
 130 0066 10       		.byte	16
 131 0067 08       		.byte	8
 132 0068 11       		.byte	17
 133 0069 18       		.byte	24
 134 006a 14       		.byte	20
 135 006b 04       		.byte	4
 136 006c 7C       		.byte	124
 137 006d 40       		.byte	64
 138 006e 8B       		.byte	-117
 139 006f 0F       		.byte	15
 140 0070 8C       		.byte	-116
 141 0071 71       		.byte	113
 142 0072 8E       		.byte	-114
 143 0073 38       		.byte	56
 144 0074 E2       		.byte	-30
 145 0075 04       		.byte	4
 146 0076 E2       		.byte	-30
 147 0077 08       		.byte	8
 148 0078 0B       		.byte	11
 149 0079 08       		.byte	8
 150 007a 12       		.byte	18
 151 007b 01       		.byte	1
 152 007c 14       		.byte	20
 153 007d 01       		.byte	1
 154 007e 15       		.byte	21
 155 007f 03       		.byte	3
 156 0080 17       		.byte	23
 157 0081 0C       		.byte	12
 158 0082 1D       		.byte	29
 159 0083 0A       		.byte	10
 160 0084 1F       		.byte	31
 161 0085 04       		.byte	4
 162 0086 20       		.byte	32
 163 0087 01       		.byte	1
 164 0088 25       		.byte	37
 165 0089 03       		.byte	3
 166 008a 26       		.byte	38
 167 008b 01       		.byte	1
 168 008c 27       		.byte	39
 169 008d 04       		.byte	4
 170 008e 2A       		.byte	42
 171 008f 01       		.byte	1
ARM GAS  C:\Users\NITISH~1\AppData\Local\Temp\ccpkzLAr.s 			page 4


 172 0090 2B       		.byte	43
 173 0091 05       		.byte	5
 174 0092 2D       		.byte	45
 175 0093 03       		.byte	3
 176 0094 2F       		.byte	47
 177 0095 04       		.byte	4
 178 0096 33       		.byte	51
 179 0097 0F       		.byte	15
 180 0098 36       		.byte	54
 181 0099 01       		.byte	1
 182 009a 3B       		.byte	59
 183 009b 08       		.byte	8
 184 009c 3E       		.byte	62
 185 009d 40       		.byte	64
 186 009e 58       		.byte	88
 187 009f 04       		.byte	4
 188 00a0 59       		.byte	89
 189 00a1 04       		.byte	4
 190 00a2 5F       		.byte	95
 191 00a3 01       		.byte	1
 192 00a4 80       		.byte	-128
 193 00a5 39       		.byte	57
 194 00a6 81       		.byte	-127
 195 00a7 08       		.byte	8
 196 00a8 82       		.byte	-126
 197 00a9 02       		.byte	2
 198 00aa 84       		.byte	-124
 199 00ab 19       		.byte	25
 200 00ac 85       		.byte	-123
 201 00ad 06       		.byte	6
 202 00ae 86       		.byte	-122
 203 00af 24       		.byte	36
 204 00b0 88       		.byte	-120
 205 00b1 27       		.byte	39
 206 00b2 8A       		.byte	-118
 207 00b3 18       		.byte	24
 208 00b4 8C       		.byte	-116
 209 00b5 3F       		.byte	63
 210 00b6 91       		.byte	-111
 211 00b7 07       		.byte	7
 212 00b8 96       		.byte	-106
 213 00b9 01       		.byte	1
 214 00ba 98       		.byte	-104
 215 00bb 08       		.byte	8
 216 00bc 99       		.byte	-103
 217 00bd 01       		.byte	1
 218 00be 9B       		.byte	-101
 219 00bf 06       		.byte	6
 220 00c0 9D       		.byte	-99
 221 00c1 06       		.byte	6
 222 00c2 9E       		.byte	-98
 223 00c3 26       		.byte	38
 224 00c4 9F       		.byte	-97
 225 00c5 01       		.byte	1
 226 00c6 A0       		.byte	-96
 227 00c7 10       		.byte	16
 228 00c8 A3       		.byte	-93
ARM GAS  C:\Users\NITISH~1\AppData\Local\Temp\ccpkzLAr.s 			page 5


 229 00c9 01       		.byte	1
 230 00ca A4       		.byte	-92
 231 00cb 18       		.byte	24
 232 00cc A5       		.byte	-91
 233 00cd 02       		.byte	2
 234 00ce A8       		.byte	-88
 235 00cf 21       		.byte	33
 236 00d0 A9       		.byte	-87
 237 00d1 06       		.byte	6
 238 00d2 AB       		.byte	-85
 239 00d3 01       		.byte	1
 240 00d4 AD       		.byte	-83
 241 00d5 04       		.byte	4
 242 00d6 B1       		.byte	-79
 243 00d7 07       		.byte	7
 244 00d8 B2       		.byte	-78
 245 00d9 1F       		.byte	31
 246 00da B4       		.byte	-76
 247 00db 38       		.byte	56
 248 00dc B5       		.byte	-75
 249 00dd 08       		.byte	8
 250 00de BA       		.byte	-70
 251 00df 28       		.byte	40
 252 00e0 BB       		.byte	-69
 253 00e1 02       		.byte	2
 254 00e2 BF       		.byte	-65
 255 00e3 10       		.byte	16
 256 00e4 C0       		.byte	-64
 257 00e5 36       		.byte	54
 258 00e6 C1       		.byte	-63
 259 00e7 04       		.byte	4
 260 00e8 C6       		.byte	-58
 261 00e9 B0       		.byte	-80
 262 00ea C7       		.byte	-57
 263 00eb EC       		.byte	-20
 264 00ec C8       		.byte	-56
 265 00ed 38       		.byte	56
 266 00ee C9       		.byte	-55
 267 00ef FF       		.byte	-1
 268 00f0 CA       		.byte	-54
 269 00f1 FF       		.byte	-1
 270 00f2 CB       		.byte	-53
 271 00f3 FF       		.byte	-1
 272 00f4 CE       		.byte	-50
 273 00f5 F0       		.byte	-16
 274 00f6 CF       		.byte	-49
 275 00f7 44       		.byte	68
 276 00f8 D0       		.byte	-48
 277 00f9 0C       		.byte	12
 278 00fa D4       		.byte	-44
 279 00fb 01       		.byte	1
 280 00fc D6       		.byte	-42
 281 00fd 04       		.byte	4
 282 00fe D8       		.byte	-40
 283 00ff 04       		.byte	4
 284 0100 D9       		.byte	-39
 285 0101 04       		.byte	4
ARM GAS  C:\Users\NITISH~1\AppData\Local\Temp\ccpkzLAr.s 			page 6


 286 0102 DA       		.byte	-38
 287 0103 04       		.byte	4
 288 0104 DB       		.byte	-37
 289 0105 04       		.byte	4
 290 0106 DF       		.byte	-33
 291 0107 01       		.byte	1
 292 0108 E6       		.byte	-26
 293 0109 C0       		.byte	-64
 294 010a EA       		.byte	-22
 295 010b 40       		.byte	64
 296 010c EB       		.byte	-21
 297 010d 02       		.byte	2
 298 010e 05       		.byte	5
 299 010f 14       		.byte	20
 300 0110 07       		.byte	7
 301 0111 41       		.byte	65
 302 0112 09       		.byte	9
 303 0113 08       		.byte	8
 304 0114 0A       		.byte	10
 305 0115 80       		.byte	-128
 306 0116 0C       		.byte	12
 307 0117 20       		.byte	32
 308 0118 0E       		.byte	14
 309 0119 23       		.byte	35
 310 011a 10       		.byte	16
 311 011b 8C       		.byte	-116
 312 011c 11       		.byte	17
 313 011d 08       		.byte	8
 314 011e 12       		.byte	18
 315 011f 40       		.byte	64
 316 0120 14       		.byte	20
 317 0121 08       		.byte	8
 318 0122 15       		.byte	21
 319 0123 04       		.byte	4
 320 0124 16       		.byte	22
 321 0125 80       		.byte	-128
 322 0126 17       		.byte	23
 323 0127 02       		.byte	2
 324 0128 19       		.byte	25
 325 0129 80       		.byte	-128
 326 012a 1D       		.byte	29
 327 012b 14       		.byte	20
 328 012c 1F       		.byte	31
 329 012d 08       		.byte	8
 330 012e 21       		.byte	33
 331 012f 08       		.byte	8
 332 0130 24       		.byte	36
 333 0131 04       		.byte	4
 334 0132 27       		.byte	39
 335 0133 40       		.byte	64
 336 0134 28       		.byte	40
 337 0135 24       		.byte	36
 338 0136 2A       		.byte	42
 339 0137 44       		.byte	68
 340 0138 2C       		.byte	44
 341 0139 20       		.byte	32
 342 013a 2E       		.byte	46
ARM GAS  C:\Users\NITISH~1\AppData\Local\Temp\ccpkzLAr.s 			page 7


 343 013b 81       		.byte	-127
 344 013c 2F       		.byte	47
 345 013d 08       		.byte	8
 346 013e 31       		.byte	49
 347 013f 08       		.byte	8
 348 0140 32       		.byte	50
 349 0141 40       		.byte	64
 350 0142 35       		.byte	53
 351 0143 10       		.byte	16
 352 0144 37       		.byte	55
 353 0145 41       		.byte	65
 354 0146 3B       		.byte	59
 355 0147 10       		.byte	16
 356 0148 3C       		.byte	60
 357 0149 0A       		.byte	10
 358 014a 3D       		.byte	61
 359 014b 05       		.byte	5
 360 014c 43       		.byte	67
 361 014d 0C       		.byte	12
 362 014e 45       		.byte	69
 363 014f 08       		.byte	8
 364 0150 46       		.byte	70
 365 0151 40       		.byte	64
 366 0152 4C       		.byte	76
 367 0153 08       		.byte	8
 368 0154 54       		.byte	84
 369 0155 01       		.byte	1
 370 0156 55       		.byte	85
 371 0157 04       		.byte	4
 372 0158 56       		.byte	86
 373 0159 04       		.byte	4
 374 015a 57       		.byte	87
 375 015b 20       		.byte	32
 376 015c 5C       		.byte	92
 377 015d 24       		.byte	36
 378 015e 5D       		.byte	93
 379 015f 81       		.byte	-127
 380 0160 67       		.byte	103
 381 0161 80       		.byte	-128
 382 0162 87       		.byte	-121
 383 0163 40       		.byte	64
 384 0164 92       		.byte	-110
 385 0165 80       		.byte	-128
 386 0166 93       		.byte	-109
 387 0167 10       		.byte	16
 388 0168 98       		.byte	-104
 389 0169 08       		.byte	8
 390 016a 9B       		.byte	-101
 391 016b 03       		.byte	3
 392 016c 9C       		.byte	-100
 393 016d 04       		.byte	4
 394 016e 9D       		.byte	-99
 395 016f 10       		.byte	16
 396 0170 9F       		.byte	-97
 397 0171 44       		.byte	68
 398 0172 A0       		.byte	-96
 399 0173 AC       		.byte	-84
ARM GAS  C:\Users\NITISH~1\AppData\Local\Temp\ccpkzLAr.s 			page 8


 400 0174 A2       		.byte	-94
 401 0175 11       		.byte	17
 402 0176 A5       		.byte	-91
 403 0177 08       		.byte	8
 404 0178 A7       		.byte	-89
 405 0179 20       		.byte	32
 406 017a B3       		.byte	-77
 407 017b 02       		.byte	2
 408 017c B4       		.byte	-76
 409 017d 8C       		.byte	-116
 410 017e C0       		.byte	-64
 411 017f F0       		.byte	-16
 412 0180 C2       		.byte	-62
 413 0181 EC       		.byte	-20
 414 0182 C4       		.byte	-60
 415 0183 7E       		.byte	126
 416 0184 CA       		.byte	-54
 417 0185 FE       		.byte	-2
 418 0186 CC       		.byte	-52
 419 0187 BA       		.byte	-70
 420 0188 CE       		.byte	-50
 421 0189 C4       		.byte	-60
 422 018a D0       		.byte	-48
 423 018b C0       		.byte	-64
 424 018c D2       		.byte	-46
 425 018d 20       		.byte	32
 426 018e D6       		.byte	-42
 427 018f F0       		.byte	-16
 428 0190 D8       		.byte	-40
 429 0191 80       		.byte	-128
 430 0192 00       		.byte	0
 431 0193 16       		.byte	22
 432 0194 02       		.byte	2
 433 0195 01       		.byte	1
 434 0196 04       		.byte	4
 435 0197 06       		.byte	6
 436 0198 08       		.byte	8
 437 0199 11       		.byte	17
 438 019a 0A       		.byte	10
 439 019b 06       		.byte	6
 440 019c 0C       		.byte	12
 441 019d 04       		.byte	4
 442 019e 10       		.byte	16
 443 019f 08       		.byte	8
 444 01a0 14       		.byte	20
 445 01a1 08       		.byte	8
 446 01a2 18       		.byte	24
 447 01a3 02       		.byte	2
 448 01a4 1E       		.byte	30
 449 01a5 01       		.byte	1
 450 01a6 20       		.byte	32
 451 01a7 17       		.byte	23
 452 01a8 24       		.byte	36
 453 01a9 17       		.byte	23
 454 01aa 28       		.byte	40
 455 01ab 08       		.byte	8
 456 01ac 32       		.byte	50
ARM GAS  C:\Users\NITISH~1\AppData\Local\Temp\ccpkzLAr.s 			page 9


 457 01ad 10       		.byte	16
 458 01ae 34       		.byte	52
 459 01af 07       		.byte	7
 460 01b0 36       		.byte	54
 461 01b1 08       		.byte	8
 462 01b2 3B       		.byte	59
 463 01b3 80       		.byte	-128
 464 01b4 3E       		.byte	62
 465 01b5 04       		.byte	4
 466 01b6 56       		.byte	86
 467 01b7 02       		.byte	2
 468 01b8 57       		.byte	87
 469 01b9 11       		.byte	17
 470 01ba 58       		.byte	88
 471 01bb 04       		.byte	4
 472 01bc 59       		.byte	89
 473 01bd 04       		.byte	4
 474 01be 5B       		.byte	91
 475 01bf 04       		.byte	4
 476 01c0 5F       		.byte	95
 477 01c1 01       		.byte	1
 478 01c2 82       		.byte	-126
 479 01c3 01       		.byte	1
 480 01c4 85       		.byte	-123
 481 01c5 01       		.byte	1
 482 01c6 88       		.byte	-120
 483 01c7 01       		.byte	1
 484 01c8 8F       		.byte	-113
 485 01c9 04       		.byte	4
 486 01ca 93       		.byte	-109
 487 01cb 01       		.byte	1
 488 01cc 95       		.byte	-107
 489 01cd 01       		.byte	1
 490 01ce 99       		.byte	-103
 491 01cf 04       		.byte	4
 492 01d0 9C       		.byte	-100
 493 01d1 01       		.byte	1
 494 01d2 9D       		.byte	-99
 495 01d3 04       		.byte	4
 496 01d4 A3       		.byte	-93
 497 01d5 04       		.byte	4
 498 01d6 A6       		.byte	-90
 499 01d7 01       		.byte	1
 500 01d8 A7       		.byte	-89
 501 01d9 04       		.byte	4
 502 01da A9       		.byte	-87
 503 01db 02       		.byte	2
 504 01dc AD       		.byte	-83
 505 01dd 04       		.byte	4
 506 01de B1       		.byte	-79
 507 01df 04       		.byte	4
 508 01e0 B3       		.byte	-77
 509 01e1 03       		.byte	3
 510 01e2 B6       		.byte	-74
 511 01e3 01       		.byte	1
 512 01e4 B8       		.byte	-72
 513 01e5 80       		.byte	-128
ARM GAS  C:\Users\NITISH~1\AppData\Local\Temp\ccpkzLAr.s 			page 10


 514 01e6 B9       		.byte	-71
 515 01e7 08       		.byte	8
 516 01e8 C0       		.byte	-64
 517 01e9 65       		.byte	101
 518 01ea C1       		.byte	-63
 519 01eb 01       		.byte	1
 520 01ec C2       		.byte	-62
 521 01ed 02       		.byte	2
 522 01ee C4       		.byte	-60
 523 01ef 04       		.byte	4
 524 01f0 C5       		.byte	-59
 525 01f1 0C       		.byte	12
 526 01f2 C7       		.byte	-57
 527 01f3 E0       		.byte	-32
 528 01f4 C8       		.byte	-56
 529 01f5 21       		.byte	33
 530 01f6 C9       		.byte	-55
 531 01f7 FF       		.byte	-1
 532 01f8 CA       		.byte	-54
 533 01f9 FF       		.byte	-1
 534 01fa CB       		.byte	-53
 535 01fb FF       		.byte	-1
 536 01fc CC       		.byte	-52
 537 01fd 62       		.byte	98
 538 01fe CD       		.byte	-51
 539 01ff A0       		.byte	-96
 540 0200 CE       		.byte	-50
 541 0201 F0       		.byte	-16
 542 0202 CF       		.byte	-49
 543 0203 41       		.byte	65
 544 0204 D0       		.byte	-48
 545 0205 0C       		.byte	12
 546 0206 D8       		.byte	-40
 547 0207 04       		.byte	4
 548 0208 D9       		.byte	-39
 549 0209 04       		.byte	4
 550 020a DA       		.byte	-38
 551 020b 04       		.byte	4
 552 020c DF       		.byte	-33
 553 020d 01       		.byte	1
 554 020e E6       		.byte	-26
 555 020f 40       		.byte	64
 556 0210 E7       		.byte	-25
 557 0211 02       		.byte	2
 558 0212 E9       		.byte	-23
 559 0213 10       		.byte	16
 560 0214 EA       		.byte	-22
 561 0215 30       		.byte	48
 562 0216 EB       		.byte	-21
 563 0217 10       		.byte	16
 564 0218 ED       		.byte	-19
 565 0219 10       		.byte	16
 566 021a EE       		.byte	-18
 567 021b 10       		.byte	16
 568 021c EF       		.byte	-17
 569 021d 12       		.byte	18
 570 021e 01       		.byte	1
ARM GAS  C:\Users\NITISH~1\AppData\Local\Temp\ccpkzLAr.s 			page 11


 571 021f 20       		.byte	32
 572 0220 03       		.byte	3
 573 0221 40       		.byte	64
 574 0222 05       		.byte	5
 575 0223 32       		.byte	50
 576 0224 06       		.byte	6
 577 0225 20       		.byte	32
 578 0226 07       		.byte	7
 579 0227 42       		.byte	66
 580 0228 09       		.byte	9
 581 0229 80       		.byte	-128
 582 022a 0C       		.byte	12
 583 022b 20       		.byte	32
 584 022c 0E       		.byte	14
 585 022d 52       		.byte	82
 586 022e 10       		.byte	16
 587 022f 10       		.byte	16
 588 0230 14       		.byte	20
 589 0231 10       		.byte	16
 590 0232 17       		.byte	23
 591 0233 15       		.byte	21
 592 0234 1A       		.byte	26
 593 0235 01       		.byte	1
 594 0236 1C       		.byte	28
 595 0237 12       		.byte	18
 596 0238 1D       		.byte	29
 597 0239 20       		.byte	32
 598 023a 1E       		.byte	30
 599 023b 02       		.byte	2
 600 023c 1F       		.byte	31
 601 023d 50       		.byte	80
 602 023e 22       		.byte	34
 603 023f 01       		.byte	1
 604 0240 23       		.byte	35
 605 0241 10       		.byte	16
 606 0242 25       		.byte	37
 607 0243 80       		.byte	-128
 608 0244 27       		.byte	39
 609 0245 01       		.byte	1
 610 0246 28       		.byte	40
 611 0247 14       		.byte	20
 612 0248 29       		.byte	41
 613 0249 02       		.byte	2
 614 024a 2B       		.byte	43
 615 024b 02       		.byte	2
 616 024c 31       		.byte	49
 617 024d 99       		.byte	-103
 618 024e 38       		.byte	56
 619 024f 04       		.byte	4
 620 0250 3B       		.byte	59
 621 0251 80       		.byte	-128
 622 0252 41       		.byte	65
 623 0253 A0       		.byte	-96
 624 0254 43       		.byte	67
 625 0255 02       		.byte	2
 626 0256 48       		.byte	72
 627 0257 01       		.byte	1
ARM GAS  C:\Users\NITISH~1\AppData\Local\Temp\ccpkzLAr.s 			page 12


 628 0258 49       		.byte	73
 629 0259 14       		.byte	20
 630 025a 52       		.byte	82
 631 025b 02       		.byte	2
 632 025c 5C       		.byte	92
 633 025d 10       		.byte	16
 634 025e 6E       		.byte	110
 635 025f 50       		.byte	80
 636 0260 6F       		.byte	111
 637 0261 10       		.byte	16
 638 0262 74       		.byte	116
 639 0263 24       		.byte	36
 640 0264 76       		.byte	118
 641 0265 20       		.byte	32
 642 0266 77       		.byte	119
 643 0267 02       		.byte	2
 644 0268 92       		.byte	-110
 645 0269 80       		.byte	-128
 646 026a 96       		.byte	-106
 647 026b 03       		.byte	3
 648 026c 97       		.byte	-105
 649 026d 30       		.byte	48
 650 026e 99       		.byte	-103
 651 026f 01       		.byte	1
 652 0270 9D       		.byte	-99
 653 0271 04       		.byte	4
 654 0272 A0       		.byte	-96
 655 0273 88       		.byte	-120
 656 0274 A2       		.byte	-94
 657 0275 10       		.byte	16
 658 0276 A5       		.byte	-91
 659 0277 08       		.byte	8
 660 0278 A6       		.byte	-90
 661 0279 02       		.byte	2
 662 027a A7       		.byte	-89
 663 027b 22       		.byte	34
 664 027c C0       		.byte	-64
 665 027d FA       		.byte	-6
 666 027e C2       		.byte	-62
 667 027f F1       		.byte	-15
 668 0280 C4       		.byte	-60
 669 0281 74       		.byte	116
 670 0282 CA       		.byte	-54
 671 0283 0F       		.byte	15
 672 0284 CC       		.byte	-52
 673 0285 0F       		.byte	15
 674 0286 CE       		.byte	-50
 675 0287 0A       		.byte	10
 676 0288 D0       		.byte	-48
 677 0289 0D       		.byte	13
 678 028a D2       		.byte	-46
 679 028b 0C       		.byte	12
 680 028c D6       		.byte	-42
 681 028d 20       		.byte	32
 682 028e 06       		.byte	6
 683 028f 08       		.byte	8
 684 0290 07       		.byte	7
ARM GAS  C:\Users\NITISH~1\AppData\Local\Temp\ccpkzLAr.s 			page 13


 685 0291 01       		.byte	1
 686 0292 0A       		.byte	10
 687 0293 0C       		.byte	12
 688 0294 0B       		.byte	11
 689 0295 04       		.byte	4
 690 0296 0E       		.byte	14
 691 0297 10       		.byte	16
 692 0298 10       		.byte	16
 693 0299 0C       		.byte	12
 694 029a 12       		.byte	18
 695 029b 03       		.byte	3
 696 029c 14       		.byte	20
 697 029d 01       		.byte	1
 698 029e 15       		.byte	21
 699 029f 03       		.byte	3
 700 02a0 16       		.byte	22
 701 02a1 06       		.byte	6
 702 02a2 1D       		.byte	29
 703 02a3 03       		.byte	3
 704 02a4 1E       		.byte	30
 705 02a5 10       		.byte	16
 706 02a6 20       		.byte	32
 707 02a7 01       		.byte	1
 708 02a8 21       		.byte	33
 709 02a9 02       		.byte	2
 710 02aa 22       		.byte	34
 711 02ab 0E       		.byte	14
 712 02ac 27       		.byte	39
 713 02ad 04       		.byte	4
 714 02ae 2A       		.byte	42
 715 02af 03       		.byte	3
 716 02b0 30       		.byte	48
 717 02b1 0F       		.byte	15
 718 02b2 31       		.byte	49
 719 02b3 03       		.byte	3
 720 02b4 32       		.byte	50
 721 02b5 10       		.byte	16
 722 02b6 37       		.byte	55
 723 02b7 04       		.byte	4
 724 02b8 39       		.byte	57
 725 02b9 02       		.byte	2
 726 02ba 3A       		.byte	58
 727 02bb 02       		.byte	2
 728 02bc 3E       		.byte	62
 729 02bd 04       		.byte	4
 730 02be 3F       		.byte	63
 731 02bf 41       		.byte	65
 732 02c0 40       		.byte	64
 733 02c1 04       		.byte	4
 734 02c2 46       		.byte	70
 735 02c3 40       		.byte	64
 736 02c4 49       		.byte	73
 737 02c5 FF       		.byte	-1
 738 02c6 4A       		.byte	74
 739 02c7 07       		.byte	7
 740 02c8 4B       		.byte	75
 741 02c9 FF       		.byte	-1
ARM GAS  C:\Users\NITISH~1\AppData\Local\Temp\ccpkzLAr.s 			page 14


 742 02ca 4C       		.byte	76
 743 02cb 40       		.byte	64
 744 02cc 4D       		.byte	77
 745 02cd 20       		.byte	32
 746 02ce 4E       		.byte	78
 747 02cf F0       		.byte	-16
 748 02d0 4F       		.byte	79
 749 02d1 05       		.byte	5
 750 02d2 50       		.byte	80
 751 02d3 08       		.byte	8
 752 02d4 54       		.byte	84
 753 02d5 18       		.byte	24
 754 02d6 56       		.byte	86
 755 02d7 04       		.byte	4
 756 02d8 58       		.byte	88
 757 02d9 04       		.byte	4
 758 02da 59       		.byte	89
 759 02db 04       		.byte	4
 760 02dc 5A       		.byte	90
 761 02dd 04       		.byte	4
 762 02de 5B       		.byte	91
 763 02df 04       		.byte	4
 764 02e0 5F       		.byte	95
 765 02e1 01       		.byte	1
 766 02e2 60       		.byte	96
 767 02e3 40       		.byte	64
 768 02e4 61       		.byte	97
 769 02e5 A8       		.byte	-88
 770 02e6 62       		.byte	98
 771 02e7 40       		.byte	64
 772 02e8 63       		.byte	99
 773 02e9 20       		.byte	32
 774 02ea 80       		.byte	-128
 775 02eb 06       		.byte	6
 776 02ec 82       		.byte	-126
 777 02ed 01       		.byte	1
 778 02ee 89       		.byte	-119
 779 02ef 09       		.byte	9
 780 02f0 8A       		.byte	-118
 781 02f1 02       		.byte	2
 782 02f2 8B       		.byte	-117
 783 02f3 10       		.byte	16
 784 02f4 8C       		.byte	-116
 785 02f5 08       		.byte	8
 786 02f6 91       		.byte	-111
 787 02f7 1C       		.byte	28
 788 02f8 93       		.byte	-109
 789 02f9 02       		.byte	2
 790 02fa 95       		.byte	-107
 791 02fb 10       		.byte	16
 792 02fc 96       		.byte	-106
 793 02fd 05       		.byte	5
 794 02fe 97       		.byte	-105
 795 02ff 0C       		.byte	12
 796 0300 99       		.byte	-103
 797 0301 10       		.byte	16
 798 0302 9E       		.byte	-98
ARM GAS  C:\Users\NITISH~1\AppData\Local\Temp\ccpkzLAr.s 			page 15


 799 0303 03       		.byte	3
 800 0304 9F       		.byte	-97
 801 0305 03       		.byte	3
 802 0306 A1       		.byte	-95
 803 0307 0C       		.byte	12
 804 0308 A3       		.byte	-93
 805 0309 11       		.byte	17
 806 030a A5       		.byte	-91
 807 030b 14       		.byte	20
 808 030c A6       		.byte	-90
 809 030d 01       		.byte	1
 810 030e AA       		.byte	-86
 811 030f 06       		.byte	6
 812 0310 AF       		.byte	-81
 813 0311 20       		.byte	32
 814 0312 B4       		.byte	-76
 815 0313 08       		.byte	8
 816 0314 B5       		.byte	-75
 817 0315 20       		.byte	32
 818 0316 B6       		.byte	-74
 819 0317 07       		.byte	7
 820 0318 B7       		.byte	-73
 821 0319 1F       		.byte	31
 822 031a BA       		.byte	-70
 823 031b 80       		.byte	-128
 824 031c BE       		.byte	-66
 825 031d 10       		.byte	16
 826 031e D8       		.byte	-40
 827 031f 04       		.byte	4
 828 0320 D9       		.byte	-39
 829 0321 04       		.byte	4
 830 0322 DF       		.byte	-33
 831 0323 01       		.byte	1
 832 0324 01       		.byte	1
 833 0325 10       		.byte	16
 834 0326 02       		.byte	2
 835 0327 12       		.byte	18
 836 0328 04       		.byte	4
 837 0329 20       		.byte	32
 838 032a 05       		.byte	5
 839 032b 11       		.byte	17
 840 032c 07       		.byte	7
 841 032d 01       		.byte	1
 842 032e 09       		.byte	9
 843 032f 08       		.byte	8
 844 0330 0A       		.byte	10
 845 0331 81       		.byte	-127
 846 0332 0C       		.byte	12
 847 0333 80       		.byte	-128
 848 0334 0D       		.byte	13
 849 0335 08       		.byte	8
 850 0336 10       		.byte	16
 851 0337 88       		.byte	-120
 852 0338 15       		.byte	21
 853 0339 18       		.byte	24
 854 033a 19       		.byte	25
 855 033b 01       		.byte	1
ARM GAS  C:\Users\NITISH~1\AppData\Local\Temp\ccpkzLAr.s 			page 16


 856 033c 1A       		.byte	26
 857 033d 80       		.byte	-128
 858 033e 1B       		.byte	27
 859 033f 04       		.byte	4
 860 0340 1D       		.byte	29
 861 0341 20       		.byte	32
 862 0342 1F       		.byte	31
 863 0343 80       		.byte	-128
 864 0344 21       		.byte	33
 865 0345 82       		.byte	-126
 866 0346 26       		.byte	38
 867 0347 90       		.byte	-112
 868 0348 27       		.byte	39
 869 0349 01       		.byte	1
 870 034a 29       		.byte	41
 871 034b 05       		.byte	5
 872 034c 2F       		.byte	47
 873 034d A2       		.byte	-94
 874 034e 30       		.byte	48
 875 034f 80       		.byte	-128
 876 0350 31       		.byte	49
 877 0351 08       		.byte	8
 878 0352 33       		.byte	51
 879 0353 84       		.byte	-124
 880 0354 35       		.byte	53
 881 0355 11       		.byte	17
 882 0356 36       		.byte	54
 883 0357 80       		.byte	-128
 884 0358 37       		.byte	55
 885 0359 04       		.byte	4
 886 035a 38       		.byte	56
 887 035b 08       		.byte	8
 888 035c 3B       		.byte	59
 889 035d 20       		.byte	32
 890 035e 3D       		.byte	61
 891 035f 10       		.byte	16
 892 0360 3F       		.byte	63
 893 0361 10       		.byte	16
 894 0362 41       		.byte	65
 895 0363 02       		.byte	2
 896 0364 50       		.byte	80
 897 0365 1C       		.byte	28
 898 0366 51       		.byte	81
 899 0367 04       		.byte	4
 900 0368 52       		.byte	82
 901 0369 10       		.byte	16
 902 036a 5A       		.byte	90
 903 036b 02       		.byte	2
 904 036c 61       		.byte	97
 905 036d 80       		.byte	-128
 906 036e 63       		.byte	99
 907 036f 88       		.byte	-120
 908 0370 83       		.byte	-125
 909 0371 40       		.byte	64
 910 0372 8D       		.byte	-115
 911 0373 20       		.byte	32
 912 0374 C0       		.byte	-64
ARM GAS  C:\Users\NITISH~1\AppData\Local\Temp\ccpkzLAr.s 			page 17


 913 0375 D7       		.byte	-41
 914 0376 C2       		.byte	-62
 915 0377 AD       		.byte	-83
 916 0378 C4       		.byte	-60
 917 0379 6A       		.byte	106
 918 037a CA       		.byte	-54
 919 037b D3       		.byte	-45
 920 037c CC       		.byte	-52
 921 037d FA       		.byte	-6
 922 037e CE       		.byte	-50
 923 037f 26       		.byte	38
 924 0380 D0       		.byte	-48
 925 0381 01       		.byte	1
 926 0382 D6       		.byte	-42
 927 0383 01       		.byte	1
 928 0384 D8       		.byte	-40
 929 0385 0D       		.byte	13
 930 0386 EA       		.byte	-22
 931 0387 02       		.byte	2
 932 0388 EE       		.byte	-18
 933 0389 0A       		.byte	10
 934 038a EA       		.byte	-22
 935 038b 02       		.byte	2
 936 038c EE       		.byte	-18
 937 038d 0A       		.byte	10
 938 038e 33       		.byte	51
 939 038f 81       		.byte	-127
 940 0390 36       		.byte	54
 941 0391 40       		.byte	64
 942 0392 37       		.byte	55
 943 0393 08       		.byte	8
 944 0394 3B       		.byte	59
 945 0395 80       		.byte	-128
 946 0396 83       		.byte	-125
 947 0397 08       		.byte	8
 948 0398 CC       		.byte	-52
 949 0399 F0       		.byte	-16
 950 039a CE       		.byte	-50
 951 039b 10       		.byte	16
 952 039c E2       		.byte	-30
 953 039d 20       		.byte	32
 954 039e 97       		.byte	-105
 955 039f 80       		.byte	-128
 956 03a0 9F       		.byte	-97
 957 03a1 01       		.byte	1
 958 03a2 A6       		.byte	-90
 959 03a3 40       		.byte	64
 960 03a4 A7       		.byte	-89
 961 03a5 80       		.byte	-128
 962 03a6 87       		.byte	-121
 963 03a7 40       		.byte	64
 964 03a8 97       		.byte	-105
 965 03a9 80       		.byte	-128
 966 03aa 9F       		.byte	-97
 967 03ab 01       		.byte	1
 968 03ac A6       		.byte	-90
 969 03ad 40       		.byte	64
ARM GAS  C:\Users\NITISH~1\AppData\Local\Temp\ccpkzLAr.s 			page 18


 970 03ae A7       		.byte	-89
 971 03af 80       		.byte	-128
 972 03b0 E2       		.byte	-30
 973 03b1 10       		.byte	16
 974 03b2 9F       		.byte	-97
 975 03b3 01       		.byte	1
 976 03b4 A6       		.byte	-90
 977 03b5 40       		.byte	64
 978 03b6 A7       		.byte	-89
 979 03b7 80       		.byte	-128
 980 03b8 8C       		.byte	-116
 981 03b9 02       		.byte	2
 982 03ba E4       		.byte	-28
 983 03bb 02       		.byte	2
 984 03bc 00       		.byte	0
 985 03bd 30       		.byte	48
 986 03be 01       		.byte	1
 987 03bf 40       		.byte	64
 988 03c0 54       		.byte	84
 989 03c1 02       		.byte	2
 990 03c2 60       		.byte	96
 991 03c3 10       		.byte	16
 992 03c4 A0       		.byte	-96
 993 03c5 02       		.byte	2
 994 03c6 C0       		.byte	-64
 995 03c7 02       		.byte	2
 996 03c8 D6       		.byte	-42
 997 03c9 04       		.byte	4
 998 03ca D8       		.byte	-40
 999 03cb 02       		.byte	2
 1000 03cc B0       		.byte	-80
 1001 03cd 10       		.byte	16
 1002 03ce B5       		.byte	-75
 1003 03cf 40       		.byte	64
 1004 03d0 EA       		.byte	-22
 1005 03d1 02       		.byte	2
 1006 03d2 EE       		.byte	-18
 1007 03d3 01       		.byte	1
 1008 03d4 08       		.byte	8
 1009 03d5 08       		.byte	8
 1010 03d6 0B       		.byte	11
 1011 03d7 04       		.byte	4
 1012 03d8 0F       		.byte	15
 1013 03d9 40       		.byte	64
 1014 03da C2       		.byte	-62
 1015 03db 0E       		.byte	14
 1016 03dc AE       		.byte	-82
 1017 03dd 40       		.byte	64
 1018 03de AF       		.byte	-81
 1019 03df 81       		.byte	-127
 1020 03e0 EA       		.byte	-22
 1021 03e1 40       		.byte	64
 1022 03e2 EE       		.byte	-18
 1023 03e3 50       		.byte	80
 1024 03e4 AC       		.byte	-84
 1025 03e5 08       		.byte	8
 1026 03e6 AF       		.byte	-81
ARM GAS  C:\Users\NITISH~1\AppData\Local\Temp\ccpkzLAr.s 			page 19


 1027 03e7 44       		.byte	68
 1028 03e8 00       		.byte	0
 1029 03e9 01       		.byte	1
 1030 03ea 0C       		.byte	12
 1031 03eb 01       		.byte	1
 1032 03ec 0E       		.byte	14
 1033 03ed 01       		.byte	1
 1034 03ee 00       		.byte	0
 1035 03ef EA       		.byte	-22
 1036 03f0 01       		.byte	1
 1037 03f1 03       		.byte	3
 1038 03f2 00       		.byte	0
 1039 03f3 00       		.byte	0
 1040 03f4 40       		.byte	64
 1041 03f5 00       		.byte	0
 1042 03f6 00       		.byte	0
 1043 03f7 00       		.byte	0
 1044 03f8 00       		.byte	0
 1045 03f9 00       		.byte	0
 1046 03fa 00       		.byte	0
 1047 03fb 00       		.byte	0
 1048 03fc C0       		.byte	-64
 1049 03fd 00       		.byte	0
 1050 03fe 00       		.byte	0
 1051 03ff 00       		.byte	0
 1052 0400 0C       		.byte	12
 1053 0401 00       		.byte	0
 1054 0402 00       		.byte	0
 1055 0403 1E       		.byte	30
 1056 0404 1A       		.byte	26
 1057 0405 00       		.byte	0
 1058 0406 18       		.byte	24
 1059 0407 00       		.byte	0
 1060 0408 00       		.byte	0
 1061 0409 00       		.byte	0
 1062 040a 00       		.byte	0
 1063 040b 00       		.byte	0
 1064              		.section	.cywolatch,"a",%progbits
 1065              		.align	2
 1066              		.type	cy_meta_wonvl, %object
 1067              		.size	cy_meta_wonvl, 4
 1068              	cy_meta_wonvl:
 1069 0000 BC       		.byte	-68
 1070 0001 90       		.byte	-112
 1071 0002 AC       		.byte	-84
 1072 0003 AF       		.byte	-81
 1073              		.section	.cycustnvl,"a",%progbits
 1074              		.align	2
 1075              		.type	cy_meta_custnvl, %object
 1076              		.size	cy_meta_custnvl, 4
 1077              	cy_meta_custnvl:
 1078 0000 00       		.byte	0
 1079 0001 00       		.byte	0
 1080 0002 40       		.byte	64
 1081 0003 05       		.byte	5
 1082              		.section	.cymeta,"a",%progbits
 1083              		.align	2
ARM GAS  C:\Users\NITISH~1\AppData\Local\Temp\ccpkzLAr.s 			page 20


 1084              		.type	cy_metadata, %object
 1085              		.size	cy_metadata, 12
 1086              	cy_metadata:
 1087 0000 00       		.byte	0
 1088 0001 01       		.byte	1
 1089 0002 2E       		.byte	46
 1090 0003 16       		.byte	22
 1091 0004 10       		.byte	16
 1092 0005 69       		.byte	105
 1093 0006 00       		.byte	0
 1094 0007 01       		.byte	1
 1095 0008 00       		.byte	0
 1096 0009 00       		.byte	0
 1097 000a 00       		.byte	0
 1098 000b 00       		.byte	0
 1099              		.section	.cyflashprotect,"a",%progbits
 1100              		.align	2
 1101              		.type	cy_meta_flashprotect, %object
 1102              		.size	cy_meta_flashprotect, 256
 1103              	cy_meta_flashprotect:
 1104 0000 00000000 		.space	256
 1104      00000000 
 1104      00000000 
 1104      00000000 
 1104      00000000 
 1105              		.text
 1106              	.Letext0:
 1107              		.file 1 ".\\Generated_Source\\PSoC5\\cymetadata.c"
 1108              		.file 2 ".\\Generated_Source\\PSoC5\\cytypes.h"
 1109              		.section	.debug_info,"",%progbits
 1110              	.Ldebug_info0:
 1111 0000 37010000 		.4byte	0x137
 1112 0004 0400     		.2byte	0x4
 1113 0006 00000000 		.4byte	.Ldebug_abbrev0
 1114 000a 04       		.byte	0x4
 1115 000b 01       		.uleb128 0x1
 1116 000c 94000000 		.4byte	.LASF18
 1117 0010 01       		.byte	0x1
 1118 0011 00000000 		.4byte	.LASF19
 1119 0015 95010000 		.4byte	.LASF20
 1120 0019 00000000 		.4byte	.Ldebug_line0
 1121 001d 02       		.uleb128 0x2
 1122 001e 01       		.byte	0x1
 1123 001f 06       		.byte	0x6
 1124 0020 FD010000 		.4byte	.LASF0
 1125 0024 02       		.uleb128 0x2
 1126 0025 01       		.byte	0x1
 1127 0026 08       		.byte	0x8
 1128 0027 38000000 		.4byte	.LASF1
 1129 002b 02       		.uleb128 0x2
 1130 002c 02       		.byte	0x2
 1131 002d 05       		.byte	0x5
 1132 002e 85010000 		.4byte	.LASF2
 1133 0032 02       		.uleb128 0x2
 1134 0033 02       		.byte	0x2
 1135 0034 07       		.byte	0x7
 1136 0035 58000000 		.4byte	.LASF3
ARM GAS  C:\Users\NITISH~1\AppData\Local\Temp\ccpkzLAr.s 			page 21


 1137 0039 02       		.uleb128 0x2
 1138 003a 04       		.byte	0x4
 1139 003b 05       		.byte	0x5
 1140 003c F4010000 		.4byte	.LASF4
 1141 0040 02       		.uleb128 0x2
 1142 0041 04       		.byte	0x4
 1143 0042 07       		.byte	0x7
 1144 0043 46000000 		.4byte	.LASF5
 1145 0047 02       		.uleb128 0x2
 1146 0048 08       		.byte	0x8
 1147 0049 05       		.byte	0x5
 1148 004a 72010000 		.4byte	.LASF6
 1149 004e 02       		.uleb128 0x2
 1150 004f 08       		.byte	0x8
 1151 0050 07       		.byte	0x7
 1152 0051 2F010000 		.4byte	.LASF7
 1153 0055 03       		.uleb128 0x3
 1154 0056 04       		.byte	0x4
 1155 0057 05       		.byte	0x5
 1156 0058 696E7400 		.ascii	"int\000"
 1157 005c 02       		.uleb128 0x2
 1158 005d 04       		.byte	0x4
 1159 005e 07       		.byte	0x7
 1160 005f 22010000 		.4byte	.LASF8
 1161 0063 04       		.uleb128 0x4
 1162 0064 8F010000 		.4byte	.LASF21
 1163 0068 02       		.byte	0x2
 1164 0069 9201     		.2byte	0x192
 1165 006b 24000000 		.4byte	0x24
 1166 006f 02       		.uleb128 0x2
 1167 0070 04       		.byte	0x4
 1168 0071 04       		.byte	0x4
 1169 0072 32000000 		.4byte	.LASF9
 1170 0076 02       		.uleb128 0x2
 1171 0077 08       		.byte	0x8
 1172 0078 04       		.byte	0x4
 1173 0079 6B000000 		.4byte	.LASF10
 1174 007d 02       		.uleb128 0x2
 1175 007e 01       		.byte	0x1
 1176 007f 08       		.byte	0x8
 1177 0080 80010000 		.4byte	.LASF11
 1178 0084 05       		.uleb128 0x5
 1179 0085 63000000 		.4byte	0x63
 1180 0089 95000000 		.4byte	0x95
 1181 008d 06       		.uleb128 0x6
 1182 008e 95000000 		.4byte	0x95
 1183 0092 0B04     		.2byte	0x40b
 1184 0094 00       		.byte	0
 1185 0095 02       		.uleb128 0x2
 1186 0096 04       		.byte	0x4
 1187 0097 07       		.byte	0x7
 1188 0098 69010000 		.4byte	.LASF12
 1189 009c 07       		.uleb128 0x7
 1190 009d 82000000 		.4byte	.LASF13
 1191 00a1 01       		.byte	0x1
 1192 00a2 1F       		.byte	0x1f
 1193 00a3 AD000000 		.4byte	0xad
ARM GAS  C:\Users\NITISH~1\AppData\Local\Temp\ccpkzLAr.s 			page 22


 1194 00a7 05       		.uleb128 0x5
 1195 00a8 03       		.byte	0x3
 1196 00a9 00000000 		.4byte	cy_meta_configecc
 1197 00ad 08       		.uleb128 0x8
 1198 00ae 84000000 		.4byte	0x84
 1199 00b2 05       		.uleb128 0x5
 1200 00b3 63000000 		.4byte	0x63
 1201 00b7 C2000000 		.4byte	0xc2
 1202 00bb 09       		.uleb128 0x9
 1203 00bc 95000000 		.4byte	0x95
 1204 00c0 03       		.byte	0x3
 1205 00c1 00       		.byte	0
 1206 00c2 07       		.uleb128 0x7
 1207 00c3 72000000 		.4byte	.LASF14
 1208 00c7 01       		.byte	0x1
 1209 00c8 AE       		.byte	0xae
 1210 00c9 D3000000 		.4byte	0xd3
 1211 00cd 05       		.uleb128 0x5
 1212 00ce 03       		.byte	0x3
 1213 00cf 00000000 		.4byte	cy_meta_custnvl
 1214 00d3 08       		.uleb128 0x8
 1215 00d4 B2000000 		.4byte	0xb2
 1216 00d8 07       		.uleb128 0x7
 1217 00d9 5B010000 		.4byte	.LASF15
 1218 00dd 01       		.byte	0x1
 1219 00de BC       		.byte	0xbc
 1220 00df E9000000 		.4byte	0xe9
 1221 00e3 05       		.uleb128 0x5
 1222 00e4 03       		.byte	0x3
 1223 00e5 00000000 		.4byte	cy_meta_wonvl
 1224 00e9 08       		.uleb128 0x8
 1225 00ea B2000000 		.4byte	0xb2
 1226 00ee 05       		.uleb128 0x5
 1227 00ef 63000000 		.4byte	0x63
 1228 00f3 FE000000 		.4byte	0xfe
 1229 00f7 09       		.uleb128 0x9
 1230 00f8 95000000 		.4byte	0x95
 1231 00fc FF       		.byte	0xff
 1232 00fd 00       		.byte	0
 1233 00fe 07       		.uleb128 0x7
 1234 00ff 46010000 		.4byte	.LASF16
 1235 0103 01       		.byte	0x1
 1236 0104 CA       		.byte	0xca
 1237 0105 0F010000 		.4byte	0x10f
 1238 0109 05       		.uleb128 0x5
 1239 010a 03       		.byte	0x3
 1240 010b 00000000 		.4byte	cy_meta_flashprotect
 1241 010f 08       		.uleb128 0x8
 1242 0110 EE000000 		.4byte	0xee
 1243 0114 05       		.uleb128 0x5
 1244 0115 63000000 		.4byte	0x63
 1245 0119 24010000 		.4byte	0x124
 1246 011d 09       		.uleb128 0x9
 1247 011e 95000000 		.4byte	0x95
 1248 0122 0B       		.byte	0xb
 1249 0123 00       		.byte	0
 1250 0124 07       		.uleb128 0x7
ARM GAS  C:\Users\NITISH~1\AppData\Local\Temp\ccpkzLAr.s 			page 23


 1251 0125 26000000 		.4byte	.LASF17
 1252 0129 01       		.byte	0x1
 1253 012a F7       		.byte	0xf7
 1254 012b 35010000 		.4byte	0x135
 1255 012f 05       		.uleb128 0x5
 1256 0130 03       		.byte	0x3
 1257 0131 00000000 		.4byte	cy_metadata
 1258 0135 08       		.uleb128 0x8
 1259 0136 14010000 		.4byte	0x114
 1260 013a 00       		.byte	0
 1261              		.section	.debug_abbrev,"",%progbits
 1262              	.Ldebug_abbrev0:
 1263 0000 01       		.uleb128 0x1
 1264 0001 11       		.uleb128 0x11
 1265 0002 01       		.byte	0x1
 1266 0003 25       		.uleb128 0x25
 1267 0004 0E       		.uleb128 0xe
 1268 0005 13       		.uleb128 0x13
 1269 0006 0B       		.uleb128 0xb
 1270 0007 03       		.uleb128 0x3
 1271 0008 0E       		.uleb128 0xe
 1272 0009 1B       		.uleb128 0x1b
 1273 000a 0E       		.uleb128 0xe
 1274 000b 10       		.uleb128 0x10
 1275 000c 17       		.uleb128 0x17
 1276 000d 00       		.byte	0
 1277 000e 00       		.byte	0
 1278 000f 02       		.uleb128 0x2
 1279 0010 24       		.uleb128 0x24
 1280 0011 00       		.byte	0
 1281 0012 0B       		.uleb128 0xb
 1282 0013 0B       		.uleb128 0xb
 1283 0014 3E       		.uleb128 0x3e
 1284 0015 0B       		.uleb128 0xb
 1285 0016 03       		.uleb128 0x3
 1286 0017 0E       		.uleb128 0xe
 1287 0018 00       		.byte	0
 1288 0019 00       		.byte	0
 1289 001a 03       		.uleb128 0x3
 1290 001b 24       		.uleb128 0x24
 1291 001c 00       		.byte	0
 1292 001d 0B       		.uleb128 0xb
 1293 001e 0B       		.uleb128 0xb
 1294 001f 3E       		.uleb128 0x3e
 1295 0020 0B       		.uleb128 0xb
 1296 0021 03       		.uleb128 0x3
 1297 0022 08       		.uleb128 0x8
 1298 0023 00       		.byte	0
 1299 0024 00       		.byte	0
 1300 0025 04       		.uleb128 0x4
 1301 0026 16       		.uleb128 0x16
 1302 0027 00       		.byte	0
 1303 0028 03       		.uleb128 0x3
 1304 0029 0E       		.uleb128 0xe
 1305 002a 3A       		.uleb128 0x3a
 1306 002b 0B       		.uleb128 0xb
 1307 002c 3B       		.uleb128 0x3b
ARM GAS  C:\Users\NITISH~1\AppData\Local\Temp\ccpkzLAr.s 			page 24


 1308 002d 05       		.uleb128 0x5
 1309 002e 49       		.uleb128 0x49
 1310 002f 13       		.uleb128 0x13
 1311 0030 00       		.byte	0
 1312 0031 00       		.byte	0
 1313 0032 05       		.uleb128 0x5
 1314 0033 01       		.uleb128 0x1
 1315 0034 01       		.byte	0x1
 1316 0035 49       		.uleb128 0x49
 1317 0036 13       		.uleb128 0x13
 1318 0037 01       		.uleb128 0x1
 1319 0038 13       		.uleb128 0x13
 1320 0039 00       		.byte	0
 1321 003a 00       		.byte	0
 1322 003b 06       		.uleb128 0x6
 1323 003c 21       		.uleb128 0x21
 1324 003d 00       		.byte	0
 1325 003e 49       		.uleb128 0x49
 1326 003f 13       		.uleb128 0x13
 1327 0040 2F       		.uleb128 0x2f
 1328 0041 05       		.uleb128 0x5
 1329 0042 00       		.byte	0
 1330 0043 00       		.byte	0
 1331 0044 07       		.uleb128 0x7
 1332 0045 34       		.uleb128 0x34
 1333 0046 00       		.byte	0
 1334 0047 03       		.uleb128 0x3
 1335 0048 0E       		.uleb128 0xe
 1336 0049 3A       		.uleb128 0x3a
 1337 004a 0B       		.uleb128 0xb
 1338 004b 3B       		.uleb128 0x3b
 1339 004c 0B       		.uleb128 0xb
 1340 004d 49       		.uleb128 0x49
 1341 004e 13       		.uleb128 0x13
 1342 004f 3F       		.uleb128 0x3f
 1343 0050 19       		.uleb128 0x19
 1344 0051 02       		.uleb128 0x2
 1345 0052 18       		.uleb128 0x18
 1346 0053 00       		.byte	0
 1347 0054 00       		.byte	0
 1348 0055 08       		.uleb128 0x8
 1349 0056 26       		.uleb128 0x26
 1350 0057 00       		.byte	0
 1351 0058 49       		.uleb128 0x49
 1352 0059 13       		.uleb128 0x13
 1353 005a 00       		.byte	0
 1354 005b 00       		.byte	0
 1355 005c 09       		.uleb128 0x9
 1356 005d 21       		.uleb128 0x21
 1357 005e 00       		.byte	0
 1358 005f 49       		.uleb128 0x49
 1359 0060 13       		.uleb128 0x13
 1360 0061 2F       		.uleb128 0x2f
 1361 0062 0B       		.uleb128 0xb
 1362 0063 00       		.byte	0
 1363 0064 00       		.byte	0
 1364 0065 00       		.byte	0
ARM GAS  C:\Users\NITISH~1\AppData\Local\Temp\ccpkzLAr.s 			page 25


 1365              		.section	.debug_aranges,"",%progbits
 1366 0000 14000000 		.4byte	0x14
 1367 0004 0200     		.2byte	0x2
 1368 0006 00000000 		.4byte	.Ldebug_info0
 1369 000a 04       		.byte	0x4
 1370 000b 00       		.byte	0
 1371 000c 0000     		.2byte	0
 1372 000e 0000     		.2byte	0
 1373 0010 00000000 		.4byte	0
 1374 0014 00000000 		.4byte	0
 1375              		.section	.debug_line,"",%progbits
 1376              	.Ldebug_line0:
 1377 0000 4F000000 		.section	.debug_str,"MS",%progbits,1
 1377      02004900 
 1377      00000201 
 1377      FB0E0D00 
 1377      01010101 
 1378              	.LASF19:
 1379 0000 2E5C4765 		.ascii	".\\Generated_Source\\PSoC5\\cymetadata.c\000"
 1379      6E657261 
 1379      7465645F 
 1379      536F7572 
 1379      63655C50 
 1380              	.LASF17:
 1381 0026 63795F6D 		.ascii	"cy_metadata\000"
 1381      65746164 
 1381      61746100 
 1382              	.LASF9:
 1383 0032 666C6F61 		.ascii	"float\000"
 1383      7400
 1384              	.LASF1:
 1385 0038 756E7369 		.ascii	"unsigned char\000"
 1385      676E6564 
 1385      20636861 
 1385      7200
 1386              	.LASF5:
 1387 0046 6C6F6E67 		.ascii	"long unsigned int\000"
 1387      20756E73 
 1387      69676E65 
 1387      6420696E 
 1387      7400
 1388              	.LASF3:
 1389 0058 73686F72 		.ascii	"short unsigned int\000"
 1389      7420756E 
 1389      7369676E 
 1389      65642069 
 1389      6E7400
 1390              	.LASF10:
 1391 006b 646F7562 		.ascii	"double\000"
 1391      6C6500
 1392              	.LASF14:
 1393 0072 63795F6D 		.ascii	"cy_meta_custnvl\000"
 1393      6574615F 
 1393      63757374 
 1393      6E766C00 
 1394              	.LASF13:
 1395 0082 63795F6D 		.ascii	"cy_meta_configecc\000"
ARM GAS  C:\Users\NITISH~1\AppData\Local\Temp\ccpkzLAr.s 			page 26


 1395      6574615F 
 1395      636F6E66 
 1395      69676563 
 1395      6300
 1396              	.LASF18:
 1397 0094 474E5520 		.ascii	"GNU C 4.9.3 20150303 (release) [ARM/embedded-4_9-br"
 1397      4320342E 
 1397      392E3320 
 1397      32303135 
 1397      30333033 
 1398 00c7 616E6368 		.ascii	"anch revision 221220] -mcpu=cortex-m3 -mthumb -g -O"
 1398      20726576 
 1398      6973696F 
 1398      6E203232 
 1398      31323230 
 1399 00fa 67202D66 		.ascii	"g -ffunction-sections -ffat-lto-objects\000"
 1399      66756E63 
 1399      74696F6E 
 1399      2D736563 
 1399      74696F6E 
 1400              	.LASF8:
 1401 0122 756E7369 		.ascii	"unsigned int\000"
 1401      676E6564 
 1401      20696E74 
 1401      00
 1402              	.LASF7:
 1403 012f 6C6F6E67 		.ascii	"long long unsigned int\000"
 1403      206C6F6E 
 1403      6720756E 
 1403      7369676E 
 1403      65642069 
 1404              	.LASF16:
 1405 0146 63795F6D 		.ascii	"cy_meta_flashprotect\000"
 1405      6574615F 
 1405      666C6173 
 1405      6870726F 
 1405      74656374 
 1406              	.LASF15:
 1407 015b 63795F6D 		.ascii	"cy_meta_wonvl\000"
 1407      6574615F 
 1407      776F6E76 
 1407      6C00
 1408              	.LASF12:
 1409 0169 73697A65 		.ascii	"sizetype\000"
 1409      74797065 
 1409      00
 1410              	.LASF6:
 1411 0172 6C6F6E67 		.ascii	"long long int\000"
 1411      206C6F6E 
 1411      6720696E 
 1411      7400
 1412              	.LASF11:
 1413 0180 63686172 		.ascii	"char\000"
 1413      00
 1414              	.LASF2:
 1415 0185 73686F72 		.ascii	"short int\000"
 1415      7420696E 
ARM GAS  C:\Users\NITISH~1\AppData\Local\Temp\ccpkzLAr.s 			page 27


 1415      7400
 1416              	.LASF21:
 1417 018f 75696E74 		.ascii	"uint8\000"
 1417      3800
 1418              	.LASF20:
 1419 0195 5A3A5C6E 		.ascii	"Z:\\npat025\\Documents\\teaching\\designcs301\\psoc"
 1419      70617430 
 1419      32355C44 
 1419      6F63756D 
 1419      656E7473 
 1420 01c3 20737475 		.ascii	" student pack\\lab exercise\\psoc_intro\\lab4.cydsn"
 1420      64656E74 
 1420      20706163 
 1420      6B5C6C61 
 1420      62206578 
 1421 01f3 00       		.ascii	"\000"
 1422              	.LASF4:
 1423 01f4 6C6F6E67 		.ascii	"long int\000"
 1423      20696E74 
 1423      00
 1424              	.LASF0:
 1425 01fd 7369676E 		.ascii	"signed char\000"
 1425      65642063 
 1425      68617200 
 1426              		.ident	"GCC: (GNU Tools for ARM Embedded Processors) 4.9.3 20150303 (release) [ARM/embedded-4_9-br
