ARM GAS  C:\Users\NITISH~1\AppData\Local\Temp\ccMSoBFX.s 			page 1


   1              		.syntax unified
   2              		.cpu cortex-m3
   3              		.fpu softvfp
   4              		.eabi_attribute 20, 1
   5              		.eabi_attribute 21, 1
   6              		.eabi_attribute 23, 3
   7              		.eabi_attribute 24, 1
   8              		.eabi_attribute 25, 1
   9              		.eabi_attribute 26, 1
  10              		.eabi_attribute 30, 1
  11              		.eabi_attribute 34, 1
  12              		.eabi_attribute 18, 4
  13              		.thumb
  14              		.file	"main.c"
  15              		.text
  16              	.Ltext0:
  17              		.cfi_sections	.debug_frame
  18              		.section	.text.usbPutString,"ax",%progbits
  19              		.align	2
  20              		.global	usbPutString
  21              		.thumb
  22              		.thumb_func
  23              		.type	usbPutString, %function
  24              	usbPutString:
  25              	.LFB64:
  26              		.file 1 ".\\main.c"
   1:.\main.c      **** 
   2:.\main.c      **** /* ========================================
   3:.\main.c      ****  * Laboratory Exercise 4
   4:.\main.c      ****  *
   5:.\main.c      ****  * Program a UART to receive the string from a RF receiver.
   6:.\main.c      ****  * The RF receiver : 57.6k b/s, 8b, no parity, no flow control, one start and one stop bit
   7:.\main.c      ****  *
   8:.\main.c      ****  * Copyright Univ of Auckland, 2016
   9:.\main.c      ****  * All Rights Reserved
  10:.\main.c      ****  * UNPUBLISHED, LICENSED SOFTWARE.
  11:.\main.c      ****  *
  12:.\main.c      ****  * CONFIDENTIAL AND PROPRIETARY INFORMATION
  13:.\main.c      ****  * WHICH IS THE PROPERTY OF Univ of Auckland.
  14:.\main.c      ****  *
  15:.\main.c      ****  * ========================================
  16:.\main.c      **** */
  17:.\main.c      **** #include <project.h>
  18:.\main.c      **** #include <stdio.h>
  19:.\main.c      **** 
  20:.\main.c      **** //* ========================================
  21:.\main.c      **** #define TOGGLE_LED LED_Write(~LED_Read())
  22:.\main.c      **** #define PACKETSIZE 32
  23:.\main.c      **** #define RXSTRINGSIZE 255
  24:.\main.c      **** 
  25:.\main.c      **** #define FALSE 0
  26:.\main.c      **** #define TRUE 1
  27:.\main.c      **** 
  28:.\main.c      **** #define BUF_SIZE 64 // USBUART fixed buffer size
  29:.\main.c      **** 
  30:.\main.c      **** #define CHAR_NULL '0'
  31:.\main.c      **** #define CHAR_BACKSP 0x08
ARM GAS  C:\Users\NITISH~1\AppData\Local\Temp\ccMSoBFX.s 			page 2


  32:.\main.c      **** #define CHAR_DEL 0x7F
  33:.\main.c      **** #define CHAR_ENTER 0x0D
  34:.\main.c      **** #define LOW_DIGIT '0'
  35:.\main.c      **** #define HIGH_DIGIT '9'
  36:.\main.c      **** 
  37:.\main.c      **** #define SOP 0xaa
  38:.\main.c      **** //* ========================================
  39:.\main.c      **** uint8 flag_rx = 0;
  40:.\main.c      **** uint8 flag_packet = 0;
  41:.\main.c      **** uint8 flag_KB_string = 0;
  42:.\main.c      **** //* ========================================
  43:.\main.c      **** char rf_string[RXSTRINGSIZE];
  44:.\main.c      **** char displaystring[BUF_SIZE] = "UART Lab Exercise 4\n";
  45:.\main.c      **** char line[BUF_SIZE], entry[BUF_SIZE];
  46:.\main.c      **** uint8 usbBuffer[BUF_SIZE];
  47:.\main.c      **** //* ========================================
  48:.\main.c      **** typedef struct data_main {
  49:.\main.c      **** 	int8            rssi;	
  50:.\main.c      ****     uint8           index;			// index number of packet. incremented number
  51:.\main.c      **** 	uint16			robot_xpos;	 	// 
  52:.\main.c      **** 	uint16			robot_ypos;		//
  53:.\main.c      ****     uint16         robot_orientation;
  54:.\main.c      **** 	uint16			g0_xpos;		//
  55:.\main.c      **** 	uint16			g0_ypos;		//
  56:.\main.c      **** 	uint16			g0_speed;		//
  57:.\main.c      **** 	uint16		g0_direction;	//
  58:.\main.c      **** 	uint16			g1_xpos;		//
  59:.\main.c      **** 	uint16			g1_ypos;		//
  60:.\main.c      **** 	uint16			g1_speed;		//
  61:.\main.c      ****     uint16		g1_direction;	//
  62:.\main.c      ****     uint16			g2_xpos;		//
  63:.\main.c      ****     uint16			g2_ypos;		//
  64:.\main.c      ****     uint16			g2_speed;		//
  65:.\main.c      ****     uint16		g2_direction;	//
  66:.\main.c      **** } vtype1;
  67:.\main.c      **** 
  68:.\main.c      **** struct data_main system_state;
  69:.\main.c      **** //* ========================================
  70:.\main.c      **** 
  71:.\main.c      **** 
  72:.\main.c      **** 
  73:.\main.c      **** //* ========================================
  74:.\main.c      **** void usbPutString(char *s);
  75:.\main.c      **** void usbPutChar(char c);
  76:.\main.c      **** void handle_rx_binary();
  77:.\main.c      **** void handle_rx_ascii();
  78:.\main.c      **** void handle_usb();
  79:.\main.c      **** //* ========================================
  80:.\main.c      **** int main()
  81:.\main.c      **** {
  82:.\main.c      ****     
  83:.\main.c      ****     CyGlobalIntEnable; /* Enable global interrupts. */
  84:.\main.c      ****  
  85:.\main.c      ****     USBUART_Start(0,USBUART_5V_OPERATION);
  86:.\main.c      ****    
  87:.\main.c      ****     
  88:.\main.c      ****     usbPutString(displaystring);
ARM GAS  C:\Users\NITISH~1\AppData\Local\Temp\ccMSoBFX.s 			page 3


  89:.\main.c      ****     /* Place your initialization/startup code here (e.g. MyInst_Start()) */
  90:.\main.c      **** 
  91:.\main.c      ****     for(;;)
  92:.\main.c      ****     {
  93:.\main.c      ****         /* Place your application code here. */
  94:.\main.c      ****         handle_usb();
  95:.\main.c      ****         
  96:.\main.c      ****         if (flag_KB_string == 1)
  97:.\main.c      ****         {
  98:.\main.c      ****             usbPutString("you entered: ");
  99:.\main.c      ****             usbPutString(line);
 100:.\main.c      ****             usbPutChar('\n');
 101:.\main.c      **** //            sprintf(displaystring,"you entered: %s\n",line);
 102:.\main.c      **** //            usbPutString(displaystring);
 103:.\main.c      ****             flag_KB_string = 0;   
 104:.\main.c      ****         }
 105:.\main.c      ****                
 106:.\main.c      ****     }
 107:.\main.c      **** }
 108:.\main.c      **** void usbPutString(char *s)
 109:.\main.c      **** {
  27              		.loc 1 109 0
  28              		.cfi_startproc
  29              		@ args = 0, pretend = 0, frame = 0
  30              		@ frame_needed = 0, uses_anonymous_args = 0
  31              	.LVL0:
  32 0000 10B5     		push	{r4, lr}
  33              		.cfi_def_cfa_offset 8
  34              		.cfi_offset 4, -8
  35              		.cfi_offset 14, -4
  36 0002 0446     		mov	r4, r0
  37              	.LVL1:
  38              	.L2:
 110:.\main.c      **** // !! Assumes that *s is a string with allocated space >=64 chars     
 111:.\main.c      **** //  Since USB implementation retricts data packets to 64 chars, this function truncates the
 112:.\main.c      **** //  length to 62 char (63rd char is a '!')
 113:.\main.c      ****     
 114:.\main.c      ****     while (USBUART_CDCIsReady() == 0);
  39              		.loc 1 114 0 discriminator 1
  40 0004 FFF7FEFF 		bl	USBUART_CDCIsReady
  41              	.LVL2:
  42 0008 0028     		cmp	r0, #0
  43 000a FBD0     		beq	.L2
 115:.\main.c      ****     s[63]='\0';
  44              		.loc 1 115 0
  45 000c 0023     		movs	r3, #0
  46 000e 84F83F30 		strb	r3, [r4, #63]
 116:.\main.c      ****     s[62]='!';
  47              		.loc 1 116 0
  48 0012 2123     		movs	r3, #33
  49 0014 84F83E30 		strb	r3, [r4, #62]
 117:.\main.c      ****     USBUART_PutData((uint8*)s,strlen(s));
  50              		.loc 1 117 0
  51 0018 2046     		mov	r0, r4
  52 001a FFF7FEFF 		bl	strlen
  53              	.LVL3:
  54 001e 81B2     		uxth	r1, r0
ARM GAS  C:\Users\NITISH~1\AppData\Local\Temp\ccMSoBFX.s 			page 4


  55 0020 2046     		mov	r0, r4
  56 0022 FFF7FEFF 		bl	USBUART_PutData
  57              	.LVL4:
  58 0026 10BD     		pop	{r4, pc}
  59              		.cfi_endproc
  60              	.LFE64:
  61              		.size	usbPutString, .-usbPutString
  62              		.section	.text.usbPutChar,"ax",%progbits
  63              		.align	2
  64              		.global	usbPutChar
  65              		.thumb
  66              		.thumb_func
  67              		.type	usbPutChar, %function
  68              	usbPutChar:
  69              	.LFB65:
 118:.\main.c      **** }
 119:.\main.c      **** //* ========================================
 120:.\main.c      **** void usbPutChar(char c)
 121:.\main.c      **** {
  70              		.loc 1 121 0
  71              		.cfi_startproc
  72              		@ args = 0, pretend = 0, frame = 0
  73              		@ frame_needed = 0, uses_anonymous_args = 0
  74              	.LVL5:
  75 0000 10B5     		push	{r4, lr}
  76              		.cfi_def_cfa_offset 8
  77              		.cfi_offset 4, -8
  78              		.cfi_offset 14, -4
  79 0002 0446     		mov	r4, r0
  80              	.LVL6:
  81              	.L5:
 122:.\main.c      ****     while (USBUART_CDCIsReady() == 0);
  82              		.loc 1 122 0 discriminator 1
  83 0004 FFF7FEFF 		bl	USBUART_CDCIsReady
  84              	.LVL7:
  85 0008 0028     		cmp	r0, #0
  86 000a FBD0     		beq	.L5
 123:.\main.c      ****     USBUART_PutChar(c);
  87              		.loc 1 123 0
  88 000c 2046     		mov	r0, r4
  89 000e FFF7FEFF 		bl	USBUART_PutChar
  90              	.LVL8:
  91 0012 10BD     		pop	{r4, pc}
  92              		.cfi_endproc
  93              	.LFE65:
  94              		.size	usbPutChar, .-usbPutChar
  95              		.section	.text.handle_rx_binary,"ax",%progbits
  96              		.align	2
  97              		.global	handle_rx_binary
  98              		.thumb
  99              		.thumb_func
 100              		.type	handle_rx_binary, %function
 101              	handle_rx_binary:
 102              	.LFB66:
 124:.\main.c      **** }
 125:.\main.c      **** //* ========================================
 126:.\main.c      **** void handle_rx_binary()
ARM GAS  C:\Users\NITISH~1\AppData\Local\Temp\ccMSoBFX.s 			page 5


 127:.\main.c      **** {
 103              		.loc 1 127 0
 104              		.cfi_startproc
 105              		@ args = 0, pretend = 0, frame = 0
 106              		@ frame_needed = 0, uses_anonymous_args = 0
 107              		@ link register save eliminated.
 108 0000 7047     		bx	lr
 109              		.cfi_endproc
 110              	.LFE66:
 111              		.size	handle_rx_binary, .-handle_rx_binary
 112 0002 00BF     		.section	.text.handle_rx_ascii,"ax",%progbits
 113              		.align	2
 114              		.global	handle_rx_ascii
 115              		.thumb
 116              		.thumb_func
 117              		.type	handle_rx_ascii, %function
 118              	handle_rx_ascii:
 119              	.LFB67:
 128:.\main.c      ****   
 129:.\main.c      **** }
 130:.\main.c      **** //* ========================================
 131:.\main.c      **** void handle_rx_ascii()
 132:.\main.c      **** {
 120              		.loc 1 132 0
 121              		.cfi_startproc
 122              		@ args = 0, pretend = 0, frame = 0
 123              		@ frame_needed = 0, uses_anonymous_args = 0
 124              		@ link register save eliminated.
 125 0000 7047     		bx	lr
 126              		.cfi_endproc
 127              	.LFE67:
 128              		.size	handle_rx_ascii, .-handle_rx_ascii
 129 0002 00BF     		.section	.text.handle_usb,"ax",%progbits
 130              		.align	2
 131              		.global	handle_usb
 132              		.thumb
 133              		.thumb_func
 134              		.type	handle_usb, %function
 135              	handle_usb:
 136              	.LFB68:
 133:.\main.c      ****  
 134:.\main.c      **** }
 135:.\main.c      **** 
 136:.\main.c      **** //* ========================================
 137:.\main.c      **** void handle_usb()
 138:.\main.c      **** {
 137              		.loc 1 138 0
 138              		.cfi_startproc
 139              		@ args = 0, pretend = 0, frame = 0
 140              		@ frame_needed = 0, uses_anonymous_args = 0
 141              		.loc 1 138 0
 142 0000 38B5     		push	{r3, r4, r5, lr}
 143              		.cfi_def_cfa_offset 16
 144              		.cfi_offset 3, -16
 145              		.cfi_offset 4, -12
 146              		.cfi_offset 5, -8
 147              		.cfi_offset 14, -4
ARM GAS  C:\Users\NITISH~1\AppData\Local\Temp\ccMSoBFX.s 			page 6


 139:.\main.c      ****     
 140:.\main.c      ****     // handles input at terminal, echos it back to the terminal
 141:.\main.c      ****     // turn echo OFF, key emulation: only CR
 142:.\main.c      ****     // entered string is made available in 'line' and 'flag_KB_string' is set
 143:.\main.c      ****     
 144:.\main.c      ****     static uint8 usbStarted = FALSE;
 145:.\main.c      ****     static uint16 usbBufCount = 0;
 146:.\main.c      ****     uint8 c; 
 147:.\main.c      ****     
 148:.\main.c      **** 
 149:.\main.c      ****     if (!usbStarted)
 148              		.loc 1 149 0
 149 0002 1D4B     		ldr	r3, .L18
 150 0004 1B78     		ldrb	r3, [r3]	@ zero_extendqisi2
 151 0006 4BB9     		cbnz	r3, .L10
 150:.\main.c      ****     {
 151:.\main.c      ****         if (USBUART_GetConfiguration())
 152              		.loc 1 151 0
 153 0008 FFF7FEFF 		bl	USBUART_GetConfiguration
 154              	.LVL9:
 155 000c 0028     		cmp	r0, #0
 156 000e 32D0     		beq	.L9
 152:.\main.c      ****         {
 153:.\main.c      ****             USBUART_CDC_Init();
 157              		.loc 1 153 0
 158 0010 FFF7FEFF 		bl	USBUART_CDC_Init
 159              	.LVL10:
 154:.\main.c      ****             usbStarted = TRUE;
 160              		.loc 1 154 0
 161 0014 0122     		movs	r2, #1
 162 0016 184B     		ldr	r3, .L18
 163 0018 1A70     		strb	r2, [r3]
 164 001a 38BD     		pop	{r3, r4, r5, pc}
 165              	.L10:
 155:.\main.c      ****         }
 156:.\main.c      ****     }
 157:.\main.c      ****     else
 158:.\main.c      ****     {
 159:.\main.c      ****         if (USBUART_DataIsReady() != 0)
 166              		.loc 1 159 0
 167 001c FFF7FEFF 		bl	USBUART_DataIsReady
 168              	.LVL11:
 169 0020 48B3     		cbz	r0, .L9
 160:.\main.c      ****         {  
 161:.\main.c      ****             c = USBUART_GetChar();
 170              		.loc 1 161 0
 171 0022 FFF7FEFF 		bl	USBUART_GetChar
 172              	.LVL12:
 162:.\main.c      ****             if ((c == 13) || (c == 10))
 173              		.loc 1 162 0
 174 0026 0D28     		cmp	r0, #13
 175 0028 01D0     		beq	.L12
 176              		.loc 1 162 0 is_stmt 0 discriminator 1
 177 002a 0A28     		cmp	r0, #10
 178 002c 0BD1     		bne	.L13
 179              	.L12:
 163:.\main.c      ****             {
ARM GAS  C:\Users\NITISH~1\AppData\Local\Temp\ccMSoBFX.s 			page 7


 164:.\main.c      ****                 entry[usbBufCount]= '\0';
 180              		.loc 1 164 0 is_stmt 1
 181 002e 124C     		ldr	r4, .L18
 182 0030 6388     		ldrh	r3, [r4, #2]
 183 0032 1249     		ldr	r1, .L18+4
 184 0034 0025     		movs	r5, #0
 185 0036 CD54     		strb	r5, [r1, r3]
 165:.\main.c      ****                 strcpy(line,entry);
 186              		.loc 1 165 0
 187 0038 1148     		ldr	r0, .L18+8
 188              	.LVL13:
 189 003a FFF7FEFF 		bl	strcpy
 190              	.LVL14:
 166:.\main.c      ****                 usbBufCount = 0;
 191              		.loc 1 166 0
 192 003e 6580     		strh	r5, [r4, #2]	@ movhi
 167:.\main.c      ****                 flag_KB_string = 1;
 193              		.loc 1 167 0
 194 0040 0123     		movs	r3, #1
 195 0042 2371     		strb	r3, [r4, #4]
 196 0044 38BD     		pop	{r3, r4, r5, pc}
 197              	.LVL15:
 198              	.L13:
 168:.\main.c      ****             }
 169:.\main.c      ****             else 
 170:.\main.c      ****             {
 171:.\main.c      ****                 if (((c == CHAR_BACKSP) || (c == CHAR_DEL) ) && (usbBufCount > 0) )
 199              		.loc 1 171 0
 200 0046 0828     		cmp	r0, #8
 201 0048 01D0     		beq	.L14
 202              		.loc 1 171 0 is_stmt 0 discriminator 2
 203 004a 7F28     		cmp	r0, #127
 204 004c 06D1     		bne	.L15
 205              	.L14:
 206              		.loc 1 171 0 discriminator 3
 207 004e 0A4B     		ldr	r3, .L18
 208 0050 5B88     		ldrh	r3, [r3, #2]
 209 0052 1BB1     		cbz	r3, .L15
 172:.\main.c      ****                     usbBufCount--;
 210              		.loc 1 172 0 is_stmt 1
 211 0054 013B     		subs	r3, r3, #1
 212 0056 084A     		ldr	r2, .L18
 213 0058 5380     		strh	r3, [r2, #2]	@ movhi
 214 005a 38BD     		pop	{r3, r4, r5, pc}
 215              	.L15:
 173:.\main.c      ****                 else
 174:.\main.c      ****                 {
 175:.\main.c      ****                     if (usbBufCount > (BUF_SIZE-1) )
 216              		.loc 1 175 0
 217 005c 064B     		ldr	r3, .L18
 218 005e 5B88     		ldrh	r3, [r3, #2]
 219 0060 3F2B     		cmp	r3, #63
 220 0062 03D9     		bls	.L16
 176:.\main.c      ****                     {
 177:.\main.c      ****                        USBUART_PutChar('!');        
 221              		.loc 1 177 0
 222 0064 2120     		movs	r0, #33
ARM GAS  C:\Users\NITISH~1\AppData\Local\Temp\ccMSoBFX.s 			page 8


 223              	.LVL16:
 224 0066 FFF7FEFF 		bl	USBUART_PutChar
 225              	.LVL17:
 226 006a 38BD     		pop	{r3, r4, r5, pc}
 227              	.LVL18:
 228              	.L16:
 178:.\main.c      ****                     }
 179:.\main.c      ****                     else
 180:.\main.c      ****                         entry[usbBufCount++] = c;  
 229              		.loc 1 180 0
 230 006c 591C     		adds	r1, r3, #1
 231 006e 024A     		ldr	r2, .L18
 232 0070 5180     		strh	r1, [r2, #2]	@ movhi
 233 0072 024A     		ldr	r2, .L18+4
 234 0074 D054     		strb	r0, [r2, r3]
 235              	.LVL19:
 236              	.L9:
 237 0076 38BD     		pop	{r3, r4, r5, pc}
 238              	.L19:
 239              		.align	2
 240              	.L18:
 241 0078 00000000 		.word	.LANCHOR0
 242 007c 00000000 		.word	entry
 243 0080 00000000 		.word	line
 244              		.cfi_endproc
 245              	.LFE68:
 246              		.size	handle_usb, .-handle_usb
 247              		.section	.text.main,"ax",%progbits
 248              		.align	2
 249              		.global	main
 250              		.thumb
 251              		.thumb_func
 252              		.type	main, %function
 253              	main:
 254              	.LFB63:
  81:.\main.c      ****     
 255              		.loc 1 81 0
 256              		.cfi_startproc
 257              		@ Volatile: function does not return.
 258              		@ args = 0, pretend = 0, frame = 0
 259              		@ frame_needed = 0, uses_anonymous_args = 0
 260 0000 08B5     		push	{r3, lr}
 261              		.cfi_def_cfa_offset 8
 262              		.cfi_offset 3, -8
 263              		.cfi_offset 14, -4
  83:.\main.c      ****  
 264              		.loc 1 83 0
 265              	@ 83 ".\main.c" 1
 266 0002 62B6     		CPSIE   i
 267              	@ 0 "" 2
  85:.\main.c      ****    
 268              		.loc 1 85 0
 269              		.thumb
 270 0004 0020     		movs	r0, #0
 271 0006 0121     		movs	r1, #1
 272 0008 FFF7FEFF 		bl	USBUART_Start
 273              	.LVL20:
ARM GAS  C:\Users\NITISH~1\AppData\Local\Temp\ccMSoBFX.s 			page 9


  88:.\main.c      ****     /* Place your initialization/startup code here (e.g. MyInst_Start()) */
 274              		.loc 1 88 0
 275 000c 0A48     		ldr	r0, .L24
 276 000e FFF7FEFF 		bl	usbPutString
 277              	.LVL21:
 278              	.L21:
  94:.\main.c      ****         
 279              		.loc 1 94 0
 280 0012 FFF7FEFF 		bl	handle_usb
 281              	.LVL22:
  96:.\main.c      ****         {
 282              		.loc 1 96 0
 283 0016 094B     		ldr	r3, .L24+4
 284 0018 1B79     		ldrb	r3, [r3, #4]	@ zero_extendqisi2
 285 001a 012B     		cmp	r3, #1
 286 001c F9D1     		bne	.L21
  98:.\main.c      ****             usbPutString(line);
 287              		.loc 1 98 0
 288 001e 0848     		ldr	r0, .L24+8
 289 0020 FFF7FEFF 		bl	usbPutString
 290              	.LVL23:
  99:.\main.c      ****             usbPutChar('\n');
 291              		.loc 1 99 0
 292 0024 0748     		ldr	r0, .L24+12
 293 0026 FFF7FEFF 		bl	usbPutString
 294              	.LVL24:
 100:.\main.c      **** //            sprintf(displaystring,"you entered: %s\n",line);
 295              		.loc 1 100 0
 296 002a 0A20     		movs	r0, #10
 297 002c FFF7FEFF 		bl	usbPutChar
 298              	.LVL25:
 103:.\main.c      ****         }
 299              		.loc 1 103 0
 300 0030 0022     		movs	r2, #0
 301 0032 024B     		ldr	r3, .L24+4
 302 0034 1A71     		strb	r2, [r3, #4]
 303 0036 ECE7     		b	.L21
 304              	.L25:
 305              		.align	2
 306              	.L24:
 307 0038 00000000 		.word	.LANCHOR1
 308 003c 00000000 		.word	.LANCHOR0
 309 0040 00000000 		.word	.LC0
 310 0044 00000000 		.word	line
 311              		.cfi_endproc
 312              	.LFE63:
 313              		.size	main, .-main
 314              		.comm	system_state,32,4
 315              		.comm	usbBuffer,64,4
 316              		.comm	entry,64,4
 317              		.comm	line,64,4
 318              		.global	displaystring
 319              		.comm	rf_string,255,4
 320              		.global	flag_KB_string
 321              		.global	flag_packet
 322              		.global	flag_rx
 323              		.data
ARM GAS  C:\Users\NITISH~1\AppData\Local\Temp\ccMSoBFX.s 			page 10


 324              		.align	2
 325              		.set	.LANCHOR1,. + 0
 326              		.type	displaystring, %object
 327              		.size	displaystring, 64
 328              	displaystring:
 329 0000 55415254 		.ascii	"UART Lab Exercise 4\012\000"
 329      204C6162 
 329      20457865 
 329      72636973 
 329      6520340A 
 330 0015 00000000 		.space	43
 330      00000000 
 330      00000000 
 330      00000000 
 330      00000000 
 331              		.section	.rodata.str1.4,"aMS",%progbits,1
 332              		.align	2
 333              	.LC0:
 334 0000 796F7520 		.ascii	"you entered: \000"
 334      656E7465 
 334      7265643A 
 334      2000
 335 000e 0000     		.bss
 336              		.align	1
 337              		.set	.LANCHOR0,. + 0
 338              		.type	usbStarted.6695, %object
 339              		.size	usbStarted.6695, 1
 340              	usbStarted.6695:
 341 0000 00       		.space	1
 342 0001 00       		.space	1
 343              		.type	usbBufCount.6696, %object
 344              		.size	usbBufCount.6696, 2
 345              	usbBufCount.6696:
 346 0002 0000     		.space	2
 347              		.type	flag_KB_string, %object
 348              		.size	flag_KB_string, 1
 349              	flag_KB_string:
 350 0004 00       		.space	1
 351              		.type	flag_packet, %object
 352              		.size	flag_packet, 1
 353              	flag_packet:
 354 0005 00       		.space	1
 355              		.type	flag_rx, %object
 356              		.size	flag_rx, 1
 357              	flag_rx:
 358 0006 00       		.space	1
 359 0007 00       		.text
 360              	.Letext0:
 361              		.file 2 "c:\\program files (x86)\\cypress\\psoc creator\\3.3\\psoc creator\\import\\gnu\\arm\\4.9.
 362              		.file 3 "c:\\program files (x86)\\cypress\\psoc creator\\3.3\\psoc creator\\import\\gnu\\arm\\4.9.
 363              		.file 4 "Generated_Source\\PSoC5/cytypes.h"
 364              		.file 5 "c:\\program files (x86)\\cypress\\psoc creator\\3.3\\psoc creator\\import\\gnu\\arm\\4.9.
 365              		.file 6 "Generated_Source\\PSoC5/core_cm3.h"
 366              		.file 7 "Generated_Source\\PSoC5/USBUART_cdc.h"
 367              		.file 8 "Generated_Source\\PSoC5/USBUART.h"
 368              		.file 9 "c:\\program files (x86)\\cypress\\psoc creator\\3.3\\psoc creator\\import\\gnu\\arm\\4.9.
 369              		.section	.debug_info,"",%progbits
ARM GAS  C:\Users\NITISH~1\AppData\Local\Temp\ccMSoBFX.s 			page 11


 370              	.Ldebug_info0:
 371 0000 1B050000 		.4byte	0x51b
 372 0004 0400     		.2byte	0x4
 373 0006 00000000 		.4byte	.Ldebug_abbrev0
 374 000a 04       		.byte	0x4
 375 000b 01       		.uleb128 0x1
 376 000c 0E020000 		.4byte	.LASF63
 377 0010 01       		.byte	0x1
 378 0011 3D030000 		.4byte	.LASF64
 379 0015 FC000000 		.4byte	.LASF65
 380 0019 00000000 		.4byte	.Ldebug_ranges0+0
 381 001d 00000000 		.4byte	0
 382 0021 00000000 		.4byte	.Ldebug_line0
 383 0025 02       		.uleb128 0x2
 384 0026 01       		.byte	0x1
 385 0027 06       		.byte	0x6
 386 0028 80010000 		.4byte	.LASF0
 387 002c 02       		.uleb128 0x2
 388 002d 01       		.byte	0x1
 389 002e 08       		.byte	0x8
 390 002f 69010000 		.4byte	.LASF1
 391 0033 02       		.uleb128 0x2
 392 0034 02       		.byte	0x2
 393 0035 05       		.byte	0x5
 394 0036 28000000 		.4byte	.LASF2
 395 003a 02       		.uleb128 0x2
 396 003b 02       		.byte	0x2
 397 003c 07       		.byte	0x7
 398 003d EC010000 		.4byte	.LASF3
 399 0041 03       		.uleb128 0x3
 400 0042 46030000 		.4byte	.LASF9
 401 0046 02       		.byte	0x2
 402 0047 3F       		.byte	0x3f
 403 0048 4C000000 		.4byte	0x4c
 404 004c 02       		.uleb128 0x2
 405 004d 04       		.byte	0x4
 406 004e 05       		.byte	0x5
 407 004f F3000000 		.4byte	.LASF4
 408 0053 02       		.uleb128 0x2
 409 0054 04       		.byte	0x4
 410 0055 07       		.byte	0x7
 411 0056 03030000 		.4byte	.LASF5
 412 005a 02       		.uleb128 0x2
 413 005b 08       		.byte	0x8
 414 005c 05       		.byte	0x5
 415 005d B6000000 		.4byte	.LASF6
 416 0061 02       		.uleb128 0x2
 417 0062 08       		.byte	0x8
 418 0063 07       		.byte	0x7
 419 0064 9C010000 		.4byte	.LASF7
 420 0068 04       		.uleb128 0x4
 421 0069 04       		.byte	0x4
 422 006a 05       		.byte	0x5
 423 006b 696E7400 		.ascii	"int\000"
 424 006f 02       		.uleb128 0x2
 425 0070 04       		.byte	0x4
 426 0071 07       		.byte	0x7
ARM GAS  C:\Users\NITISH~1\AppData\Local\Temp\ccMSoBFX.s 			page 12


 427 0072 B3010000 		.4byte	.LASF8
 428 0076 03       		.uleb128 0x3
 429 0077 AE020000 		.4byte	.LASF10
 430 007b 03       		.byte	0x3
 431 007c 2C       		.byte	0x2c
 432 007d 41000000 		.4byte	0x41
 433 0081 05       		.uleb128 0x5
 434 0082 7F000000 		.4byte	.LASF11
 435 0086 04       		.byte	0x4
 436 0087 9201     		.2byte	0x192
 437 0089 2C000000 		.4byte	0x2c
 438 008d 05       		.uleb128 0x5
 439 008e 72000000 		.4byte	.LASF12
 440 0092 04       		.byte	0x4
 441 0093 9301     		.2byte	0x193
 442 0095 3A000000 		.4byte	0x3a
 443 0099 05       		.uleb128 0x5
 444 009a D1000000 		.4byte	.LASF13
 445 009e 04       		.byte	0x4
 446 009f 9501     		.2byte	0x195
 447 00a1 25000000 		.4byte	0x25
 448 00a5 02       		.uleb128 0x2
 449 00a6 04       		.byte	0x4
 450 00a7 04       		.byte	0x4
 451 00a8 97000000 		.4byte	.LASF14
 452 00ac 02       		.uleb128 0x2
 453 00ad 08       		.byte	0x8
 454 00ae 04       		.byte	0x4
 455 00af 7E030000 		.4byte	.LASF15
 456 00b3 05       		.uleb128 0x5
 457 00b4 59000000 		.4byte	.LASF16
 458 00b8 04       		.byte	0x4
 459 00b9 A301     		.2byte	0x1a3
 460 00bb BF000000 		.4byte	0xbf
 461 00bf 02       		.uleb128 0x2
 462 00c0 01       		.byte	0x1
 463 00c1 08       		.byte	0x8
 464 00c2 09020000 		.4byte	.LASF17
 465 00c6 03       		.uleb128 0x3
 466 00c7 32000000 		.4byte	.LASF18
 467 00cb 05       		.byte	0x5
 468 00cc D4       		.byte	0xd4
 469 00cd 6F000000 		.4byte	0x6f
 470 00d1 02       		.uleb128 0x2
 471 00d2 04       		.byte	0x4
 472 00d3 07       		.byte	0x7
 473 00d4 46000000 		.4byte	.LASF19
 474 00d8 06       		.uleb128 0x6
 475 00d9 04       		.byte	0x4
 476 00da BF000000 		.4byte	0xbf
 477 00de 06       		.uleb128 0x6
 478 00df 04       		.byte	0x4
 479 00e0 E4000000 		.4byte	0xe4
 480 00e4 07       		.uleb128 0x7
 481 00e5 BF000000 		.4byte	0xbf
 482 00e9 08       		.uleb128 0x8
 483 00ea FF010000 		.4byte	.LASF66
ARM GAS  C:\Users\NITISH~1\AppData\Local\Temp\ccMSoBFX.s 			page 13


 484 00ee 20       		.byte	0x20
 485 00ef 01       		.byte	0x1
 486 00f0 30       		.byte	0x30
 487 00f1 C2010000 		.4byte	0x1c2
 488 00f5 09       		.uleb128 0x9
 489 00f6 B1030000 		.4byte	.LASF20
 490 00fa 01       		.byte	0x1
 491 00fb 31       		.byte	0x31
 492 00fc 99000000 		.4byte	0x99
 493 0100 00       		.byte	0
 494 0101 09       		.uleb128 0x9
 495 0102 79000000 		.4byte	.LASF21
 496 0106 01       		.byte	0x1
 497 0107 32       		.byte	0x32
 498 0108 81000000 		.4byte	0x81
 499 010c 01       		.byte	0x1
 500 010d 09       		.uleb128 0x9
 501 010e 9C020000 		.4byte	.LASF22
 502 0112 01       		.byte	0x1
 503 0113 33       		.byte	0x33
 504 0114 8D000000 		.4byte	0x8d
 505 0118 02       		.byte	0x2
 506 0119 09       		.uleb128 0x9
 507 011a 85030000 		.4byte	.LASF23
 508 011e 01       		.byte	0x1
 509 011f 34       		.byte	0x34
 510 0120 8D000000 		.4byte	0x8d
 511 0124 04       		.byte	0x4
 512 0125 09       		.uleb128 0x9
 513 0126 B6030000 		.4byte	.LASF24
 514 012a 01       		.byte	0x1
 515 012b 35       		.byte	0x35
 516 012c 8D000000 		.4byte	0x8d
 517 0130 06       		.byte	0x6
 518 0131 09       		.uleb128 0x9
 519 0132 EB000000 		.4byte	.LASF25
 520 0136 01       		.byte	0x1
 521 0137 36       		.byte	0x36
 522 0138 8D000000 		.4byte	0x8d
 523 013c 08       		.byte	0x8
 524 013d 09       		.uleb128 0x9
 525 013e 50030000 		.4byte	.LASF26
 526 0142 01       		.byte	0x1
 527 0143 37       		.byte	0x37
 528 0144 8D000000 		.4byte	0x8d
 529 0148 0A       		.byte	0xa
 530 0149 09       		.uleb128 0x9
 531 014a 77010000 		.4byte	.LASF27
 532 014e 01       		.byte	0x1
 533 014f 38       		.byte	0x38
 534 0150 8D000000 		.4byte	0x8d
 535 0154 0C       		.byte	0xc
 536 0155 09       		.uleb128 0x9
 537 0156 DE000000 		.4byte	.LASF28
 538 015a 01       		.byte	0x1
 539 015b 39       		.byte	0x39
 540 015c 8D000000 		.4byte	0x8d
ARM GAS  C:\Users\NITISH~1\AppData\Local\Temp\ccMSoBFX.s 			page 14


 541 0160 0E       		.byte	0xe
 542 0161 09       		.uleb128 0x9
 543 0162 E4010000 		.4byte	.LASF29
 544 0166 01       		.byte	0x1
 545 0167 3A       		.byte	0x3a
 546 0168 8D000000 		.4byte	0x8d
 547 016c 10       		.byte	0x10
 548 016d 09       		.uleb128 0x9
 549 016e B6020000 		.4byte	.LASF30
 550 0172 01       		.byte	0x1
 551 0173 3B       		.byte	0x3b
 552 0174 8D000000 		.4byte	0x8d
 553 0178 12       		.byte	0x12
 554 0179 09       		.uleb128 0x9
 555 017a 0B000000 		.4byte	.LASF31
 556 017e 01       		.byte	0x1
 557 017f 3C       		.byte	0x3c
 558 0180 8D000000 		.4byte	0x8d
 559 0184 14       		.byte	0x14
 560 0185 09       		.uleb128 0x9
 561 0186 85000000 		.4byte	.LASF32
 562 018a 01       		.byte	0x1
 563 018b 3D       		.byte	0x3d
 564 018c 8D000000 		.4byte	0x8d
 565 0190 16       		.byte	0x16
 566 0191 09       		.uleb128 0x9
 567 0192 20000000 		.4byte	.LASF33
 568 0196 01       		.byte	0x1
 569 0197 3E       		.byte	0x3e
 570 0198 8D000000 		.4byte	0x8d
 571 019c 18       		.byte	0x18
 572 019d 09       		.uleb128 0x9
 573 019e D6000000 		.4byte	.LASF34
 574 01a2 01       		.byte	0x1
 575 01a3 3F       		.byte	0x3f
 576 01a4 8D000000 		.4byte	0x8d
 577 01a8 1A       		.byte	0x1a
 578 01a9 09       		.uleb128 0x9
 579 01aa DB010000 		.4byte	.LASF35
 580 01ae 01       		.byte	0x1
 581 01af 40       		.byte	0x40
 582 01b0 8D000000 		.4byte	0x8d
 583 01b4 1C       		.byte	0x1c
 584 01b5 09       		.uleb128 0x9
 585 01b6 BE020000 		.4byte	.LASF36
 586 01ba 01       		.byte	0x1
 587 01bb 41       		.byte	0x41
 588 01bc 8D000000 		.4byte	0x8d
 589 01c0 1E       		.byte	0x1e
 590 01c1 00       		.byte	0
 591 01c2 0A       		.uleb128 0xa
 592 01c3 C4000000 		.4byte	.LASF37
 593 01c7 01       		.byte	0x1
 594 01c8 6C       		.byte	0x6c
 595 01c9 00000000 		.4byte	.LFB64
 596 01cd 28000000 		.4byte	.LFE64-.LFB64
 597 01d1 01       		.uleb128 0x1
ARM GAS  C:\Users\NITISH~1\AppData\Local\Temp\ccMSoBFX.s 			page 15


 598 01d2 9C       		.byte	0x9c
 599 01d3 12020000 		.4byte	0x212
 600 01d7 0B       		.uleb128 0xb
 601 01d8 7300     		.ascii	"s\000"
 602 01da 01       		.byte	0x1
 603 01db 6C       		.byte	0x6c
 604 01dc D8000000 		.4byte	0xd8
 605 01e0 00000000 		.4byte	.LLST0
 606 01e4 0C       		.uleb128 0xc
 607 01e5 08000000 		.4byte	.LVL2
 608 01e9 72040000 		.4byte	0x472
 609 01ed 0D       		.uleb128 0xd
 610 01ee 1E000000 		.4byte	.LVL3
 611 01f2 7D040000 		.4byte	0x47d
 612 01f6 01020000 		.4byte	0x201
 613 01fa 0E       		.uleb128 0xe
 614 01fb 01       		.uleb128 0x1
 615 01fc 50       		.byte	0x50
 616 01fd 02       		.uleb128 0x2
 617 01fe 74       		.byte	0x74
 618 01ff 00       		.sleb128 0
 619 0200 00       		.byte	0
 620 0201 0F       		.uleb128 0xf
 621 0202 26000000 		.4byte	.LVL4
 622 0206 92040000 		.4byte	0x492
 623 020a 0E       		.uleb128 0xe
 624 020b 01       		.uleb128 0x1
 625 020c 50       		.byte	0x50
 626 020d 02       		.uleb128 0x2
 627 020e 74       		.byte	0x74
 628 020f 00       		.sleb128 0
 629 0210 00       		.byte	0
 630 0211 00       		.byte	0
 631 0212 0A       		.uleb128 0xa
 632 0213 00000000 		.4byte	.LASF38
 633 0217 01       		.byte	0x1
 634 0218 78       		.byte	0x78
 635 0219 00000000 		.4byte	.LFB65
 636 021d 14000000 		.4byte	.LFE65-.LFB65
 637 0221 01       		.uleb128 0x1
 638 0222 9C       		.byte	0x9c
 639 0223 4E020000 		.4byte	0x24e
 640 0227 0B       		.uleb128 0xb
 641 0228 6300     		.ascii	"c\000"
 642 022a 01       		.byte	0x1
 643 022b 78       		.byte	0x78
 644 022c BF000000 		.4byte	0xbf
 645 0230 1E000000 		.4byte	.LLST1
 646 0234 0C       		.uleb128 0xc
 647 0235 08000000 		.4byte	.LVL7
 648 0239 72040000 		.4byte	0x472
 649 023d 0F       		.uleb128 0xf
 650 023e 12000000 		.4byte	.LVL8
 651 0242 B3040000 		.4byte	0x4b3
 652 0246 0E       		.uleb128 0xe
 653 0247 01       		.uleb128 0x1
 654 0248 50       		.byte	0x50
ARM GAS  C:\Users\NITISH~1\AppData\Local\Temp\ccMSoBFX.s 			page 16


 655 0249 02       		.uleb128 0x2
 656 024a 74       		.byte	0x74
 657 024b 00       		.sleb128 0
 658 024c 00       		.byte	0
 659 024d 00       		.byte	0
 660 024e 10       		.uleb128 0x10
 661 024f 62030000 		.4byte	.LASF39
 662 0253 01       		.byte	0x1
 663 0254 7E       		.byte	0x7e
 664 0255 00000000 		.4byte	.LFB66
 665 0259 02000000 		.4byte	.LFE66-.LFB66
 666 025d 01       		.uleb128 0x1
 667 025e 9C       		.byte	0x9c
 668 025f 10       		.uleb128 0x10
 669 0260 A1030000 		.4byte	.LASF40
 670 0264 01       		.byte	0x1
 671 0265 83       		.byte	0x83
 672 0266 00000000 		.4byte	.LFB67
 673 026a 02000000 		.4byte	.LFE67-.LFB67
 674 026e 01       		.uleb128 0x1
 675 026f 9C       		.byte	0x9c
 676 0270 11       		.uleb128 0x11
 677 0271 73030000 		.4byte	.LASF67
 678 0275 01       		.byte	0x1
 679 0276 89       		.byte	0x89
 680 0277 00000000 		.4byte	.LFB68
 681 027b 84000000 		.4byte	.LFE68-.LFB68
 682 027f 01       		.uleb128 0x1
 683 0280 9C       		.byte	0x9c
 684 0281 09030000 		.4byte	0x309
 685 0285 12       		.uleb128 0x12
 686 0286 25030000 		.4byte	.LASF41
 687 028a 01       		.byte	0x1
 688 028b 90       		.byte	0x90
 689 028c 81000000 		.4byte	0x81
 690 0290 05       		.uleb128 0x5
 691 0291 03       		.byte	0x3
 692 0292 00000000 		.4byte	usbStarted.6695
 693 0296 12       		.uleb128 0x12
 694 0297 CF010000 		.4byte	.LASF42
 695 029b 01       		.byte	0x1
 696 029c 91       		.byte	0x91
 697 029d 8D000000 		.4byte	0x8d
 698 02a1 05       		.uleb128 0x5
 699 02a2 03       		.byte	0x3
 700 02a3 02000000 		.4byte	usbBufCount.6696
 701 02a7 13       		.uleb128 0x13
 702 02a8 6300     		.ascii	"c\000"
 703 02aa 01       		.byte	0x1
 704 02ab 92       		.byte	0x92
 705 02ac 81000000 		.4byte	0x81
 706 02b0 3F000000 		.4byte	.LLST2
 707 02b4 0C       		.uleb128 0xc
 708 02b5 0C000000 		.4byte	.LVL9
 709 02b9 C4040000 		.4byte	0x4c4
 710 02bd 0C       		.uleb128 0xc
 711 02be 14000000 		.4byte	.LVL10
ARM GAS  C:\Users\NITISH~1\AppData\Local\Temp\ccMSoBFX.s 			page 17


 712 02c2 D0040000 		.4byte	0x4d0
 713 02c6 0C       		.uleb128 0xc
 714 02c7 20000000 		.4byte	.LVL11
 715 02cb DB040000 		.4byte	0x4db
 716 02cf 0C       		.uleb128 0xc
 717 02d0 26000000 		.4byte	.LVL12
 718 02d4 E6040000 		.4byte	0x4e6
 719 02d8 0D       		.uleb128 0xd
 720 02d9 3E000000 		.4byte	.LVL14
 721 02dd F1040000 		.4byte	0x4f1
 722 02e1 F8020000 		.4byte	0x2f8
 723 02e5 0E       		.uleb128 0xe
 724 02e6 01       		.uleb128 0x1
 725 02e7 51       		.byte	0x51
 726 02e8 05       		.uleb128 0x5
 727 02e9 03       		.byte	0x3
 728 02ea 00000000 		.4byte	entry
 729 02ee 0E       		.uleb128 0xe
 730 02ef 01       		.uleb128 0x1
 731 02f0 50       		.byte	0x50
 732 02f1 05       		.uleb128 0x5
 733 02f2 03       		.byte	0x3
 734 02f3 00000000 		.4byte	line
 735 02f7 00       		.byte	0
 736 02f8 0F       		.uleb128 0xf
 737 02f9 6A000000 		.4byte	.LVL17
 738 02fd B3040000 		.4byte	0x4b3
 739 0301 0E       		.uleb128 0xe
 740 0302 01       		.uleb128 0x1
 741 0303 50       		.byte	0x50
 742 0304 02       		.uleb128 0x2
 743 0305 08       		.byte	0x8
 744 0306 21       		.byte	0x21
 745 0307 00       		.byte	0
 746 0308 00       		.byte	0
 747 0309 14       		.uleb128 0x14
 748 030a 5F000000 		.4byte	.LASF43
 749 030e 01       		.byte	0x1
 750 030f 50       		.byte	0x50
 751 0310 68000000 		.4byte	0x68
 752 0314 00000000 		.4byte	.LFB63
 753 0318 48000000 		.4byte	.LFE63-.LFB63
 754 031c 01       		.uleb128 0x1
 755 031d 9C       		.byte	0x9c
 756 031e 98030000 		.4byte	0x398
 757 0322 0D       		.uleb128 0xd
 758 0323 0C000000 		.4byte	.LVL20
 759 0327 0B050000 		.4byte	0x50b
 760 032b 3A030000 		.4byte	0x33a
 761 032f 0E       		.uleb128 0xe
 762 0330 01       		.uleb128 0x1
 763 0331 51       		.byte	0x51
 764 0332 01       		.uleb128 0x1
 765 0333 31       		.byte	0x31
 766 0334 0E       		.uleb128 0xe
 767 0335 01       		.uleb128 0x1
 768 0336 50       		.byte	0x50
ARM GAS  C:\Users\NITISH~1\AppData\Local\Temp\ccMSoBFX.s 			page 18


 769 0337 01       		.uleb128 0x1
 770 0338 30       		.byte	0x30
 771 0339 00       		.byte	0
 772 033a 0D       		.uleb128 0xd
 773 033b 12000000 		.4byte	.LVL21
 774 033f C2010000 		.4byte	0x1c2
 775 0343 51030000 		.4byte	0x351
 776 0347 0E       		.uleb128 0xe
 777 0348 01       		.uleb128 0x1
 778 0349 50       		.byte	0x50
 779 034a 05       		.uleb128 0x5
 780 034b 03       		.byte	0x3
 781 034c 00000000 		.4byte	.LANCHOR1
 782 0350 00       		.byte	0
 783 0351 0C       		.uleb128 0xc
 784 0352 16000000 		.4byte	.LVL22
 785 0356 70020000 		.4byte	0x270
 786 035a 0D       		.uleb128 0xd
 787 035b 24000000 		.4byte	.LVL23
 788 035f C2010000 		.4byte	0x1c2
 789 0363 71030000 		.4byte	0x371
 790 0367 0E       		.uleb128 0xe
 791 0368 01       		.uleb128 0x1
 792 0369 50       		.byte	0x50
 793 036a 05       		.uleb128 0x5
 794 036b 03       		.byte	0x3
 795 036c 00000000 		.4byte	.LC0
 796 0370 00       		.byte	0
 797 0371 0D       		.uleb128 0xd
 798 0372 2A000000 		.4byte	.LVL24
 799 0376 C2010000 		.4byte	0x1c2
 800 037a 88030000 		.4byte	0x388
 801 037e 0E       		.uleb128 0xe
 802 037f 01       		.uleb128 0x1
 803 0380 50       		.byte	0x50
 804 0381 05       		.uleb128 0x5
 805 0382 03       		.byte	0x3
 806 0383 00000000 		.4byte	line
 807 0387 00       		.byte	0
 808 0388 0F       		.uleb128 0xf
 809 0389 30000000 		.4byte	.LVL25
 810 038d 12020000 		.4byte	0x212
 811 0391 0E       		.uleb128 0xe
 812 0392 01       		.uleb128 0x1
 813 0393 50       		.byte	0x50
 814 0394 01       		.uleb128 0x1
 815 0395 3A       		.byte	0x3a
 816 0396 00       		.byte	0
 817 0397 00       		.byte	0
 818 0398 15       		.uleb128 0x15
 819 0399 30030000 		.4byte	.LASF44
 820 039d 06       		.byte	0x6
 821 039e 9606     		.2byte	0x696
 822 03a0 A4030000 		.4byte	0x3a4
 823 03a4 16       		.uleb128 0x16
 824 03a5 76000000 		.4byte	0x76
 825 03a9 17       		.uleb128 0x17
ARM GAS  C:\Users\NITISH~1\AppData\Local\Temp\ccMSoBFX.s 			page 19


 826 03aa 5B010000 		.4byte	.LASF45
 827 03ae 01       		.byte	0x1
 828 03af 27       		.byte	0x27
 829 03b0 81000000 		.4byte	0x81
 830 03b4 05       		.uleb128 0x5
 831 03b5 03       		.byte	0x3
 832 03b6 00000000 		.4byte	flag_rx
 833 03ba 17       		.uleb128 0x17
 834 03bb 14000000 		.4byte	.LASF46
 835 03bf 01       		.byte	0x1
 836 03c0 28       		.byte	0x28
 837 03c1 81000000 		.4byte	0x81
 838 03c5 05       		.uleb128 0x5
 839 03c6 03       		.byte	0x3
 840 03c7 00000000 		.4byte	flag_packet
 841 03cb 17       		.uleb128 0x17
 842 03cc C0010000 		.4byte	.LASF47
 843 03d0 01       		.byte	0x1
 844 03d1 29       		.byte	0x29
 845 03d2 81000000 		.4byte	0x81
 846 03d6 05       		.uleb128 0x5
 847 03d7 03       		.byte	0x3
 848 03d8 00000000 		.4byte	flag_KB_string
 849 03dc 18       		.uleb128 0x18
 850 03dd BF000000 		.4byte	0xbf
 851 03e1 EC030000 		.4byte	0x3ec
 852 03e5 19       		.uleb128 0x19
 853 03e6 D1000000 		.4byte	0xd1
 854 03ea FE       		.byte	0xfe
 855 03eb 00       		.byte	0
 856 03ec 17       		.uleb128 0x17
 857 03ed 58030000 		.4byte	.LASF48
 858 03f1 01       		.byte	0x1
 859 03f2 2B       		.byte	0x2b
 860 03f3 DC030000 		.4byte	0x3dc
 861 03f7 05       		.uleb128 0x5
 862 03f8 03       		.byte	0x3
 863 03f9 00000000 		.4byte	rf_string
 864 03fd 18       		.uleb128 0x18
 865 03fe BF000000 		.4byte	0xbf
 866 0402 0D040000 		.4byte	0x40d
 867 0406 19       		.uleb128 0x19
 868 0407 D1000000 		.4byte	0xd1
 869 040b 3F       		.byte	0x3f
 870 040c 00       		.byte	0
 871 040d 17       		.uleb128 0x17
 872 040e F5020000 		.4byte	.LASF49
 873 0412 01       		.byte	0x1
 874 0413 2C       		.byte	0x2c
 875 0414 FD030000 		.4byte	0x3fd
 876 0418 05       		.uleb128 0x5
 877 0419 03       		.byte	0x3
 878 041a 00000000 		.4byte	displaystring
 879 041e 17       		.uleb128 0x17
 880 041f 92000000 		.4byte	.LASF50
 881 0423 01       		.byte	0x1
 882 0424 2D       		.byte	0x2d
ARM GAS  C:\Users\NITISH~1\AppData\Local\Temp\ccMSoBFX.s 			page 20


 883 0425 FD030000 		.4byte	0x3fd
 884 0429 05       		.uleb128 0x5
 885 042a 03       		.byte	0x3
 886 042b 00000000 		.4byte	line
 887 042f 17       		.uleb128 0x17
 888 0430 63010000 		.4byte	.LASF51
 889 0434 01       		.byte	0x1
 890 0435 2D       		.byte	0x2d
 891 0436 FD030000 		.4byte	0x3fd
 892 043a 05       		.uleb128 0x5
 893 043b 03       		.byte	0x3
 894 043c 00000000 		.4byte	entry
 895 0440 18       		.uleb128 0x18
 896 0441 81000000 		.4byte	0x81
 897 0445 50040000 		.4byte	0x450
 898 0449 19       		.uleb128 0x19
 899 044a D1000000 		.4byte	0xd1
 900 044e 3F       		.byte	0x3f
 901 044f 00       		.byte	0
 902 0450 17       		.uleb128 0x17
 903 0451 4F000000 		.4byte	.LASF52
 904 0455 01       		.byte	0x1
 905 0456 2E       		.byte	0x2e
 906 0457 40040000 		.4byte	0x440
 907 045b 05       		.uleb128 0x5
 908 045c 03       		.byte	0x3
 909 045d 00000000 		.4byte	usbBuffer
 910 0461 17       		.uleb128 0x17
 911 0462 39000000 		.4byte	.LASF53
 912 0466 01       		.byte	0x1
 913 0467 44       		.byte	0x44
 914 0468 E9000000 		.4byte	0xe9
 915 046c 05       		.uleb128 0x5
 916 046d 03       		.byte	0x3
 917 046e 00000000 		.4byte	system_state
 918 0472 1A       		.uleb128 0x1a
 919 0473 D2020000 		.4byte	.LASF56
 920 0477 07       		.byte	0x7
 921 0478 28       		.byte	0x28
 922 0479 81000000 		.4byte	0x81
 923 047d 1B       		.uleb128 0x1b
 924 047e A7020000 		.4byte	.LASF61
 925 0482 09       		.byte	0x9
 926 0483 21       		.byte	0x21
 927 0484 C6000000 		.4byte	0xc6
 928 0488 92040000 		.4byte	0x492
 929 048c 1C       		.uleb128 0x1c
 930 048d DE000000 		.4byte	0xde
 931 0491 00       		.byte	0
 932 0492 1D       		.uleb128 0x1d
 933 0493 15030000 		.4byte	.LASF54
 934 0497 07       		.byte	0x7
 935 0498 23       		.byte	0x23
 936 0499 A8040000 		.4byte	0x4a8
 937 049d 1C       		.uleb128 0x1c
 938 049e A8040000 		.4byte	0x4a8
 939 04a2 1C       		.uleb128 0x1c
ARM GAS  C:\Users\NITISH~1\AppData\Local\Temp\ccMSoBFX.s 			page 21


 940 04a3 8D000000 		.4byte	0x8d
 941 04a7 00       		.byte	0
 942 04a8 06       		.uleb128 0x6
 943 04a9 04       		.byte	0x4
 944 04aa AE040000 		.4byte	0x4ae
 945 04ae 07       		.uleb128 0x7
 946 04af 81000000 		.4byte	0x81
 947 04b3 1D       		.uleb128 0x1d
 948 04b4 E5020000 		.4byte	.LASF55
 949 04b8 07       		.byte	0x7
 950 04b9 25       		.byte	0x25
 951 04ba C4040000 		.4byte	0x4c4
 952 04be 1C       		.uleb128 0x1c
 953 04bf B3000000 		.4byte	0xb3
 954 04c3 00       		.byte	0
 955 04c4 1E       		.uleb128 0x1e
 956 04c5 9D000000 		.4byte	.LASF57
 957 04c9 08       		.byte	0x8
 958 04ca 2E01     		.2byte	0x12e
 959 04cc 81000000 		.4byte	0x81
 960 04d0 1A       		.uleb128 0x1a
 961 04d1 90030000 		.4byte	.LASF58
 962 04d5 07       		.byte	0x7
 963 04d6 22       		.byte	0x22
 964 04d7 81000000 		.4byte	0x81
 965 04db 1A       		.uleb128 0x1a
 966 04dc C8030000 		.4byte	.LASF59
 967 04e0 07       		.byte	0x7
 968 04e1 29       		.byte	0x29
 969 04e2 81000000 		.4byte	0x81
 970 04e6 1A       		.uleb128 0x1a
 971 04e7 8C010000 		.4byte	.LASF60
 972 04eb 07       		.byte	0x7
 973 04ec 2C       		.byte	0x2c
 974 04ed 81000000 		.4byte	0x81
 975 04f1 1B       		.uleb128 0x1b
 976 04f2 CB020000 		.4byte	.LASF62
 977 04f6 09       		.byte	0x9
 978 04f7 1E       		.byte	0x1e
 979 04f8 D8000000 		.4byte	0xd8
 980 04fc 0B050000 		.4byte	0x50b
 981 0500 1C       		.uleb128 0x1c
 982 0501 D8000000 		.4byte	0xd8
 983 0505 1C       		.uleb128 0x1c
 984 0506 DE000000 		.4byte	0xde
 985 050a 00       		.byte	0
 986 050b 1F       		.uleb128 0x1f
 987 050c 64000000 		.4byte	.LASF68
 988 0510 08       		.byte	0x8
 989 0511 2B01     		.2byte	0x12b
 990 0513 1C       		.uleb128 0x1c
 991 0514 81000000 		.4byte	0x81
 992 0518 1C       		.uleb128 0x1c
 993 0519 81000000 		.4byte	0x81
 994 051d 00       		.byte	0
 995 051e 00       		.byte	0
 996              		.section	.debug_abbrev,"",%progbits
ARM GAS  C:\Users\NITISH~1\AppData\Local\Temp\ccMSoBFX.s 			page 22


 997              	.Ldebug_abbrev0:
 998 0000 01       		.uleb128 0x1
 999 0001 11       		.uleb128 0x11
 1000 0002 01       		.byte	0x1
 1001 0003 25       		.uleb128 0x25
 1002 0004 0E       		.uleb128 0xe
 1003 0005 13       		.uleb128 0x13
 1004 0006 0B       		.uleb128 0xb
 1005 0007 03       		.uleb128 0x3
 1006 0008 0E       		.uleb128 0xe
 1007 0009 1B       		.uleb128 0x1b
 1008 000a 0E       		.uleb128 0xe
 1009 000b 55       		.uleb128 0x55
 1010 000c 17       		.uleb128 0x17
 1011 000d 11       		.uleb128 0x11
 1012 000e 01       		.uleb128 0x1
 1013 000f 10       		.uleb128 0x10
 1014 0010 17       		.uleb128 0x17
 1015 0011 00       		.byte	0
 1016 0012 00       		.byte	0
 1017 0013 02       		.uleb128 0x2
 1018 0014 24       		.uleb128 0x24
 1019 0015 00       		.byte	0
 1020 0016 0B       		.uleb128 0xb
 1021 0017 0B       		.uleb128 0xb
 1022 0018 3E       		.uleb128 0x3e
 1023 0019 0B       		.uleb128 0xb
 1024 001a 03       		.uleb128 0x3
 1025 001b 0E       		.uleb128 0xe
 1026 001c 00       		.byte	0
 1027 001d 00       		.byte	0
 1028 001e 03       		.uleb128 0x3
 1029 001f 16       		.uleb128 0x16
 1030 0020 00       		.byte	0
 1031 0021 03       		.uleb128 0x3
 1032 0022 0E       		.uleb128 0xe
 1033 0023 3A       		.uleb128 0x3a
 1034 0024 0B       		.uleb128 0xb
 1035 0025 3B       		.uleb128 0x3b
 1036 0026 0B       		.uleb128 0xb
 1037 0027 49       		.uleb128 0x49
 1038 0028 13       		.uleb128 0x13
 1039 0029 00       		.byte	0
 1040 002a 00       		.byte	0
 1041 002b 04       		.uleb128 0x4
 1042 002c 24       		.uleb128 0x24
 1043 002d 00       		.byte	0
 1044 002e 0B       		.uleb128 0xb
 1045 002f 0B       		.uleb128 0xb
 1046 0030 3E       		.uleb128 0x3e
 1047 0031 0B       		.uleb128 0xb
 1048 0032 03       		.uleb128 0x3
 1049 0033 08       		.uleb128 0x8
 1050 0034 00       		.byte	0
 1051 0035 00       		.byte	0
 1052 0036 05       		.uleb128 0x5
 1053 0037 16       		.uleb128 0x16
ARM GAS  C:\Users\NITISH~1\AppData\Local\Temp\ccMSoBFX.s 			page 23


 1054 0038 00       		.byte	0
 1055 0039 03       		.uleb128 0x3
 1056 003a 0E       		.uleb128 0xe
 1057 003b 3A       		.uleb128 0x3a
 1058 003c 0B       		.uleb128 0xb
 1059 003d 3B       		.uleb128 0x3b
 1060 003e 05       		.uleb128 0x5
 1061 003f 49       		.uleb128 0x49
 1062 0040 13       		.uleb128 0x13
 1063 0041 00       		.byte	0
 1064 0042 00       		.byte	0
 1065 0043 06       		.uleb128 0x6
 1066 0044 0F       		.uleb128 0xf
 1067 0045 00       		.byte	0
 1068 0046 0B       		.uleb128 0xb
 1069 0047 0B       		.uleb128 0xb
 1070 0048 49       		.uleb128 0x49
 1071 0049 13       		.uleb128 0x13
 1072 004a 00       		.byte	0
 1073 004b 00       		.byte	0
 1074 004c 07       		.uleb128 0x7
 1075 004d 26       		.uleb128 0x26
 1076 004e 00       		.byte	0
 1077 004f 49       		.uleb128 0x49
 1078 0050 13       		.uleb128 0x13
 1079 0051 00       		.byte	0
 1080 0052 00       		.byte	0
 1081 0053 08       		.uleb128 0x8
 1082 0054 13       		.uleb128 0x13
 1083 0055 01       		.byte	0x1
 1084 0056 03       		.uleb128 0x3
 1085 0057 0E       		.uleb128 0xe
 1086 0058 0B       		.uleb128 0xb
 1087 0059 0B       		.uleb128 0xb
 1088 005a 3A       		.uleb128 0x3a
 1089 005b 0B       		.uleb128 0xb
 1090 005c 3B       		.uleb128 0x3b
 1091 005d 0B       		.uleb128 0xb
 1092 005e 01       		.uleb128 0x1
 1093 005f 13       		.uleb128 0x13
 1094 0060 00       		.byte	0
 1095 0061 00       		.byte	0
 1096 0062 09       		.uleb128 0x9
 1097 0063 0D       		.uleb128 0xd
 1098 0064 00       		.byte	0
 1099 0065 03       		.uleb128 0x3
 1100 0066 0E       		.uleb128 0xe
 1101 0067 3A       		.uleb128 0x3a
 1102 0068 0B       		.uleb128 0xb
 1103 0069 3B       		.uleb128 0x3b
 1104 006a 0B       		.uleb128 0xb
 1105 006b 49       		.uleb128 0x49
 1106 006c 13       		.uleb128 0x13
 1107 006d 38       		.uleb128 0x38
 1108 006e 0B       		.uleb128 0xb
 1109 006f 00       		.byte	0
 1110 0070 00       		.byte	0
ARM GAS  C:\Users\NITISH~1\AppData\Local\Temp\ccMSoBFX.s 			page 24


 1111 0071 0A       		.uleb128 0xa
 1112 0072 2E       		.uleb128 0x2e
 1113 0073 01       		.byte	0x1
 1114 0074 3F       		.uleb128 0x3f
 1115 0075 19       		.uleb128 0x19
 1116 0076 03       		.uleb128 0x3
 1117 0077 0E       		.uleb128 0xe
 1118 0078 3A       		.uleb128 0x3a
 1119 0079 0B       		.uleb128 0xb
 1120 007a 3B       		.uleb128 0x3b
 1121 007b 0B       		.uleb128 0xb
 1122 007c 27       		.uleb128 0x27
 1123 007d 19       		.uleb128 0x19
 1124 007e 11       		.uleb128 0x11
 1125 007f 01       		.uleb128 0x1
 1126 0080 12       		.uleb128 0x12
 1127 0081 06       		.uleb128 0x6
 1128 0082 40       		.uleb128 0x40
 1129 0083 18       		.uleb128 0x18
 1130 0084 9742     		.uleb128 0x2117
 1131 0086 19       		.uleb128 0x19
 1132 0087 01       		.uleb128 0x1
 1133 0088 13       		.uleb128 0x13
 1134 0089 00       		.byte	0
 1135 008a 00       		.byte	0
 1136 008b 0B       		.uleb128 0xb
 1137 008c 05       		.uleb128 0x5
 1138 008d 00       		.byte	0
 1139 008e 03       		.uleb128 0x3
 1140 008f 08       		.uleb128 0x8
 1141 0090 3A       		.uleb128 0x3a
 1142 0091 0B       		.uleb128 0xb
 1143 0092 3B       		.uleb128 0x3b
 1144 0093 0B       		.uleb128 0xb
 1145 0094 49       		.uleb128 0x49
 1146 0095 13       		.uleb128 0x13
 1147 0096 02       		.uleb128 0x2
 1148 0097 17       		.uleb128 0x17
 1149 0098 00       		.byte	0
 1150 0099 00       		.byte	0
 1151 009a 0C       		.uleb128 0xc
 1152 009b 898201   		.uleb128 0x4109
 1153 009e 00       		.byte	0
 1154 009f 11       		.uleb128 0x11
 1155 00a0 01       		.uleb128 0x1
 1156 00a1 31       		.uleb128 0x31
 1157 00a2 13       		.uleb128 0x13
 1158 00a3 00       		.byte	0
 1159 00a4 00       		.byte	0
 1160 00a5 0D       		.uleb128 0xd
 1161 00a6 898201   		.uleb128 0x4109
 1162 00a9 01       		.byte	0x1
 1163 00aa 11       		.uleb128 0x11
 1164 00ab 01       		.uleb128 0x1
 1165 00ac 31       		.uleb128 0x31
 1166 00ad 13       		.uleb128 0x13
 1167 00ae 01       		.uleb128 0x1
ARM GAS  C:\Users\NITISH~1\AppData\Local\Temp\ccMSoBFX.s 			page 25


 1168 00af 13       		.uleb128 0x13
 1169 00b0 00       		.byte	0
 1170 00b1 00       		.byte	0
 1171 00b2 0E       		.uleb128 0xe
 1172 00b3 8A8201   		.uleb128 0x410a
 1173 00b6 00       		.byte	0
 1174 00b7 02       		.uleb128 0x2
 1175 00b8 18       		.uleb128 0x18
 1176 00b9 9142     		.uleb128 0x2111
 1177 00bb 18       		.uleb128 0x18
 1178 00bc 00       		.byte	0
 1179 00bd 00       		.byte	0
 1180 00be 0F       		.uleb128 0xf
 1181 00bf 898201   		.uleb128 0x4109
 1182 00c2 01       		.byte	0x1
 1183 00c3 11       		.uleb128 0x11
 1184 00c4 01       		.uleb128 0x1
 1185 00c5 31       		.uleb128 0x31
 1186 00c6 13       		.uleb128 0x13
 1187 00c7 00       		.byte	0
 1188 00c8 00       		.byte	0
 1189 00c9 10       		.uleb128 0x10
 1190 00ca 2E       		.uleb128 0x2e
 1191 00cb 00       		.byte	0
 1192 00cc 3F       		.uleb128 0x3f
 1193 00cd 19       		.uleb128 0x19
 1194 00ce 03       		.uleb128 0x3
 1195 00cf 0E       		.uleb128 0xe
 1196 00d0 3A       		.uleb128 0x3a
 1197 00d1 0B       		.uleb128 0xb
 1198 00d2 3B       		.uleb128 0x3b
 1199 00d3 0B       		.uleb128 0xb
 1200 00d4 11       		.uleb128 0x11
 1201 00d5 01       		.uleb128 0x1
 1202 00d6 12       		.uleb128 0x12
 1203 00d7 06       		.uleb128 0x6
 1204 00d8 40       		.uleb128 0x40
 1205 00d9 18       		.uleb128 0x18
 1206 00da 9742     		.uleb128 0x2117
 1207 00dc 19       		.uleb128 0x19
 1208 00dd 00       		.byte	0
 1209 00de 00       		.byte	0
 1210 00df 11       		.uleb128 0x11
 1211 00e0 2E       		.uleb128 0x2e
 1212 00e1 01       		.byte	0x1
 1213 00e2 3F       		.uleb128 0x3f
 1214 00e3 19       		.uleb128 0x19
 1215 00e4 03       		.uleb128 0x3
 1216 00e5 0E       		.uleb128 0xe
 1217 00e6 3A       		.uleb128 0x3a
 1218 00e7 0B       		.uleb128 0xb
 1219 00e8 3B       		.uleb128 0x3b
 1220 00e9 0B       		.uleb128 0xb
 1221 00ea 11       		.uleb128 0x11
 1222 00eb 01       		.uleb128 0x1
 1223 00ec 12       		.uleb128 0x12
 1224 00ed 06       		.uleb128 0x6
ARM GAS  C:\Users\NITISH~1\AppData\Local\Temp\ccMSoBFX.s 			page 26


 1225 00ee 40       		.uleb128 0x40
 1226 00ef 18       		.uleb128 0x18
 1227 00f0 9742     		.uleb128 0x2117
 1228 00f2 19       		.uleb128 0x19
 1229 00f3 01       		.uleb128 0x1
 1230 00f4 13       		.uleb128 0x13
 1231 00f5 00       		.byte	0
 1232 00f6 00       		.byte	0
 1233 00f7 12       		.uleb128 0x12
 1234 00f8 34       		.uleb128 0x34
 1235 00f9 00       		.byte	0
 1236 00fa 03       		.uleb128 0x3
 1237 00fb 0E       		.uleb128 0xe
 1238 00fc 3A       		.uleb128 0x3a
 1239 00fd 0B       		.uleb128 0xb
 1240 00fe 3B       		.uleb128 0x3b
 1241 00ff 0B       		.uleb128 0xb
 1242 0100 49       		.uleb128 0x49
 1243 0101 13       		.uleb128 0x13
 1244 0102 02       		.uleb128 0x2
 1245 0103 18       		.uleb128 0x18
 1246 0104 00       		.byte	0
 1247 0105 00       		.byte	0
 1248 0106 13       		.uleb128 0x13
 1249 0107 34       		.uleb128 0x34
 1250 0108 00       		.byte	0
 1251 0109 03       		.uleb128 0x3
 1252 010a 08       		.uleb128 0x8
 1253 010b 3A       		.uleb128 0x3a
 1254 010c 0B       		.uleb128 0xb
 1255 010d 3B       		.uleb128 0x3b
 1256 010e 0B       		.uleb128 0xb
 1257 010f 49       		.uleb128 0x49
 1258 0110 13       		.uleb128 0x13
 1259 0111 02       		.uleb128 0x2
 1260 0112 17       		.uleb128 0x17
 1261 0113 00       		.byte	0
 1262 0114 00       		.byte	0
 1263 0115 14       		.uleb128 0x14
 1264 0116 2E       		.uleb128 0x2e
 1265 0117 01       		.byte	0x1
 1266 0118 3F       		.uleb128 0x3f
 1267 0119 19       		.uleb128 0x19
 1268 011a 03       		.uleb128 0x3
 1269 011b 0E       		.uleb128 0xe
 1270 011c 3A       		.uleb128 0x3a
 1271 011d 0B       		.uleb128 0xb
 1272 011e 3B       		.uleb128 0x3b
 1273 011f 0B       		.uleb128 0xb
 1274 0120 49       		.uleb128 0x49
 1275 0121 13       		.uleb128 0x13
 1276 0122 11       		.uleb128 0x11
 1277 0123 01       		.uleb128 0x1
 1278 0124 12       		.uleb128 0x12
 1279 0125 06       		.uleb128 0x6
 1280 0126 40       		.uleb128 0x40
 1281 0127 18       		.uleb128 0x18
ARM GAS  C:\Users\NITISH~1\AppData\Local\Temp\ccMSoBFX.s 			page 27


 1282 0128 9742     		.uleb128 0x2117
 1283 012a 19       		.uleb128 0x19
 1284 012b 01       		.uleb128 0x1
 1285 012c 13       		.uleb128 0x13
 1286 012d 00       		.byte	0
 1287 012e 00       		.byte	0
 1288 012f 15       		.uleb128 0x15
 1289 0130 34       		.uleb128 0x34
 1290 0131 00       		.byte	0
 1291 0132 03       		.uleb128 0x3
 1292 0133 0E       		.uleb128 0xe
 1293 0134 3A       		.uleb128 0x3a
 1294 0135 0B       		.uleb128 0xb
 1295 0136 3B       		.uleb128 0x3b
 1296 0137 05       		.uleb128 0x5
 1297 0138 49       		.uleb128 0x49
 1298 0139 13       		.uleb128 0x13
 1299 013a 3F       		.uleb128 0x3f
 1300 013b 19       		.uleb128 0x19
 1301 013c 3C       		.uleb128 0x3c
 1302 013d 19       		.uleb128 0x19
 1303 013e 00       		.byte	0
 1304 013f 00       		.byte	0
 1305 0140 16       		.uleb128 0x16
 1306 0141 35       		.uleb128 0x35
 1307 0142 00       		.byte	0
 1308 0143 49       		.uleb128 0x49
 1309 0144 13       		.uleb128 0x13
 1310 0145 00       		.byte	0
 1311 0146 00       		.byte	0
 1312 0147 17       		.uleb128 0x17
 1313 0148 34       		.uleb128 0x34
 1314 0149 00       		.byte	0
 1315 014a 03       		.uleb128 0x3
 1316 014b 0E       		.uleb128 0xe
 1317 014c 3A       		.uleb128 0x3a
 1318 014d 0B       		.uleb128 0xb
 1319 014e 3B       		.uleb128 0x3b
 1320 014f 0B       		.uleb128 0xb
 1321 0150 49       		.uleb128 0x49
 1322 0151 13       		.uleb128 0x13
 1323 0152 3F       		.uleb128 0x3f
 1324 0153 19       		.uleb128 0x19
 1325 0154 02       		.uleb128 0x2
 1326 0155 18       		.uleb128 0x18
 1327 0156 00       		.byte	0
 1328 0157 00       		.byte	0
 1329 0158 18       		.uleb128 0x18
 1330 0159 01       		.uleb128 0x1
 1331 015a 01       		.byte	0x1
 1332 015b 49       		.uleb128 0x49
 1333 015c 13       		.uleb128 0x13
 1334 015d 01       		.uleb128 0x1
 1335 015e 13       		.uleb128 0x13
 1336 015f 00       		.byte	0
 1337 0160 00       		.byte	0
 1338 0161 19       		.uleb128 0x19
ARM GAS  C:\Users\NITISH~1\AppData\Local\Temp\ccMSoBFX.s 			page 28


 1339 0162 21       		.uleb128 0x21
 1340 0163 00       		.byte	0
 1341 0164 49       		.uleb128 0x49
 1342 0165 13       		.uleb128 0x13
 1343 0166 2F       		.uleb128 0x2f
 1344 0167 0B       		.uleb128 0xb
 1345 0168 00       		.byte	0
 1346 0169 00       		.byte	0
 1347 016a 1A       		.uleb128 0x1a
 1348 016b 2E       		.uleb128 0x2e
 1349 016c 00       		.byte	0
 1350 016d 3F       		.uleb128 0x3f
 1351 016e 19       		.uleb128 0x19
 1352 016f 03       		.uleb128 0x3
 1353 0170 0E       		.uleb128 0xe
 1354 0171 3A       		.uleb128 0x3a
 1355 0172 0B       		.uleb128 0xb
 1356 0173 3B       		.uleb128 0x3b
 1357 0174 0B       		.uleb128 0xb
 1358 0175 27       		.uleb128 0x27
 1359 0176 19       		.uleb128 0x19
 1360 0177 49       		.uleb128 0x49
 1361 0178 13       		.uleb128 0x13
 1362 0179 3C       		.uleb128 0x3c
 1363 017a 19       		.uleb128 0x19
 1364 017b 00       		.byte	0
 1365 017c 00       		.byte	0
 1366 017d 1B       		.uleb128 0x1b
 1367 017e 2E       		.uleb128 0x2e
 1368 017f 01       		.byte	0x1
 1369 0180 3F       		.uleb128 0x3f
 1370 0181 19       		.uleb128 0x19
 1371 0182 03       		.uleb128 0x3
 1372 0183 0E       		.uleb128 0xe
 1373 0184 3A       		.uleb128 0x3a
 1374 0185 0B       		.uleb128 0xb
 1375 0186 3B       		.uleb128 0x3b
 1376 0187 0B       		.uleb128 0xb
 1377 0188 27       		.uleb128 0x27
 1378 0189 19       		.uleb128 0x19
 1379 018a 49       		.uleb128 0x49
 1380 018b 13       		.uleb128 0x13
 1381 018c 3C       		.uleb128 0x3c
 1382 018d 19       		.uleb128 0x19
 1383 018e 01       		.uleb128 0x1
 1384 018f 13       		.uleb128 0x13
 1385 0190 00       		.byte	0
 1386 0191 00       		.byte	0
 1387 0192 1C       		.uleb128 0x1c
 1388 0193 05       		.uleb128 0x5
 1389 0194 00       		.byte	0
 1390 0195 49       		.uleb128 0x49
 1391 0196 13       		.uleb128 0x13
 1392 0197 00       		.byte	0
 1393 0198 00       		.byte	0
 1394 0199 1D       		.uleb128 0x1d
 1395 019a 2E       		.uleb128 0x2e
ARM GAS  C:\Users\NITISH~1\AppData\Local\Temp\ccMSoBFX.s 			page 29


 1396 019b 01       		.byte	0x1
 1397 019c 3F       		.uleb128 0x3f
 1398 019d 19       		.uleb128 0x19
 1399 019e 03       		.uleb128 0x3
 1400 019f 0E       		.uleb128 0xe
 1401 01a0 3A       		.uleb128 0x3a
 1402 01a1 0B       		.uleb128 0xb
 1403 01a2 3B       		.uleb128 0x3b
 1404 01a3 0B       		.uleb128 0xb
 1405 01a4 27       		.uleb128 0x27
 1406 01a5 19       		.uleb128 0x19
 1407 01a6 3C       		.uleb128 0x3c
 1408 01a7 19       		.uleb128 0x19
 1409 01a8 01       		.uleb128 0x1
 1410 01a9 13       		.uleb128 0x13
 1411 01aa 00       		.byte	0
 1412 01ab 00       		.byte	0
 1413 01ac 1E       		.uleb128 0x1e
 1414 01ad 2E       		.uleb128 0x2e
 1415 01ae 00       		.byte	0
 1416 01af 3F       		.uleb128 0x3f
 1417 01b0 19       		.uleb128 0x19
 1418 01b1 03       		.uleb128 0x3
 1419 01b2 0E       		.uleb128 0xe
 1420 01b3 3A       		.uleb128 0x3a
 1421 01b4 0B       		.uleb128 0xb
 1422 01b5 3B       		.uleb128 0x3b
 1423 01b6 05       		.uleb128 0x5
 1424 01b7 27       		.uleb128 0x27
 1425 01b8 19       		.uleb128 0x19
 1426 01b9 49       		.uleb128 0x49
 1427 01ba 13       		.uleb128 0x13
 1428 01bb 3C       		.uleb128 0x3c
 1429 01bc 19       		.uleb128 0x19
 1430 01bd 00       		.byte	0
 1431 01be 00       		.byte	0
 1432 01bf 1F       		.uleb128 0x1f
 1433 01c0 2E       		.uleb128 0x2e
 1434 01c1 01       		.byte	0x1
 1435 01c2 3F       		.uleb128 0x3f
 1436 01c3 19       		.uleb128 0x19
 1437 01c4 03       		.uleb128 0x3
 1438 01c5 0E       		.uleb128 0xe
 1439 01c6 3A       		.uleb128 0x3a
 1440 01c7 0B       		.uleb128 0xb
 1441 01c8 3B       		.uleb128 0x3b
 1442 01c9 05       		.uleb128 0x5
 1443 01ca 27       		.uleb128 0x27
 1444 01cb 19       		.uleb128 0x19
 1445 01cc 3C       		.uleb128 0x3c
 1446 01cd 19       		.uleb128 0x19
 1447 01ce 00       		.byte	0
 1448 01cf 00       		.byte	0
 1449 01d0 00       		.byte	0
 1450              		.section	.debug_loc,"",%progbits
 1451              	.Ldebug_loc0:
 1452              	.LLST0:
ARM GAS  C:\Users\NITISH~1\AppData\Local\Temp\ccMSoBFX.s 			page 30


 1453 0000 00000000 		.4byte	.LVL0
 1454 0004 04000000 		.4byte	.LVL1
 1455 0008 0100     		.2byte	0x1
 1456 000a 50       		.byte	0x50
 1457 000b 04000000 		.4byte	.LVL1
 1458 000f 28000000 		.4byte	.LFE64
 1459 0013 0100     		.2byte	0x1
 1460 0015 54       		.byte	0x54
 1461 0016 00000000 		.4byte	0
 1462 001a 00000000 		.4byte	0
 1463              	.LLST1:
 1464 001e 00000000 		.4byte	.LVL5
 1465 0022 04000000 		.4byte	.LVL6
 1466 0026 0100     		.2byte	0x1
 1467 0028 50       		.byte	0x50
 1468 0029 04000000 		.4byte	.LVL6
 1469 002d 14000000 		.4byte	.LFE65
 1470 0031 0400     		.2byte	0x4
 1471 0033 F3       		.byte	0xf3
 1472 0034 01       		.uleb128 0x1
 1473 0035 50       		.byte	0x50
 1474 0036 9F       		.byte	0x9f
 1475 0037 00000000 		.4byte	0
 1476 003b 00000000 		.4byte	0
 1477              	.LLST2:
 1478 003f 26000000 		.4byte	.LVL12
 1479 0043 3A000000 		.4byte	.LVL13
 1480 0047 0100     		.2byte	0x1
 1481 0049 50       		.byte	0x50
 1482 004a 46000000 		.4byte	.LVL15
 1483 004e 66000000 		.4byte	.LVL16
 1484 0052 0100     		.2byte	0x1
 1485 0054 50       		.byte	0x50
 1486 0055 6C000000 		.4byte	.LVL18
 1487 0059 76000000 		.4byte	.LVL19
 1488 005d 0100     		.2byte	0x1
 1489 005f 50       		.byte	0x50
 1490 0060 00000000 		.4byte	0
 1491 0064 00000000 		.4byte	0
 1492              		.section	.debug_aranges,"",%progbits
 1493 0000 44000000 		.4byte	0x44
 1494 0004 0200     		.2byte	0x2
 1495 0006 00000000 		.4byte	.Ldebug_info0
 1496 000a 04       		.byte	0x4
 1497 000b 00       		.byte	0
 1498 000c 0000     		.2byte	0
 1499 000e 0000     		.2byte	0
 1500 0010 00000000 		.4byte	.LFB64
 1501 0014 28000000 		.4byte	.LFE64-.LFB64
 1502 0018 00000000 		.4byte	.LFB65
 1503 001c 14000000 		.4byte	.LFE65-.LFB65
 1504 0020 00000000 		.4byte	.LFB66
 1505 0024 02000000 		.4byte	.LFE66-.LFB66
 1506 0028 00000000 		.4byte	.LFB67
 1507 002c 02000000 		.4byte	.LFE67-.LFB67
 1508 0030 00000000 		.4byte	.LFB68
 1509 0034 84000000 		.4byte	.LFE68-.LFB68
ARM GAS  C:\Users\NITISH~1\AppData\Local\Temp\ccMSoBFX.s 			page 31


 1510 0038 00000000 		.4byte	.LFB63
 1511 003c 48000000 		.4byte	.LFE63-.LFB63
 1512 0040 00000000 		.4byte	0
 1513 0044 00000000 		.4byte	0
 1514              		.section	.debug_ranges,"",%progbits
 1515              	.Ldebug_ranges0:
 1516 0000 00000000 		.4byte	.LFB64
 1517 0004 28000000 		.4byte	.LFE64
 1518 0008 00000000 		.4byte	.LFB65
 1519 000c 14000000 		.4byte	.LFE65
 1520 0010 00000000 		.4byte	.LFB66
 1521 0014 02000000 		.4byte	.LFE66
 1522 0018 00000000 		.4byte	.LFB67
 1523 001c 02000000 		.4byte	.LFE67
 1524 0020 00000000 		.4byte	.LFB68
 1525 0024 84000000 		.4byte	.LFE68
 1526 0028 00000000 		.4byte	.LFB63
 1527 002c 48000000 		.4byte	.LFE63
 1528 0030 00000000 		.4byte	0
 1529 0034 00000000 		.4byte	0
 1530              		.section	.debug_line,"",%progbits
 1531              	.Ldebug_line0:
 1532 0000 98020000 		.section	.debug_str,"MS",%progbits,1
 1532      0200F501 
 1532      00000201 
 1532      FB0E0D00 
 1532      01010101 
 1533              	.LASF38:
 1534 0000 75736250 		.ascii	"usbPutChar\000"
 1534      75744368 
 1534      617200
 1535              	.LASF31:
 1536 000b 67315F73 		.ascii	"g1_speed\000"
 1536      70656564 
 1536      00
 1537              	.LASF46:
 1538 0014 666C6167 		.ascii	"flag_packet\000"
 1538      5F706163 
 1538      6B657400 
 1539              	.LASF33:
 1540 0020 67325F78 		.ascii	"g2_xpos\000"
 1540      706F7300 
 1541              	.LASF2:
 1542 0028 73686F72 		.ascii	"short int\000"
 1542      7420696E 
 1542      7400
 1543              	.LASF18:
 1544 0032 73697A65 		.ascii	"size_t\000"
 1544      5F7400
 1545              	.LASF53:
 1546 0039 73797374 		.ascii	"system_state\000"
 1546      656D5F73 
 1546      74617465 
 1546      00
 1547              	.LASF19:
 1548 0046 73697A65 		.ascii	"sizetype\000"
 1548      74797065 
ARM GAS  C:\Users\NITISH~1\AppData\Local\Temp\ccMSoBFX.s 			page 32


 1548      00
 1549              	.LASF52:
 1550 004f 75736242 		.ascii	"usbBuffer\000"
 1550      75666665 
 1550      7200
 1551              	.LASF16:
 1552 0059 63686172 		.ascii	"char8\000"
 1552      3800
 1553              	.LASF43:
 1554 005f 6D61696E 		.ascii	"main\000"
 1554      00
 1555              	.LASF68:
 1556 0064 55534255 		.ascii	"USBUART_Start\000"
 1556      4152545F 
 1556      53746172 
 1556      7400
 1557              	.LASF12:
 1558 0072 75696E74 		.ascii	"uint16\000"
 1558      313600
 1559              	.LASF21:
 1560 0079 696E6465 		.ascii	"index\000"
 1560      7800
 1561              	.LASF11:
 1562 007f 75696E74 		.ascii	"uint8\000"
 1562      3800
 1563              	.LASF32:
 1564 0085 67315F64 		.ascii	"g1_direction\000"
 1564      69726563 
 1564      74696F6E 
 1564      00
 1565              	.LASF50:
 1566 0092 6C696E65 		.ascii	"line\000"
 1566      00
 1567              	.LASF14:
 1568 0097 666C6F61 		.ascii	"float\000"
 1568      7400
 1569              	.LASF57:
 1570 009d 55534255 		.ascii	"USBUART_GetConfiguration\000"
 1570      4152545F 
 1570      47657443 
 1570      6F6E6669 
 1570      67757261 
 1571              	.LASF6:
 1572 00b6 6C6F6E67 		.ascii	"long long int\000"
 1572      206C6F6E 
 1572      6720696E 
 1572      7400
 1573              	.LASF37:
 1574 00c4 75736250 		.ascii	"usbPutString\000"
 1574      75745374 
 1574      72696E67 
 1574      00
 1575              	.LASF13:
 1576 00d1 696E7438 		.ascii	"int8\000"
 1576      00
 1577              	.LASF34:
 1578 00d6 67325F79 		.ascii	"g2_ypos\000"
ARM GAS  C:\Users\NITISH~1\AppData\Local\Temp\ccMSoBFX.s 			page 33


 1578      706F7300 
 1579              	.LASF28:
 1580 00de 67305F64 		.ascii	"g0_direction\000"
 1580      69726563 
 1580      74696F6E 
 1580      00
 1581              	.LASF25:
 1582 00eb 67305F78 		.ascii	"g0_xpos\000"
 1582      706F7300 
 1583              	.LASF4:
 1584 00f3 6C6F6E67 		.ascii	"long int\000"
 1584      20696E74 
 1584      00
 1585              	.LASF65:
 1586 00fc 5A3A5C6E 		.ascii	"Z:\\npat025\\Documents\\teaching\\designcs301\\psoc"
 1586      70617430 
 1586      32355C44 
 1586      6F63756D 
 1586      656E7473 
 1587 012a 20737475 		.ascii	" student pack\\lab exercise\\psoc_intro\\lab4.cydsn"
 1587      64656E74 
 1587      20706163 
 1587      6B5C6C61 
 1587      62206578 
 1588 015a 00       		.ascii	"\000"
 1589              	.LASF45:
 1590 015b 666C6167 		.ascii	"flag_rx\000"
 1590      5F727800 
 1591              	.LASF51:
 1592 0163 656E7472 		.ascii	"entry\000"
 1592      7900
 1593              	.LASF1:
 1594 0169 756E7369 		.ascii	"unsigned char\000"
 1594      676E6564 
 1594      20636861 
 1594      7200
 1595              	.LASF27:
 1596 0177 67305F73 		.ascii	"g0_speed\000"
 1596      70656564 
 1596      00
 1597              	.LASF0:
 1598 0180 7369676E 		.ascii	"signed char\000"
 1598      65642063 
 1598      68617200 
 1599              	.LASF60:
 1600 018c 55534255 		.ascii	"USBUART_GetChar\000"
 1600      4152545F 
 1600      47657443 
 1600      68617200 
 1601              	.LASF7:
 1602 019c 6C6F6E67 		.ascii	"long long unsigned int\000"
 1602      206C6F6E 
 1602      6720756E 
 1602      7369676E 
 1602      65642069 
 1603              	.LASF8:
 1604 01b3 756E7369 		.ascii	"unsigned int\000"
ARM GAS  C:\Users\NITISH~1\AppData\Local\Temp\ccMSoBFX.s 			page 34


 1604      676E6564 
 1604      20696E74 
 1604      00
 1605              	.LASF47:
 1606 01c0 666C6167 		.ascii	"flag_KB_string\000"
 1606      5F4B425F 
 1606      73747269 
 1606      6E6700
 1607              	.LASF42:
 1608 01cf 75736242 		.ascii	"usbBufCount\000"
 1608      7566436F 
 1608      756E7400 
 1609              	.LASF35:
 1610 01db 67325F73 		.ascii	"g2_speed\000"
 1610      70656564 
 1610      00
 1611              	.LASF29:
 1612 01e4 67315F78 		.ascii	"g1_xpos\000"
 1612      706F7300 
 1613              	.LASF3:
 1614 01ec 73686F72 		.ascii	"short unsigned int\000"
 1614      7420756E 
 1614      7369676E 
 1614      65642069 
 1614      6E7400
 1615              	.LASF66:
 1616 01ff 64617461 		.ascii	"data_main\000"
 1616      5F6D6169 
 1616      6E00
 1617              	.LASF17:
 1618 0209 63686172 		.ascii	"char\000"
 1618      00
 1619              	.LASF63:
 1620 020e 474E5520 		.ascii	"GNU C 4.9.3 20150303 (release) [ARM/embedded-4_9-br"
 1620      4320342E 
 1620      392E3320 
 1620      32303135 
 1620      30333033 
 1621 0241 616E6368 		.ascii	"anch revision 221220] -mcpu=cortex-m3 -mthumb -g -O"
 1621      20726576 
 1621      6973696F 
 1621      6E203232 
 1621      31323230 
 1622 0274 67202D66 		.ascii	"g -ffunction-sections -ffat-lto-objects\000"
 1622      66756E63 
 1622      74696F6E 
 1622      2D736563 
 1622      74696F6E 
 1623              	.LASF22:
 1624 029c 726F626F 		.ascii	"robot_xpos\000"
 1624      745F7870 
 1624      6F7300
 1625              	.LASF61:
 1626 02a7 7374726C 		.ascii	"strlen\000"
 1626      656E00
 1627              	.LASF10:
 1628 02ae 696E7433 		.ascii	"int32_t\000"
ARM GAS  C:\Users\NITISH~1\AppData\Local\Temp\ccMSoBFX.s 			page 35


 1628      325F7400 
 1629              	.LASF30:
 1630 02b6 67315F79 		.ascii	"g1_ypos\000"
 1630      706F7300 
 1631              	.LASF36:
 1632 02be 67325F64 		.ascii	"g2_direction\000"
 1632      69726563 
 1632      74696F6E 
 1632      00
 1633              	.LASF62:
 1634 02cb 73747263 		.ascii	"strcpy\000"
 1634      707900
 1635              	.LASF56:
 1636 02d2 55534255 		.ascii	"USBUART_CDCIsReady\000"
 1636      4152545F 
 1636      43444349 
 1636      73526561 
 1636      647900
 1637              	.LASF55:
 1638 02e5 55534255 		.ascii	"USBUART_PutChar\000"
 1638      4152545F 
 1638      50757443 
 1638      68617200 
 1639              	.LASF49:
 1640 02f5 64697370 		.ascii	"displaystring\000"
 1640      6C617973 
 1640      7472696E 
 1640      6700
 1641              	.LASF5:
 1642 0303 6C6F6E67 		.ascii	"long unsigned int\000"
 1642      20756E73 
 1642      69676E65 
 1642      6420696E 
 1642      7400
 1643              	.LASF54:
 1644 0315 55534255 		.ascii	"USBUART_PutData\000"
 1644      4152545F 
 1644      50757444 
 1644      61746100 
 1645              	.LASF41:
 1646 0325 75736253 		.ascii	"usbStarted\000"
 1646      74617274 
 1646      656400
 1647              	.LASF44:
 1648 0330 49544D5F 		.ascii	"ITM_RxBuffer\000"
 1648      52784275 
 1648      66666572 
 1648      00
 1649              	.LASF64:
 1650 033d 2E5C6D61 		.ascii	".\\main.c\000"
 1650      696E2E63 
 1650      00
 1651              	.LASF9:
 1652 0346 5F5F696E 		.ascii	"__int32_t\000"
 1652      7433325F 
 1652      7400
 1653              	.LASF26:
ARM GAS  C:\Users\NITISH~1\AppData\Local\Temp\ccMSoBFX.s 			page 36


 1654 0350 67305F79 		.ascii	"g0_ypos\000"
 1654      706F7300 
 1655              	.LASF48:
 1656 0358 72665F73 		.ascii	"rf_string\000"
 1656      7472696E 
 1656      6700
 1657              	.LASF39:
 1658 0362 68616E64 		.ascii	"handle_rx_binary\000"
 1658      6C655F72 
 1658      785F6269 
 1658      6E617279 
 1658      00
 1659              	.LASF67:
 1660 0373 68616E64 		.ascii	"handle_usb\000"
 1660      6C655F75 
 1660      736200
 1661              	.LASF15:
 1662 037e 646F7562 		.ascii	"double\000"
 1662      6C6500
 1663              	.LASF23:
 1664 0385 726F626F 		.ascii	"robot_ypos\000"
 1664      745F7970 
 1664      6F7300
 1665              	.LASF58:
 1666 0390 55534255 		.ascii	"USBUART_CDC_Init\000"
 1666      4152545F 
 1666      4344435F 
 1666      496E6974 
 1666      00
 1667              	.LASF40:
 1668 03a1 68616E64 		.ascii	"handle_rx_ascii\000"
 1668      6C655F72 
 1668      785F6173 
 1668      63696900 
 1669              	.LASF20:
 1670 03b1 72737369 		.ascii	"rssi\000"
 1670      00
 1671              	.LASF24:
 1672 03b6 726F626F 		.ascii	"robot_orientation\000"
 1672      745F6F72 
 1672      69656E74 
 1672      6174696F 
 1672      6E00
 1673              	.LASF59:
 1674 03c8 55534255 		.ascii	"USBUART_DataIsReady\000"
 1674      4152545F 
 1674      44617461 
 1674      49735265 
 1674      61647900 
 1675              		.ident	"GCC: (GNU Tools for ARM Embedded Processors) 4.9.3 20150303 (release) [ARM/embedded-4_9-br
