ARM GAS  C:\Users\NITISH~1\AppData\Local\Temp\ccdohJOb.s 			page 1


   1              		.syntax unified
   2              		.cpu cortex-m3
   3              		.fpu softvfp
   4              		.eabi_attribute 20, 1
   5              		.eabi_attribute 21, 1
   6              		.eabi_attribute 23, 3
   7              		.eabi_attribute 24, 1
   8              		.eabi_attribute 25, 1
   9              		.eabi_attribute 26, 1
  10              		.eabi_attribute 30, 1
  11              		.eabi_attribute 34, 1
  12              		.eabi_attribute 18, 4
  13              		.thumb
  14              		.file	"USBUART_descr.c"
  15              		.text
  16              	.Ltext0:
  17              		.cfi_sections	.debug_frame
  18              		.comm	USBUART_idSerialNumberStringDescriptor,34,4
  19              		.global	USBUART_MSOS_CONFIGURATION_DESCR
  20              		.global	USBUART_MSOS_DESCRIPTOR
  21              		.global	USBUART_TABLE
  22              		.global	USBUART_DEVICE0_TABLE
  23              		.global	USBUART_DEVICE0_CONFIGURATION0_TABLE
  24              		.global	USBUART_DEVICE0_CONFIGURATION0_INTERFACE_CLASS
  25              		.global	USBUART_DEVICE0_CONFIGURATION0_EP_SETTINGS_TABLE
  26              		.global	USBUART_SN_STRING_DESCRIPTOR
  27              		.global	USBUART_STRING_DESCRIPTORS
  28              		.global	USBUART_DEVICE0_CONFIGURATION0_DESCR
  29              		.global	USBUART_DEVICE0_DESCR
  30              		.section	.rodata
  31              		.align	2
  32              		.type	USBUART_MSOS_CONFIGURATION_DESCR, %object
  33              		.size	USBUART_MSOS_CONFIGURATION_DESCR, 40
  34              	USBUART_MSOS_CONFIGURATION_DESCR:
  35 0000 28       		.byte	40
  36 0001 00       		.byte	0
  37 0002 00       		.byte	0
  38 0003 00       		.byte	0
  39 0004 00       		.byte	0
  40 0005 01       		.byte	1
  41 0006 04       		.byte	4
  42 0007 00       		.byte	0
  43 0008 01       		.byte	1
  44 0009 00       		.byte	0
  45 000a 00       		.byte	0
  46 000b 00       		.byte	0
  47 000c 00       		.byte	0
  48 000d 00       		.byte	0
  49 000e 00       		.byte	0
  50 000f 00       		.byte	0
  51 0010 00       		.byte	0
  52 0011 01       		.byte	1
  53 0012 43       		.byte	67
  54 0013 59       		.byte	89
  55 0014 55       		.byte	85
  56 0015 53       		.byte	83
  57 0016 42       		.byte	66
ARM GAS  C:\Users\NITISH~1\AppData\Local\Temp\ccdohJOb.s 			page 2


  58 0017 00       		.byte	0
  59 0018 00       		.byte	0
  60 0019 00       		.byte	0
  61 001a 30       		.byte	48
  62 001b 30       		.byte	48
  63 001c 30       		.byte	48
  64 001d 30       		.byte	48
  65 001e 31       		.byte	49
  66 001f 00       		.byte	0
  67 0020 00       		.byte	0
  68 0021 00       		.byte	0
  69 0022 00       		.byte	0
  70 0023 00       		.byte	0
  71 0024 00       		.byte	0
  72 0025 00       		.byte	0
  73 0026 00       		.byte	0
  74 0027 00       		.byte	0
  75              		.type	USBUART_MSOS_DESCRIPTOR, %object
  76              		.size	USBUART_MSOS_DESCRIPTOR, 18
  77              	USBUART_MSOS_DESCRIPTOR:
  78 0028 12       		.byte	18
  79 0029 03       		.byte	3
  80 002a 4D       		.byte	77
  81 002b 00       		.byte	0
  82 002c 53       		.byte	83
  83 002d 00       		.byte	0
  84 002e 46       		.byte	70
  85 002f 00       		.byte	0
  86 0030 54       		.byte	84
  87 0031 00       		.byte	0
  88 0032 31       		.byte	49
  89 0033 00       		.byte	0
  90 0034 30       		.byte	48
  91 0035 00       		.byte	0
  92 0036 30       		.byte	48
  93 0037 00       		.byte	0
  94 0038 01       		.byte	1
  95 0039 00       		.byte	0
  96 003a 0000     		.space	2
  97              		.type	USBUART_TABLE, %object
  98              		.size	USBUART_TABLE, 8
  99              	USBUART_TABLE:
 100 003c 01       		.byte	1
 101 003d 000000   		.space	3
 102 0040 00000000 		.word	USBUART_DEVICE0_TABLE
 103              		.type	USBUART_DEVICE0_TABLE, %object
 104              		.size	USBUART_DEVICE0_TABLE, 24
 105              	USBUART_DEVICE0_TABLE:
 106 0044 01       		.byte	1
 107 0045 000000   		.space	3
 108 0048 00000000 		.word	USBUART_DEVICE0_DESCR
 109 004c 00       		.byte	0
 110 004d 000000   		.space	3
 111 0050 00000000 		.word	0
 112 0054 01       		.byte	1
 113 0055 000000   		.space	3
 114 0058 00000000 		.word	USBUART_DEVICE0_CONFIGURATION0_TABLE
ARM GAS  C:\Users\NITISH~1\AppData\Local\Temp\ccdohJOb.s 			page 3


 115              		.type	USBUART_DEVICE0_CONFIGURATION0_TABLE, %object
 116              		.size	USBUART_DEVICE0_CONFIGURATION0_TABLE, 40
 117              	USBUART_DEVICE0_CONFIGURATION0_TABLE:
 118 005c 01       		.byte	1
 119 005d 000000   		.space	3
 120 0060 00000000 		.word	USBUART_DEVICE0_CONFIGURATION0_DESCR
 121 0064 03       		.byte	3
 122 0065 000000   		.space	3
 123 0068 00000000 		.word	USBUART_DEVICE0_CONFIGURATION0_EP_SETTINGS_TABLE
 124 006c 00       		.byte	0
 125 006d 000000   		.space	3
 126 0070 00000000 		.word	0
 127 0074 00       		.byte	0
 128 0075 000000   		.space	3
 129 0078 00000000 		.word	0
 130 007c 00       		.byte	0
 131 007d 000000   		.space	3
 132 0080 00000000 		.word	USBUART_DEVICE0_CONFIGURATION0_INTERFACE_CLASS
 133              		.type	USBUART_DEVICE0_CONFIGURATION0_INTERFACE_CLASS, %object
 134              		.size	USBUART_DEVICE0_CONFIGURATION0_INTERFACE_CLASS, 2
 135              	USBUART_DEVICE0_CONFIGURATION0_INTERFACE_CLASS:
 136 0084 02       		.byte	2
 137 0085 0A       		.byte	10
 138 0086 0000     		.space	2
 139              		.type	USBUART_DEVICE0_CONFIGURATION0_EP_SETTINGS_TABLE, %object
 140              		.size	USBUART_DEVICE0_CONFIGURATION0_EP_SETTINGS_TABLE, 24
 141              	USBUART_DEVICE0_CONFIGURATION0_EP_SETTINGS_TABLE:
 142 0088 00       		.byte	0
 143 0089 00       		.byte	0
 144 008a 81       		.byte	-127
 145 008b 03       		.byte	3
 146 008c 0800     		.short	8
 147 008e 02       		.byte	2
 148 008f 00       		.space	1
 149 0090 01       		.byte	1
 150 0091 00       		.byte	0
 151 0092 82       		.byte	-126
 152 0093 02       		.byte	2
 153 0094 4000     		.short	64
 154 0096 0A       		.byte	10
 155 0097 00       		.space	1
 156 0098 01       		.byte	1
 157 0099 00       		.byte	0
 158 009a 03       		.byte	3
 159 009b 02       		.byte	2
 160 009c 4000     		.short	64
 161 009e 0A       		.byte	10
 162 009f 00       		.space	1
 163              		.type	USBUART_SN_STRING_DESCRIPTOR, %object
 164              		.size	USBUART_SN_STRING_DESCRIPTOR, 2
 165              	USBUART_SN_STRING_DESCRIPTOR:
 166 00a0 02       		.byte	2
 167 00a1 03       		.byte	3
 168 00a2 0000     		.space	2
 169              		.type	USBUART_STRING_DESCRIPTORS, %object
 170              		.size	USBUART_STRING_DESCRIPTORS, 159
 171              	USBUART_STRING_DESCRIPTORS:
ARM GAS  C:\Users\NITISH~1\AppData\Local\Temp\ccdohJOb.s 			page 4


 172 00a4 04       		.byte	4
 173 00a5 03       		.byte	3
 174 00a6 09       		.byte	9
 175 00a7 04       		.byte	4
 176 00a8 2C       		.byte	44
 177 00a9 03       		.byte	3
 178 00aa 43       		.byte	67
 179 00ab 00       		.byte	0
 180 00ac 79       		.byte	121
 181 00ad 00       		.byte	0
 182 00ae 70       		.byte	112
 183 00af 00       		.byte	0
 184 00b0 72       		.byte	114
 185 00b1 00       		.byte	0
 186 00b2 65       		.byte	101
 187 00b3 00       		.byte	0
 188 00b4 73       		.byte	115
 189 00b5 00       		.byte	0
 190 00b6 73       		.byte	115
 191 00b7 00       		.byte	0
 192 00b8 20       		.byte	32
 193 00b9 00       		.byte	0
 194 00ba 53       		.byte	83
 195 00bb 00       		.byte	0
 196 00bc 65       		.byte	101
 197 00bd 00       		.byte	0
 198 00be 6D       		.byte	109
 199 00bf 00       		.byte	0
 200 00c0 69       		.byte	105
 201 00c1 00       		.byte	0
 202 00c2 63       		.byte	99
 203 00c3 00       		.byte	0
 204 00c4 6F       		.byte	111
 205 00c5 00       		.byte	0
 206 00c6 6E       		.byte	110
 207 00c7 00       		.byte	0
 208 00c8 64       		.byte	100
 209 00c9 00       		.byte	0
 210 00ca 75       		.byte	117
 211 00cb 00       		.byte	0
 212 00cc 63       		.byte	99
 213 00cd 00       		.byte	0
 214 00ce 74       		.byte	116
 215 00cf 00       		.byte	0
 216 00d0 6F       		.byte	111
 217 00d1 00       		.byte	0
 218 00d2 72       		.byte	114
 219 00d3 00       		.byte	0
 220 00d4 10       		.byte	16
 221 00d5 03       		.byte	3
 222 00d6 55       		.byte	85
 223 00d7 00       		.byte	0
 224 00d8 53       		.byte	83
 225 00d9 00       		.byte	0
 226 00da 42       		.byte	66
 227 00db 00       		.byte	0
 228 00dc 55       		.byte	85
ARM GAS  C:\Users\NITISH~1\AppData\Local\Temp\ccdohJOb.s 			page 5


 229 00dd 00       		.byte	0
 230 00de 41       		.byte	65
 231 00df 00       		.byte	0
 232 00e0 52       		.byte	82
 233 00e1 00       		.byte	0
 234 00e2 54       		.byte	84
 235 00e3 00       		.byte	0
 236 00e4 38       		.byte	56
 237 00e5 03       		.byte	3
 238 00e6 43       		.byte	67
 239 00e7 00       		.byte	0
 240 00e8 44       		.byte	68
 241 00e9 00       		.byte	0
 242 00ea 43       		.byte	67
 243 00eb 00       		.byte	0
 244 00ec 20       		.byte	32
 245 00ed 00       		.byte	0
 246 00ee 43       		.byte	67
 247 00ef 00       		.byte	0
 248 00f0 6F       		.byte	111
 249 00f1 00       		.byte	0
 250 00f2 6D       		.byte	109
 251 00f3 00       		.byte	0
 252 00f4 6D       		.byte	109
 253 00f5 00       		.byte	0
 254 00f6 75       		.byte	117
 255 00f7 00       		.byte	0
 256 00f8 6E       		.byte	110
 257 00f9 00       		.byte	0
 258 00fa 69       		.byte	105
 259 00fb 00       		.byte	0
 260 00fc 63       		.byte	99
 261 00fd 00       		.byte	0
 262 00fe 61       		.byte	97
 263 00ff 00       		.byte	0
 264 0100 74       		.byte	116
 265 0101 00       		.byte	0
 266 0102 69       		.byte	105
 267 0103 00       		.byte	0
 268 0104 6F       		.byte	111
 269 0105 00       		.byte	0
 270 0106 6E       		.byte	110
 271 0107 00       		.byte	0
 272 0108 20       		.byte	32
 273 0109 00       		.byte	0
 274 010a 49       		.byte	73
 275 010b 00       		.byte	0
 276 010c 6E       		.byte	110
 277 010d 00       		.byte	0
 278 010e 74       		.byte	116
 279 010f 00       		.byte	0
 280 0110 65       		.byte	101
 281 0111 00       		.byte	0
 282 0112 72       		.byte	114
 283 0113 00       		.byte	0
 284 0114 66       		.byte	102
 285 0115 00       		.byte	0
ARM GAS  C:\Users\NITISH~1\AppData\Local\Temp\ccdohJOb.s 			page 6


 286 0116 61       		.byte	97
 287 0117 00       		.byte	0
 288 0118 63       		.byte	99
 289 0119 00       		.byte	0
 290 011a 65       		.byte	101
 291 011b 00       		.byte	0
 292 011c 26       		.byte	38
 293 011d 03       		.byte	3
 294 011e 43       		.byte	67
 295 011f 00       		.byte	0
 296 0120 44       		.byte	68
 297 0121 00       		.byte	0
 298 0122 43       		.byte	67
 299 0123 00       		.byte	0
 300 0124 20       		.byte	32
 301 0125 00       		.byte	0
 302 0126 44       		.byte	68
 303 0127 00       		.byte	0
 304 0128 61       		.byte	97
 305 0129 00       		.byte	0
 306 012a 74       		.byte	116
 307 012b 00       		.byte	0
 308 012c 61       		.byte	97
 309 012d 00       		.byte	0
 310 012e 20       		.byte	32
 311 012f 00       		.byte	0
 312 0130 49       		.byte	73
 313 0131 00       		.byte	0
 314 0132 6E       		.byte	110
 315 0133 00       		.byte	0
 316 0134 74       		.byte	116
 317 0135 00       		.byte	0
 318 0136 65       		.byte	101
 319 0137 00       		.byte	0
 320 0138 72       		.byte	114
 321 0139 00       		.byte	0
 322 013a 66       		.byte	102
 323 013b 00       		.byte	0
 324 013c 61       		.byte	97
 325 013d 00       		.byte	0
 326 013e 63       		.byte	99
 327 013f 00       		.byte	0
 328 0140 65       		.byte	101
 329 0141 00       		.byte	0
 330 0142 00       		.byte	0
 331 0143 00       		.space	1
 332              		.type	USBUART_DEVICE0_CONFIGURATION0_DESCR, %object
 333              		.size	USBUART_DEVICE0_CONFIGURATION0_DESCR, 67
 334              	USBUART_DEVICE0_CONFIGURATION0_DESCR:
 335 0144 09       		.byte	9
 336 0145 02       		.byte	2
 337 0146 43       		.byte	67
 338 0147 00       		.byte	0
 339 0148 02       		.byte	2
 340 0149 01       		.byte	1
 341 014a 01       		.byte	1
 342 014b C0       		.byte	-64
ARM GAS  C:\Users\NITISH~1\AppData\Local\Temp\ccdohJOb.s 			page 7


 343 014c 32       		.byte	50
 344 014d 09       		.byte	9
 345 014e 04       		.byte	4
 346 014f 00       		.byte	0
 347 0150 00       		.byte	0
 348 0151 01       		.byte	1
 349 0152 02       		.byte	2
 350 0153 02       		.byte	2
 351 0154 01       		.byte	1
 352 0155 03       		.byte	3
 353 0156 05       		.byte	5
 354 0157 24       		.byte	36
 355 0158 00       		.byte	0
 356 0159 10       		.byte	16
 357 015a 01       		.byte	1
 358 015b 04       		.byte	4
 359 015c 24       		.byte	36
 360 015d 02       		.byte	2
 361 015e 02       		.byte	2
 362 015f 05       		.byte	5
 363 0160 24       		.byte	36
 364 0161 06       		.byte	6
 365 0162 00       		.byte	0
 366 0163 01       		.byte	1
 367 0164 05       		.byte	5
 368 0165 24       		.byte	36
 369 0166 01       		.byte	1
 370 0167 00       		.byte	0
 371 0168 01       		.byte	1
 372 0169 07       		.byte	7
 373 016a 05       		.byte	5
 374 016b 81       		.byte	-127
 375 016c 03       		.byte	3
 376 016d 08       		.byte	8
 377 016e 00       		.byte	0
 378 016f 0A       		.byte	10
 379 0170 09       		.byte	9
 380 0171 04       		.byte	4
 381 0172 01       		.byte	1
 382 0173 00       		.byte	0
 383 0174 02       		.byte	2
 384 0175 0A       		.byte	10
 385 0176 00       		.byte	0
 386 0177 00       		.byte	0
 387 0178 04       		.byte	4
 388 0179 07       		.byte	7
 389 017a 05       		.byte	5
 390 017b 82       		.byte	-126
 391 017c 02       		.byte	2
 392 017d 40       		.byte	64
 393 017e 00       		.byte	0
 394 017f 00       		.byte	0
 395 0180 07       		.byte	7
 396 0181 05       		.byte	5
 397 0182 03       		.byte	3
 398 0183 02       		.byte	2
 399 0184 40       		.byte	64
ARM GAS  C:\Users\NITISH~1\AppData\Local\Temp\ccdohJOb.s 			page 8


 400 0185 00       		.byte	0
 401 0186 00       		.byte	0
 402 0187 00       		.space	1
 403              		.type	USBUART_DEVICE0_DESCR, %object
 404              		.size	USBUART_DEVICE0_DESCR, 18
 405              	USBUART_DEVICE0_DESCR:
 406 0188 12       		.byte	18
 407 0189 01       		.byte	1
 408 018a 00       		.byte	0
 409 018b 02       		.byte	2
 410 018c 02       		.byte	2
 411 018d 00       		.byte	0
 412 018e 00       		.byte	0
 413 018f 08       		.byte	8
 414 0190 B4       		.byte	-76
 415 0191 04       		.byte	4
 416 0192 32       		.byte	50
 417 0193 F2       		.byte	-14
 418 0194 01       		.byte	1
 419 0195 00       		.byte	0
 420 0196 01       		.byte	1
 421 0197 02       		.byte	2
 422 0198 80       		.byte	-128
 423 0199 01       		.byte	1
 424 019a 0000     		.text
 425              	.Letext0:
 426              		.file 1 ".\\Generated_Source\\PSoC5\\cytypes.h"
 427              		.file 2 ".\\Generated_Source\\PSoC5\\USBUART.h"
 428              		.file 3 ".\\Generated_Source\\PSoC5\\USBUART_descr.c"
 429              		.section	.debug_info,"",%progbits
 430              	.Ldebug_info0:
 431 0000 C7020000 		.4byte	0x2c7
 432 0004 0400     		.2byte	0x4
 433 0006 00000000 		.4byte	.Ldebug_abbrev0
 434 000a 04       		.byte	0x4
 435 000b 01       		.uleb128 0x1
 436 000c A0010000 		.4byte	.LASF36
 437 0010 01       		.byte	0x1
 438 0011 2F000000 		.4byte	.LASF37
 439 0015 DB020000 		.4byte	.LASF38
 440 0019 00000000 		.4byte	.Ldebug_line0
 441 001d 02       		.uleb128 0x2
 442 001e 01       		.byte	0x1
 443 001f 06       		.byte	0x6
 444 0020 43030000 		.4byte	.LASF0
 445 0024 02       		.uleb128 0x2
 446 0025 01       		.byte	0x1
 447 0026 08       		.byte	0x8
 448 0027 00010000 		.4byte	.LASF1
 449 002b 02       		.uleb128 0x2
 450 002c 02       		.byte	0x2
 451 002d 05       		.byte	0x5
 452 002e C1020000 		.4byte	.LASF2
 453 0032 02       		.uleb128 0x2
 454 0033 02       		.byte	0x2
 455 0034 07       		.byte	0x7
 456 0035 4F030000 		.4byte	.LASF3
ARM GAS  C:\Users\NITISH~1\AppData\Local\Temp\ccdohJOb.s 			page 9


 457 0039 02       		.uleb128 0x2
 458 003a 04       		.byte	0x4
 459 003b 05       		.byte	0x5
 460 003c 3A030000 		.4byte	.LASF4
 461 0040 02       		.uleb128 0x2
 462 0041 04       		.byte	0x4
 463 0042 07       		.byte	0x7
 464 0043 35010000 		.4byte	.LASF5
 465 0047 02       		.uleb128 0x2
 466 0048 08       		.byte	0x8
 467 0049 05       		.byte	0x5
 468 004a 95020000 		.4byte	.LASF6
 469 004e 02       		.uleb128 0x2
 470 004f 08       		.byte	0x8
 471 0050 07       		.byte	0x7
 472 0051 49020000 		.4byte	.LASF7
 473 0055 03       		.uleb128 0x3
 474 0056 04       		.byte	0x4
 475 0057 05       		.byte	0x5
 476 0058 696E7400 		.ascii	"int\000"
 477 005c 02       		.uleb128 0x2
 478 005d 04       		.byte	0x4
 479 005e 07       		.byte	0x7
 480 005f 2E020000 		.4byte	.LASF8
 481 0063 04       		.uleb128 0x4
 482 0064 CB020000 		.4byte	.LASF9
 483 0068 01       		.byte	0x1
 484 0069 9201     		.2byte	0x192
 485 006b 24000000 		.4byte	0x24
 486 006f 04       		.uleb128 0x4
 487 0070 99010000 		.4byte	.LASF10
 488 0074 01       		.byte	0x1
 489 0075 9301     		.2byte	0x193
 490 0077 32000000 		.4byte	0x32
 491 007b 02       		.uleb128 0x2
 492 007c 04       		.byte	0x4
 493 007d 04       		.byte	0x4
 494 007e D2000000 		.4byte	.LASF11
 495 0082 02       		.uleb128 0x2
 496 0083 08       		.byte	0x8
 497 0084 04       		.byte	0x4
 498 0085 92010000 		.4byte	.LASF12
 499 0089 02       		.uleb128 0x2
 500 008a 01       		.byte	0x1
 501 008b 08       		.byte	0x8
 502 008c A3020000 		.4byte	.LASF13
 503 0090 02       		.uleb128 0x2
 504 0091 04       		.byte	0x4
 505 0092 07       		.byte	0x7
 506 0093 8C020000 		.4byte	.LASF14
 507 0097 05       		.uleb128 0x5
 508 0098 08       		.byte	0x8
 509 0099 02       		.byte	0x2
 510 009a 9B       		.byte	0x9b
 511 009b E8000000 		.4byte	0xe8
 512 009f 06       		.uleb128 0x6
 513 00a0 D1020000 		.4byte	.LASF15
ARM GAS  C:\Users\NITISH~1\AppData\Local\Temp\ccdohJOb.s 			page 10


 514 00a4 02       		.byte	0x2
 515 00a5 9D       		.byte	0x9d
 516 00a6 63000000 		.4byte	0x63
 517 00aa 00       		.byte	0
 518 00ab 06       		.uleb128 0x6
 519 00ac F5000000 		.4byte	.LASF16
 520 00b0 02       		.byte	0x2
 521 00b1 9E       		.byte	0x9e
 522 00b2 63000000 		.4byte	0x63
 523 00b6 01       		.byte	0x1
 524 00b7 06       		.uleb128 0x6
 525 00b8 47010000 		.4byte	.LASF17
 526 00bc 02       		.byte	0x2
 527 00bd 9F       		.byte	0x9f
 528 00be 63000000 		.4byte	0x63
 529 00c2 02       		.byte	0x2
 530 00c3 06       		.uleb128 0x6
 531 00c4 0E010000 		.4byte	.LASF18
 532 00c8 02       		.byte	0x2
 533 00c9 A0       		.byte	0xa0
 534 00ca 63000000 		.4byte	0x63
 535 00ce 03       		.byte	0x3
 536 00cf 06       		.uleb128 0x6
 537 00d0 A8020000 		.4byte	.LASF19
 538 00d4 02       		.byte	0x2
 539 00d5 A1       		.byte	0xa1
 540 00d6 6F000000 		.4byte	0x6f
 541 00da 04       		.byte	0x4
 542 00db 06       		.uleb128 0x6
 543 00dc 78030000 		.4byte	.LASF20
 544 00e0 02       		.byte	0x2
 545 00e1 A2       		.byte	0xa2
 546 00e2 63000000 		.4byte	0x63
 547 00e6 06       		.byte	0x6
 548 00e7 00       		.byte	0
 549 00e8 07       		.uleb128 0x7
 550 00e9 19010000 		.4byte	.LASF21
 551 00ed 02       		.byte	0x2
 552 00ee A3       		.byte	0xa3
 553 00ef 97000000 		.4byte	0x97
 554 00f3 05       		.uleb128 0x5
 555 00f4 08       		.byte	0x8
 556 00f5 02       		.byte	0x2
 557 00f6 B2       		.byte	0xb2
 558 00f7 12010000 		.4byte	0x112
 559 00fb 08       		.uleb128 0x8
 560 00fc 6300     		.ascii	"c\000"
 561 00fe 02       		.byte	0x2
 562 00ff B4       		.byte	0xb4
 563 0100 63000000 		.4byte	0x63
 564 0104 00       		.byte	0
 565 0105 06       		.uleb128 0x6
 566 0106 85020000 		.4byte	.LASF22
 567 010a 02       		.byte	0x2
 568 010b B5       		.byte	0xb5
 569 010c 12010000 		.4byte	0x112
 570 0110 04       		.byte	0x4
ARM GAS  C:\Users\NITISH~1\AppData\Local\Temp\ccdohJOb.s 			page 11


 571 0111 00       		.byte	0
 572 0112 09       		.uleb128 0x9
 573 0113 04       		.byte	0x4
 574 0114 18010000 		.4byte	0x118
 575 0118 0A       		.uleb128 0xa
 576 0119 07       		.uleb128 0x7
 577 011a 3B020000 		.4byte	.LASF23
 578 011e 02       		.byte	0x2
 579 011f B6       		.byte	0xb6
 580 0120 F3000000 		.4byte	0xf3
 581 0124 0B       		.uleb128 0xb
 582 0125 63000000 		.4byte	0x63
 583 0129 34010000 		.4byte	0x134
 584 012d 0C       		.uleb128 0xc
 585 012e 90000000 		.4byte	0x90
 586 0132 11       		.byte	0x11
 587 0133 00       		.byte	0
 588 0134 0D       		.uleb128 0xd
 589 0135 BC000000 		.4byte	.LASF24
 590 0139 03       		.byte	0x3
 591 013a 24       		.byte	0x24
 592 013b 45010000 		.4byte	0x145
 593 013f 05       		.uleb128 0x5
 594 0140 03       		.byte	0x3
 595 0141 00000000 		.4byte	USBUART_DEVICE0_DESCR
 596 0145 0E       		.uleb128 0xe
 597 0146 24010000 		.4byte	0x124
 598 014a 0B       		.uleb128 0xb
 599 014b 63000000 		.4byte	0x63
 600 014f 5A010000 		.4byte	0x15a
 601 0153 0C       		.uleb128 0xc
 602 0154 90000000 		.4byte	0x90
 603 0158 42       		.byte	0x42
 604 0159 00       		.byte	0
 605 015a 0D       		.uleb128 0xd
 606 015b 60020000 		.4byte	.LASF25
 607 015f 03       		.byte	0x3
 608 0160 37       		.byte	0x37
 609 0161 6B010000 		.4byte	0x16b
 610 0165 05       		.uleb128 0x5
 611 0166 03       		.byte	0x3
 612 0167 00000000 		.4byte	USBUART_DEVICE0_CONFIGURATION0_DESCR
 613 016b 0E       		.uleb128 0xe
 614 016c 4A010000 		.4byte	0x14a
 615 0170 0B       		.uleb128 0xb
 616 0171 E8000000 		.4byte	0xe8
 617 0175 80010000 		.4byte	0x180
 618 0179 0C       		.uleb128 0xc
 619 017a 90000000 		.4byte	0x90
 620 017e 02       		.byte	0x2
 621 017f 00       		.byte	0
 622 0180 0D       		.uleb128 0xd
 623 0181 73000000 		.4byte	.LASF26
 624 0185 03       		.byte	0x3
 625 0186 D8       		.byte	0xd8
 626 0187 91010000 		.4byte	0x191
 627 018b 05       		.uleb128 0x5
ARM GAS  C:\Users\NITISH~1\AppData\Local\Temp\ccdohJOb.s 			page 12


 628 018c 03       		.byte	0x3
 629 018d 00000000 		.4byte	USBUART_DEVICE0_CONFIGURATION0_EP_SETTINGS_TABLE
 630 0191 0E       		.uleb128 0xe
 631 0192 70010000 		.4byte	0x170
 632 0196 0B       		.uleb128 0xb
 633 0197 63000000 		.4byte	0x63
 634 019b A6010000 		.4byte	0x1a6
 635 019f 0C       		.uleb128 0xc
 636 01a0 90000000 		.4byte	0x90
 637 01a4 01       		.byte	0x1
 638 01a5 00       		.byte	0
 639 01a6 0D       		.uleb128 0xd
 640 01a7 00000000 		.4byte	.LASF27
 641 01ab 03       		.byte	0x3
 642 01ac DE       		.byte	0xde
 643 01ad B7010000 		.4byte	0x1b7
 644 01b1 05       		.uleb128 0x5
 645 01b2 03       		.byte	0x3
 646 01b3 00000000 		.4byte	USBUART_DEVICE0_CONFIGURATION0_INTERFACE_CLASS
 647 01b7 0E       		.uleb128 0xe
 648 01b8 96010000 		.4byte	0x196
 649 01bc 0B       		.uleb128 0xb
 650 01bd 19010000 		.4byte	0x119
 651 01c1 CC010000 		.4byte	0x1cc
 652 01c5 0C       		.uleb128 0xc
 653 01c6 90000000 		.4byte	0x90
 654 01ca 04       		.byte	0x4
 655 01cb 00       		.byte	0
 656 01cc 0D       		.uleb128 0xd
 657 01cd 4C010000 		.4byte	.LASF28
 658 01d1 03       		.byte	0x3
 659 01d2 E6       		.byte	0xe6
 660 01d3 DD010000 		.4byte	0x1dd
 661 01d7 05       		.uleb128 0x5
 662 01d8 03       		.byte	0x3
 663 01d9 00000000 		.4byte	USBUART_DEVICE0_CONFIGURATION0_TABLE
 664 01dd 0E       		.uleb128 0xe
 665 01de BC010000 		.4byte	0x1bc
 666 01e2 0B       		.uleb128 0xb
 667 01e3 19010000 		.4byte	0x119
 668 01e7 F2010000 		.4byte	0x1f2
 669 01eb 0C       		.uleb128 0xc
 670 01ec 90000000 		.4byte	0x90
 671 01f0 02       		.byte	0x2
 672 01f1 00       		.byte	0
 673 01f2 0D       		.uleb128 0xd
 674 01f3 62030000 		.4byte	.LASF29
 675 01f7 03       		.byte	0x3
 676 01f8 F1       		.byte	0xf1
 677 01f9 03020000 		.4byte	0x203
 678 01fd 05       		.uleb128 0x5
 679 01fe 03       		.byte	0x3
 680 01ff 00000000 		.4byte	USBUART_DEVICE0_TABLE
 681 0203 0E       		.uleb128 0xe
 682 0204 E2010000 		.4byte	0x1e2
 683 0208 0B       		.uleb128 0xb
 684 0209 19010000 		.4byte	0x119
ARM GAS  C:\Users\NITISH~1\AppData\Local\Temp\ccdohJOb.s 			page 13


 685 020d 18020000 		.4byte	0x218
 686 0211 0C       		.uleb128 0xc
 687 0212 90000000 		.4byte	0x90
 688 0216 00       		.byte	0
 689 0217 00       		.byte	0
 690 0218 0D       		.uleb128 0xd
 691 0219 B3020000 		.4byte	.LASF30
 692 021d 03       		.byte	0x3
 693 021e F9       		.byte	0xf9
 694 021f 29020000 		.4byte	0x229
 695 0223 05       		.uleb128 0x5
 696 0224 03       		.byte	0x3
 697 0225 00000000 		.4byte	USBUART_TABLE
 698 0229 0E       		.uleb128 0xe
 699 022a 08020000 		.4byte	0x208
 700 022e 0D       		.uleb128 0xd
 701 022f D8000000 		.4byte	.LASF31
 702 0233 03       		.byte	0x3
 703 0234 C9       		.byte	0xc9
 704 0235 3F020000 		.4byte	0x23f
 705 0239 05       		.uleb128 0x5
 706 023a 03       		.byte	0x3
 707 023b 00000000 		.4byte	USBUART_SN_STRING_DESCRIPTOR
 708 023f 0E       		.uleb128 0xe
 709 0240 96010000 		.4byte	0x196
 710 0244 0B       		.uleb128 0xb
 711 0245 63000000 		.4byte	0x63
 712 0249 54020000 		.4byte	0x254
 713 024d 0C       		.uleb128 0xc
 714 024e 90000000 		.4byte	0x90
 715 0252 9E       		.byte	0x9e
 716 0253 00       		.byte	0
 717 0254 0D       		.uleb128 0xd
 718 0255 58000000 		.4byte	.LASF32
 719 0259 03       		.byte	0x3
 720 025a 96       		.byte	0x96
 721 025b 65020000 		.4byte	0x265
 722 025f 05       		.uleb128 0x5
 723 0260 03       		.byte	0x3
 724 0261 00000000 		.4byte	USBUART_STRING_DESCRIPTORS
 725 0265 0E       		.uleb128 0xe
 726 0266 44020000 		.4byte	0x244
 727 026a 0F       		.uleb128 0xf
 728 026b A4000000 		.4byte	.LASF33
 729 026f 03       		.byte	0x3
 730 0270 0901     		.2byte	0x109
 731 0272 7C020000 		.4byte	0x27c
 732 0276 05       		.uleb128 0x5
 733 0277 03       		.byte	0x3
 734 0278 00000000 		.4byte	USBUART_MSOS_DESCRIPTOR
 735 027c 0E       		.uleb128 0xe
 736 027d 24010000 		.4byte	0x124
 737 0281 0B       		.uleb128 0xb
 738 0282 63000000 		.4byte	0x63
 739 0286 91020000 		.4byte	0x291
 740 028a 0C       		.uleb128 0xc
 741 028b 90000000 		.4byte	0x90
ARM GAS  C:\Users\NITISH~1\AppData\Local\Temp\ccdohJOb.s 			page 14


 742 028f 27       		.byte	0x27
 743 0290 00       		.byte	0
 744 0291 0F       		.uleb128 0xf
 745 0292 71010000 		.4byte	.LASF34
 746 0296 03       		.byte	0x3
 747 0297 1401     		.2byte	0x114
 748 0299 A3020000 		.4byte	0x2a3
 749 029d 05       		.uleb128 0x5
 750 029e 03       		.byte	0x3
 751 029f 00000000 		.4byte	USBUART_MSOS_CONFIGURATION_DESCR
 752 02a3 0E       		.uleb128 0xe
 753 02a4 81020000 		.4byte	0x281
 754 02a8 0B       		.uleb128 0xb
 755 02a9 63000000 		.4byte	0x63
 756 02ad B8020000 		.4byte	0x2b8
 757 02b1 0C       		.uleb128 0xc
 758 02b2 90000000 		.4byte	0x90
 759 02b6 21       		.byte	0x21
 760 02b7 00       		.byte	0
 761 02b8 0F       		.uleb128 0xf
 762 02b9 7E030000 		.4byte	.LASF35
 763 02bd 03       		.byte	0x3
 764 02be 2701     		.2byte	0x127
 765 02c0 A8020000 		.4byte	0x2a8
 766 02c4 05       		.uleb128 0x5
 767 02c5 03       		.byte	0x3
 768 02c6 00000000 		.4byte	USBUART_idSerialNumberStringDescriptor
 769 02ca 00       		.byte	0
 770              		.section	.debug_abbrev,"",%progbits
 771              	.Ldebug_abbrev0:
 772 0000 01       		.uleb128 0x1
 773 0001 11       		.uleb128 0x11
 774 0002 01       		.byte	0x1
 775 0003 25       		.uleb128 0x25
 776 0004 0E       		.uleb128 0xe
 777 0005 13       		.uleb128 0x13
 778 0006 0B       		.uleb128 0xb
 779 0007 03       		.uleb128 0x3
 780 0008 0E       		.uleb128 0xe
 781 0009 1B       		.uleb128 0x1b
 782 000a 0E       		.uleb128 0xe
 783 000b 10       		.uleb128 0x10
 784 000c 17       		.uleb128 0x17
 785 000d 00       		.byte	0
 786 000e 00       		.byte	0
 787 000f 02       		.uleb128 0x2
 788 0010 24       		.uleb128 0x24
 789 0011 00       		.byte	0
 790 0012 0B       		.uleb128 0xb
 791 0013 0B       		.uleb128 0xb
 792 0014 3E       		.uleb128 0x3e
 793 0015 0B       		.uleb128 0xb
 794 0016 03       		.uleb128 0x3
 795 0017 0E       		.uleb128 0xe
 796 0018 00       		.byte	0
 797 0019 00       		.byte	0
 798 001a 03       		.uleb128 0x3
ARM GAS  C:\Users\NITISH~1\AppData\Local\Temp\ccdohJOb.s 			page 15


 799 001b 24       		.uleb128 0x24
 800 001c 00       		.byte	0
 801 001d 0B       		.uleb128 0xb
 802 001e 0B       		.uleb128 0xb
 803 001f 3E       		.uleb128 0x3e
 804 0020 0B       		.uleb128 0xb
 805 0021 03       		.uleb128 0x3
 806 0022 08       		.uleb128 0x8
 807 0023 00       		.byte	0
 808 0024 00       		.byte	0
 809 0025 04       		.uleb128 0x4
 810 0026 16       		.uleb128 0x16
 811 0027 00       		.byte	0
 812 0028 03       		.uleb128 0x3
 813 0029 0E       		.uleb128 0xe
 814 002a 3A       		.uleb128 0x3a
 815 002b 0B       		.uleb128 0xb
 816 002c 3B       		.uleb128 0x3b
 817 002d 05       		.uleb128 0x5
 818 002e 49       		.uleb128 0x49
 819 002f 13       		.uleb128 0x13
 820 0030 00       		.byte	0
 821 0031 00       		.byte	0
 822 0032 05       		.uleb128 0x5
 823 0033 13       		.uleb128 0x13
 824 0034 01       		.byte	0x1
 825 0035 0B       		.uleb128 0xb
 826 0036 0B       		.uleb128 0xb
 827 0037 3A       		.uleb128 0x3a
 828 0038 0B       		.uleb128 0xb
 829 0039 3B       		.uleb128 0x3b
 830 003a 0B       		.uleb128 0xb
 831 003b 01       		.uleb128 0x1
 832 003c 13       		.uleb128 0x13
 833 003d 00       		.byte	0
 834 003e 00       		.byte	0
 835 003f 06       		.uleb128 0x6
 836 0040 0D       		.uleb128 0xd
 837 0041 00       		.byte	0
 838 0042 03       		.uleb128 0x3
 839 0043 0E       		.uleb128 0xe
 840 0044 3A       		.uleb128 0x3a
 841 0045 0B       		.uleb128 0xb
 842 0046 3B       		.uleb128 0x3b
 843 0047 0B       		.uleb128 0xb
 844 0048 49       		.uleb128 0x49
 845 0049 13       		.uleb128 0x13
 846 004a 38       		.uleb128 0x38
 847 004b 0B       		.uleb128 0xb
 848 004c 00       		.byte	0
 849 004d 00       		.byte	0
 850 004e 07       		.uleb128 0x7
 851 004f 16       		.uleb128 0x16
 852 0050 00       		.byte	0
 853 0051 03       		.uleb128 0x3
 854 0052 0E       		.uleb128 0xe
 855 0053 3A       		.uleb128 0x3a
ARM GAS  C:\Users\NITISH~1\AppData\Local\Temp\ccdohJOb.s 			page 16


 856 0054 0B       		.uleb128 0xb
 857 0055 3B       		.uleb128 0x3b
 858 0056 0B       		.uleb128 0xb
 859 0057 49       		.uleb128 0x49
 860 0058 13       		.uleb128 0x13
 861 0059 00       		.byte	0
 862 005a 00       		.byte	0
 863 005b 08       		.uleb128 0x8
 864 005c 0D       		.uleb128 0xd
 865 005d 00       		.byte	0
 866 005e 03       		.uleb128 0x3
 867 005f 08       		.uleb128 0x8
 868 0060 3A       		.uleb128 0x3a
 869 0061 0B       		.uleb128 0xb
 870 0062 3B       		.uleb128 0x3b
 871 0063 0B       		.uleb128 0xb
 872 0064 49       		.uleb128 0x49
 873 0065 13       		.uleb128 0x13
 874 0066 38       		.uleb128 0x38
 875 0067 0B       		.uleb128 0xb
 876 0068 00       		.byte	0
 877 0069 00       		.byte	0
 878 006a 09       		.uleb128 0x9
 879 006b 0F       		.uleb128 0xf
 880 006c 00       		.byte	0
 881 006d 0B       		.uleb128 0xb
 882 006e 0B       		.uleb128 0xb
 883 006f 49       		.uleb128 0x49
 884 0070 13       		.uleb128 0x13
 885 0071 00       		.byte	0
 886 0072 00       		.byte	0
 887 0073 0A       		.uleb128 0xa
 888 0074 26       		.uleb128 0x26
 889 0075 00       		.byte	0
 890 0076 00       		.byte	0
 891 0077 00       		.byte	0
 892 0078 0B       		.uleb128 0xb
 893 0079 01       		.uleb128 0x1
 894 007a 01       		.byte	0x1
 895 007b 49       		.uleb128 0x49
 896 007c 13       		.uleb128 0x13
 897 007d 01       		.uleb128 0x1
 898 007e 13       		.uleb128 0x13
 899 007f 00       		.byte	0
 900 0080 00       		.byte	0
 901 0081 0C       		.uleb128 0xc
 902 0082 21       		.uleb128 0x21
 903 0083 00       		.byte	0
 904 0084 49       		.uleb128 0x49
 905 0085 13       		.uleb128 0x13
 906 0086 2F       		.uleb128 0x2f
 907 0087 0B       		.uleb128 0xb
 908 0088 00       		.byte	0
 909 0089 00       		.byte	0
 910 008a 0D       		.uleb128 0xd
 911 008b 34       		.uleb128 0x34
 912 008c 00       		.byte	0
ARM GAS  C:\Users\NITISH~1\AppData\Local\Temp\ccdohJOb.s 			page 17


 913 008d 03       		.uleb128 0x3
 914 008e 0E       		.uleb128 0xe
 915 008f 3A       		.uleb128 0x3a
 916 0090 0B       		.uleb128 0xb
 917 0091 3B       		.uleb128 0x3b
 918 0092 0B       		.uleb128 0xb
 919 0093 49       		.uleb128 0x49
 920 0094 13       		.uleb128 0x13
 921 0095 3F       		.uleb128 0x3f
 922 0096 19       		.uleb128 0x19
 923 0097 02       		.uleb128 0x2
 924 0098 18       		.uleb128 0x18
 925 0099 00       		.byte	0
 926 009a 00       		.byte	0
 927 009b 0E       		.uleb128 0xe
 928 009c 26       		.uleb128 0x26
 929 009d 00       		.byte	0
 930 009e 49       		.uleb128 0x49
 931 009f 13       		.uleb128 0x13
 932 00a0 00       		.byte	0
 933 00a1 00       		.byte	0
 934 00a2 0F       		.uleb128 0xf
 935 00a3 34       		.uleb128 0x34
 936 00a4 00       		.byte	0
 937 00a5 03       		.uleb128 0x3
 938 00a6 0E       		.uleb128 0xe
 939 00a7 3A       		.uleb128 0x3a
 940 00a8 0B       		.uleb128 0xb
 941 00a9 3B       		.uleb128 0x3b
 942 00aa 05       		.uleb128 0x5
 943 00ab 49       		.uleb128 0x49
 944 00ac 13       		.uleb128 0x13
 945 00ad 3F       		.uleb128 0x3f
 946 00ae 19       		.uleb128 0x19
 947 00af 02       		.uleb128 0x2
 948 00b0 18       		.uleb128 0x18
 949 00b1 00       		.byte	0
 950 00b2 00       		.byte	0
 951 00b3 00       		.byte	0
 952              		.section	.debug_aranges,"",%progbits
 953 0000 14000000 		.4byte	0x14
 954 0004 0200     		.2byte	0x2
 955 0006 00000000 		.4byte	.Ldebug_info0
 956 000a 04       		.byte	0x4
 957 000b 00       		.byte	0
 958 000c 0000     		.2byte	0
 959 000e 0000     		.2byte	0
 960 0010 00000000 		.4byte	0
 961 0014 00000000 		.4byte	0
 962              		.section	.debug_line,"",%progbits
 963              	.Ldebug_line0:
 964 0000 5F000000 		.section	.debug_str,"MS",%progbits,1
 964      02005900 
 964      00000201 
 964      FB0E0D00 
 964      01010101 
 965              	.LASF27:
ARM GAS  C:\Users\NITISH~1\AppData\Local\Temp\ccdohJOb.s 			page 18


 966 0000 55534255 		.ascii	"USBUART_DEVICE0_CONFIGURATION0_INTERFACE_CLASS\000"
 966      4152545F 
 966      44455649 
 966      4345305F 
 966      434F4E46 
 967              	.LASF37:
 968 002f 2E5C4765 		.ascii	".\\Generated_Source\\PSoC5\\USBUART_descr.c\000"
 968      6E657261 
 968      7465645F 
 968      536F7572 
 968      63655C50 
 969              	.LASF32:
 970 0058 55534255 		.ascii	"USBUART_STRING_DESCRIPTORS\000"
 970      4152545F 
 970      53545249 
 970      4E475F44 
 970      45534352 
 971              	.LASF26:
 972 0073 55534255 		.ascii	"USBUART_DEVICE0_CONFIGURATION0_EP_SETTINGS_TABLE\000"
 972      4152545F 
 972      44455649 
 972      4345305F 
 972      434F4E46 
 973              	.LASF33:
 974 00a4 55534255 		.ascii	"USBUART_MSOS_DESCRIPTOR\000"
 974      4152545F 
 974      4D534F53 
 974      5F444553 
 974      43524950 
 975              	.LASF24:
 976 00bc 55534255 		.ascii	"USBUART_DEVICE0_DESCR\000"
 976      4152545F 
 976      44455649 
 976      4345305F 
 976      44455343 
 977              	.LASF11:
 978 00d2 666C6F61 		.ascii	"float\000"
 978      7400
 979              	.LASF31:
 980 00d8 55534255 		.ascii	"USBUART_SN_STRING_DESCRIPTOR\000"
 980      4152545F 
 980      534E5F53 
 980      5452494E 
 980      475F4445 
 981              	.LASF16:
 982 00f5 616C7453 		.ascii	"altSetting\000"
 982      65747469 
 982      6E6700
 983              	.LASF1:
 984 0100 756E7369 		.ascii	"unsigned char\000"
 984      676E6564 
 984      20636861 
 984      7200
 985              	.LASF18:
 986 010e 61747472 		.ascii	"attributes\000"
 986      69627574 
 986      657300
ARM GAS  C:\Users\NITISH~1\AppData\Local\Temp\ccdohJOb.s 			page 19


 987              	.LASF21:
 988 0119 545F5553 		.ascii	"T_USBUART_EP_SETTINGS_BLOCK\000"
 988      42554152 
 988      545F4550 
 988      5F534554 
 988      54494E47 
 989              	.LASF5:
 990 0135 6C6F6E67 		.ascii	"long unsigned int\000"
 990      20756E73 
 990      69676E65 
 990      6420696E 
 990      7400
 991              	.LASF17:
 992 0147 61646472 		.ascii	"addr\000"
 992      00
 993              	.LASF28:
 994 014c 55534255 		.ascii	"USBUART_DEVICE0_CONFIGURATION0_TABLE\000"
 994      4152545F 
 994      44455649 
 994      4345305F 
 994      434F4E46 
 995              	.LASF34:
 996 0171 55534255 		.ascii	"USBUART_MSOS_CONFIGURATION_DESCR\000"
 996      4152545F 
 996      4D534F53 
 996      5F434F4E 
 996      46494755 
 997              	.LASF12:
 998 0192 646F7562 		.ascii	"double\000"
 998      6C6500
 999              	.LASF10:
 1000 0199 75696E74 		.ascii	"uint16\000"
 1000      313600
 1001              	.LASF36:
 1002 01a0 474E5520 		.ascii	"GNU C 4.9.3 20150303 (release) [ARM/embedded-4_9-br"
 1002      4320342E 
 1002      392E3320 
 1002      32303135 
 1002      30333033 
 1003 01d3 616E6368 		.ascii	"anch revision 221220] -mcpu=cortex-m3 -mthumb -g -O"
 1003      20726576 
 1003      6973696F 
 1003      6E203232 
 1003      31323230 
 1004 0206 67202D66 		.ascii	"g -ffunction-sections -ffat-lto-objects\000"
 1004      66756E63 
 1004      74696F6E 
 1004      2D736563 
 1004      74696F6E 
 1005              	.LASF8:
 1006 022e 756E7369 		.ascii	"unsigned int\000"
 1006      676E6564 
 1006      20696E74 
 1006      00
 1007              	.LASF23:
 1008 023b 545F5553 		.ascii	"T_USBUART_LUT\000"
 1008      42554152 
ARM GAS  C:\Users\NITISH~1\AppData\Local\Temp\ccdohJOb.s 			page 20


 1008      545F4C55 
 1008      5400
 1009              	.LASF7:
 1010 0249 6C6F6E67 		.ascii	"long long unsigned int\000"
 1010      206C6F6E 
 1010      6720756E 
 1010      7369676E 
 1010      65642069 
 1011              	.LASF25:
 1012 0260 55534255 		.ascii	"USBUART_DEVICE0_CONFIGURATION0_DESCR\000"
 1012      4152545F 
 1012      44455649 
 1012      4345305F 
 1012      434F4E46 
 1013              	.LASF22:
 1014 0285 705F6C69 		.ascii	"p_list\000"
 1014      737400
 1015              	.LASF14:
 1016 028c 73697A65 		.ascii	"sizetype\000"
 1016      74797065 
 1016      00
 1017              	.LASF6:
 1018 0295 6C6F6E67 		.ascii	"long long int\000"
 1018      206C6F6E 
 1018      6720696E 
 1018      7400
 1019              	.LASF13:
 1020 02a3 63686172 		.ascii	"char\000"
 1020      00
 1021              	.LASF19:
 1022 02a8 62756666 		.ascii	"bufferSize\000"
 1022      65725369 
 1022      7A6500
 1023              	.LASF30:
 1024 02b3 55534255 		.ascii	"USBUART_TABLE\000"
 1024      4152545F 
 1024      5441424C 
 1024      4500
 1025              	.LASF2:
 1026 02c1 73686F72 		.ascii	"short int\000"
 1026      7420696E 
 1026      7400
 1027              	.LASF9:
 1028 02cb 75696E74 		.ascii	"uint8\000"
 1028      3800
 1029              	.LASF15:
 1030 02d1 696E7465 		.ascii	"interface\000"
 1030      72666163 
 1030      6500
 1031              	.LASF38:
 1032 02db 5A3A5C6E 		.ascii	"Z:\\npat025\\Documents\\teaching\\designcs301\\psoc"
 1032      70617430 
 1032      32355C44 
 1032      6F63756D 
 1032      656E7473 
 1033 0309 20737475 		.ascii	" student pack\\lab exercise\\psoc_intro\\lab4.cydsn"
 1033      64656E74 
ARM GAS  C:\Users\NITISH~1\AppData\Local\Temp\ccdohJOb.s 			page 21


 1033      20706163 
 1033      6B5C6C61 
 1033      62206578 
 1034 0339 00       		.ascii	"\000"
 1035              	.LASF4:
 1036 033a 6C6F6E67 		.ascii	"long int\000"
 1036      20696E74 
 1036      00
 1037              	.LASF0:
 1038 0343 7369676E 		.ascii	"signed char\000"
 1038      65642063 
 1038      68617200 
 1039              	.LASF3:
 1040 034f 73686F72 		.ascii	"short unsigned int\000"
 1040      7420756E 
 1040      7369676E 
 1040      65642069 
 1040      6E7400
 1041              	.LASF29:
 1042 0362 55534255 		.ascii	"USBUART_DEVICE0_TABLE\000"
 1042      4152545F 
 1042      44455649 
 1042      4345305F 
 1042      5441424C 
 1043              	.LASF20:
 1044 0378 624D6973 		.ascii	"bMisc\000"
 1044      6300
 1045              	.LASF35:
 1046 037e 55534255 		.ascii	"USBUART_idSerialNumberStringDescriptor\000"
 1046      4152545F 
 1046      69645365 
 1046      7269616C 
 1046      4E756D62 
 1047              		.ident	"GCC: (GNU Tools for ARM Embedded Processors) 4.9.3 20150303 (release) [ARM/embedded-4_9-br
